[0.044s] Invoking command in '/home/ghtn10000/robot_ws/build/msg_srv_act_interface_ex': CMAKE_PREFIX_PATH=${CMAKE_PREFIX_PATH}:/home/ghtn10000/turtlebot3_ws/install/turtlebot3_teleop:/home/ghtn10000/turtlebot3_ws/install/turtlebot3_example:/home/ghtn10000/turtlebot3_ws/install/turtlebot3_dqn:/home/ghtn10000/robot_ws/install/topic_srv_act_rclpy_ex:/home/ghtn10000/robot_ws/install/my_turtlesim_mobeturtle_pkg:/home/ghtn10000/robot_ws/install/my_turtlebot_pkg:/home/ghtn10000/robot_ws/install/my_timer_pkg:/home/ghtn10000/robot_ws/install/my_first_ros_rclpy_pkg:/opt/ros/humble /usr/bin/cmake --build /home/ghtn10000/robot_ws/build/msg_srv_act_interface_ex -- -j8 -l8
[1.481s] [  2%] Built target msg_srv_act_interface_ex__cpp
[1.481s] [ 12%] Built target msg_srv_act_interface_ex__rosidl_generator_c
[1.481s] [ 12%] Built target ament_cmake_python_symlink_msg_srv_act_interface_ex
[1.481s] [ 23%] Built target msg_srv_act_interface_ex__rosidl_typesupport_cpp
[1.481s] [ 34%] Built target msg_srv_act_interface_ex__rosidl_typesupport_fastrtps_cpp
[1.481s] [ 44%] Built target msg_srv_act_interface_ex__rosidl_typesupport_introspection_cpp
[1.481s] [ 55%] Built target msg_srv_act_interface_ex__rosidl_typesupport_c
[1.481s] [ 65%] Built target msg_srv_act_interface_ex__rosidl_typesupport_introspection_c
[1.481s] [ 76%] Built target msg_srv_act_interface_ex__rosidl_typesupport_fastrtps_c
[1.481s] [ 76%] Built target msg_srv_act_interface_ex
[1.482s] [ 78%] Built target msg_srv_act_interface_ex__py
[1.482s] [ 87%] Built target msg_srv_act_interface_ex__rosidl_generator_py
[1.482s] [ 91%] Built target msg_srv_act_interface_ex__rosidl_typesupport_c__pyext
[1.482s] [ 95%] Built target msg_srv_act_interface_ex__rosidl_typesupport_fastrtps_c__pyext
[1.482s] [100%] Built target msg_srv_act_interface_ex__rosidl_typesupport_introspection_c__pyext
[1.482s] running egg_info
[1.482s] writing msg_srv_act_interface_ex.egg-info/PKG-INFO
[1.482s] writing dependency_links to msg_srv_act_interface_ex.egg-info/dependency_links.txt
[1.482s] writing top-level names to msg_srv_act_interface_ex.egg-info/top_level.txt
[1.482s] reading manifest file 'msg_srv_act_interface_ex.egg-info/SOURCES.txt'
[1.482s] writing manifest file 'msg_srv_act_interface_ex.egg-info/SOURCES.txt'
[1.482s] [100%] Built target ament_cmake_python_build_msg_srv_act_interface_ex_egg
[1.823s] Invoked command in '/home/ghtn10000/robot_ws/build/msg_srv_act_interface_ex' returned '0': CMAKE_PREFIX_PATH=${CMAKE_PREFIX_PATH}:/home/ghtn10000/turtlebot3_ws/install/turtlebot3_teleop:/home/ghtn10000/turtlebot3_ws/install/turtlebot3_example:/home/ghtn10000/turtlebot3_ws/install/turtlebot3_dqn:/home/ghtn10000/robot_ws/install/topic_srv_act_rclpy_ex:/home/ghtn10000/robot_ws/install/my_turtlesim_mobeturtle_pkg:/home/ghtn10000/robot_ws/install/my_turtlebot_pkg:/home/ghtn10000/robot_ws/install/my_timer_pkg:/home/ghtn10000/robot_ws/install/my_first_ros_rclpy_pkg:/opt/ros/humble /usr/bin/cmake --build /home/ghtn10000/robot_ws/build/msg_srv_act_interface_ex -- -j8 -l8
[1.840s] Invoking command in '/home/ghtn10000/robot_ws/build/msg_srv_act_interface_ex': CMAKE_PREFIX_PATH=${CMAKE_PREFIX_PATH}:/home/ghtn10000/turtlebot3_ws/install/turtlebot3_teleop:/home/ghtn10000/turtlebot3_ws/install/turtlebot3_example:/home/ghtn10000/turtlebot3_ws/install/turtlebot3_dqn:/home/ghtn10000/robot_ws/install/topic_srv_act_rclpy_ex:/home/ghtn10000/robot_ws/install/my_turtlesim_mobeturtle_pkg:/home/ghtn10000/robot_ws/install/my_turtlebot_pkg:/home/ghtn10000/robot_ws/install/my_timer_pkg:/home/ghtn10000/robot_ws/install/my_first_ros_rclpy_pkg:/opt/ros/humble /usr/bin/cmake --install /home/ghtn10000/robot_ws/build/msg_srv_act_interface_ex
[1.853s] -- Install configuration: ""
[1.854s] -- Execute custom install script
[1.854s] -- Up-to-date symlink: /home/ghtn10000/robot_ws/install/msg_srv_act_interface_ex/share/ament_index/resource_index/rosidl_interfaces/msg_srv_act_interface_ex
[1.856s] -- Up-to-date symlink: /home/ghtn10000/robot_ws/install/msg_srv_act_interface_ex/include/msg_srv_act_interface_ex/msg_srv_act_interface_ex/action/arithmetic_checker.h
[1.858s] -- Up-to-date symlink: /home/ghtn10000/robot_ws/install/msg_srv_act_interface_ex/include/msg_srv_act_interface_ex/msg_srv_act_interface_ex/action/detail/arithmetic_checker__functions.h
[1.858s] -- Up-to-date symlink: /home/ghtn10000/robot_ws/install/msg_srv_act_interface_ex/include/msg_srv_act_interface_ex/msg_srv_act_interface_ex/action/detail/arithmetic_checker__struct.h
[1.859s] -- Up-to-date symlink: /home/ghtn10000/robot_ws/install/msg_srv_act_interface_ex/include/msg_srv_act_interface_ex/msg_srv_act_interface_ex/action/detail/arithmetic_checker__type_support.h
[1.859s] -- Up-to-date symlink: /home/ghtn10000/robot_ws/install/msg_srv_act_interface_ex/include/msg_srv_act_interface_ex/msg_srv_act_interface_ex/msg/arithmetic_argument.h
[1.860s] -- Up-to-date symlink: /home/ghtn10000/robot_ws/install/msg_srv_act_interface_ex/include/msg_srv_act_interface_ex/msg_srv_act_interface_ex/msg/detail/arithmetic_argument__functions.h
[1.865s] -- Up-to-date symlink: /home/ghtn10000/robot_ws/install/msg_srv_act_interface_ex/include/msg_srv_act_interface_ex/msg_srv_act_interface_ex/msg/detail/arithmetic_argument__struct.h
[1.865s] -- Up-to-date symlink: /home/ghtn10000/robot_ws/install/msg_srv_act_interface_ex/include/msg_srv_act_interface_ex/msg_srv_act_interface_ex/msg/detail/arithmetic_argument__type_support.h
[1.865s] -- Up-to-date symlink: /home/ghtn10000/robot_ws/install/msg_srv_act_interface_ex/include/msg_srv_act_interface_ex/msg_srv_act_interface_ex/msg/rosidl_generator_c__visibility_control.h
[1.865s] -- Up-to-date symlink: /home/ghtn10000/robot_ws/install/msg_srv_act_interface_ex/include/msg_srv_act_interface_ex/msg_srv_act_interface_ex/srv/arithmetic_operator.h
[1.866s] -- Up-to-date symlink: /home/ghtn10000/robot_ws/install/msg_srv_act_interface_ex/include/msg_srv_act_interface_ex/msg_srv_act_interface_ex/srv/detail/arithmetic_operator__functions.h
[1.866s] -- Up-to-date symlink: /home/ghtn10000/robot_ws/install/msg_srv_act_interface_ex/include/msg_srv_act_interface_ex/msg_srv_act_interface_ex/srv/detail/arithmetic_operator__struct.h
[1.866s] -- Up-to-date symlink: /home/ghtn10000/robot_ws/install/msg_srv_act_interface_ex/include/msg_srv_act_interface_ex/msg_srv_act_interface_ex/srv/detail/arithmetic_operator__type_support.h
[1.882s] -- Up-to-date symlink: /home/ghtn10000/robot_ws/install/msg_srv_act_interface_ex/share/msg_srv_act_interface_ex/environment/library_path.sh
[1.882s] -- Up-to-date symlink: /home/ghtn10000/robot_ws/install/msg_srv_act_interface_ex/share/msg_srv_act_interface_ex/environment/library_path.dsv
[1.883s] -- Up-to-date symlink: /home/ghtn10000/robot_ws/install/msg_srv_act_interface_ex/include/msg_srv_act_interface_ex/msg_srv_act_interface_ex/action/detail/arithmetic_checker__rosidl_typesupport_fastrtps_c.h
[1.883s] -- Up-to-date symlink: /home/ghtn10000/robot_ws/install/msg_srv_act_interface_ex/include/msg_srv_act_interface_ex/msg_srv_act_interface_ex/msg/detail/arithmetic_argument__rosidl_typesupport_fastrtps_c.h
[1.883s] -- Up-to-date symlink: /home/ghtn10000/robot_ws/install/msg_srv_act_interface_ex/include/msg_srv_act_interface_ex/msg_srv_act_interface_ex/msg/rosidl_typesupport_fastrtps_c__visibility_control.h
[1.883s] -- Up-to-date symlink: /home/ghtn10000/robot_ws/install/msg_srv_act_interface_ex/include/msg_srv_act_interface_ex/msg_srv_act_interface_ex/srv/detail/arithmetic_operator__rosidl_typesupport_fastrtps_c.h
[1.884s] -- Up-to-date symlink: /home/ghtn10000/robot_ws/install/msg_srv_act_interface_ex/include/msg_srv_act_interface_ex/msg_srv_act_interface_ex/action/arithmetic_checker.hpp
[1.884s] -- Up-to-date symlink: /home/ghtn10000/robot_ws/install/msg_srv_act_interface_ex/include/msg_srv_act_interface_ex/msg_srv_act_interface_ex/action/detail/arithmetic_checker__builder.hpp
[1.884s] -- Up-to-date symlink: /home/ghtn10000/robot_ws/install/msg_srv_act_interface_ex/include/msg_srv_act_interface_ex/msg_srv_act_interface_ex/action/detail/arithmetic_checker__struct.hpp
[1.884s] -- Up-to-date symlink: /home/ghtn10000/robot_ws/install/msg_srv_act_interface_ex/include/msg_srv_act_interface_ex/msg_srv_act_interface_ex/action/detail/arithmetic_checker__traits.hpp
[1.884s] -- Up-to-date symlink: /home/ghtn10000/robot_ws/install/msg_srv_act_interface_ex/include/msg_srv_act_interface_ex/msg_srv_act_interface_ex/action/detail/arithmetic_checker__type_support.hpp
[1.884s] -- Up-to-date symlink: /home/ghtn10000/robot_ws/install/msg_srv_act_interface_ex/include/msg_srv_act_interface_ex/msg_srv_act_interface_ex/msg/arithmetic_argument.hpp
[1.890s] -- Up-to-date symlink: /home/ghtn10000/robot_ws/install/msg_srv_act_interface_ex/include/msg_srv_act_interface_ex/msg_srv_act_interface_ex/msg/detail/arithmetic_argument__builder.hpp
[1.890s] -- Up-to-date symlink: /home/ghtn10000/robot_ws/install/msg_srv_act_interface_ex/include/msg_srv_act_interface_ex/msg_srv_act_interface_ex/msg/detail/arithmetic_argument__struct.hpp
[1.890s] -- Up-to-date symlink: /home/ghtn10000/robot_ws/install/msg_srv_act_interface_ex/include/msg_srv_act_interface_ex/msg_srv_act_interface_ex/msg/detail/arithmetic_argument__traits.hpp
[1.890s] -- Up-to-date symlink: /home/ghtn10000/robot_ws/install/msg_srv_act_interface_ex/include/msg_srv_act_interface_ex/msg_srv_act_interface_ex/msg/detail/arithmetic_argument__type_support.hpp
[1.890s] -- Up-to-date symlink: /home/ghtn10000/robot_ws/install/msg_srv_act_interface_ex/include/msg_srv_act_interface_ex/msg_srv_act_interface_ex/msg/rosidl_generator_cpp__visibility_control.hpp
[1.890s] -- Up-to-date symlink: /home/ghtn10000/robot_ws/install/msg_srv_act_interface_ex/include/msg_srv_act_interface_ex/msg_srv_act_interface_ex/srv/arithmetic_operator.hpp
[1.890s] -- Up-to-date symlink: /home/ghtn10000/robot_ws/install/msg_srv_act_interface_ex/include/msg_srv_act_interface_ex/msg_srv_act_interface_ex/srv/detail/arithmetic_operator__builder.hpp
[1.890s] -- Up-to-date symlink: /home/ghtn10000/robot_ws/install/msg_srv_act_interface_ex/include/msg_srv_act_interface_ex/msg_srv_act_interface_ex/srv/detail/arithmetic_operator__struct.hpp
[1.891s] -- Up-to-date symlink: /home/ghtn10000/robot_ws/install/msg_srv_act_interface_ex/include/msg_srv_act_interface_ex/msg_srv_act_interface_ex/srv/detail/arithmetic_operator__traits.hpp
[1.891s] -- Up-to-date symlink: /home/ghtn10000/robot_ws/install/msg_srv_act_interface_ex/include/msg_srv_act_interface_ex/msg_srv_act_interface_ex/srv/detail/arithmetic_operator__type_support.hpp
[1.891s] -- Up-to-date symlink: /home/ghtn10000/robot_ws/install/msg_srv_act_interface_ex/include/msg_srv_act_interface_ex/msg_srv_act_interface_ex/action/detail/arithmetic_checker__rosidl_typesupport_fastrtps_cpp.hpp
[1.891s] -- Up-to-date symlink: /home/ghtn10000/robot_ws/install/msg_srv_act_interface_ex/include/msg_srv_act_interface_ex/msg_srv_act_interface_ex/msg/detail/arithmetic_argument__rosidl_typesupport_fastrtps_cpp.hpp
[1.891s] -- Up-to-date symlink: /home/ghtn10000/robot_ws/install/msg_srv_act_interface_ex/include/msg_srv_act_interface_ex/msg_srv_act_interface_ex/msg/rosidl_typesupport_fastrtps_cpp__visibility_control.h
[1.891s] -- Up-to-date symlink: /home/ghtn10000/robot_ws/install/msg_srv_act_interface_ex/include/msg_srv_act_interface_ex/msg_srv_act_interface_ex/srv/detail/arithmetic_operator__rosidl_typesupport_fastrtps_cpp.hpp
[1.891s] -- Up-to-date symlink: /home/ghtn10000/robot_ws/install/msg_srv_act_interface_ex/include/msg_srv_act_interface_ex/msg_srv_act_interface_ex/action/detail/arithmetic_checker__rosidl_typesupport_introspection_c.h
[1.891s] -- Up-to-date symlink: /home/ghtn10000/robot_ws/install/msg_srv_act_interface_ex/include/msg_srv_act_interface_ex/msg_srv_act_interface_ex/msg/detail/arithmetic_argument__rosidl_typesupport_introspection_c.h
[1.891s] -- Up-to-date symlink: /home/ghtn10000/robot_ws/install/msg_srv_act_interface_ex/include/msg_srv_act_interface_ex/msg_srv_act_interface_ex/msg/rosidl_typesupport_introspection_c__visibility_control.h
[1.892s] -- Up-to-date symlink: /home/ghtn10000/robot_ws/install/msg_srv_act_interface_ex/include/msg_srv_act_interface_ex/msg_srv_act_interface_ex/srv/detail/arithmetic_operator__rosidl_typesupport_introspection_c.h
[1.892s] -- Up-to-date symlink: /home/ghtn10000/robot_ws/install/msg_srv_act_interface_ex/include/msg_srv_act_interface_ex/msg_srv_act_interface_ex/action/detail/arithmetic_checker__rosidl_typesupport_introspection_cpp.hpp
[1.892s] -- Up-to-date symlink: /home/ghtn10000/robot_ws/install/msg_srv_act_interface_ex/include/msg_srv_act_interface_ex/msg_srv_act_interface_ex/msg/detail/arithmetic_argument__rosidl_typesupport_introspection_cpp.hpp
[1.894s] -- Up-to-date symlink: /home/ghtn10000/robot_ws/install/msg_srv_act_interface_ex/include/msg_srv_act_interface_ex/msg_srv_act_interface_ex/srv/detail/arithmetic_operator__rosidl_typesupport_introspection_cpp.hpp
[1.894s] -- Up-to-date symlink: /home/ghtn10000/robot_ws/install/msg_srv_act_interface_ex/share/msg_srv_act_interface_ex/environment/pythonpath.sh
[1.894s] -- Up-to-date symlink: /home/ghtn10000/robot_ws/install/msg_srv_act_interface_ex/share/msg_srv_act_interface_ex/environment/pythonpath.dsv
[1.894s] -- Up-to-date symlink: /home/ghtn10000/robot_ws/install/msg_srv_act_interface_ex/local/lib/python3.10/dist-packages/msg_srv_act_interface_ex-0.0.0-py3.10.egg-info/PKG-INFO
[1.894s] -- Up-to-date symlink: /home/ghtn10000/robot_ws/install/msg_srv_act_interface_ex/local/lib/python3.10/dist-packages/msg_srv_act_interface_ex-0.0.0-py3.10.egg-info/SOURCES.txt
[1.894s] -- Up-to-date symlink: /home/ghtn10000/robot_ws/install/msg_srv_act_interface_ex/local/lib/python3.10/dist-packages/msg_srv_act_interface_ex-0.0.0-py3.10.egg-info/dependency_links.txt
[1.895s] -- Up-to-date symlink: /home/ghtn10000/robot_ws/install/msg_srv_act_interface_ex/local/lib/python3.10/dist-packages/msg_srv_act_interface_ex-0.0.0-py3.10.egg-info/top_level.txt
[1.895s] -- Up-to-date symlink: /home/ghtn10000/robot_ws/install/msg_srv_act_interface_ex/local/lib/python3.10/dist-packages/msg_srv_act_interface_ex/__init__.py
[1.895s] -- Up-to-date symlink: /home/ghtn10000/robot_ws/install/msg_srv_act_interface_ex/local/lib/python3.10/dist-packages/msg_srv_act_interface_ex/_msg_srv_act_interface_ex_s.ep.rosidl_typesupport_c.c
[1.895s] -- Up-to-date symlink: /home/ghtn10000/robot_ws/install/msg_srv_act_interface_ex/local/lib/python3.10/dist-packages/msg_srv_act_interface_ex/_msg_srv_act_interface_ex_s.ep.rosidl_typesupport_fastrtps_c.c
[1.896s] -- Up-to-date symlink: /home/ghtn10000/robot_ws/install/msg_srv_act_interface_ex/local/lib/python3.10/dist-packages/msg_srv_act_interface_ex/_msg_srv_act_interface_ex_s.ep.rosidl_typesupport_introspection_c.c
[1.896s] -- Up-to-date symlink: /home/ghtn10000/robot_ws/install/msg_srv_act_interface_ex/local/lib/python3.10/dist-packages/msg_srv_act_interface_ex/action/__init__.py
[1.896s] -- Up-to-date symlink: /home/ghtn10000/robot_ws/install/msg_srv_act_interface_ex/local/lib/python3.10/dist-packages/msg_srv_act_interface_ex/action/_arithmetic_checker.py
[1.896s] -- Up-to-date symlink: /home/ghtn10000/robot_ws/install/msg_srv_act_interface_ex/local/lib/python3.10/dist-packages/msg_srv_act_interface_ex/action/_arithmetic_checker_s.c
[1.896s] -- Up-to-date symlink: /home/ghtn10000/robot_ws/install/msg_srv_act_interface_ex/local/lib/python3.10/dist-packages/msg_srv_act_interface_ex/libmsg_srv_act_interface_ex__rosidl_generator_py.so
[1.896s] -- Up-to-date symlink: /home/ghtn10000/robot_ws/install/msg_srv_act_interface_ex/local/lib/python3.10/dist-packages/msg_srv_act_interface_ex/msg/__init__.py
[1.896s] -- Up-to-date symlink: /home/ghtn10000/robot_ws/install/msg_srv_act_interface_ex/local/lib/python3.10/dist-packages/msg_srv_act_interface_ex/msg/_arithmetic_argument.py
[1.896s] -- Up-to-date symlink: /home/ghtn10000/robot_ws/install/msg_srv_act_interface_ex/local/lib/python3.10/dist-packages/msg_srv_act_interface_ex/msg/_arithmetic_argument_s.c
[1.897s] -- Up-to-date symlink: /home/ghtn10000/robot_ws/install/msg_srv_act_interface_ex/local/lib/python3.10/dist-packages/msg_srv_act_interface_ex/msg_srv_act_interface_ex_s__rosidl_typesupport_c.cpython-310-x86_64-linux-gnu.so
[1.897s] -- Up-to-date symlink: /home/ghtn10000/robot_ws/install/msg_srv_act_interface_ex/local/lib/python3.10/dist-packages/msg_srv_act_interface_ex/msg_srv_act_interface_ex_s__rosidl_typesupport_fastrtps_c.cpython-310-x86_64-linux-gnu.so
[1.897s] -- Up-to-date symlink: /home/ghtn10000/robot_ws/install/msg_srv_act_interface_ex/local/lib/python3.10/dist-packages/msg_srv_act_interface_ex/msg_srv_act_interface_ex_s__rosidl_typesupport_introspection_c.cpython-310-x86_64-linux-gnu.so
[1.897s] -- Up-to-date symlink: /home/ghtn10000/robot_ws/install/msg_srv_act_interface_ex/local/lib/python3.10/dist-packages/msg_srv_act_interface_ex/srv/__init__.py
[1.897s] -- Up-to-date symlink: /home/ghtn10000/robot_ws/install/msg_srv_act_interface_ex/local/lib/python3.10/dist-packages/msg_srv_act_interface_ex/srv/_arithmetic_operator.py
[1.897s] -- Up-to-date symlink: /home/ghtn10000/robot_ws/install/msg_srv_act_interface_ex/local/lib/python3.10/dist-packages/msg_srv_act_interface_ex/srv/_arithmetic_operator_s.c
[1.897s] -- Up-to-date symlink: /home/ghtn10000/robot_ws/install/msg_srv_act_interface_ex/local/lib/python3.10/dist-packages/msg_srv_act_interface_ex/msg_srv_act_interface_ex_s__rosidl_typesupport_fastrtps_c.cpython-310-x86_64-linux-gnu.so
[1.897s] -- Up-to-date symlink: /home/ghtn10000/robot_ws/install/msg_srv_act_interface_ex/local/lib/python3.10/dist-packages/msg_srv_act_interface_ex/msg_srv_act_interface_ex_s__rosidl_typesupport_introspection_c.cpython-310-x86_64-linux-gnu.so
[1.898s] -- Up-to-date symlink: /home/ghtn10000/robot_ws/install/msg_srv_act_interface_ex/local/lib/python3.10/dist-packages/msg_srv_act_interface_ex/msg_srv_act_interface_ex_s__rosidl_typesupport_c.cpython-310-x86_64-linux-gnu.so
[1.899s] -- Up-to-date symlink: /home/ghtn10000/robot_ws/install/msg_srv_act_interface_ex/share/msg_srv_act_interface_ex/msg/ArithmeticArgument.idl
[1.899s] -- Up-to-date symlink: /home/ghtn10000/robot_ws/install/msg_srv_act_interface_ex/share/msg_srv_act_interface_ex/srv/ArithmeticOperator.idl
[1.899s] -- Up-to-date symlink: /home/ghtn10000/robot_ws/install/msg_srv_act_interface_ex/share/msg_srv_act_interface_ex/action/ArithmeticChecker.idl
[1.899s] -- Up-to-date symlink: /home/ghtn10000/robot_ws/install/msg_srv_act_interface_ex/share/msg_srv_act_interface_ex/msg/ArithmeticArgument.msg
[1.899s] -- Up-to-date symlink: /home/ghtn10000/robot_ws/install/msg_srv_act_interface_ex/share/msg_srv_act_interface_ex/srv/ArithmeticOperator.srv
[1.899s] -- Up-to-date symlink: /home/ghtn10000/robot_ws/install/msg_srv_act_interface_ex/share/msg_srv_act_interface_ex/srv/ArithmeticOperator_Request.msg
[1.899s] -- Up-to-date symlink: /home/ghtn10000/robot_ws/install/msg_srv_act_interface_ex/share/msg_srv_act_interface_ex/srv/ArithmeticOperator_Response.msg
[1.899s] -- Up-to-date symlink: /home/ghtn10000/robot_ws/install/msg_srv_act_interface_ex/share/msg_srv_act_interface_ex/action/ArithmeticChecker.action
[1.899s] -- Up-to-date symlink: /home/ghtn10000/robot_ws/install/msg_srv_act_interface_ex/share/ament_index/resource_index/package_run_dependencies/msg_srv_act_interface_ex
[1.900s] -- Up-to-date symlink: /home/ghtn10000/robot_ws/install/msg_srv_act_interface_ex/share/ament_index/resource_index/parent_prefix_path/msg_srv_act_interface_ex
[1.900s] -- Up-to-date symlink: /home/ghtn10000/robot_ws/install/msg_srv_act_interface_ex/share/msg_srv_act_interface_ex/environment/ament_prefix_path.sh
[1.900s] -- Up-to-date symlink: /home/ghtn10000/robot_ws/install/msg_srv_act_interface_ex/share/msg_srv_act_interface_ex/environment/ament_prefix_path.dsv
[1.900s] -- Up-to-date symlink: /home/ghtn10000/robot_ws/install/msg_srv_act_interface_ex/share/msg_srv_act_interface_ex/environment/path.sh
[1.900s] -- Up-to-date symlink: /home/ghtn10000/robot_ws/install/msg_srv_act_interface_ex/share/msg_srv_act_interface_ex/environment/path.dsv
[1.900s] -- Up-to-date symlink: /home/ghtn10000/robot_ws/install/msg_srv_act_interface_ex/share/msg_srv_act_interface_ex/local_setup.bash
[1.900s] -- Up-to-date symlink: /home/ghtn10000/robot_ws/install/msg_srv_act_interface_ex/share/msg_srv_act_interface_ex/local_setup.sh
[1.900s] -- Up-to-date symlink: /home/ghtn10000/robot_ws/install/msg_srv_act_interface_ex/share/msg_srv_act_interface_ex/local_setup.zsh
[1.900s] -- Up-to-date symlink: /home/ghtn10000/robot_ws/install/msg_srv_act_interface_ex/share/msg_srv_act_interface_ex/local_setup.dsv
[1.900s] -- Symlinking: /home/ghtn10000/robot_ws/install/msg_srv_act_interface_ex/share/msg_srv_act_interface_ex/package.dsv
[1.917s] -- Up-to-date symlink: /home/ghtn10000/robot_ws/install/msg_srv_act_interface_ex/share/ament_index/resource_index/packages/msg_srv_act_interface_ex
[1.918s] -- Up-to-date symlink: /home/ghtn10000/robot_ws/install/msg_srv_act_interface_ex/share/msg_srv_act_interface_ex/cmake/rosidl_cmake-extras.cmake
[1.918s] -- Up-to-date symlink: /home/ghtn10000/robot_ws/install/msg_srv_act_interface_ex/share/msg_srv_act_interface_ex/cmake/ament_cmake_export_dependencies-extras.cmake
[1.918s] -- Up-to-date symlink: /home/ghtn10000/robot_ws/install/msg_srv_act_interface_ex/share/msg_srv_act_interface_ex/cmake/ament_cmake_export_include_directories-extras.cmake
[1.919s] -- Up-to-date symlink: /home/ghtn10000/robot_ws/install/msg_srv_act_interface_ex/share/msg_srv_act_interface_ex/cmake/ament_cmake_export_libraries-extras.cmake
[1.919s] -- Up-to-date symlink: /home/ghtn10000/robot_ws/install/msg_srv_act_interface_ex/share/msg_srv_act_interface_ex/cmake/ament_cmake_export_targets-extras.cmake
[1.922s] -- Up-to-date symlink: /home/ghtn10000/robot_ws/install/msg_srv_act_interface_ex/share/msg_srv_act_interface_ex/cmake/rosidl_cmake_export_typesupport_targets-extras.cmake
[1.922s] -- Up-to-date symlink: /home/ghtn10000/robot_ws/install/msg_srv_act_interface_ex/share/msg_srv_act_interface_ex/cmake/rosidl_cmake_export_typesupport_libraries-extras.cmake
[1.922s] -- Up-to-date symlink: /home/ghtn10000/robot_ws/install/msg_srv_act_interface_ex/share/msg_srv_act_interface_ex/cmake/msg_srv_act_interface_exConfig.cmake
[1.922s] -- Up-to-date symlink: /home/ghtn10000/robot_ws/install/msg_srv_act_interface_ex/share/msg_srv_act_interface_ex/cmake/msg_srv_act_interface_exConfig-version.cmake
[1.922s] -- Up-to-date symlink: /home/ghtn10000/robot_ws/install/msg_srv_act_interface_ex/share/msg_srv_act_interface_ex/package.xml
[1.923s] -- Up-to-date: /home/ghtn10000/robot_ws/install/msg_srv_act_interface_ex/lib/libmsg_srv_act_interface_ex__rosidl_generator_c.so
[1.925s] -- Up-to-date: /home/ghtn10000/robot_ws/install/msg_srv_act_interface_ex/lib/libmsg_srv_act_interface_ex__rosidl_typesupport_fastrtps_c.so
[1.928s] -- Up-to-date: /home/ghtn10000/robot_ws/install/msg_srv_act_interface_ex/lib/libmsg_srv_act_interface_ex__rosidl_typesupport_fastrtps_cpp.so
[1.930s] -- Up-to-date: /home/ghtn10000/robot_ws/install/msg_srv_act_interface_ex/lib/libmsg_srv_act_interface_ex__rosidl_typesupport_introspection_c.so
[1.932s] -- Up-to-date: /home/ghtn10000/robot_ws/install/msg_srv_act_interface_ex/lib/libmsg_srv_act_interface_ex__rosidl_typesupport_c.so
[1.934s] -- Up-to-date: /home/ghtn10000/robot_ws/install/msg_srv_act_interface_ex/lib/libmsg_srv_act_interface_ex__rosidl_typesupport_introspection_cpp.so
[1.937s] -- Up-to-date: /home/ghtn10000/robot_ws/install/msg_srv_act_interface_ex/lib/libmsg_srv_act_interface_ex__rosidl_typesupport_cpp.so
[2.013s] Listing '/home/ghtn10000/robot_ws/install/msg_srv_act_interface_ex/local/lib/python3.10/dist-packages/msg_srv_act_interface_ex'...
[2.014s] Listing '/home/ghtn10000/robot_ws/install/msg_srv_act_interface_ex/local/lib/python3.10/dist-packages/msg_srv_act_interface_ex/action'...
[2.014s] Listing '/home/ghtn10000/robot_ws/install/msg_srv_act_interface_ex/local/lib/python3.10/dist-packages/msg_srv_act_interface_ex/msg'...
[2.015s] Listing '/home/ghtn10000/robot_ws/install/msg_srv_act_interface_ex/local/lib/python3.10/dist-packages/msg_srv_act_interface_ex/srv'...
[2.021s] -- Up-to-date: /home/ghtn10000/robot_ws/install/msg_srv_act_interface_ex/lib/libmsg_srv_act_interface_ex__rosidl_generator_py.so
[2.022s] -- Up-to-date: /home/ghtn10000/robot_ws/install/msg_srv_act_interface_ex/share/msg_srv_act_interface_ex/cmake/export_msg_srv_act_interface_ex__rosidl_generator_cExport.cmake
[2.023s] -- Up-to-date: /home/ghtn10000/robot_ws/install/msg_srv_act_interface_ex/share/msg_srv_act_interface_ex/cmake/export_msg_srv_act_interface_ex__rosidl_generator_cExport-noconfig.cmake
[2.024s] -- Up-to-date: /home/ghtn10000/robot_ws/install/msg_srv_act_interface_ex/share/msg_srv_act_interface_ex/cmake/export_msg_srv_act_interface_ex__rosidl_typesupport_fastrtps_cExport.cmake
[2.024s] -- Up-to-date: /home/ghtn10000/robot_ws/install/msg_srv_act_interface_ex/share/msg_srv_act_interface_ex/cmake/export_msg_srv_act_interface_ex__rosidl_typesupport_fastrtps_cExport-noconfig.cmake
[2.024s] -- Up-to-date: /home/ghtn10000/robot_ws/install/msg_srv_act_interface_ex/share/msg_srv_act_interface_ex/cmake/export_msg_srv_act_interface_ex__rosidl_generator_cppExport.cmake
[2.025s] -- Up-to-date: /home/ghtn10000/robot_ws/install/msg_srv_act_interface_ex/share/msg_srv_act_interface_ex/cmake/export_msg_srv_act_interface_ex__rosidl_typesupport_fastrtps_cppExport.cmake
[2.025s] -- Up-to-date: /home/ghtn10000/robot_ws/install/msg_srv_act_interface_ex/share/msg_srv_act_interface_ex/cmake/export_msg_srv_act_interface_ex__rosidl_typesupport_fastrtps_cppExport-noconfig.cmake
[2.025s] -- Up-to-date: /home/ghtn10000/robot_ws/install/msg_srv_act_interface_ex/share/msg_srv_act_interface_ex/cmake/msg_srv_act_interface_ex__rosidl_typesupport_introspection_cExport.cmake
[2.026s] -- Up-to-date: /home/ghtn10000/robot_ws/install/msg_srv_act_interface_ex/share/msg_srv_act_interface_ex/cmake/msg_srv_act_interface_ex__rosidl_typesupport_introspection_cExport-noconfig.cmake
[2.026s] -- Up-to-date: /home/ghtn10000/robot_ws/install/msg_srv_act_interface_ex/share/msg_srv_act_interface_ex/cmake/msg_srv_act_interface_ex__rosidl_typesupport_cExport.cmake
[2.026s] -- Up-to-date: /home/ghtn10000/robot_ws/install/msg_srv_act_interface_ex/share/msg_srv_act_interface_ex/cmake/msg_srv_act_interface_ex__rosidl_typesupport_cExport-noconfig.cmake
[2.029s] -- Up-to-date: /home/ghtn10000/robot_ws/install/msg_srv_act_interface_ex/share/msg_srv_act_interface_ex/cmake/msg_srv_act_interface_ex__rosidl_typesupport_introspection_cppExport.cmake
[2.029s] -- Up-to-date: /home/ghtn10000/robot_ws/install/msg_srv_act_interface_ex/share/msg_srv_act_interface_ex/cmake/msg_srv_act_interface_ex__rosidl_typesupport_introspection_cppExport-noconfig.cmake
[2.029s] -- Up-to-date: /home/ghtn10000/robot_ws/install/msg_srv_act_interface_ex/share/msg_srv_act_interface_ex/cmake/msg_srv_act_interface_ex__rosidl_typesupport_cppExport.cmake
[2.030s] -- Up-to-date: /home/ghtn10000/robot_ws/install/msg_srv_act_interface_ex/share/msg_srv_act_interface_ex/cmake/msg_srv_act_interface_ex__rosidl_typesupport_cppExport-noconfig.cmake
[2.030s] -- Up-to-date: /home/ghtn10000/robot_ws/install/msg_srv_act_interface_ex/share/msg_srv_act_interface_ex/cmake/export_msg_srv_act_interface_ex__rosidl_generator_pyExport.cmake
[2.030s] -- Up-to-date: /home/ghtn10000/robot_ws/install/msg_srv_act_interface_ex/share/msg_srv_act_interface_ex/cmake/export_msg_srv_act_interface_ex__rosidl_generator_pyExport-noconfig.cmake
[2.069s] Invoked command in '/home/ghtn10000/robot_ws/build/msg_srv_act_interface_ex' returned '0': CMAKE_PREFIX_PATH=${CMAKE_PREFIX_PATH}:/home/ghtn10000/turtlebot3_ws/install/turtlebot3_teleop:/home/ghtn10000/turtlebot3_ws/install/turtlebot3_example:/home/ghtn10000/turtlebot3_ws/install/turtlebot3_dqn:/home/ghtn10000/robot_ws/install/topic_srv_act_rclpy_ex:/home/ghtn10000/robot_ws/install/my_turtlesim_mobeturtle_pkg:/home/ghtn10000/robot_ws/install/my_turtlebot_pkg:/home/ghtn10000/robot_ws/install/my_timer_pkg:/home/ghtn10000/robot_ws/install/my_first_ros_rclpy_pkg:/opt/ros/humble /usr/bin/cmake --install /home/ghtn10000/robot_ws/build/msg_srv_act_interface_ex
