[0.305s] Invoking command in '/home/ghtn10000/robot_ws/build/my_second_pkg_msgs': CMAKE_PREFIX_PATH=${CMAKE_PREFIX_PATH}:/home/ghtn10000/turtlebot3_ws/install/turtlebot3_teleop:/home/ghtn10000/turtlebot3_ws/install/turtlebot3_example:/home/ghtn10000/turtlebot3_ws/install/turtlebot3_dqn:/home/ghtn10000/robot_ws/install/my_turtlesim_mobeturtle_pkg:/home/ghtn10000/robot_ws/install/my_timer_pkg:/home/ghtn10000/robot_ws/install/my_first_ros_rclpy_pkg:/opt/ros/humble /usr/bin/cmake --build /home/ghtn10000/robot_ws/build/my_second_pkg_msgs -- -j8 -l8
[0.664s] [35m[1mConsolidate compiler generated dependencies of target my_second_pkg_msgs__rosidl_generator_c[0m
[0.664s] [  2%] Built target my_second_pkg_msgs__cpp
[0.664s] [ 12%] Built target my_second_pkg_msgs__rosidl_generator_c
[0.664s] [35m[1mConsolidate compiler generated dependencies of target my_second_pkg_msgs__rosidl_typesupport_introspection_cpp[0m
[0.664s] [35m[1mConsolidate compiler generated dependencies of target my_second_pkg_msgs__rosidl_typesupport_fastrtps_cpp[0m
[0.664s] [35m[1mConsolidate compiler generated dependencies of target my_second_pkg_msgs__rosidl_typesupport_cpp[0m
[0.665s] [ 12%] Built target ament_cmake_python_symlink_my_second_pkg_msgs
[0.665s] [35m[1mConsolidate compiler generated dependencies of target my_second_pkg_msgs__rosidl_typesupport_fastrtps_c[0m
[0.665s] [35m[1mConsolidate compiler generated dependencies of target my_second_pkg_msgs__rosidl_typesupport_introspection_c[0m
[0.665s] [35m[1mConsolidate compiler generated dependencies of target my_second_pkg_msgs__rosidl_typesupport_c[0m
[0.665s] [ 23%] Built target my_second_pkg_msgs__rosidl_typesupport_introspection_cpp
[0.665s] [ 33%] Built target my_second_pkg_msgs__rosidl_typesupport_fastrtps_cpp
[0.665s] [ 43%] Built target my_second_pkg_msgs__rosidl_typesupport_cpp
[0.665s] [ 53%] Built target my_second_pkg_msgs__rosidl_typesupport_fastrtps_c
[0.665s] [ 64%] Built target my_second_pkg_msgs__rosidl_typesupport_introspection_c
[0.665s] [ 74%] Built target my_second_pkg_msgs__rosidl_typesupport_c
[0.665s] [ 74%] Built target my_second_pkg_msgs
[0.666s] [ 76%] Built target my_second_pkg_msgs__py
[0.666s] [35m[1mConsolidate compiler generated dependencies of target my_second_pkg_msgs__rosidl_generator_py[0m
[0.666s] [ 84%] Built target my_second_pkg_msgs__rosidl_generator_py
[0.666s] [35m[1mConsolidate compiler generated dependencies of target my_second_pkg_msgs__rosidl_typesupport_fastrtps_c__pyext[0m
[0.666s] [35m[1mConsolidate compiler generated dependencies of target my_second_pkg_msgs__rosidl_typesupport_introspection_c__pyext[0m
[0.666s] [35m[1mConsolidate compiler generated dependencies of target my_second_pkg_msgs__rosidl_typesupport_c__pyext[0m
[0.666s] [ 89%] Built target my_second_pkg_msgs__rosidl_typesupport_introspection_c__pyext
[0.666s] [ 94%] Built target my_second_pkg_msgs__rosidl_typesupport_c__pyext
[0.666s] [100%] Built target my_second_pkg_msgs__rosidl_typesupport_fastrtps_c__pyext
[0.735s] running egg_info
[0.736s] writing my_second_pkg_msgs.egg-info/PKG-INFO
[0.736s] writing dependency_links to my_second_pkg_msgs.egg-info/dependency_links.txt
[0.736s] writing top-level names to my_second_pkg_msgs.egg-info/top_level.txt
[0.740s] reading manifest file 'my_second_pkg_msgs.egg-info/SOURCES.txt'
[0.740s] writing manifest file 'my_second_pkg_msgs.egg-info/SOURCES.txt'
[0.766s] [100%] Built target ament_cmake_python_build_my_second_pkg_msgs_egg
