[2.437s] Invoking command in '/home/ghtn10000/robot_ws/build/topic_srv_act_rclpy_ex': PYTHONPATH=/home/ghtn10000/robot_ws/build/topic_srv_act_rclpy_ex/prefix_override:/usr/lib/python3/dist-packages/colcon_core/task/python/colcon_distutils_commands:/home/ghtn10000/robot_ws/install/topic_srv_act_rclpy_ex/lib/python3.10/site-packages:${PYTHONPATH} /usr/bin/python3 -W ignore:setup.py install is deprecated -W ignore:easy_install command is deprecated setup.py develop --editable --build-directory /home/ghtn10000/robot_ws/build/topic_srv_act_rclpy_ex/build --no-deps symlink_data
[2.940s] running develop
[3.326s] running egg_info
[3.327s] writing topic_srv_act_rclpy_ex.egg-info/PKG-INFO
[3.327s] writing dependency_links to topic_srv_act_rclpy_ex.egg-info/dependency_links.txt
[3.327s] writing entry points to topic_srv_act_rclpy_ex.egg-info/entry_points.txt
[3.328s] writing requirements to topic_srv_act_rclpy_ex.egg-info/requires.txt
[3.329s] writing top-level names to topic_srv_act_rclpy_ex.egg-info/top_level.txt
[3.330s] reading manifest file 'topic_srv_act_rclpy_ex.egg-info/SOURCES.txt'
[3.332s] writing manifest file 'topic_srv_act_rclpy_ex.egg-info/SOURCES.txt'
[3.335s] running build_ext
[3.335s] Creating /home/ghtn10000/robot_ws/install/topic_srv_act_rclpy_ex/lib/python3.10/site-packages/topic-srv-act-rclpy-ex.egg-link (link to .)
[3.337s] Installing argument script to /home/ghtn10000/robot_ws/install/topic_srv_act_rclpy_ex/lib/topic_srv_act_rclpy_ex
[3.337s] Installing calculator script to /home/ghtn10000/robot_ws/install/topic_srv_act_rclpy_ex/lib/topic_srv_act_rclpy_ex
[3.337s] Installing calculator_cli script to /home/ghtn10000/robot_ws/install/topic_srv_act_rclpy_ex/lib/topic_srv_act_rclpy_ex
[3.338s] Installing calcurator_action script to /home/ghtn10000/robot_ws/install/topic_srv_act_rclpy_ex/lib/topic_srv_act_rclpy_ex
[3.338s] 
[3.338s] Installed /home/ghtn10000/robot_ws/build/topic_srv_act_rclpy_ex
[3.338s] running symlink_data
[3.392s] Invoked command in '/home/ghtn10000/robot_ws/build/topic_srv_act_rclpy_ex' returned '0': PYTHONPATH=/home/ghtn10000/robot_ws/build/topic_srv_act_rclpy_ex/prefix_override:/usr/lib/python3/dist-packages/colcon_core/task/python/colcon_distutils_commands:/home/ghtn10000/robot_ws/install/topic_srv_act_rclpy_ex/lib/python3.10/site-packages:${PYTHONPATH} /usr/bin/python3 -W ignore:setup.py install is deprecated -W ignore:easy_install command is deprecated setup.py develop --editable --build-directory /home/ghtn10000/robot_ws/build/topic_srv_act_rclpy_ex/build --no-deps symlink_data
