[1.830s] Invoking command in '/home/ghtn10000/robot_ws/build/my_timer_pkg': PYTHONPATH=/home/ghtn10000/robot_ws/build/my_timer_pkg/prefix_override:/usr/lib/python3/dist-packages/colcon_core/task/python/colcon_distutils_commands:/home/ghtn10000/robot_ws/install/my_timer_pkg/lib/python3.10/site-packages:${PYTHONPATH} /usr/bin/python3 -W ignore:setup.py install is deprecated -W ignore:easy_install command is deprecated setup.py develop --editable --build-directory /home/ghtn10000/robot_ws/build/my_timer_pkg/build --no-deps symlink_data
[2.292s] running develop
[2.576s] running egg_info
[2.576s] creating my_timer_pkg.egg-info
[2.576s] writing my_timer_pkg.egg-info/PKG-INFO
[2.577s] writing dependency_links to my_timer_pkg.egg-info/dependency_links.txt
[2.577s] writing entry points to my_timer_pkg.egg-info/entry_points.txt
[2.577s] writing requirements to my_timer_pkg.egg-info/requires.txt
[2.577s] writing top-level names to my_timer_pkg.egg-info/top_level.txt
[2.577s] writing manifest file 'my_timer_pkg.egg-info/SOURCES.txt'
[2.580s] reading manifest file 'my_timer_pkg.egg-info/SOURCES.txt'
[2.581s] writing manifest file 'my_timer_pkg.egg-info/SOURCES.txt'
[2.583s] running build_ext
[2.584s] Creating /home/ghtn10000/robot_ws/install/my_timer_pkg/lib/python3.10/site-packages/my-timer-pkg.egg-link (link to .)
[2.585s] Installing timer_publisher script to /home/ghtn10000/robot_ws/install/my_timer_pkg/lib/my_timer_pkg
[2.585s] Installing timer_subscriber script to /home/ghtn10000/robot_ws/install/my_timer_pkg/lib/my_timer_pkg
[2.586s] 
[2.586s] Installed /home/ghtn10000/robot_ws/build/my_timer_pkg
[2.586s] running symlink_data
[2.586s] creating /home/ghtn10000/robot_ws/install/my_timer_pkg/share/ament_index
[2.586s] creating /home/ghtn10000/robot_ws/install/my_timer_pkg/share/ament_index/resource_index
[2.587s] creating /home/ghtn10000/robot_ws/install/my_timer_pkg/share/ament_index/resource_index/packages
[2.587s] symbolically linking /home/ghtn10000/robot_ws/build/my_timer_pkg/resource/my_timer_pkg -> /home/ghtn10000/robot_ws/install/my_timer_pkg/share/ament_index/resource_index/packages
[2.587s] symbolically linking /home/ghtn10000/robot_ws/build/my_timer_pkg/package.xml -> /home/ghtn10000/robot_ws/install/my_timer_pkg/share/my_timer_pkg
[2.660s] Invoked command in '/home/ghtn10000/robot_ws/build/my_timer_pkg' returned '0': PYTHONPATH=/home/ghtn10000/robot_ws/build/my_timer_pkg/prefix_override:/usr/lib/python3/dist-packages/colcon_core/task/python/colcon_distutils_commands:/home/ghtn10000/robot_ws/install/my_timer_pkg/lib/python3.10/site-packages:${PYTHONPATH} /usr/bin/python3 -W ignore:setup.py install is deprecated -W ignore:easy_install command is deprecated setup.py develop --editable --build-directory /home/ghtn10000/robot_ws/build/my_timer_pkg/build --no-deps symlink_data
