[2.943s] Invoking command in '/home/ghtn10000/robot_ws/build/my_turtlebot_pkg': PYTHONPATH=/home/ghtn10000/robot_ws/build/my_turtlebot_pkg/prefix_override:/usr/lib/python3/dist-packages/colcon_core/task/python/colcon_distutils_commands:/home/ghtn10000/robot_ws/install/my_turtlebot_pkg/lib/python3.10/site-packages:${PYTHONPATH} /usr/bin/python3 -W ignore:setup.py install is deprecated -W ignore:easy_install command is deprecated setup.py develop --editable --build-directory /home/ghtn10000/robot_ws/build/my_turtlebot_pkg/build --no-deps symlink_data
[3.530s] running develop
[3.917s] running egg_info
[3.917s] creating my_turtlebot_pkg.egg-info
[3.917s] writing my_turtlebot_pkg.egg-info/PKG-INFO
[3.918s] writing dependency_links to my_turtlebot_pkg.egg-info/dependency_links.txt
[3.918s] writing entry points to my_turtlebot_pkg.egg-info/entry_points.txt
[3.918s] writing requirements to my_turtlebot_pkg.egg-info/requires.txt
[3.918s] writing top-level names to my_turtlebot_pkg.egg-info/top_level.txt
[3.919s] writing manifest file 'my_turtlebot_pkg.egg-info/SOURCES.txt'
[3.922s] reading manifest file 'my_turtlebot_pkg.egg-info/SOURCES.txt'
[3.923s] writing manifest file 'my_turtlebot_pkg.egg-info/SOURCES.txt'
[3.926s] running build_ext
[3.926s] Creating /home/ghtn10000/robot_ws/install/my_turtlebot_pkg/lib/python3.10/site-packages/my-turtlebot-pkg.egg-link (link to .)
[3.928s] Installing mv_turtle_pub script to /home/ghtn10000/robot_ws/install/my_turtlebot_pkg/lib/my_turtlebot_pkg
[3.928s] 
[3.928s] Installed /home/ghtn10000/robot_ws/build/my_turtlebot_pkg
[3.928s] running symlink_data
[3.929s] creating /home/ghtn10000/robot_ws/install/my_turtlebot_pkg/share/ament_index
[3.929s] creating /home/ghtn10000/robot_ws/install/my_turtlebot_pkg/share/ament_index/resource_index
[3.929s] creating /home/ghtn10000/robot_ws/install/my_turtlebot_pkg/share/ament_index/resource_index/packages
[3.929s] symbolically linking /home/ghtn10000/robot_ws/build/my_turtlebot_pkg/resource/my_turtlebot_pkg -> /home/ghtn10000/robot_ws/install/my_turtlebot_pkg/share/ament_index/resource_index/packages
[3.929s] symbolically linking /home/ghtn10000/robot_ws/build/my_turtlebot_pkg/package.xml -> /home/ghtn10000/robot_ws/install/my_turtlebot_pkg/share/my_turtlebot_pkg
[3.984s] Invoked command in '/home/ghtn10000/robot_ws/build/my_turtlebot_pkg' returned '0': PYTHONPATH=/home/ghtn10000/robot_ws/build/my_turtlebot_pkg/prefix_override:/usr/lib/python3/dist-packages/colcon_core/task/python/colcon_distutils_commands:/home/ghtn10000/robot_ws/install/my_turtlebot_pkg/lib/python3.10/site-packages:${PYTHONPATH} /usr/bin/python3 -W ignore:setup.py install is deprecated -W ignore:easy_install command is deprecated setup.py develop --editable --build-directory /home/ghtn10000/robot_ws/build/my_turtlebot_pkg/build --no-deps symlink_data
