[0.040s] Invoking command in '/home/ghtn10000/robot_ws/build/msg_srv_act_interface_ex': CMAKE_PREFIX_PATH=${CMAKE_PREFIX_PATH}:/home/ghtn10000/turtlebot3_ws/install/turtlebot3_teleop:/home/ghtn10000/turtlebot3_ws/install/turtlebot3_example:/home/ghtn10000/turtlebot3_ws/install/turtlebot3_dqn:/home/ghtn10000/robot_ws/install/my_turtlesim_mobeturtle_pkg:/home/ghtn10000/robot_ws/install/my_timer_pkg:/home/ghtn10000/robot_ws/install/my_first_ros_rclpy_pkg:/opt/ros/humble /usr/bin/cmake --build /home/ghtn10000/robot_ws/build/msg_srv_act_interface_ex -- -j8 -l8
[0.921s] [35m[1mConsolidate compiler generated dependencies of target msg_srv_act_interface_ex__rosidl_generator_c[0m
[0.921s] [  2%] Built target msg_srv_act_interface_ex__cpp
[0.921s] [ 12%] Built target msg_srv_act_interface_ex__rosidl_generator_c
[0.921s] [ 12%] Built target ament_cmake_python_symlink_msg_srv_act_interface_ex
[0.922s] [35m[1mConsolidate compiler generated dependencies of target msg_srv_act_interface_ex__rosidl_typesupport_c[0m
[0.922s] [35m[1mConsolidate compiler generated dependencies of target msg_srv_act_interface_ex__rosidl_typesupport_introspection_cpp[0m
[0.922s] [35m[1mConsolidate compiler generated dependencies of target msg_srv_act_interface_ex__rosidl_typesupport_introspection_c[0m
[0.922s] [35m[1mConsolidate compiler generated dependencies of target msg_srv_act_interface_ex__rosidl_typesupport_fastrtps_cpp[0m
[0.922s] [35m[1mConsolidate compiler generated dependencies of target msg_srv_act_interface_ex__rosidl_typesupport_cpp[0m
[0.922s] [35m[1mConsolidate compiler generated dependencies of target msg_srv_act_interface_ex__rosidl_typesupport_fastrtps_c[0m
[0.922s] [ 23%] Built target msg_srv_act_interface_ex__rosidl_typesupport_c
[0.922s] [ 34%] Built target msg_srv_act_interface_ex__rosidl_typesupport_introspection_c
[0.922s] [ 44%] Built target msg_srv_act_interface_ex__rosidl_typesupport_introspection_cpp
[0.922s] [ 55%] Built target msg_srv_act_interface_ex__rosidl_typesupport_cpp
[0.923s] [ 65%] Built target msg_srv_act_interface_ex__rosidl_typesupport_fastrtps_cpp
[0.923s] [ 76%] Built target msg_srv_act_interface_ex__rosidl_typesupport_fastrtps_c
[0.923s] [ 76%] Built target msg_srv_act_interface_ex
[0.924s] [ 78%] Built target msg_srv_act_interface_ex__py
[0.924s] [35m[1mConsolidate compiler generated dependencies of target msg_srv_act_interface_ex__rosidl_generator_py[0m
[0.924s] [ 87%] Built target msg_srv_act_interface_ex__rosidl_generator_py
[0.924s] [35m[1mConsolidate compiler generated dependencies of target msg_srv_act_interface_ex__rosidl_typesupport_fastrtps_c__pyext[0m
[0.924s] [35m[1mConsolidate compiler generated dependencies of target msg_srv_act_interface_ex__rosidl_typesupport_introspection_c__pyext[0m
[0.924s] [35m[1mConsolidate compiler generated dependencies of target msg_srv_act_interface_ex__rosidl_typesupport_c__pyext[0m
[0.924s] [ 91%] Built target msg_srv_act_interface_ex__rosidl_typesupport_introspection_c__pyext
[0.924s] [ 95%] Built target msg_srv_act_interface_ex__rosidl_typesupport_c__pyext
[0.924s] [100%] Built target msg_srv_act_interface_ex__rosidl_typesupport_fastrtps_c__pyext
[0.924s] running egg_info
[0.924s] writing msg_srv_act_interface_ex.egg-info/PKG-INFO
[0.924s] writing dependency_links to msg_srv_act_interface_ex.egg-info/dependency_links.txt
[0.925s] writing top-level names to msg_srv_act_interface_ex.egg-info/top_level.txt
[0.925s] reading manifest file 'msg_srv_act_interface_ex.egg-info/SOURCES.txt'
[0.925s] writing manifest file 'msg_srv_act_interface_ex.egg-info/SOURCES.txt'
[0.925s] [100%] Built target ament_cmake_python_build_msg_srv_act_interface_ex_egg
[0.926s] Invoked command in '/home/ghtn10000/robot_ws/build/msg_srv_act_interface_ex' returned '0': CMAKE_PREFIX_PATH=${CMAKE_PREFIX_PATH}:/home/ghtn10000/turtlebot3_ws/install/turtlebot3_teleop:/home/ghtn10000/turtlebot3_ws/install/turtlebot3_example:/home/ghtn10000/turtlebot3_ws/install/turtlebot3_dqn:/home/ghtn10000/robot_ws/install/my_turtlesim_mobeturtle_pkg:/home/ghtn10000/robot_ws/install/my_timer_pkg:/home/ghtn10000/robot_ws/install/my_first_ros_rclpy_pkg:/opt/ros/humble /usr/bin/cmake --build /home/ghtn10000/robot_ws/build/msg_srv_act_interface_ex -- -j8 -l8
[0.939s] Invoking command in '/home/ghtn10000/robot_ws/build/msg_srv_act_interface_ex': CMAKE_PREFIX_PATH=${CMAKE_PREFIX_PATH}:/home/ghtn10000/turtlebot3_ws/install/turtlebot3_teleop:/home/ghtn10000/turtlebot3_ws/install/turtlebot3_example:/home/ghtn10000/turtlebot3_ws/install/turtlebot3_dqn:/home/ghtn10000/robot_ws/install/my_turtlesim_mobeturtle_pkg:/home/ghtn10000/robot_ws/install/my_timer_pkg:/home/ghtn10000/robot_ws/install/my_first_ros_rclpy_pkg:/opt/ros/humble /usr/bin/cmake --install /home/ghtn10000/robot_ws/build/msg_srv_act_interface_ex
[1.225s] -- Install configuration: ""
[1.226s] -- Execute custom install script
[1.226s] -- Up-to-date symlink: /home/ghtn10000/robot_ws/install/msg_srv_act_interface_ex/share/ament_index/resource_index/rosidl_interfaces/msg_srv_act_interface_ex
[1.226s] -- Up-to-date symlink: /home/ghtn10000/robot_ws/install/msg_srv_act_interface_ex/include/msg_srv_act_interface_ex/msg_srv_act_interface_ex/action/arithmetic_checker.h
[1.226s] -- Up-to-date symlink: /home/ghtn10000/robot_ws/install/msg_srv_act_interface_ex/include/msg_srv_act_interface_ex/msg_srv_act_interface_ex/action/detail/arithmetic_checker__functions.h
[1.226s] -- Up-to-date symlink: /home/ghtn10000/robot_ws/install/msg_srv_act_interface_ex/include/msg_srv_act_interface_ex/msg_srv_act_interface_ex/action/detail/arithmetic_checker__struct.h
[1.226s] -- Up-to-date symlink: /home/ghtn10000/robot_ws/install/msg_srv_act_interface_ex/include/msg_srv_act_interface_ex/msg_srv_act_interface_ex/action/detail/arithmetic_checker__type_support.h
[1.226s] -- Up-to-date symlink: /home/ghtn10000/robot_ws/install/msg_srv_act_interface_ex/include/msg_srv_act_interface_ex/msg_srv_act_interface_ex/msg/arithmetic_argument.h
[1.226s] -- Up-to-date symlink: /home/ghtn10000/robot_ws/install/msg_srv_act_interface_ex/include/msg_srv_act_interface_ex/msg_srv_act_interface_ex/msg/detail/arithmetic_argument__functions.h
[1.226s] -- Up-to-date symlink: /home/ghtn10000/robot_ws/install/msg_srv_act_interface_ex/include/msg_srv_act_interface_ex/msg_srv_act_interface_ex/msg/detail/arithmetic_argument__struct.h
[1.227s] -- Up-to-date symlink: /home/ghtn10000/robot_ws/install/msg_srv_act_interface_ex/include/msg_srv_act_interface_ex/msg_srv_act_interface_ex/msg/detail/arithmetic_argument__type_support.h
[1.227s] -- Up-to-date symlink: /home/ghtn10000/robot_ws/install/msg_srv_act_interface_ex/include/msg_srv_act_interface_ex/msg_srv_act_interface_ex/msg/rosidl_generator_c__visibility_control.h
[1.227s] -- Up-to-date symlink: /home/ghtn10000/robot_ws/install/msg_srv_act_interface_ex/include/msg_srv_act_interface_ex/msg_srv_act_interface_ex/srv/arithmetic_operator.h
[1.227s] -- Up-to-date symlink: /home/ghtn10000/robot_ws/install/msg_srv_act_interface_ex/include/msg_srv_act_interface_ex/msg_srv_act_interface_ex/srv/detail/arithmetic_operator__functions.h
[1.227s] -- Up-to-date symlink: /home/ghtn10000/robot_ws/install/msg_srv_act_interface_ex/include/msg_srv_act_interface_ex/msg_srv_act_interface_ex/srv/detail/arithmetic_operator__struct.h
[1.227s] -- Up-to-date symlink: /home/ghtn10000/robot_ws/install/msg_srv_act_interface_ex/include/msg_srv_act_interface_ex/msg_srv_act_interface_ex/srv/detail/arithmetic_operator__type_support.h
[1.227s] -- Up-to-date symlink: /home/ghtn10000/robot_ws/install/msg_srv_act_interface_ex/share/msg_srv_act_interface_ex/environment/library_path.sh
[1.227s] -- Up-to-date symlink: /home/ghtn10000/robot_ws/install/msg_srv_act_interface_ex/share/msg_srv_act_interface_ex/environment/library_path.dsv
[1.227s] -- Up-to-date symlink: /home/ghtn10000/robot_ws/install/msg_srv_act_interface_ex/include/msg_srv_act_interface_ex/msg_srv_act_interface_ex/action/detail/arithmetic_checker__rosidl_typesupport_fastrtps_c.h
[1.227s] -- Up-to-date symlink: /home/ghtn10000/robot_ws/install/msg_srv_act_interface_ex/include/msg_srv_act_interface_ex/msg_srv_act_interface_ex/msg/detail/arithmetic_argument__rosidl_typesupport_fastrtps_c.h
[1.227s] -- Up-to-date symlink: /home/ghtn10000/robot_ws/install/msg_srv_act_interface_ex/include/msg_srv_act_interface_ex/msg_srv_act_interface_ex/msg/rosidl_typesupport_fastrtps_c__visibility_control.h
[1.227s] -- Up-to-date symlink: /home/ghtn10000/robot_ws/install/msg_srv_act_interface_ex/include/msg_srv_act_interface_ex/msg_srv_act_interface_ex/srv/detail/arithmetic_operator__rosidl_typesupport_fastrtps_c.h
[1.227s] -- Up-to-date symlink: /home/ghtn10000/robot_ws/install/msg_srv_act_interface_ex/include/msg_srv_act_interface_ex/msg_srv_act_interface_ex/action/arithmetic_checker.hpp
[1.228s] -- Up-to-date symlink: /home/ghtn10000/robot_ws/install/msg_srv_act_interface_ex/include/msg_srv_act_interface_ex/msg_srv_act_interface_ex/action/detail/arithmetic_checker__builder.hpp
[1.232s] -- Up-to-date symlink: /home/ghtn10000/robot_ws/install/msg_srv_act_interface_ex/include/msg_srv_act_interface_ex/msg_srv_act_interface_ex/action/detail/arithmetic_checker__struct.hpp
[1.232s] -- Up-to-date symlink: /home/ghtn10000/robot_ws/install/msg_srv_act_interface_ex/include/msg_srv_act_interface_ex/msg_srv_act_interface_ex/action/detail/arithmetic_checker__traits.hpp
[1.232s] -- Up-to-date symlink: /home/ghtn10000/robot_ws/install/msg_srv_act_interface_ex/include/msg_srv_act_interface_ex/msg_srv_act_interface_ex/action/detail/arithmetic_checker__type_support.hpp
[1.232s] -- Up-to-date symlink: /home/ghtn10000/robot_ws/install/msg_srv_act_interface_ex/include/msg_srv_act_interface_ex/msg_srv_act_interface_ex/msg/arithmetic_argument.hpp
[1.232s] -- Up-to-date symlink: /home/ghtn10000/robot_ws/install/msg_srv_act_interface_ex/include/msg_srv_act_interface_ex/msg_srv_act_interface_ex/msg/detail/arithmetic_argument__builder.hpp
[1.232s] -- Up-to-date symlink: /home/ghtn10000/robot_ws/install/msg_srv_act_interface_ex/include/msg_srv_act_interface_ex/msg_srv_act_interface_ex/msg/detail/arithmetic_argument__struct.hpp
[1.232s] -- Up-to-date symlink: /home/ghtn10000/robot_ws/install/msg_srv_act_interface_ex/include/msg_srv_act_interface_ex/msg_srv_act_interface_ex/msg/detail/arithmetic_argument__traits.hpp
[1.233s] -- Up-to-date symlink: /home/ghtn10000/robot_ws/install/msg_srv_act_interface_ex/include/msg_srv_act_interface_ex/msg_srv_act_interface_ex/msg/detail/arithmetic_argument__type_support.hpp
[1.233s] -- Up-to-date symlink: /home/ghtn10000/robot_ws/install/msg_srv_act_interface_ex/include/msg_srv_act_interface_ex/msg_srv_act_interface_ex/msg/rosidl_generator_cpp__visibility_control.hpp
[1.233s] -- Up-to-date symlink: /home/ghtn10000/robot_ws/install/msg_srv_act_interface_ex/include/msg_srv_act_interface_ex/msg_srv_act_interface_ex/srv/arithmetic_operator.hpp
[1.233s] -- Up-to-date symlink: /home/ghtn10000/robot_ws/install/msg_srv_act_interface_ex/include/msg_srv_act_interface_ex/msg_srv_act_interface_ex/srv/detail/arithmetic_operator__builder.hpp
[1.233s] -- Up-to-date symlink: /home/ghtn10000/robot_ws/install/msg_srv_act_interface_ex/include/msg_srv_act_interface_ex/msg_srv_act_interface_ex/srv/detail/arithmetic_operator__struct.hpp
[1.233s] -- Up-to-date symlink: /home/ghtn10000/robot_ws/install/msg_srv_act_interface_ex/include/msg_srv_act_interface_ex/msg_srv_act_interface_ex/srv/detail/arithmetic_operator__traits.hpp
[1.233s] -- Up-to-date symlink: /home/ghtn10000/robot_ws/install/msg_srv_act_interface_ex/include/msg_srv_act_interface_ex/msg_srv_act_interface_ex/srv/detail/arithmetic_operator__type_support.hpp
[1.233s] -- Up-to-date symlink: /home/ghtn10000/robot_ws/install/msg_srv_act_interface_ex/include/msg_srv_act_interface_ex/msg_srv_act_interface_ex/action/detail/arithmetic_checker__rosidl_typesupport_fastrtps_cpp.hpp
[1.233s] -- Up-to-date symlink: /home/ghtn10000/robot_ws/install/msg_srv_act_interface_ex/include/msg_srv_act_interface_ex/msg_srv_act_interface_ex/msg/detail/arithmetic_argument__rosidl_typesupport_fastrtps_cpp.hpp
[1.234s] -- Up-to-date symlink: /home/ghtn10000/robot_ws/install/msg_srv_act_interface_ex/include/msg_srv_act_interface_ex/msg_srv_act_interface_ex/msg/rosidl_typesupport_fastrtps_cpp__visibility_control.h
[1.234s] -- Up-to-date symlink: /home/ghtn10000/robot_ws/install/msg_srv_act_interface_ex/include/msg_srv_act_interface_ex/msg_srv_act_interface_ex/srv/detail/arithmetic_operator__rosidl_typesupport_fastrtps_cpp.hpp
[1.234s] -- Up-to-date symlink: /home/ghtn10000/robot_ws/install/msg_srv_act_interface_ex/include/msg_srv_act_interface_ex/msg_srv_act_interface_ex/action/detail/arithmetic_checker__rosidl_typesupport_introspection_c.h
[1.234s] -- Up-to-date symlink: /home/ghtn10000/robot_ws/install/msg_srv_act_interface_ex/include/msg_srv_act_interface_ex/msg_srv_act_interface_ex/msg/detail/arithmetic_argument__rosidl_typesupport_introspection_c.h
[1.234s] -- Up-to-date symlink: /home/ghtn10000/robot_ws/install/msg_srv_act_interface_ex/include/msg_srv_act_interface_ex/msg_srv_act_interface_ex/msg/rosidl_typesupport_introspection_c__visibility_control.h
[1.254s] -- Up-to-date symlink: /home/ghtn10000/robot_ws/install/msg_srv_act_interface_ex/include/msg_srv_act_interface_ex/msg_srv_act_interface_ex/srv/detail/arithmetic_operator__rosidl_typesupport_introspection_c.h
[1.256s] -- Up-to-date symlink: /home/ghtn10000/robot_ws/install/msg_srv_act_interface_ex/include/msg_srv_act_interface_ex/msg_srv_act_interface_ex/action/detail/arithmetic_checker__rosidl_typesupport_introspection_cpp.hpp
[1.256s] -- Up-to-date symlink: /home/ghtn10000/robot_ws/install/msg_srv_act_interface_ex/include/msg_srv_act_interface_ex/msg_srv_act_interface_ex/msg/detail/arithmetic_argument__rosidl_typesupport_introspection_cpp.hpp
[1.256s] -- Up-to-date symlink: /home/ghtn10000/robot_ws/install/msg_srv_act_interface_ex/include/msg_srv_act_interface_ex/msg_srv_act_interface_ex/srv/detail/arithmetic_operator__rosidl_typesupport_introspection_cpp.hpp
[1.256s] -- Up-to-date symlink: /home/ghtn10000/robot_ws/install/msg_srv_act_interface_ex/share/msg_srv_act_interface_ex/environment/pythonpath.sh
[1.256s] -- Up-to-date symlink: /home/ghtn10000/robot_ws/install/msg_srv_act_interface_ex/share/msg_srv_act_interface_ex/environment/pythonpath.dsv
[1.256s] -- Up-to-date symlink: /home/ghtn10000/robot_ws/install/msg_srv_act_interface_ex/local/lib/python3.10/dist-packages/msg_srv_act_interface_ex-0.0.0-py3.10.egg-info/PKG-INFO
[1.257s] -- Up-to-date symlink: /home/ghtn10000/robot_ws/install/msg_srv_act_interface_ex/local/lib/python3.10/dist-packages/msg_srv_act_interface_ex-0.0.0-py3.10.egg-info/SOURCES.txt
[1.257s] -- Up-to-date symlink: /home/ghtn10000/robot_ws/install/msg_srv_act_interface_ex/local/lib/python3.10/dist-packages/msg_srv_act_interface_ex-0.0.0-py3.10.egg-info/dependency_links.txt
[1.257s] -- Up-to-date symlink: /home/ghtn10000/robot_ws/install/msg_srv_act_interface_ex/local/lib/python3.10/dist-packages/msg_srv_act_interface_ex-0.0.0-py3.10.egg-info/top_level.txt
[1.257s] -- Up-to-date symlink: /home/ghtn10000/robot_ws/install/msg_srv_act_interface_ex/local/lib/python3.10/dist-packages/msg_srv_act_interface_ex/__init__.py
[1.257s] -- Up-to-date symlink: /home/ghtn10000/robot_ws/install/msg_srv_act_interface_ex/local/lib/python3.10/dist-packages/msg_srv_act_interface_ex/_msg_srv_act_interface_ex_s.ep.rosidl_typesupport_c.c
[1.257s] -- Up-to-date symlink: /home/ghtn10000/robot_ws/install/msg_srv_act_interface_ex/local/lib/python3.10/dist-packages/msg_srv_act_interface_ex/_msg_srv_act_interface_ex_s.ep.rosidl_typesupport_fastrtps_c.c
[1.257s] -- Up-to-date symlink: /home/ghtn10000/robot_ws/install/msg_srv_act_interface_ex/local/lib/python3.10/dist-packages/msg_srv_act_interface_ex/_msg_srv_act_interface_ex_s.ep.rosidl_typesupport_introspection_c.c
[1.257s] -- Up-to-date symlink: /home/ghtn10000/robot_ws/install/msg_srv_act_interface_ex/local/lib/python3.10/dist-packages/msg_srv_act_interface_ex/action/__init__.py
[1.257s] -- Up-to-date symlink: /home/ghtn10000/robot_ws/install/msg_srv_act_interface_ex/local/lib/python3.10/dist-packages/msg_srv_act_interface_ex/action/_arithmetic_checker.py
[1.258s] -- Up-to-date symlink: /home/ghtn10000/robot_ws/install/msg_srv_act_interface_ex/local/lib/python3.10/dist-packages/msg_srv_act_interface_ex/action/_arithmetic_checker_s.c
[1.259s] -- Up-to-date symlink: /home/ghtn10000/robot_ws/install/msg_srv_act_interface_ex/local/lib/python3.10/dist-packages/msg_srv_act_interface_ex/libmsg_srv_act_interface_ex__rosidl_generator_py.so
[1.259s] -- Up-to-date symlink: /home/ghtn10000/robot_ws/install/msg_srv_act_interface_ex/local/lib/python3.10/dist-packages/msg_srv_act_interface_ex/msg/__init__.py
[1.259s] -- Up-to-date symlink: /home/ghtn10000/robot_ws/install/msg_srv_act_interface_ex/local/lib/python3.10/dist-packages/msg_srv_act_interface_ex/msg/_arithmetic_argument.py
[1.259s] -- Up-to-date symlink: /home/ghtn10000/robot_ws/install/msg_srv_act_interface_ex/local/lib/python3.10/dist-packages/msg_srv_act_interface_ex/msg/_arithmetic_argument_s.c
[1.259s] -- Up-to-date symlink: /home/ghtn10000/robot_ws/install/msg_srv_act_interface_ex/local/lib/python3.10/dist-packages/msg_srv_act_interface_ex/msg_srv_act_interface_ex_s__rosidl_typesupport_c.cpython-310-x86_64-linux-gnu.so
[1.271s] -- Up-to-date symlink: /home/ghtn10000/robot_ws/install/msg_srv_act_interface_ex/local/lib/python3.10/dist-packages/msg_srv_act_interface_ex/msg_srv_act_interface_ex_s__rosidl_typesupport_fastrtps_c.cpython-310-x86_64-linux-gnu.so
[1.271s] -- Up-to-date symlink: /home/ghtn10000/robot_ws/install/msg_srv_act_interface_ex/local/lib/python3.10/dist-packages/msg_srv_act_interface_ex/msg_srv_act_interface_ex_s__rosidl_typesupport_introspection_c.cpython-310-x86_64-linux-gnu.so
[1.271s] -- Up-to-date symlink: /home/ghtn10000/robot_ws/install/msg_srv_act_interface_ex/local/lib/python3.10/dist-packages/msg_srv_act_interface_ex/srv/__init__.py
[1.271s] -- Up-to-date symlink: /home/ghtn10000/robot_ws/install/msg_srv_act_interface_ex/local/lib/python3.10/dist-packages/msg_srv_act_interface_ex/srv/_arithmetic_operator.py
[1.271s] -- Up-to-date symlink: /home/ghtn10000/robot_ws/install/msg_srv_act_interface_ex/local/lib/python3.10/dist-packages/msg_srv_act_interface_ex/srv/_arithmetic_operator_s.c
[1.271s] -- Up-to-date symlink: /home/ghtn10000/robot_ws/install/msg_srv_act_interface_ex/local/lib/python3.10/dist-packages/msg_srv_act_interface_ex/msg_srv_act_interface_ex_s__rosidl_typesupport_fastrtps_c.cpython-310-x86_64-linux-gnu.so
[1.271s] -- Up-to-date symlink: /home/ghtn10000/robot_ws/install/msg_srv_act_interface_ex/local/lib/python3.10/dist-packages/msg_srv_act_interface_ex/msg_srv_act_interface_ex_s__rosidl_typesupport_introspection_c.cpython-310-x86_64-linux-gnu.so
[1.273s] -- Up-to-date symlink: /home/ghtn10000/robot_ws/install/msg_srv_act_interface_ex/local/lib/python3.10/dist-packages/msg_srv_act_interface_ex/msg_srv_act_interface_ex_s__rosidl_typesupport_c.cpython-310-x86_64-linux-gnu.so
[1.273s] -- Up-to-date symlink: /home/ghtn10000/robot_ws/install/msg_srv_act_interface_ex/share/msg_srv_act_interface_ex/msg/ArithmeticArgument.idl
[1.273s] -- Up-to-date symlink: /home/ghtn10000/robot_ws/install/msg_srv_act_interface_ex/share/msg_srv_act_interface_ex/srv/ArithmeticOperator.idl
[1.273s] -- Up-to-date symlink: /home/ghtn10000/robot_ws/install/msg_srv_act_interface_ex/share/msg_srv_act_interface_ex/action/ArithmeticChecker.idl
[1.273s] -- Up-to-date symlink: /home/ghtn10000/robot_ws/install/msg_srv_act_interface_ex/share/msg_srv_act_interface_ex/msg/ArithmeticArgument.msg
[1.273s] -- Up-to-date symlink: /home/ghtn10000/robot_ws/install/msg_srv_act_interface_ex/share/msg_srv_act_interface_ex/srv/ArithmeticOperator.srv
[1.273s] -- Up-to-date symlink: /home/ghtn10000/robot_ws/install/msg_srv_act_interface_ex/share/msg_srv_act_interface_ex/srv/ArithmeticOperator_Request.msg
[1.275s] -- Up-to-date symlink: /home/ghtn10000/robot_ws/install/msg_srv_act_interface_ex/share/msg_srv_act_interface_ex/srv/ArithmeticOperator_Response.msg
[1.275s] -- Up-to-date symlink: /home/ghtn10000/robot_ws/install/msg_srv_act_interface_ex/share/msg_srv_act_interface_ex/action/ArithmeticChecker.action
[1.275s] -- Up-to-date symlink: /home/ghtn10000/robot_ws/install/msg_srv_act_interface_ex/share/ament_index/resource_index/package_run_dependencies/msg_srv_act_interface_ex
[1.275s] -- Up-to-date symlink: /home/ghtn10000/robot_ws/install/msg_srv_act_interface_ex/share/ament_index/resource_index/parent_prefix_path/msg_srv_act_interface_ex
[1.275s] -- Up-to-date symlink: /home/ghtn10000/robot_ws/install/msg_srv_act_interface_ex/share/msg_srv_act_interface_ex/environment/ament_prefix_path.sh
[1.275s] -- Up-to-date symlink: /home/ghtn10000/robot_ws/install/msg_srv_act_interface_ex/share/msg_srv_act_interface_ex/environment/ament_prefix_path.dsv
[1.277s] -- Up-to-date symlink: /home/ghtn10000/robot_ws/install/msg_srv_act_interface_ex/share/msg_srv_act_interface_ex/environment/path.sh
[1.277s] -- Up-to-date symlink: /home/ghtn10000/robot_ws/install/msg_srv_act_interface_ex/share/msg_srv_act_interface_ex/environment/path.dsv
[1.277s] -- Up-to-date symlink: /home/ghtn10000/robot_ws/install/msg_srv_act_interface_ex/share/msg_srv_act_interface_ex/local_setup.bash
[1.277s] -- Up-to-date symlink: /home/ghtn10000/robot_ws/install/msg_srv_act_interface_ex/share/msg_srv_act_interface_ex/local_setup.sh
[1.278s] -- Up-to-date symlink: /home/ghtn10000/robot_ws/install/msg_srv_act_interface_ex/share/msg_srv_act_interface_ex/local_setup.zsh
[1.278s] -- Up-to-date symlink: /home/ghtn10000/robot_ws/install/msg_srv_act_interface_ex/share/msg_srv_act_interface_ex/local_setup.dsv
[1.278s] -- Symlinking: /home/ghtn10000/robot_ws/install/msg_srv_act_interface_ex/share/msg_srv_act_interface_ex/package.dsv
[1.278s] -- Up-to-date symlink: /home/ghtn10000/robot_ws/install/msg_srv_act_interface_ex/share/ament_index/resource_index/packages/msg_srv_act_interface_ex
[1.278s] -- Up-to-date symlink: /home/ghtn10000/robot_ws/install/msg_srv_act_interface_ex/share/msg_srv_act_interface_ex/cmake/rosidl_cmake-extras.cmake
[1.278s] -- Up-to-date symlink: /home/ghtn10000/robot_ws/install/msg_srv_act_interface_ex/share/msg_srv_act_interface_ex/cmake/ament_cmake_export_dependencies-extras.cmake
[1.278s] -- Up-to-date symlink: /home/ghtn10000/robot_ws/install/msg_srv_act_interface_ex/share/msg_srv_act_interface_ex/cmake/ament_cmake_export_include_directories-extras.cmake
[1.278s] -- Up-to-date symlink: /home/ghtn10000/robot_ws/install/msg_srv_act_interface_ex/share/msg_srv_act_interface_ex/cmake/ament_cmake_export_libraries-extras.cmake
[1.278s] -- Up-to-date symlink: /home/ghtn10000/robot_ws/install/msg_srv_act_interface_ex/share/msg_srv_act_interface_ex/cmake/ament_cmake_export_targets-extras.cmake
[1.278s] -- Up-to-date symlink: /home/ghtn10000/robot_ws/install/msg_srv_act_interface_ex/share/msg_srv_act_interface_ex/cmake/rosidl_cmake_export_typesupport_targets-extras.cmake
[1.279s] -- Up-to-date symlink: /home/ghtn10000/robot_ws/install/msg_srv_act_interface_ex/share/msg_srv_act_interface_ex/cmake/rosidl_cmake_export_typesupport_libraries-extras.cmake
[1.279s] -- Up-to-date symlink: /home/ghtn10000/robot_ws/install/msg_srv_act_interface_ex/share/msg_srv_act_interface_ex/cmake/msg_srv_act_interface_exConfig.cmake
[1.279s] -- Up-to-date symlink: /home/ghtn10000/robot_ws/install/msg_srv_act_interface_ex/share/msg_srv_act_interface_ex/cmake/msg_srv_act_interface_exConfig-version.cmake
[1.279s] -- Up-to-date symlink: /home/ghtn10000/robot_ws/install/msg_srv_act_interface_ex/share/msg_srv_act_interface_ex/package.xml
[1.279s] -- Up-to-date: /home/ghtn10000/robot_ws/install/msg_srv_act_interface_ex/lib/libmsg_srv_act_interface_ex__rosidl_generator_c.so
[1.279s] -- Up-to-date: /home/ghtn10000/robot_ws/install/msg_srv_act_interface_ex/lib/libmsg_srv_act_interface_ex__rosidl_typesupport_fastrtps_c.so
[1.279s] -- Up-to-date: /home/ghtn10000/robot_ws/install/msg_srv_act_interface_ex/lib/libmsg_srv_act_interface_ex__rosidl_typesupport_fastrtps_cpp.so
[1.279s] -- Up-to-date: /home/ghtn10000/robot_ws/install/msg_srv_act_interface_ex/lib/libmsg_srv_act_interface_ex__rosidl_typesupport_introspection_c.so
[1.279s] -- Up-to-date: /home/ghtn10000/robot_ws/install/msg_srv_act_interface_ex/lib/libmsg_srv_act_interface_ex__rosidl_typesupport_c.so
[1.280s] -- Up-to-date: /home/ghtn10000/robot_ws/install/msg_srv_act_interface_ex/lib/libmsg_srv_act_interface_ex__rosidl_typesupport_introspection_cpp.so
[1.280s] -- Up-to-date: /home/ghtn10000/robot_ws/install/msg_srv_act_interface_ex/lib/libmsg_srv_act_interface_ex__rosidl_typesupport_cpp.so
[1.311s] Listing '/home/ghtn10000/robot_ws/install/msg_srv_act_interface_ex/local/lib/python3.10/dist-packages/msg_srv_act_interface_ex'...
[1.311s] Listing '/home/ghtn10000/robot_ws/install/msg_srv_act_interface_ex/local/lib/python3.10/dist-packages/msg_srv_act_interface_ex/action'...
[1.311s] Listing '/home/ghtn10000/robot_ws/install/msg_srv_act_interface_ex/local/lib/python3.10/dist-packages/msg_srv_act_interface_ex/msg'...
[1.311s] Listing '/home/ghtn10000/robot_ws/install/msg_srv_act_interface_ex/local/lib/python3.10/dist-packages/msg_srv_act_interface_ex/srv'...
[1.313s] -- Up-to-date: /home/ghtn10000/robot_ws/install/msg_srv_act_interface_ex/lib/libmsg_srv_act_interface_ex__rosidl_generator_py.so
[1.314s] -- Up-to-date: /home/ghtn10000/robot_ws/install/msg_srv_act_interface_ex/share/msg_srv_act_interface_ex/cmake/export_msg_srv_act_interface_ex__rosidl_generator_cExport.cmake
[1.314s] -- Up-to-date: /home/ghtn10000/robot_ws/install/msg_srv_act_interface_ex/share/msg_srv_act_interface_ex/cmake/export_msg_srv_act_interface_ex__rosidl_generator_cExport-noconfig.cmake
[1.314s] -- Up-to-date: /home/ghtn10000/robot_ws/install/msg_srv_act_interface_ex/share/msg_srv_act_interface_ex/cmake/export_msg_srv_act_interface_ex__rosidl_typesupport_fastrtps_cExport.cmake
[1.314s] -- Up-to-date: /home/ghtn10000/robot_ws/install/msg_srv_act_interface_ex/share/msg_srv_act_interface_ex/cmake/export_msg_srv_act_interface_ex__rosidl_typesupport_fastrtps_cExport-noconfig.cmake
[1.314s] -- Up-to-date: /home/ghtn10000/robot_ws/install/msg_srv_act_interface_ex/share/msg_srv_act_interface_ex/cmake/export_msg_srv_act_interface_ex__rosidl_generator_cppExport.cmake
[1.315s] -- Up-to-date: /home/ghtn10000/robot_ws/install/msg_srv_act_interface_ex/share/msg_srv_act_interface_ex/cmake/export_msg_srv_act_interface_ex__rosidl_typesupport_fastrtps_cppExport.cmake
[1.315s] -- Up-to-date: /home/ghtn10000/robot_ws/install/msg_srv_act_interface_ex/share/msg_srv_act_interface_ex/cmake/export_msg_srv_act_interface_ex__rosidl_typesupport_fastrtps_cppExport-noconfig.cmake
[1.315s] -- Up-to-date: /home/ghtn10000/robot_ws/install/msg_srv_act_interface_ex/share/msg_srv_act_interface_ex/cmake/msg_srv_act_interface_ex__rosidl_typesupport_introspection_cExport.cmake
[1.316s] -- Up-to-date: /home/ghtn10000/robot_ws/install/msg_srv_act_interface_ex/share/msg_srv_act_interface_ex/cmake/msg_srv_act_interface_ex__rosidl_typesupport_introspection_cExport-noconfig.cmake
[1.316s] -- Up-to-date: /home/ghtn10000/robot_ws/install/msg_srv_act_interface_ex/share/msg_srv_act_interface_ex/cmake/msg_srv_act_interface_ex__rosidl_typesupport_cExport.cmake
[1.316s] -- Up-to-date: /home/ghtn10000/robot_ws/install/msg_srv_act_interface_ex/share/msg_srv_act_interface_ex/cmake/msg_srv_act_interface_ex__rosidl_typesupport_cExport-noconfig.cmake
[1.317s] -- Up-to-date: /home/ghtn10000/robot_ws/install/msg_srv_act_interface_ex/share/msg_srv_act_interface_ex/cmake/msg_srv_act_interface_ex__rosidl_typesupport_introspection_cppExport.cmake
[1.317s] -- Up-to-date: /home/ghtn10000/robot_ws/install/msg_srv_act_interface_ex/share/msg_srv_act_interface_ex/cmake/msg_srv_act_interface_ex__rosidl_typesupport_introspection_cppExport-noconfig.cmake
[1.317s] -- Up-to-date: /home/ghtn10000/robot_ws/install/msg_srv_act_interface_ex/share/msg_srv_act_interface_ex/cmake/msg_srv_act_interface_ex__rosidl_typesupport_cppExport.cmake
[1.318s] -- Up-to-date: /home/ghtn10000/robot_ws/install/msg_srv_act_interface_ex/share/msg_srv_act_interface_ex/cmake/msg_srv_act_interface_ex__rosidl_typesupport_cppExport-noconfig.cmake
[1.318s] -- Up-to-date: /home/ghtn10000/robot_ws/install/msg_srv_act_interface_ex/share/msg_srv_act_interface_ex/cmake/export_msg_srv_act_interface_ex__rosidl_generator_pyExport.cmake
[1.319s] -- Up-to-date: /home/ghtn10000/robot_ws/install/msg_srv_act_interface_ex/share/msg_srv_act_interface_ex/cmake/export_msg_srv_act_interface_ex__rosidl_generator_pyExport-noconfig.cmake
[1.322s] Invoked command in '/home/ghtn10000/robot_ws/build/msg_srv_act_interface_ex' returned '0': CMAKE_PREFIX_PATH=${CMAKE_PREFIX_PATH}:/home/ghtn10000/turtlebot3_ws/install/turtlebot3_teleop:/home/ghtn10000/turtlebot3_ws/install/turtlebot3_example:/home/ghtn10000/turtlebot3_ws/install/turtlebot3_dqn:/home/ghtn10000/robot_ws/install/my_turtlesim_mobeturtle_pkg:/home/ghtn10000/robot_ws/install/my_timer_pkg:/home/ghtn10000/robot_ws/install/my_first_ros_rclpy_pkg:/opt/ros/humble /usr/bin/cmake --install /home/ghtn10000/robot_ws/build/msg_srv_act_interface_ex
