[0.375s] Invoking command in '/home/ghtn10000/robot_ws/build/my_second_pkg_msgs': CMAKE_PREFIX_PATH=${CMAKE_PREFIX_PATH}:/home/ghtn10000/turtlebot3_ws/install/turtlebot3_teleop:/home/ghtn10000/turtlebot3_ws/install/turtlebot3_example:/home/ghtn10000/turtlebot3_ws/install/turtlebot3_dqn:/home/ghtn10000/robot_ws/install/my_turtlesim_mobeturtle_pkg:/home/ghtn10000/robot_ws/install/my_timer_pkg:/home/ghtn10000/robot_ws/install/my_first_ros_rclpy_pkg:/opt/ros/humble /usr/bin/cmake --build /home/ghtn10000/robot_ws/build/my_second_pkg_msgs -- -j8 -l8
[0.737s] -- Found ament_cmake: 1.3.11 (/opt/ros/humble/share/ament_cmake/cmake)
[0.737s] -- Override CMake install command with custom implementation using symlinks instead of copying resources
[0.737s] -- Found rosidl_default_generators: 1.2.0 (/opt/ros/humble/share/rosidl_default_generators/cmake)
[0.737s] -- Using all available rosidl_typesupport_c: rosidl_typesupport_fastrtps_c;rosidl_typesupport_introspection_c
[0.738s] -- Found rosidl_adapter: 3.1.6 (/opt/ros/humble/share/rosidl_adapter/cmake)
[0.738s] -- Using all available rosidl_typesupport_cpp: rosidl_typesupport_fastrtps_cpp;rosidl_typesupport_introspection_cpp
[1.020s] -- Found ament_cmake_ros: 0.10.0 (/opt/ros/humble/share/ament_cmake_ros/cmake)
[1.307s] -- Using all available rosidl_typesupport_c: rosidl_typesupport_fastrtps_c;rosidl_typesupport_introspection_c
[1.741s] -- Using all available rosidl_typesupport_cpp: rosidl_typesupport_fastrtps_cpp;rosidl_typesupport_introspection_cpp
[1.780s] -- Found python_cmake_module: 0.10.0 (/opt/ros/humble/share/python_cmake_module/cmake)
[1.817s] -- Using PYTHON_EXECUTABLE: /usr/bin/python3
[1.817s] -- Using PYTHON_INCLUDE_DIRS: /usr/include/python3.10
[1.817s] -- Using PYTHON_LIBRARIES: /usr/lib/x86_64-linux-gnu/libpython3.10.so
[1.855s] -- Found ament_lint_auto: 0.12.12 (/opt/ros/humble/share/ament_lint_auto/cmake)
[1.881s] -- Added test 'lint_cmake' to check CMake code style
[1.884s] -- Added test 'xmllint' to check XML markup files
[1.890s] -- Configuring done
[1.960s] -- Generating done
[1.981s] -- Build files have been written to: /home/ghtn10000/robot_ws/build/my_second_pkg_msgs
[2.022s] [  2%] [34m[1mGenerating C code for ROS interfaces[0m
[2.037s] [  5%] [34m[1mGenerating C++ code for ROS interfaces[0m
[2.070s] [  5%] Built target ament_cmake_python_symlink_my_second_pkg_msgs
[2.615s] running egg_info
[2.617s] writing my_second_pkg_msgs.egg-info/PKG-INFO
[2.617s] writing dependency_links to my_second_pkg_msgs.egg-info/dependency_links.txt
[2.618s] writing top-level names to my_second_pkg_msgs.egg-info/top_level.txt
[2.623s] reading manifest file 'my_second_pkg_msgs.egg-info/SOURCES.txt'
[2.624s] writing manifest file 'my_second_pkg_msgs.egg-info/SOURCES.txt'
[2.669s] [  5%] Built target ament_cmake_python_build_my_second_pkg_msgs_egg
[2.727s] [35m[1mConsolidate compiler generated dependencies of target my_second_pkg_msgs__rosidl_generator_c[0m
[2.738s] [  5%] Built target my_second_pkg_msgs__cpp
[2.743s] [  7%] [32mBuilding C object CMakeFiles/my_second_pkg_msgs__rosidl_generator_c.dir/rosidl_generator_c/my_second_pkg_msgs/msg/detail/cmd_and_pose_vel__functions.c.o[0m
[2.746s] [ 10%] [32mBuilding C object CMakeFiles/my_second_pkg_msgs__rosidl_generator_c.dir/rosidl_generator_c/my_second_pkg_msgs/srv/detail/multi_spawn__functions.c.o[0m
[2.758s] [ 17%] [34m[1mGenerating C++ type support for eProsima Fast-RTPS[0m
[2.758s] [ 17%] [34m[1mGenerating C++ type support dispatch for ROS interfaces[0m
[2.758s] [ 17%] [34m[1mGenerating C++ introspection for ROS interfaces[0m
[2.861s] [ 20%] [32m[1mLinking C shared library libmy_second_pkg_msgs__rosidl_generator_c.so[0m
[2.929s] [ 20%] Built target my_second_pkg_msgs__rosidl_generator_c
[2.949s] [ 23%] [34m[1mGenerating C introspection for ROS interfaces[0m
[2.955s] [ 25%] [34m[1mGenerating C type support for eProsima Fast-RTPS[0m
[2.956s] [ 28%] [34m[1mGenerating C type support dispatch for ROS interfaces[0m
[3.402s] [35m[1mConsolidate compiler generated dependencies of target my_second_pkg_msgs__rosidl_typesupport_cpp[0m
[3.442s] [ 30%] [32mBuilding CXX object CMakeFiles/my_second_pkg_msgs__rosidl_typesupport_cpp.dir/rosidl_typesupport_cpp/my_second_pkg_msgs/srv/multi_spawn__type_support.cpp.o[0m
[3.474s] [ 33%] [32mBuilding CXX object CMakeFiles/my_second_pkg_msgs__rosidl_typesupport_cpp.dir/rosidl_typesupport_cpp/my_second_pkg_msgs/msg/cmd_and_pose_vel__type_support.cpp.o[0m
[3.653s] [35m[1mConsolidate compiler generated dependencies of target my_second_pkg_msgs__rosidl_typesupport_introspection_cpp[0m
[3.711s] [ 35%] [32mBuilding CXX object CMakeFiles/my_second_pkg_msgs__rosidl_typesupport_introspection_cpp.dir/rosidl_typesupport_introspection_cpp/my_second_pkg_msgs/srv/detail/multi_spawn__type_support.cpp.o[0m
[3.727s] [ 38%] [32mBuilding CXX object CMakeFiles/my_second_pkg_msgs__rosidl_typesupport_introspection_cpp.dir/rosidl_typesupport_introspection_cpp/my_second_pkg_msgs/msg/detail/cmd_and_pose_vel__type_support.cpp.o[0m
[3.770s] [35m[1mConsolidate compiler generated dependencies of target my_second_pkg_msgs__rosidl_typesupport_fastrtps_cpp[0m
[3.778s] [35m[1mConsolidate compiler generated dependencies of target my_second_pkg_msgs__rosidl_typesupport_c[0m
[3.819s] [ 41%] [32mBuilding CXX object CMakeFiles/my_second_pkg_msgs__rosidl_typesupport_fastrtps_cpp.dir/rosidl_typesupport_fastrtps_cpp/my_second_pkg_msgs/msg/detail/dds_fastrtps/cmd_and_pose_vel__type_support.cpp.o[0m
[3.823s] [ 43%] [32mBuilding CXX object CMakeFiles/my_second_pkg_msgs__rosidl_typesupport_c.dir/rosidl_typesupport_c/my_second_pkg_msgs/msg/cmd_and_pose_vel__type_support.cpp.o[0m
[3.966s] [ 46%] [32mBuilding CXX object CMakeFiles/my_second_pkg_msgs__rosidl_typesupport_c.dir/rosidl_typesupport_c/my_second_pkg_msgs/srv/multi_spawn__type_support.cpp.o[0m
[4.059s] [35m[1mConsolidate compiler generated dependencies of target my_second_pkg_msgs__rosidl_typesupport_fastrtps_c[0m
[4.110s] [ 48%] [32m[1mLinking CXX shared library libmy_second_pkg_msgs__rosidl_typesupport_c.so[0m
[4.125s] [ 51%] [32mBuilding CXX object CMakeFiles/my_second_pkg_msgs__rosidl_typesupport_fastrtps_c.dir/rosidl_typesupport_fastrtps_c/my_second_pkg_msgs/msg/detail/cmd_and_pose_vel__type_support_c.cpp.o[0m
[4.144s] [ 53%] [32mBuilding CXX object CMakeFiles/my_second_pkg_msgs__rosidl_typesupport_fastrtps_c.dir/rosidl_typesupport_fastrtps_c/my_second_pkg_msgs/srv/detail/multi_spawn__type_support_c.cpp.o[0m
[4.147s] [35m[1mConsolidate compiler generated dependencies of target my_second_pkg_msgs__rosidl_typesupport_introspection_c[0m
[4.201s] [ 56%] [32mBuilding C object CMakeFiles/my_second_pkg_msgs__rosidl_typesupport_introspection_c.dir/rosidl_typesupport_introspection_c/my_second_pkg_msgs/msg/detail/cmd_and_pose_vel__type_support.c.o[0m
[4.235s] [ 56%] Built target my_second_pkg_msgs__rosidl_typesupport_c
[4.266s] [ 58%] [32mBuilding CXX object CMakeFiles/my_second_pkg_msgs__rosidl_typesupport_fastrtps_cpp.dir/rosidl_typesupport_fastrtps_cpp/my_second_pkg_msgs/srv/detail/dds_fastrtps/multi_spawn__type_support.cpp.o[0m
[4.361s] [ 61%] [32mBuilding C object CMakeFiles/my_second_pkg_msgs__rosidl_typesupport_introspection_c.dir/rosidl_typesupport_introspection_c/my_second_pkg_msgs/srv/detail/multi_spawn__type_support.c.o[0m
[4.586s] [ 64%] [32m[1mLinking C shared library libmy_second_pkg_msgs__rosidl_typesupport_introspection_c.so[0m
[4.625s] [ 66%] [32m[1mLinking CXX shared library libmy_second_pkg_msgs__rosidl_typesupport_cpp.so[0m
[4.764s] [ 66%] Built target my_second_pkg_msgs__rosidl_typesupport_introspection_c
[4.765s] [ 66%] Built target my_second_pkg_msgs__rosidl_typesupport_cpp
[5.014s] [ 69%] [32m[1mLinking CXX shared library libmy_second_pkg_msgs__rosidl_typesupport_introspection_cpp.so[0m
[5.158s] [ 71%] [32m[1mLinking CXX shared library libmy_second_pkg_msgs__rosidl_typesupport_fastrtps_c.so[0m
[5.159s] [ 71%] Built target my_second_pkg_msgs__rosidl_typesupport_introspection_cpp
[5.278s] [ 71%] Built target my_second_pkg_msgs__rosidl_typesupport_fastrtps_c
[5.432s] [ 74%] [32m[1mLinking CXX shared library libmy_second_pkg_msgs__rosidl_typesupport_fastrtps_cpp.so[0m
[5.561s] [ 74%] Built target my_second_pkg_msgs__rosidl_typesupport_fastrtps_cpp
[5.590s] [ 74%] Built target my_second_pkg_msgs
[5.616s] [ 76%] [34m[1mGenerating Python code for ROS interfaces[0m
[6.231s] [ 76%] Built target my_second_pkg_msgs__py
[6.244s] [35m[1mConsolidate compiler generated dependencies of target my_second_pkg_msgs__rosidl_generator_py[0m
[6.260s] [ 79%] [32mBuilding C object CMakeFiles/my_second_pkg_msgs__rosidl_generator_py.dir/rosidl_generator_py/my_second_pkg_msgs/msg/_cmd_and_pose_vel_s.c.o[0m
[6.260s] [ 82%] [32mBuilding C object CMakeFiles/my_second_pkg_msgs__rosidl_generator_py.dir/rosidl_generator_py/my_second_pkg_msgs/srv/_multi_spawn_s.c.o[0m
[6.427s] [ 84%] [32m[1mLinking C shared library rosidl_generator_py/my_second_pkg_msgs/libmy_second_pkg_msgs__rosidl_generator_py.so[0m
[6.473s] [ 84%] Built target my_second_pkg_msgs__rosidl_generator_py
[6.486s] [35m[1mConsolidate compiler generated dependencies of target my_second_pkg_msgs__rosidl_typesupport_c__pyext[0m
[6.487s] [35m[1mConsolidate compiler generated dependencies of target my_second_pkg_msgs__rosidl_typesupport_introspection_c__pyext[0m
[6.488s] [35m[1mConsolidate compiler generated dependencies of target my_second_pkg_msgs__rosidl_typesupport_fastrtps_c__pyext[0m
[6.504s] [ 87%] [32mBuilding C object CMakeFiles/my_second_pkg_msgs__rosidl_typesupport_c__pyext.dir/rosidl_generator_py/my_second_pkg_msgs/_my_second_pkg_msgs_s.ep.rosidl_typesupport_c.c.o[0m
[6.506s] [ 89%] [32mBuilding C object CMakeFiles/my_second_pkg_msgs__rosidl_typesupport_fastrtps_c__pyext.dir/rosidl_generator_py/my_second_pkg_msgs/_my_second_pkg_msgs_s.ep.rosidl_typesupport_fastrtps_c.c.o[0m
[6.507s] [ 92%] [32mBuilding C object CMakeFiles/my_second_pkg_msgs__rosidl_typesupport_introspection_c__pyext.dir/rosidl_generator_py/my_second_pkg_msgs/_my_second_pkg_msgs_s.ep.rosidl_typesupport_introspection_c.c.o[0m
[6.628s] [ 94%] [32m[1mLinking C shared library rosidl_generator_py/my_second_pkg_msgs/my_second_pkg_msgs_s__rosidl_typesupport_c.cpython-310-x86_64-linux-gnu.so[0m
[6.637s] [ 97%] [32m[1mLinking C shared library rosidl_generator_py/my_second_pkg_msgs/my_second_pkg_msgs_s__rosidl_typesupport_fastrtps_c.cpython-310-x86_64-linux-gnu.so[0m
[6.684s] [ 97%] Built target my_second_pkg_msgs__rosidl_typesupport_c__pyext
[6.693s] [ 97%] Built target my_second_pkg_msgs__rosidl_typesupport_fastrtps_c__pyext
[6.704s] [100%] [32m[1mLinking C shared library rosidl_generator_py/my_second_pkg_msgs/my_second_pkg_msgs_s__rosidl_typesupport_introspection_c.cpython-310-x86_64-linux-gnu.so[0m
[6.750s] [100%] Built target my_second_pkg_msgs__rosidl_typesupport_introspection_c__pyext
[6.766s] Invoked command in '/home/ghtn10000/robot_ws/build/my_second_pkg_msgs' returned '0': CMAKE_PREFIX_PATH=${CMAKE_PREFIX_PATH}:/home/ghtn10000/turtlebot3_ws/install/turtlebot3_teleop:/home/ghtn10000/turtlebot3_ws/install/turtlebot3_example:/home/ghtn10000/turtlebot3_ws/install/turtlebot3_dqn:/home/ghtn10000/robot_ws/install/my_turtlesim_mobeturtle_pkg:/home/ghtn10000/robot_ws/install/my_timer_pkg:/home/ghtn10000/robot_ws/install/my_first_ros_rclpy_pkg:/opt/ros/humble /usr/bin/cmake --build /home/ghtn10000/robot_ws/build/my_second_pkg_msgs -- -j8 -l8
[6.783s] Invoking command in '/home/ghtn10000/robot_ws/build/my_second_pkg_msgs': CMAKE_PREFIX_PATH=${CMAKE_PREFIX_PATH}:/home/ghtn10000/turtlebot3_ws/install/turtlebot3_teleop:/home/ghtn10000/turtlebot3_ws/install/turtlebot3_example:/home/ghtn10000/turtlebot3_ws/install/turtlebot3_dqn:/home/ghtn10000/robot_ws/install/my_turtlesim_mobeturtle_pkg:/home/ghtn10000/robot_ws/install/my_timer_pkg:/home/ghtn10000/robot_ws/install/my_first_ros_rclpy_pkg:/opt/ros/humble /usr/bin/cmake --install /home/ghtn10000/robot_ws/build/my_second_pkg_msgs
[6.794s] -- Install configuration: ""
[6.794s] -- Execute custom install script
[6.795s] -- Up-to-date symlink: /home/ghtn10000/robot_ws/install/my_second_pkg_msgs/share/ament_index/resource_index/rosidl_interfaces/my_second_pkg_msgs
[6.795s] -- Up-to-date symlink: /home/ghtn10000/robot_ws/install/my_second_pkg_msgs/include/my_second_pkg_msgs/my_second_pkg_msgs/msg/cmd_and_pose_vel.h
[6.796s] -- Up-to-date symlink: /home/ghtn10000/robot_ws/install/my_second_pkg_msgs/include/my_second_pkg_msgs/my_second_pkg_msgs/msg/detail/cmd_and_pose_vel__functions.h
[6.796s] -- Up-to-date symlink: /home/ghtn10000/robot_ws/install/my_second_pkg_msgs/include/my_second_pkg_msgs/my_second_pkg_msgs/msg/detail/cmd_and_pose_vel__struct.h
[6.796s] -- Up-to-date symlink: /home/ghtn10000/robot_ws/install/my_second_pkg_msgs/include/my_second_pkg_msgs/my_second_pkg_msgs/msg/detail/cmd_and_pose_vel__type_support.h
[6.796s] -- Up-to-date symlink: /home/ghtn10000/robot_ws/install/my_second_pkg_msgs/include/my_second_pkg_msgs/my_second_pkg_msgs/msg/rosidl_generator_c__visibility_control.h
[6.796s] -- Symlinking: /home/ghtn10000/robot_ws/install/my_second_pkg_msgs/include/my_second_pkg_msgs/my_second_pkg_msgs/srv/detail/multi_spawn__functions.h
[6.810s] -- Symlinking: /home/ghtn10000/robot_ws/install/my_second_pkg_msgs/include/my_second_pkg_msgs/my_second_pkg_msgs/srv/detail/multi_spawn__struct.h
[6.821s] -- Symlinking: /home/ghtn10000/robot_ws/install/my_second_pkg_msgs/include/my_second_pkg_msgs/my_second_pkg_msgs/srv/detail/multi_spawn__type_support.h
[6.832s] -- Symlinking: /home/ghtn10000/robot_ws/install/my_second_pkg_msgs/include/my_second_pkg_msgs/my_second_pkg_msgs/srv/multi_spawn.h
[6.845s] -- Up-to-date symlink: /home/ghtn10000/robot_ws/install/my_second_pkg_msgs/share/my_second_pkg_msgs/environment/library_path.sh
[6.845s] -- Up-to-date symlink: /home/ghtn10000/robot_ws/install/my_second_pkg_msgs/share/my_second_pkg_msgs/environment/library_path.dsv
[6.846s] -- Up-to-date symlink: /home/ghtn10000/robot_ws/install/my_second_pkg_msgs/include/my_second_pkg_msgs/my_second_pkg_msgs/msg/detail/cmd_and_pose_vel__rosidl_typesupport_fastrtps_c.h
[6.846s] -- Up-to-date symlink: /home/ghtn10000/robot_ws/install/my_second_pkg_msgs/include/my_second_pkg_msgs/my_second_pkg_msgs/msg/rosidl_typesupport_fastrtps_c__visibility_control.h
[6.846s] -- Symlinking: /home/ghtn10000/robot_ws/install/my_second_pkg_msgs/include/my_second_pkg_msgs/my_second_pkg_msgs/srv/detail/multi_spawn__rosidl_typesupport_fastrtps_c.h
[6.861s] -- Up-to-date symlink: /home/ghtn10000/robot_ws/install/my_second_pkg_msgs/include/my_second_pkg_msgs/my_second_pkg_msgs/msg/detail/cmd_and_pose_vel__rosidl_typesupport_introspection_c.h
[6.861s] -- Up-to-date symlink: /home/ghtn10000/robot_ws/install/my_second_pkg_msgs/include/my_second_pkg_msgs/my_second_pkg_msgs/msg/rosidl_typesupport_introspection_c__visibility_control.h
[6.861s] -- Symlinking: /home/ghtn10000/robot_ws/install/my_second_pkg_msgs/include/my_second_pkg_msgs/my_second_pkg_msgs/srv/detail/multi_spawn__rosidl_typesupport_introspection_c.h
[6.876s] -- Up-to-date symlink: /home/ghtn10000/robot_ws/install/my_second_pkg_msgs/include/my_second_pkg_msgs/my_second_pkg_msgs/msg/cmd_and_pose_vel.hpp
[6.876s] -- Up-to-date symlink: /home/ghtn10000/robot_ws/install/my_second_pkg_msgs/include/my_second_pkg_msgs/my_second_pkg_msgs/msg/detail/cmd_and_pose_vel__builder.hpp
[6.876s] -- Up-to-date symlink: /home/ghtn10000/robot_ws/install/my_second_pkg_msgs/include/my_second_pkg_msgs/my_second_pkg_msgs/msg/detail/cmd_and_pose_vel__struct.hpp
[6.876s] -- Up-to-date symlink: /home/ghtn10000/robot_ws/install/my_second_pkg_msgs/include/my_second_pkg_msgs/my_second_pkg_msgs/msg/detail/cmd_and_pose_vel__traits.hpp
[6.877s] -- Up-to-date symlink: /home/ghtn10000/robot_ws/install/my_second_pkg_msgs/include/my_second_pkg_msgs/my_second_pkg_msgs/msg/detail/cmd_and_pose_vel__type_support.hpp
[6.877s] -- Up-to-date symlink: /home/ghtn10000/robot_ws/install/my_second_pkg_msgs/include/my_second_pkg_msgs/my_second_pkg_msgs/msg/rosidl_generator_cpp__visibility_control.hpp
[6.877s] -- Symlinking: /home/ghtn10000/robot_ws/install/my_second_pkg_msgs/include/my_second_pkg_msgs/my_second_pkg_msgs/srv/detail/multi_spawn__builder.hpp
[6.888s] -- Symlinking: /home/ghtn10000/robot_ws/install/my_second_pkg_msgs/include/my_second_pkg_msgs/my_second_pkg_msgs/srv/detail/multi_spawn__struct.hpp
[6.900s] -- Symlinking: /home/ghtn10000/robot_ws/install/my_second_pkg_msgs/include/my_second_pkg_msgs/my_second_pkg_msgs/srv/detail/multi_spawn__traits.hpp
[6.914s] -- Symlinking: /home/ghtn10000/robot_ws/install/my_second_pkg_msgs/include/my_second_pkg_msgs/my_second_pkg_msgs/srv/detail/multi_spawn__type_support.hpp
[6.925s] -- Symlinking: /home/ghtn10000/robot_ws/install/my_second_pkg_msgs/include/my_second_pkg_msgs/my_second_pkg_msgs/srv/multi_spawn.hpp
[6.936s] -- Up-to-date symlink: /home/ghtn10000/robot_ws/install/my_second_pkg_msgs/include/my_second_pkg_msgs/my_second_pkg_msgs/msg/detail/cmd_and_pose_vel__rosidl_typesupport_fastrtps_cpp.hpp
[6.937s] -- Up-to-date symlink: /home/ghtn10000/robot_ws/install/my_second_pkg_msgs/include/my_second_pkg_msgs/my_second_pkg_msgs/msg/rosidl_typesupport_fastrtps_cpp__visibility_control.h
[6.937s] -- Symlinking: /home/ghtn10000/robot_ws/install/my_second_pkg_msgs/include/my_second_pkg_msgs/my_second_pkg_msgs/srv/detail/multi_spawn__rosidl_typesupport_fastrtps_cpp.hpp
[6.951s] -- Up-to-date symlink: /home/ghtn10000/robot_ws/install/my_second_pkg_msgs/include/my_second_pkg_msgs/my_second_pkg_msgs/msg/detail/cmd_and_pose_vel__rosidl_typesupport_introspection_cpp.hpp
[6.951s] -- Symlinking: /home/ghtn10000/robot_ws/install/my_second_pkg_msgs/include/my_second_pkg_msgs/my_second_pkg_msgs/srv/detail/multi_spawn__rosidl_typesupport_introspection_cpp.hpp
[6.965s] -- Up-to-date symlink: /home/ghtn10000/robot_ws/install/my_second_pkg_msgs/share/my_second_pkg_msgs/environment/pythonpath.sh
[6.965s] -- Up-to-date symlink: /home/ghtn10000/robot_ws/install/my_second_pkg_msgs/share/my_second_pkg_msgs/environment/pythonpath.dsv
[6.966s] -- Up-to-date symlink: /home/ghtn10000/robot_ws/install/my_second_pkg_msgs/local/lib/python3.10/dist-packages/my_second_pkg_msgs-0.0.0-py3.10.egg-info/PKG-INFO
[6.966s] -- Up-to-date symlink: /home/ghtn10000/robot_ws/install/my_second_pkg_msgs/local/lib/python3.10/dist-packages/my_second_pkg_msgs-0.0.0-py3.10.egg-info/SOURCES.txt
[6.966s] -- Up-to-date symlink: /home/ghtn10000/robot_ws/install/my_second_pkg_msgs/local/lib/python3.10/dist-packages/my_second_pkg_msgs-0.0.0-py3.10.egg-info/dependency_links.txt
[6.967s] -- Up-to-date symlink: /home/ghtn10000/robot_ws/install/my_second_pkg_msgs/local/lib/python3.10/dist-packages/my_second_pkg_msgs-0.0.0-py3.10.egg-info/top_level.txt
[6.968s] -- Up-to-date symlink: /home/ghtn10000/robot_ws/install/my_second_pkg_msgs/local/lib/python3.10/dist-packages/my_second_pkg_msgs/__init__.py
[6.968s] -- Up-to-date symlink: /home/ghtn10000/robot_ws/install/my_second_pkg_msgs/local/lib/python3.10/dist-packages/my_second_pkg_msgs/_my_second_pkg_msgs_s.ep.rosidl_typesupport_c.c
[6.968s] -- Up-to-date symlink: /home/ghtn10000/robot_ws/install/my_second_pkg_msgs/local/lib/python3.10/dist-packages/my_second_pkg_msgs/_my_second_pkg_msgs_s.ep.rosidl_typesupport_fastrtps_c.c
[6.968s] -- Up-to-date symlink: /home/ghtn10000/robot_ws/install/my_second_pkg_msgs/local/lib/python3.10/dist-packages/my_second_pkg_msgs/_my_second_pkg_msgs_s.ep.rosidl_typesupport_introspection_c.c
[6.968s] -- Up-to-date symlink: /home/ghtn10000/robot_ws/install/my_second_pkg_msgs/local/lib/python3.10/dist-packages/my_second_pkg_msgs/libmy_second_pkg_msgs__rosidl_generator_py.so
[6.968s] -- Up-to-date symlink: /home/ghtn10000/robot_ws/install/my_second_pkg_msgs/local/lib/python3.10/dist-packages/my_second_pkg_msgs/msg/__init__.py
[6.969s] -- Up-to-date symlink: /home/ghtn10000/robot_ws/install/my_second_pkg_msgs/local/lib/python3.10/dist-packages/my_second_pkg_msgs/msg/_cmd_and_pose_vel.py
[6.969s] -- Up-to-date symlink: /home/ghtn10000/robot_ws/install/my_second_pkg_msgs/local/lib/python3.10/dist-packages/my_second_pkg_msgs/msg/_cmd_and_pose_vel_s.c
[6.969s] -- Up-to-date symlink: /home/ghtn10000/robot_ws/install/my_second_pkg_msgs/local/lib/python3.10/dist-packages/my_second_pkg_msgs/my_second_pkg_msgs_s__rosidl_typesupport_c.cpython-310-x86_64-linux-gnu.so
[6.969s] -- Up-to-date symlink: /home/ghtn10000/robot_ws/install/my_second_pkg_msgs/local/lib/python3.10/dist-packages/my_second_pkg_msgs/my_second_pkg_msgs_s__rosidl_typesupport_fastrtps_c.cpython-310-x86_64-linux-gnu.so
[6.969s] -- Up-to-date symlink: /home/ghtn10000/robot_ws/install/my_second_pkg_msgs/local/lib/python3.10/dist-packages/my_second_pkg_msgs/my_second_pkg_msgs_s__rosidl_typesupport_introspection_c.cpython-310-x86_64-linux-gnu.so
[6.969s] -- Symlinking: /home/ghtn10000/robot_ws/install/my_second_pkg_msgs/local/lib/python3.10/dist-packages/my_second_pkg_msgs/srv/__init__.py
[6.985s] -- Symlinking: /home/ghtn10000/robot_ws/install/my_second_pkg_msgs/local/lib/python3.10/dist-packages/my_second_pkg_msgs/srv/_multi_spawn.py
[6.998s] -- Symlinking: /home/ghtn10000/robot_ws/install/my_second_pkg_msgs/local/lib/python3.10/dist-packages/my_second_pkg_msgs/srv/_multi_spawn_s.c
[7.014s] -- Up-to-date symlink: /home/ghtn10000/robot_ws/install/my_second_pkg_msgs/local/lib/python3.10/dist-packages/my_second_pkg_msgs/my_second_pkg_msgs_s__rosidl_typesupport_fastrtps_c.cpython-310-x86_64-linux-gnu.so
[7.014s] -- Up-to-date symlink: /home/ghtn10000/robot_ws/install/my_second_pkg_msgs/local/lib/python3.10/dist-packages/my_second_pkg_msgs/my_second_pkg_msgs_s__rosidl_typesupport_introspection_c.cpython-310-x86_64-linux-gnu.so
[7.015s] -- Up-to-date symlink: /home/ghtn10000/robot_ws/install/my_second_pkg_msgs/local/lib/python3.10/dist-packages/my_second_pkg_msgs/my_second_pkg_msgs_s__rosidl_typesupport_c.cpython-310-x86_64-linux-gnu.so
[7.015s] -- Up-to-date symlink: /home/ghtn10000/robot_ws/install/my_second_pkg_msgs/share/my_second_pkg_msgs/msg/CmdAndPoseVel.idl
[7.015s] -- Symlinking: /home/ghtn10000/robot_ws/install/my_second_pkg_msgs/share/my_second_pkg_msgs/srv/MultiSpawn.idl
[7.032s] -- Up-to-date symlink: /home/ghtn10000/robot_ws/install/my_second_pkg_msgs/share/my_second_pkg_msgs/msg/CmdAndPoseVel.msg
[7.032s] -- Symlinking: /home/ghtn10000/robot_ws/install/my_second_pkg_msgs/share/my_second_pkg_msgs/srv/MultiSpawn.srv
[7.045s] -- Symlinking: /home/ghtn10000/robot_ws/install/my_second_pkg_msgs/share/my_second_pkg_msgs/srv/MultiSpawn_Request.msg
[7.061s] -- Symlinking: /home/ghtn10000/robot_ws/install/my_second_pkg_msgs/share/my_second_pkg_msgs/srv/MultiSpawn_Response.msg
[7.072s] -- Up-to-date symlink: /home/ghtn10000/robot_ws/install/my_second_pkg_msgs/share/ament_index/resource_index/package_run_dependencies/my_second_pkg_msgs
[7.073s] -- Up-to-date symlink: /home/ghtn10000/robot_ws/install/my_second_pkg_msgs/share/ament_index/resource_index/parent_prefix_path/my_second_pkg_msgs
[7.073s] -- Up-to-date symlink: /home/ghtn10000/robot_ws/install/my_second_pkg_msgs/share/my_second_pkg_msgs/environment/ament_prefix_path.sh
[7.073s] -- Up-to-date symlink: /home/ghtn10000/robot_ws/install/my_second_pkg_msgs/share/my_second_pkg_msgs/environment/ament_prefix_path.dsv
[7.073s] -- Up-to-date symlink: /home/ghtn10000/robot_ws/install/my_second_pkg_msgs/share/my_second_pkg_msgs/environment/path.sh
[7.073s] -- Up-to-date symlink: /home/ghtn10000/robot_ws/install/my_second_pkg_msgs/share/my_second_pkg_msgs/environment/path.dsv
[7.073s] -- Up-to-date symlink: /home/ghtn10000/robot_ws/install/my_second_pkg_msgs/share/my_second_pkg_msgs/local_setup.bash
[7.074s] -- Up-to-date symlink: /home/ghtn10000/robot_ws/install/my_second_pkg_msgs/share/my_second_pkg_msgs/local_setup.sh
[7.074s] -- Up-to-date symlink: /home/ghtn10000/robot_ws/install/my_second_pkg_msgs/share/my_second_pkg_msgs/local_setup.zsh
[7.074s] -- Up-to-date symlink: /home/ghtn10000/robot_ws/install/my_second_pkg_msgs/share/my_second_pkg_msgs/local_setup.dsv
[7.074s] -- Symlinking: /home/ghtn10000/robot_ws/install/my_second_pkg_msgs/share/my_second_pkg_msgs/package.dsv
[7.086s] -- Up-to-date symlink: /home/ghtn10000/robot_ws/install/my_second_pkg_msgs/share/ament_index/resource_index/packages/my_second_pkg_msgs
[7.086s] -- Up-to-date symlink: /home/ghtn10000/robot_ws/install/my_second_pkg_msgs/share/my_second_pkg_msgs/cmake/rosidl_cmake-extras.cmake
[7.087s] -- Up-to-date symlink: /home/ghtn10000/robot_ws/install/my_second_pkg_msgs/share/my_second_pkg_msgs/cmake/ament_cmake_export_include_directories-extras.cmake
[7.087s] -- Up-to-date symlink: /home/ghtn10000/robot_ws/install/my_second_pkg_msgs/share/my_second_pkg_msgs/cmake/ament_cmake_export_libraries-extras.cmake
[7.087s] -- Up-to-date symlink: /home/ghtn10000/robot_ws/install/my_second_pkg_msgs/share/my_second_pkg_msgs/cmake/ament_cmake_export_targets-extras.cmake
[7.087s] -- Up-to-date symlink: /home/ghtn10000/robot_ws/install/my_second_pkg_msgs/share/my_second_pkg_msgs/cmake/rosidl_cmake_export_typesupport_targets-extras.cmake
[7.088s] -- Up-to-date symlink: /home/ghtn10000/robot_ws/install/my_second_pkg_msgs/share/my_second_pkg_msgs/cmake/ament_cmake_export_dependencies-extras.cmake
[7.088s] -- Up-to-date symlink: /home/ghtn10000/robot_ws/install/my_second_pkg_msgs/share/my_second_pkg_msgs/cmake/rosidl_cmake_export_typesupport_libraries-extras.cmake
[7.088s] -- Up-to-date symlink: /home/ghtn10000/robot_ws/install/my_second_pkg_msgs/share/my_second_pkg_msgs/cmake/my_second_pkg_msgsConfig.cmake
[7.088s] -- Up-to-date symlink: /home/ghtn10000/robot_ws/install/my_second_pkg_msgs/share/my_second_pkg_msgs/cmake/my_second_pkg_msgsConfig-version.cmake
[7.088s] -- Up-to-date symlink: /home/ghtn10000/robot_ws/install/my_second_pkg_msgs/share/my_second_pkg_msgs/package.xml
[7.089s] -- Installing: /home/ghtn10000/robot_ws/install/my_second_pkg_msgs/lib/libmy_second_pkg_msgs__rosidl_generator_c.so
[7.090s] -- Set runtime path of "/home/ghtn10000/robot_ws/install/my_second_pkg_msgs/lib/libmy_second_pkg_msgs__rosidl_generator_c.so" to ""
[7.091s] -- Installing: /home/ghtn10000/robot_ws/install/my_second_pkg_msgs/lib/libmy_second_pkg_msgs__rosidl_typesupport_fastrtps_c.so
[7.091s] -- Set runtime path of "/home/ghtn10000/robot_ws/install/my_second_pkg_msgs/lib/libmy_second_pkg_msgs__rosidl_typesupport_fastrtps_c.so" to ""
[7.092s] -- Installing: /home/ghtn10000/robot_ws/install/my_second_pkg_msgs/lib/libmy_second_pkg_msgs__rosidl_typesupport_introspection_c.so
[7.095s] -- Set runtime path of "/home/ghtn10000/robot_ws/install/my_second_pkg_msgs/lib/libmy_second_pkg_msgs__rosidl_typesupport_introspection_c.so" to ""
[7.095s] -- Installing: /home/ghtn10000/robot_ws/install/my_second_pkg_msgs/lib/libmy_second_pkg_msgs__rosidl_typesupport_c.so
[7.095s] -- Set runtime path of "/home/ghtn10000/robot_ws/install/my_second_pkg_msgs/lib/libmy_second_pkg_msgs__rosidl_typesupport_c.so" to ""
[7.095s] -- Installing: /home/ghtn10000/robot_ws/install/my_second_pkg_msgs/lib/libmy_second_pkg_msgs__rosidl_typesupport_fastrtps_cpp.so
[7.095s] -- Set runtime path of "/home/ghtn10000/robot_ws/install/my_second_pkg_msgs/lib/libmy_second_pkg_msgs__rosidl_typesupport_fastrtps_cpp.so" to ""
[7.097s] -- Installing: /home/ghtn10000/robot_ws/install/my_second_pkg_msgs/lib/libmy_second_pkg_msgs__rosidl_typesupport_introspection_cpp.so
[7.097s] -- Set runtime path of "/home/ghtn10000/robot_ws/install/my_second_pkg_msgs/lib/libmy_second_pkg_msgs__rosidl_typesupport_introspection_cpp.so" to ""
[7.100s] -- Installing: /home/ghtn10000/robot_ws/install/my_second_pkg_msgs/lib/libmy_second_pkg_msgs__rosidl_typesupport_cpp.so
[7.100s] -- Set runtime path of "/home/ghtn10000/robot_ws/install/my_second_pkg_msgs/lib/libmy_second_pkg_msgs__rosidl_typesupport_cpp.so" to ""
[7.171s] Listing '/home/ghtn10000/robot_ws/install/my_second_pkg_msgs/local/lib/python3.10/dist-packages/my_second_pkg_msgs'...
[7.171s] Compiling '/home/ghtn10000/robot_ws/install/my_second_pkg_msgs/local/lib/python3.10/dist-packages/my_second_pkg_msgs/__init__.py'...
[7.171s] Listing '/home/ghtn10000/robot_ws/install/my_second_pkg_msgs/local/lib/python3.10/dist-packages/my_second_pkg_msgs/msg'...
[7.172s] Compiling '/home/ghtn10000/robot_ws/install/my_second_pkg_msgs/local/lib/python3.10/dist-packages/my_second_pkg_msgs/msg/__init__.py'...
[7.172s] Compiling '/home/ghtn10000/robot_ws/install/my_second_pkg_msgs/local/lib/python3.10/dist-packages/my_second_pkg_msgs/msg/_cmd_and_pose_vel.py'...
[7.172s] Listing '/home/ghtn10000/robot_ws/install/my_second_pkg_msgs/local/lib/python3.10/dist-packages/my_second_pkg_msgs/srv'...
[7.172s] Compiling '/home/ghtn10000/robot_ws/install/my_second_pkg_msgs/local/lib/python3.10/dist-packages/my_second_pkg_msgs/srv/__init__.py'...
[7.172s] Compiling '/home/ghtn10000/robot_ws/install/my_second_pkg_msgs/local/lib/python3.10/dist-packages/my_second_pkg_msgs/srv/_multi_spawn.py'...
[7.179s] -- Installing: /home/ghtn10000/robot_ws/install/my_second_pkg_msgs/lib/libmy_second_pkg_msgs__rosidl_generator_py.so
[7.180s] -- Set runtime path of "/home/ghtn10000/robot_ws/install/my_second_pkg_msgs/lib/libmy_second_pkg_msgs__rosidl_generator_py.so" to ""
[7.180s] -- Up-to-date: /home/ghtn10000/robot_ws/install/my_second_pkg_msgs/share/my_second_pkg_msgs/cmake/export_my_second_pkg_msgs__rosidl_generator_cExport.cmake
[7.180s] -- Up-to-date: /home/ghtn10000/robot_ws/install/my_second_pkg_msgs/share/my_second_pkg_msgs/cmake/export_my_second_pkg_msgs__rosidl_generator_cExport-noconfig.cmake
[7.180s] -- Up-to-date: /home/ghtn10000/robot_ws/install/my_second_pkg_msgs/share/my_second_pkg_msgs/cmake/export_my_second_pkg_msgs__rosidl_typesupport_fastrtps_cExport.cmake
[7.181s] -- Up-to-date: /home/ghtn10000/robot_ws/install/my_second_pkg_msgs/share/my_second_pkg_msgs/cmake/export_my_second_pkg_msgs__rosidl_typesupport_fastrtps_cExport-noconfig.cmake
[7.181s] -- Up-to-date: /home/ghtn10000/robot_ws/install/my_second_pkg_msgs/share/my_second_pkg_msgs/cmake/my_second_pkg_msgs__rosidl_typesupport_introspection_cExport.cmake
[7.181s] -- Up-to-date: /home/ghtn10000/robot_ws/install/my_second_pkg_msgs/share/my_second_pkg_msgs/cmake/my_second_pkg_msgs__rosidl_typesupport_introspection_cExport-noconfig.cmake
[7.181s] -- Up-to-date: /home/ghtn10000/robot_ws/install/my_second_pkg_msgs/share/my_second_pkg_msgs/cmake/my_second_pkg_msgs__rosidl_typesupport_cExport.cmake
[7.181s] -- Up-to-date: /home/ghtn10000/robot_ws/install/my_second_pkg_msgs/share/my_second_pkg_msgs/cmake/my_second_pkg_msgs__rosidl_typesupport_cExport-noconfig.cmake
[7.181s] -- Up-to-date: /home/ghtn10000/robot_ws/install/my_second_pkg_msgs/share/my_second_pkg_msgs/cmake/export_my_second_pkg_msgs__rosidl_generator_cppExport.cmake
[7.182s] -- Up-to-date: /home/ghtn10000/robot_ws/install/my_second_pkg_msgs/share/my_second_pkg_msgs/cmake/export_my_second_pkg_msgs__rosidl_typesupport_fastrtps_cppExport.cmake
[7.182s] -- Up-to-date: /home/ghtn10000/robot_ws/install/my_second_pkg_msgs/share/my_second_pkg_msgs/cmake/export_my_second_pkg_msgs__rosidl_typesupport_fastrtps_cppExport-noconfig.cmake
[7.182s] -- Up-to-date: /home/ghtn10000/robot_ws/install/my_second_pkg_msgs/share/my_second_pkg_msgs/cmake/my_second_pkg_msgs__rosidl_typesupport_introspection_cppExport.cmake
[7.182s] -- Up-to-date: /home/ghtn10000/robot_ws/install/my_second_pkg_msgs/share/my_second_pkg_msgs/cmake/my_second_pkg_msgs__rosidl_typesupport_introspection_cppExport-noconfig.cmake
[7.182s] -- Up-to-date: /home/ghtn10000/robot_ws/install/my_second_pkg_msgs/share/my_second_pkg_msgs/cmake/my_second_pkg_msgs__rosidl_typesupport_cppExport.cmake
[7.182s] -- Up-to-date: /home/ghtn10000/robot_ws/install/my_second_pkg_msgs/share/my_second_pkg_msgs/cmake/my_second_pkg_msgs__rosidl_typesupport_cppExport-noconfig.cmake
[7.182s] -- Up-to-date: /home/ghtn10000/robot_ws/install/my_second_pkg_msgs/share/my_second_pkg_msgs/cmake/export_my_second_pkg_msgs__rosidl_generator_pyExport.cmake
[7.183s] -- Up-to-date: /home/ghtn10000/robot_ws/install/my_second_pkg_msgs/share/my_second_pkg_msgs/cmake/export_my_second_pkg_msgs__rosidl_generator_pyExport-noconfig.cmake
[7.186s] Invoked command in '/home/ghtn10000/robot_ws/build/my_second_pkg_msgs' returned '0': CMAKE_PREFIX_PATH=${CMAKE_PREFIX_PATH}:/home/ghtn10000/turtlebot3_ws/install/turtlebot3_teleop:/home/ghtn10000/turtlebot3_ws/install/turtlebot3_example:/home/ghtn10000/turtlebot3_ws/install/turtlebot3_dqn:/home/ghtn10000/robot_ws/install/my_turtlesim_mobeturtle_pkg:/home/ghtn10000/robot_ws/install/my_timer_pkg:/home/ghtn10000/robot_ws/install/my_first_ros_rclpy_pkg:/opt/ros/humble /usr/bin/cmake --install /home/ghtn10000/robot_ws/build/my_second_pkg_msgs
