[0.063s] Invoking command in '/home/ghtn10000/robot_ws/build/msg_srv_act_interface_ex': CMAKE_PREFIX_PATH=${CMAKE_PREFIX_PATH}:/home/ghtn10000/turtlebot3_ws/install/turtlebot3_teleop:/home/ghtn10000/turtlebot3_ws/install/turtlebot3_example:/home/ghtn10000/turtlebot3_ws/install/turtlebot3_dqn:/home/ghtn10000/robot_ws/install/topic_srv_act_rclpy_ex:/home/ghtn10000/robot_ws/install/my_turtlesim_mobeturtle_pkg:/home/ghtn10000/robot_ws/install/my_turtlebot_pkg:/home/ghtn10000/robot_ws/install/my_timer_pkg:/home/ghtn10000/robot_ws/install/my_first_ros_rclpy_pkg:/opt/ros/humble /usr/bin/cmake --build /home/ghtn10000/robot_ws/build/msg_srv_act_interface_ex -- -j8 -l8
[1.275s] [  2%] Built target msg_srv_act_interface_ex__cpp
[1.275s] [ 12%] Built target msg_srv_act_interface_ex__rosidl_generator_c
[1.275s] [ 12%] Built target ament_cmake_python_symlink_msg_srv_act_interface_ex
[1.275s] [ 23%] Built target msg_srv_act_interface_ex__rosidl_typesupport_fastrtps_c
[1.275s] [ 34%] Built target msg_srv_act_interface_ex__rosidl_typesupport_introspection_cpp
[1.275s] [ 51%] Built target msg_srv_act_interface_ex__rosidl_typesupport_fastrtps_cpp
[1.275s] [ 55%] Built target msg_srv_act_interface_ex__rosidl_typesupport_cpp
[1.276s] [ 65%] Built target msg_srv_act_interface_ex__rosidl_typesupport_c
[1.276s] [ 76%] Built target msg_srv_act_interface_ex__rosidl_typesupport_introspection_c
[1.276s] [ 76%] Built target msg_srv_act_interface_ex
[1.276s] [ 78%] Built target msg_srv_act_interface_ex__py
[1.276s] [ 87%] Built target msg_srv_act_interface_ex__rosidl_generator_py
[1.276s] [ 91%] Built target msg_srv_act_interface_ex__rosidl_typesupport_introspection_c__pyext
[1.276s] [ 95%] Built target msg_srv_act_interface_ex__rosidl_typesupport_fastrtps_c__pyext
[1.276s] [100%] Built target msg_srv_act_interface_ex__rosidl_typesupport_c__pyext
[1.276s] running egg_info
[1.276s] writing msg_srv_act_interface_ex.egg-info/PKG-INFO
[1.276s] writing dependency_links to msg_srv_act_interface_ex.egg-info/dependency_links.txt
[1.276s] writing top-level names to msg_srv_act_interface_ex.egg-info/top_level.txt
[1.276s] reading manifest file 'msg_srv_act_interface_ex.egg-info/SOURCES.txt'
[1.276s] writing manifest file 'msg_srv_act_interface_ex.egg-info/SOURCES.txt'
[1.276s] [100%] Built target ament_cmake_python_build_msg_srv_act_interface_ex_egg
[1.489s] Invoked command in '/home/ghtn10000/robot_ws/build/msg_srv_act_interface_ex' returned '0': CMAKE_PREFIX_PATH=${CMAKE_PREFIX_PATH}:/home/ghtn10000/turtlebot3_ws/install/turtlebot3_teleop:/home/ghtn10000/turtlebot3_ws/install/turtlebot3_example:/home/ghtn10000/turtlebot3_ws/install/turtlebot3_dqn:/home/ghtn10000/robot_ws/install/topic_srv_act_rclpy_ex:/home/ghtn10000/robot_ws/install/my_turtlesim_mobeturtle_pkg:/home/ghtn10000/robot_ws/install/my_turtlebot_pkg:/home/ghtn10000/robot_ws/install/my_timer_pkg:/home/ghtn10000/robot_ws/install/my_first_ros_rclpy_pkg:/opt/ros/humble /usr/bin/cmake --build /home/ghtn10000/robot_ws/build/msg_srv_act_interface_ex -- -j8 -l8
[1.498s] Invoking command in '/home/ghtn10000/robot_ws/build/msg_srv_act_interface_ex': CMAKE_PREFIX_PATH=${CMAKE_PREFIX_PATH}:/home/ghtn10000/turtlebot3_ws/install/turtlebot3_teleop:/home/ghtn10000/turtlebot3_ws/install/turtlebot3_example:/home/ghtn10000/turtlebot3_ws/install/turtlebot3_dqn:/home/ghtn10000/robot_ws/install/topic_srv_act_rclpy_ex:/home/ghtn10000/robot_ws/install/my_turtlesim_mobeturtle_pkg:/home/ghtn10000/robot_ws/install/my_turtlebot_pkg:/home/ghtn10000/robot_ws/install/my_timer_pkg:/home/ghtn10000/robot_ws/install/my_first_ros_rclpy_pkg:/opt/ros/humble /usr/bin/cmake --install /home/ghtn10000/robot_ws/build/msg_srv_act_interface_ex
[1.506s] -- Install configuration: ""
[1.507s] -- Execute custom install script
[1.508s] -- Up-to-date symlink: /home/ghtn10000/robot_ws/install/msg_srv_act_interface_ex/share/ament_index/resource_index/rosidl_interfaces/msg_srv_act_interface_ex
[1.510s] -- Up-to-date symlink: /home/ghtn10000/robot_ws/install/msg_srv_act_interface_ex/include/msg_srv_act_interface_ex/msg_srv_act_interface_ex/action/arithmetic_checker.h
[1.511s] -- Up-to-date symlink: /home/ghtn10000/robot_ws/install/msg_srv_act_interface_ex/include/msg_srv_act_interface_ex/msg_srv_act_interface_ex/action/detail/arithmetic_checker__functions.h
[1.512s] -- Up-to-date symlink: /home/ghtn10000/robot_ws/install/msg_srv_act_interface_ex/include/msg_srv_act_interface_ex/msg_srv_act_interface_ex/action/detail/arithmetic_checker__struct.h
[1.519s] -- Up-to-date symlink: /home/ghtn10000/robot_ws/install/msg_srv_act_interface_ex/include/msg_srv_act_interface_ex/msg_srv_act_interface_ex/action/detail/arithmetic_checker__type_support.h
[1.519s] -- Up-to-date symlink: /home/ghtn10000/robot_ws/install/msg_srv_act_interface_ex/include/msg_srv_act_interface_ex/msg_srv_act_interface_ex/msg/arithmetic_argument.h
[1.519s] -- Up-to-date symlink: /home/ghtn10000/robot_ws/install/msg_srv_act_interface_ex/include/msg_srv_act_interface_ex/msg_srv_act_interface_ex/msg/detail/arithmetic_argument__functions.h
[1.519s] -- Up-to-date symlink: /home/ghtn10000/robot_ws/install/msg_srv_act_interface_ex/include/msg_srv_act_interface_ex/msg_srv_act_interface_ex/msg/detail/arithmetic_argument__struct.h
[1.519s] -- Up-to-date symlink: /home/ghtn10000/robot_ws/install/msg_srv_act_interface_ex/include/msg_srv_act_interface_ex/msg_srv_act_interface_ex/msg/detail/arithmetic_argument__type_support.h
[1.519s] -- Up-to-date symlink: /home/ghtn10000/robot_ws/install/msg_srv_act_interface_ex/include/msg_srv_act_interface_ex/msg_srv_act_interface_ex/msg/rosidl_generator_c__visibility_control.h
[1.520s] -- Up-to-date symlink: /home/ghtn10000/robot_ws/install/msg_srv_act_interface_ex/include/msg_srv_act_interface_ex/msg_srv_act_interface_ex/srv/arithmetic_operator.h
[1.520s] -- Up-to-date symlink: /home/ghtn10000/robot_ws/install/msg_srv_act_interface_ex/include/msg_srv_act_interface_ex/msg_srv_act_interface_ex/srv/detail/arithmetic_operator__functions.h
[1.520s] -- Up-to-date symlink: /home/ghtn10000/robot_ws/install/msg_srv_act_interface_ex/include/msg_srv_act_interface_ex/msg_srv_act_interface_ex/srv/detail/arithmetic_operator__struct.h
[1.520s] -- Up-to-date symlink: /home/ghtn10000/robot_ws/install/msg_srv_act_interface_ex/include/msg_srv_act_interface_ex/msg_srv_act_interface_ex/srv/detail/arithmetic_operator__type_support.h
[1.520s] -- Up-to-date symlink: /home/ghtn10000/robot_ws/install/msg_srv_act_interface_ex/share/msg_srv_act_interface_ex/environment/library_path.sh
[1.520s] -- Up-to-date symlink: /home/ghtn10000/robot_ws/install/msg_srv_act_interface_ex/share/msg_srv_act_interface_ex/environment/library_path.dsv
[1.520s] -- Up-to-date symlink: /home/ghtn10000/robot_ws/install/msg_srv_act_interface_ex/include/msg_srv_act_interface_ex/msg_srv_act_interface_ex/action/detail/arithmetic_checker__rosidl_typesupport_fastrtps_c.h
[1.520s] -- Up-to-date symlink: /home/ghtn10000/robot_ws/install/msg_srv_act_interface_ex/include/msg_srv_act_interface_ex/msg_srv_act_interface_ex/msg/detail/arithmetic_argument__rosidl_typesupport_fastrtps_c.h
[1.520s] -- Up-to-date symlink: /home/ghtn10000/robot_ws/install/msg_srv_act_interface_ex/include/msg_srv_act_interface_ex/msg_srv_act_interface_ex/msg/rosidl_typesupport_fastrtps_c__visibility_control.h
[1.520s] -- Up-to-date symlink: /home/ghtn10000/robot_ws/install/msg_srv_act_interface_ex/include/msg_srv_act_interface_ex/msg_srv_act_interface_ex/srv/detail/arithmetic_operator__rosidl_typesupport_fastrtps_c.h
[1.520s] -- Up-to-date symlink: /home/ghtn10000/robot_ws/install/msg_srv_act_interface_ex/include/msg_srv_act_interface_ex/msg_srv_act_interface_ex/action/arithmetic_checker.hpp
[1.521s] -- Up-to-date symlink: /home/ghtn10000/robot_ws/install/msg_srv_act_interface_ex/include/msg_srv_act_interface_ex/msg_srv_act_interface_ex/action/detail/arithmetic_checker__builder.hpp
[1.522s] -- Up-to-date symlink: /home/ghtn10000/robot_ws/install/msg_srv_act_interface_ex/include/msg_srv_act_interface_ex/msg_srv_act_interface_ex/action/detail/arithmetic_checker__struct.hpp
[1.522s] -- Up-to-date symlink: /home/ghtn10000/robot_ws/install/msg_srv_act_interface_ex/include/msg_srv_act_interface_ex/msg_srv_act_interface_ex/action/detail/arithmetic_checker__traits.hpp
[1.522s] -- Up-to-date symlink: /home/ghtn10000/robot_ws/install/msg_srv_act_interface_ex/include/msg_srv_act_interface_ex/msg_srv_act_interface_ex/action/detail/arithmetic_checker__type_support.hpp
[1.523s] -- Up-to-date symlink: /home/ghtn10000/robot_ws/install/msg_srv_act_interface_ex/include/msg_srv_act_interface_ex/msg_srv_act_interface_ex/msg/arithmetic_argument.hpp
[1.523s] -- Up-to-date symlink: /home/ghtn10000/robot_ws/install/msg_srv_act_interface_ex/include/msg_srv_act_interface_ex/msg_srv_act_interface_ex/msg/detail/arithmetic_argument__builder.hpp
[1.523s] -- Up-to-date symlink: /home/ghtn10000/robot_ws/install/msg_srv_act_interface_ex/include/msg_srv_act_interface_ex/msg_srv_act_interface_ex/msg/detail/arithmetic_argument__struct.hpp
[1.524s] -- Up-to-date symlink: /home/ghtn10000/robot_ws/install/msg_srv_act_interface_ex/include/msg_srv_act_interface_ex/msg_srv_act_interface_ex/msg/detail/arithmetic_argument__traits.hpp
[1.524s] -- Up-to-date symlink: /home/ghtn10000/robot_ws/install/msg_srv_act_interface_ex/include/msg_srv_act_interface_ex/msg_srv_act_interface_ex/msg/detail/arithmetic_argument__type_support.hpp
[1.524s] -- Up-to-date symlink: /home/ghtn10000/robot_ws/install/msg_srv_act_interface_ex/include/msg_srv_act_interface_ex/msg_srv_act_interface_ex/msg/rosidl_generator_cpp__visibility_control.hpp
[1.524s] -- Up-to-date symlink: /home/ghtn10000/robot_ws/install/msg_srv_act_interface_ex/include/msg_srv_act_interface_ex/msg_srv_act_interface_ex/srv/arithmetic_operator.hpp
[1.524s] -- Up-to-date symlink: /home/ghtn10000/robot_ws/install/msg_srv_act_interface_ex/include/msg_srv_act_interface_ex/msg_srv_act_interface_ex/srv/detail/arithmetic_operator__builder.hpp
[1.524s] -- Up-to-date symlink: /home/ghtn10000/robot_ws/install/msg_srv_act_interface_ex/include/msg_srv_act_interface_ex/msg_srv_act_interface_ex/srv/detail/arithmetic_operator__struct.hpp
[1.524s] -- Up-to-date symlink: /home/ghtn10000/robot_ws/install/msg_srv_act_interface_ex/include/msg_srv_act_interface_ex/msg_srv_act_interface_ex/srv/detail/arithmetic_operator__traits.hpp
[1.524s] -- Up-to-date symlink: /home/ghtn10000/robot_ws/install/msg_srv_act_interface_ex/include/msg_srv_act_interface_ex/msg_srv_act_interface_ex/srv/detail/arithmetic_operator__type_support.hpp
[1.525s] -- Up-to-date symlink: /home/ghtn10000/robot_ws/install/msg_srv_act_interface_ex/include/msg_srv_act_interface_ex/msg_srv_act_interface_ex/action/detail/arithmetic_checker__rosidl_typesupport_fastrtps_cpp.hpp
[1.525s] -- Up-to-date symlink: /home/ghtn10000/robot_ws/install/msg_srv_act_interface_ex/include/msg_srv_act_interface_ex/msg_srv_act_interface_ex/msg/detail/arithmetic_argument__rosidl_typesupport_fastrtps_cpp.hpp
[1.525s] -- Up-to-date symlink: /home/ghtn10000/robot_ws/install/msg_srv_act_interface_ex/include/msg_srv_act_interface_ex/msg_srv_act_interface_ex/msg/rosidl_typesupport_fastrtps_cpp__visibility_control.h
[1.525s] -- Up-to-date symlink: /home/ghtn10000/robot_ws/install/msg_srv_act_interface_ex/include/msg_srv_act_interface_ex/msg_srv_act_interface_ex/srv/detail/arithmetic_operator__rosidl_typesupport_fastrtps_cpp.hpp
[1.525s] -- Up-to-date symlink: /home/ghtn10000/robot_ws/install/msg_srv_act_interface_ex/include/msg_srv_act_interface_ex/msg_srv_act_interface_ex/action/detail/arithmetic_checker__rosidl_typesupport_introspection_c.h
[1.525s] -- Up-to-date symlink: /home/ghtn10000/robot_ws/install/msg_srv_act_interface_ex/include/msg_srv_act_interface_ex/msg_srv_act_interface_ex/msg/detail/arithmetic_argument__rosidl_typesupport_introspection_c.h
[1.526s] -- Up-to-date symlink: /home/ghtn10000/robot_ws/install/msg_srv_act_interface_ex/include/msg_srv_act_interface_ex/msg_srv_act_interface_ex/msg/rosidl_typesupport_introspection_c__visibility_control.h
[1.527s] -- Up-to-date symlink: /home/ghtn10000/robot_ws/install/msg_srv_act_interface_ex/include/msg_srv_act_interface_ex/msg_srv_act_interface_ex/srv/detail/arithmetic_operator__rosidl_typesupport_introspection_c.h
[1.527s] -- Up-to-date symlink: /home/ghtn10000/robot_ws/install/msg_srv_act_interface_ex/include/msg_srv_act_interface_ex/msg_srv_act_interface_ex/action/detail/arithmetic_checker__rosidl_typesupport_introspection_cpp.hpp
[1.527s] -- Up-to-date symlink: /home/ghtn10000/robot_ws/install/msg_srv_act_interface_ex/include/msg_srv_act_interface_ex/msg_srv_act_interface_ex/msg/detail/arithmetic_argument__rosidl_typesupport_introspection_cpp.hpp
[1.527s] -- Up-to-date symlink: /home/ghtn10000/robot_ws/install/msg_srv_act_interface_ex/include/msg_srv_act_interface_ex/msg_srv_act_interface_ex/srv/detail/arithmetic_operator__rosidl_typesupport_introspection_cpp.hpp
[1.528s] -- Up-to-date symlink: /home/ghtn10000/robot_ws/install/msg_srv_act_interface_ex/share/msg_srv_act_interface_ex/environment/pythonpath.sh
[1.528s] -- Up-to-date symlink: /home/ghtn10000/robot_ws/install/msg_srv_act_interface_ex/share/msg_srv_act_interface_ex/environment/pythonpath.dsv
[1.529s] -- Up-to-date symlink: /home/ghtn10000/robot_ws/install/msg_srv_act_interface_ex/local/lib/python3.10/dist-packages/msg_srv_act_interface_ex-0.0.0-py3.10.egg-info/PKG-INFO
[1.529s] -- Up-to-date symlink: /home/ghtn10000/robot_ws/install/msg_srv_act_interface_ex/local/lib/python3.10/dist-packages/msg_srv_act_interface_ex-0.0.0-py3.10.egg-info/SOURCES.txt
[1.529s] -- Up-to-date symlink: /home/ghtn10000/robot_ws/install/msg_srv_act_interface_ex/local/lib/python3.10/dist-packages/msg_srv_act_interface_ex-0.0.0-py3.10.egg-info/dependency_links.txt
[1.530s] -- Up-to-date symlink: /home/ghtn10000/robot_ws/install/msg_srv_act_interface_ex/local/lib/python3.10/dist-packages/msg_srv_act_interface_ex-0.0.0-py3.10.egg-info/top_level.txt
[1.532s] -- Up-to-date symlink: /home/ghtn10000/robot_ws/install/msg_srv_act_interface_ex/local/lib/python3.10/dist-packages/msg_srv_act_interface_ex/__init__.py
[1.532s] -- Up-to-date symlink: /home/ghtn10000/robot_ws/install/msg_srv_act_interface_ex/local/lib/python3.10/dist-packages/msg_srv_act_interface_ex/_msg_srv_act_interface_ex_s.ep.rosidl_typesupport_c.c
[1.532s] -- Up-to-date symlink: /home/ghtn10000/robot_ws/install/msg_srv_act_interface_ex/local/lib/python3.10/dist-packages/msg_srv_act_interface_ex/_msg_srv_act_interface_ex_s.ep.rosidl_typesupport_fastrtps_c.c
[1.533s] -- Up-to-date symlink: /home/ghtn10000/robot_ws/install/msg_srv_act_interface_ex/local/lib/python3.10/dist-packages/msg_srv_act_interface_ex/_msg_srv_act_interface_ex_s.ep.rosidl_typesupport_introspection_c.c
[1.533s] -- Up-to-date symlink: /home/ghtn10000/robot_ws/install/msg_srv_act_interface_ex/local/lib/python3.10/dist-packages/msg_srv_act_interface_ex/action/__init__.py
[1.533s] -- Up-to-date symlink: /home/ghtn10000/robot_ws/install/msg_srv_act_interface_ex/local/lib/python3.10/dist-packages/msg_srv_act_interface_ex/action/_arithmetic_checker.py
[1.533s] -- Up-to-date symlink: /home/ghtn10000/robot_ws/install/msg_srv_act_interface_ex/local/lib/python3.10/dist-packages/msg_srv_act_interface_ex/action/_arithmetic_checker_s.c
[1.533s] -- Up-to-date symlink: /home/ghtn10000/robot_ws/install/msg_srv_act_interface_ex/local/lib/python3.10/dist-packages/msg_srv_act_interface_ex/libmsg_srv_act_interface_ex__rosidl_generator_py.so
[1.533s] -- Up-to-date symlink: /home/ghtn10000/robot_ws/install/msg_srv_act_interface_ex/local/lib/python3.10/dist-packages/msg_srv_act_interface_ex/msg/__init__.py
[1.534s] -- Up-to-date symlink: /home/ghtn10000/robot_ws/install/msg_srv_act_interface_ex/local/lib/python3.10/dist-packages/msg_srv_act_interface_ex/msg/_arithmetic_argument.py
[1.534s] -- Up-to-date symlink: /home/ghtn10000/robot_ws/install/msg_srv_act_interface_ex/local/lib/python3.10/dist-packages/msg_srv_act_interface_ex/msg/_arithmetic_argument_s.c
[1.534s] -- Up-to-date symlink: /home/ghtn10000/robot_ws/install/msg_srv_act_interface_ex/local/lib/python3.10/dist-packages/msg_srv_act_interface_ex/msg_srv_act_interface_ex_s__rosidl_typesupport_c.cpython-310-x86_64-linux-gnu.so
[1.534s] -- Up-to-date symlink: /home/ghtn10000/robot_ws/install/msg_srv_act_interface_ex/local/lib/python3.10/dist-packages/msg_srv_act_interface_ex/msg_srv_act_interface_ex_s__rosidl_typesupport_fastrtps_c.cpython-310-x86_64-linux-gnu.so
[1.535s] -- Up-to-date symlink: /home/ghtn10000/robot_ws/install/msg_srv_act_interface_ex/local/lib/python3.10/dist-packages/msg_srv_act_interface_ex/msg_srv_act_interface_ex_s__rosidl_typesupport_introspection_c.cpython-310-x86_64-linux-gnu.so
[1.535s] -- Up-to-date symlink: /home/ghtn10000/robot_ws/install/msg_srv_act_interface_ex/local/lib/python3.10/dist-packages/msg_srv_act_interface_ex/srv/__init__.py
[1.535s] -- Up-to-date symlink: /home/ghtn10000/robot_ws/install/msg_srv_act_interface_ex/local/lib/python3.10/dist-packages/msg_srv_act_interface_ex/srv/_arithmetic_operator.py
[1.535s] -- Up-to-date symlink: /home/ghtn10000/robot_ws/install/msg_srv_act_interface_ex/local/lib/python3.10/dist-packages/msg_srv_act_interface_ex/srv/_arithmetic_operator_s.c
[1.536s] -- Up-to-date symlink: /home/ghtn10000/robot_ws/install/msg_srv_act_interface_ex/local/lib/python3.10/dist-packages/msg_srv_act_interface_ex/msg_srv_act_interface_ex_s__rosidl_typesupport_fastrtps_c.cpython-310-x86_64-linux-gnu.so
[1.536s] -- Up-to-date symlink: /home/ghtn10000/robot_ws/install/msg_srv_act_interface_ex/local/lib/python3.10/dist-packages/msg_srv_act_interface_ex/msg_srv_act_interface_ex_s__rosidl_typesupport_introspection_c.cpython-310-x86_64-linux-gnu.so
[1.538s] -- Up-to-date symlink: /home/ghtn10000/robot_ws/install/msg_srv_act_interface_ex/local/lib/python3.10/dist-packages/msg_srv_act_interface_ex/msg_srv_act_interface_ex_s__rosidl_typesupport_c.cpython-310-x86_64-linux-gnu.so
[1.540s] -- Up-to-date symlink: /home/ghtn10000/robot_ws/install/msg_srv_act_interface_ex/share/msg_srv_act_interface_ex/msg/ArithmeticArgument.idl
[1.541s] -- Up-to-date symlink: /home/ghtn10000/robot_ws/install/msg_srv_act_interface_ex/share/msg_srv_act_interface_ex/srv/ArithmeticOperator.idl
[1.542s] -- Up-to-date symlink: /home/ghtn10000/robot_ws/install/msg_srv_act_interface_ex/share/msg_srv_act_interface_ex/action/ArithmeticChecker.idl
[1.542s] -- Up-to-date symlink: /home/ghtn10000/robot_ws/install/msg_srv_act_interface_ex/share/msg_srv_act_interface_ex/msg/ArithmeticArgument.msg
[1.543s] -- Up-to-date symlink: /home/ghtn10000/robot_ws/install/msg_srv_act_interface_ex/share/msg_srv_act_interface_ex/srv/ArithmeticOperator.srv
[1.543s] -- Up-to-date symlink: /home/ghtn10000/robot_ws/install/msg_srv_act_interface_ex/share/msg_srv_act_interface_ex/srv/ArithmeticOperator_Request.msg
[1.544s] -- Up-to-date symlink: /home/ghtn10000/robot_ws/install/msg_srv_act_interface_ex/share/msg_srv_act_interface_ex/srv/ArithmeticOperator_Response.msg
[1.545s] -- Up-to-date symlink: /home/ghtn10000/robot_ws/install/msg_srv_act_interface_ex/share/msg_srv_act_interface_ex/action/ArithmeticChecker.action
[1.545s] -- Up-to-date symlink: /home/ghtn10000/robot_ws/install/msg_srv_act_interface_ex/share/ament_index/resource_index/package_run_dependencies/msg_srv_act_interface_ex
[1.546s] -- Up-to-date symlink: /home/ghtn10000/robot_ws/install/msg_srv_act_interface_ex/share/ament_index/resource_index/parent_prefix_path/msg_srv_act_interface_ex
[1.548s] -- Up-to-date symlink: /home/ghtn10000/robot_ws/install/msg_srv_act_interface_ex/share/msg_srv_act_interface_ex/environment/ament_prefix_path.sh
[1.548s] -- Up-to-date symlink: /home/ghtn10000/robot_ws/install/msg_srv_act_interface_ex/share/msg_srv_act_interface_ex/environment/ament_prefix_path.dsv
[1.549s] -- Up-to-date symlink: /home/ghtn10000/robot_ws/install/msg_srv_act_interface_ex/share/msg_srv_act_interface_ex/environment/path.sh
[1.549s] -- Up-to-date symlink: /home/ghtn10000/robot_ws/install/msg_srv_act_interface_ex/share/msg_srv_act_interface_ex/environment/path.dsv
[1.550s] -- Up-to-date symlink: /home/ghtn10000/robot_ws/install/msg_srv_act_interface_ex/share/msg_srv_act_interface_ex/local_setup.bash
[1.551s] -- Up-to-date symlink: /home/ghtn10000/robot_ws/install/msg_srv_act_interface_ex/share/msg_srv_act_interface_ex/local_setup.sh
[1.552s] -- Up-to-date symlink: /home/ghtn10000/robot_ws/install/msg_srv_act_interface_ex/share/msg_srv_act_interface_ex/local_setup.zsh
[1.556s] -- Up-to-date symlink: /home/ghtn10000/robot_ws/install/msg_srv_act_interface_ex/share/msg_srv_act_interface_ex/local_setup.dsv
[1.556s] -- Symlinking: /home/ghtn10000/robot_ws/install/msg_srv_act_interface_ex/share/msg_srv_act_interface_ex/package.dsv
[1.573s] -- Up-to-date symlink: /home/ghtn10000/robot_ws/install/msg_srv_act_interface_ex/share/ament_index/resource_index/packages/msg_srv_act_interface_ex
[1.573s] -- Up-to-date symlink: /home/ghtn10000/robot_ws/install/msg_srv_act_interface_ex/share/msg_srv_act_interface_ex/cmake/rosidl_cmake-extras.cmake
[1.574s] -- Up-to-date symlink: /home/ghtn10000/robot_ws/install/msg_srv_act_interface_ex/share/msg_srv_act_interface_ex/cmake/ament_cmake_export_dependencies-extras.cmake
[1.574s] -- Up-to-date symlink: /home/ghtn10000/robot_ws/install/msg_srv_act_interface_ex/share/msg_srv_act_interface_ex/cmake/ament_cmake_export_include_directories-extras.cmake
[1.575s] -- Up-to-date symlink: /home/ghtn10000/robot_ws/install/msg_srv_act_interface_ex/share/msg_srv_act_interface_ex/cmake/ament_cmake_export_libraries-extras.cmake
[1.576s] -- Up-to-date symlink: /home/ghtn10000/robot_ws/install/msg_srv_act_interface_ex/share/msg_srv_act_interface_ex/cmake/ament_cmake_export_targets-extras.cmake
[1.577s] -- Up-to-date symlink: /home/ghtn10000/robot_ws/install/msg_srv_act_interface_ex/share/msg_srv_act_interface_ex/cmake/rosidl_cmake_export_typesupport_targets-extras.cmake
[1.578s] -- Up-to-date symlink: /home/ghtn10000/robot_ws/install/msg_srv_act_interface_ex/share/msg_srv_act_interface_ex/cmake/rosidl_cmake_export_typesupport_libraries-extras.cmake
[1.579s] -- Up-to-date symlink: /home/ghtn10000/robot_ws/install/msg_srv_act_interface_ex/share/msg_srv_act_interface_ex/cmake/msg_srv_act_interface_exConfig.cmake
[1.579s] -- Up-to-date symlink: /home/ghtn10000/robot_ws/install/msg_srv_act_interface_ex/share/msg_srv_act_interface_ex/cmake/msg_srv_act_interface_exConfig-version.cmake
[1.580s] -- Up-to-date symlink: /home/ghtn10000/robot_ws/install/msg_srv_act_interface_ex/share/msg_srv_act_interface_ex/package.xml
[1.581s] -- Up-to-date: /home/ghtn10000/robot_ws/install/msg_srv_act_interface_ex/lib/libmsg_srv_act_interface_ex__rosidl_generator_c.so
[1.582s] -- Up-to-date: /home/ghtn10000/robot_ws/install/msg_srv_act_interface_ex/lib/libmsg_srv_act_interface_ex__rosidl_typesupport_fastrtps_c.so
[1.583s] -- Up-to-date: /home/ghtn10000/robot_ws/install/msg_srv_act_interface_ex/lib/libmsg_srv_act_interface_ex__rosidl_typesupport_fastrtps_cpp.so
[1.587s] -- Up-to-date: /home/ghtn10000/robot_ws/install/msg_srv_act_interface_ex/lib/libmsg_srv_act_interface_ex__rosidl_typesupport_introspection_c.so
[1.587s] -- Up-to-date: /home/ghtn10000/robot_ws/install/msg_srv_act_interface_ex/lib/libmsg_srv_act_interface_ex__rosidl_typesupport_c.so
[1.589s] -- Up-to-date: /home/ghtn10000/robot_ws/install/msg_srv_act_interface_ex/lib/libmsg_srv_act_interface_ex__rosidl_typesupport_introspection_cpp.so
[1.592s] -- Up-to-date: /home/ghtn10000/robot_ws/install/msg_srv_act_interface_ex/lib/libmsg_srv_act_interface_ex__rosidl_typesupport_cpp.so
[1.671s] Listing '/home/ghtn10000/robot_ws/install/msg_srv_act_interface_ex/local/lib/python3.10/dist-packages/msg_srv_act_interface_ex'...
[1.671s] Listing '/home/ghtn10000/robot_ws/install/msg_srv_act_interface_ex/local/lib/python3.10/dist-packages/msg_srv_act_interface_ex/action'...
[1.672s] Listing '/home/ghtn10000/robot_ws/install/msg_srv_act_interface_ex/local/lib/python3.10/dist-packages/msg_srv_act_interface_ex/msg'...
[1.672s] Listing '/home/ghtn10000/robot_ws/install/msg_srv_act_interface_ex/local/lib/python3.10/dist-packages/msg_srv_act_interface_ex/srv'...
[1.677s] -- Up-to-date: /home/ghtn10000/robot_ws/install/msg_srv_act_interface_ex/lib/libmsg_srv_act_interface_ex__rosidl_generator_py.so
[1.678s] -- Up-to-date: /home/ghtn10000/robot_ws/install/msg_srv_act_interface_ex/share/msg_srv_act_interface_ex/cmake/export_msg_srv_act_interface_ex__rosidl_generator_cExport.cmake
[1.678s] -- Up-to-date: /home/ghtn10000/robot_ws/install/msg_srv_act_interface_ex/share/msg_srv_act_interface_ex/cmake/export_msg_srv_act_interface_ex__rosidl_generator_cExport-noconfig.cmake
[1.678s] -- Up-to-date: /home/ghtn10000/robot_ws/install/msg_srv_act_interface_ex/share/msg_srv_act_interface_ex/cmake/export_msg_srv_act_interface_ex__rosidl_typesupport_fastrtps_cExport.cmake
[1.678s] -- Up-to-date: /home/ghtn10000/robot_ws/install/msg_srv_act_interface_ex/share/msg_srv_act_interface_ex/cmake/export_msg_srv_act_interface_ex__rosidl_typesupport_fastrtps_cExport-noconfig.cmake
[1.678s] -- Up-to-date: /home/ghtn10000/robot_ws/install/msg_srv_act_interface_ex/share/msg_srv_act_interface_ex/cmake/export_msg_srv_act_interface_ex__rosidl_generator_cppExport.cmake
[1.679s] -- Up-to-date: /home/ghtn10000/robot_ws/install/msg_srv_act_interface_ex/share/msg_srv_act_interface_ex/cmake/export_msg_srv_act_interface_ex__rosidl_typesupport_fastrtps_cppExport.cmake
[1.679s] -- Up-to-date: /home/ghtn10000/robot_ws/install/msg_srv_act_interface_ex/share/msg_srv_act_interface_ex/cmake/export_msg_srv_act_interface_ex__rosidl_typesupport_fastrtps_cppExport-noconfig.cmake
[1.679s] -- Up-to-date: /home/ghtn10000/robot_ws/install/msg_srv_act_interface_ex/share/msg_srv_act_interface_ex/cmake/msg_srv_act_interface_ex__rosidl_typesupport_introspection_cExport.cmake
[1.679s] -- Up-to-date: /home/ghtn10000/robot_ws/install/msg_srv_act_interface_ex/share/msg_srv_act_interface_ex/cmake/msg_srv_act_interface_ex__rosidl_typesupport_introspection_cExport-noconfig.cmake
[1.679s] -- Up-to-date: /home/ghtn10000/robot_ws/install/msg_srv_act_interface_ex/share/msg_srv_act_interface_ex/cmake/msg_srv_act_interface_ex__rosidl_typesupport_cExport.cmake
[1.680s] -- Up-to-date: /home/ghtn10000/robot_ws/install/msg_srv_act_interface_ex/share/msg_srv_act_interface_ex/cmake/msg_srv_act_interface_ex__rosidl_typesupport_cExport-noconfig.cmake
[1.681s] -- Up-to-date: /home/ghtn10000/robot_ws/install/msg_srv_act_interface_ex/share/msg_srv_act_interface_ex/cmake/msg_srv_act_interface_ex__rosidl_typesupport_introspection_cppExport.cmake
[1.681s] -- Up-to-date: /home/ghtn10000/robot_ws/install/msg_srv_act_interface_ex/share/msg_srv_act_interface_ex/cmake/msg_srv_act_interface_ex__rosidl_typesupport_introspection_cppExport-noconfig.cmake
[1.681s] -- Up-to-date: /home/ghtn10000/robot_ws/install/msg_srv_act_interface_ex/share/msg_srv_act_interface_ex/cmake/msg_srv_act_interface_ex__rosidl_typesupport_cppExport.cmake
[1.681s] -- Up-to-date: /home/ghtn10000/robot_ws/install/msg_srv_act_interface_ex/share/msg_srv_act_interface_ex/cmake/msg_srv_act_interface_ex__rosidl_typesupport_cppExport-noconfig.cmake
[1.682s] -- Up-to-date: /home/ghtn10000/robot_ws/install/msg_srv_act_interface_ex/share/msg_srv_act_interface_ex/cmake/export_msg_srv_act_interface_ex__rosidl_generator_pyExport.cmake
[1.683s] -- Up-to-date: /home/ghtn10000/robot_ws/install/msg_srv_act_interface_ex/share/msg_srv_act_interface_ex/cmake/export_msg_srv_act_interface_ex__rosidl_generator_pyExport-noconfig.cmake
[1.698s] Invoked command in '/home/ghtn10000/robot_ws/build/msg_srv_act_interface_ex' returned '0': CMAKE_PREFIX_PATH=${CMAKE_PREFIX_PATH}:/home/ghtn10000/turtlebot3_ws/install/turtlebot3_teleop:/home/ghtn10000/turtlebot3_ws/install/turtlebot3_example:/home/ghtn10000/turtlebot3_ws/install/turtlebot3_dqn:/home/ghtn10000/robot_ws/install/topic_srv_act_rclpy_ex:/home/ghtn10000/robot_ws/install/my_turtlesim_mobeturtle_pkg:/home/ghtn10000/robot_ws/install/my_turtlebot_pkg:/home/ghtn10000/robot_ws/install/my_timer_pkg:/home/ghtn10000/robot_ws/install/my_first_ros_rclpy_pkg:/opt/ros/humble /usr/bin/cmake --install /home/ghtn10000/robot_ws/build/msg_srv_act_interface_ex
