[0.116s] DEBUG:colcon:Command line arguments: ['/usr/bin/colcon', 'build', '--symlink-install']
[0.116s] DEBUG:colcon:Parsed command line arguments: Namespace(log_base=None, log_level=None, verb_name='build', build_base='build', install_base='install', merge_install=False, symlink_install=True, test_result_base=None, continue_on_error=False, executor='parallel', parallel_workers=8, event_handlers=None, ignore_user_meta=False, metas=['./colcon.meta'], base_paths=['.'], packages_ignore=None, packages_ignore_regex=None, paths=None, packages_up_to=None, packages_up_to_regex=None, packages_above=None, packages_above_and_dependencies=None, packages_above_depth=None, packages_select_by_dep=None, packages_skip_by_dep=None, packages_skip_up_to=None, packages_select_build_failed=False, packages_skip_build_finished=False, packages_select_test_failures=False, packages_skip_test_passed=False, packages_select=None, packages_skip=None, packages_select_regex=None, packages_skip_regex=None, packages_start=None, packages_end=None, allow_overriding=[], cmake_args=None, cmake_target=None, cmake_target_skip_unavailable=False, cmake_clean_cache=False, cmake_clean_first=False, cmake_force_configure=False, ament_cmake_args=None, catkin_cmake_args=None, catkin_skip_building_tests=False, verb_parser=<colcon_defaults.argument_parser.defaults.DefaultArgumentsDecorator object at 0x7d15c9818be0>, verb_extension=<colcon_core.verb.build.BuildVerb object at 0x7d15c9818040>, main=<bound method BuildVerb.main of <colcon_core.verb.build.BuildVerb object at 0x7d15c9818040>>)
[0.329s] Level 1:colcon.colcon_core.package_discovery:discover_packages(colcon_meta) check parameters
[0.329s] Level 1:colcon.colcon_core.package_discovery:discover_packages(recursive) check parameters
[0.329s] Level 1:colcon.colcon_core.package_discovery:discover_packages(ignore) check parameters
[0.329s] Level 1:colcon.colcon_core.package_discovery:discover_packages(path) check parameters
[0.329s] Level 1:colcon.colcon_core.package_discovery:discover_packages(colcon_meta) discover
[0.329s] Level 1:colcon.colcon_core.package_discovery:discover_packages(recursive) discover
[0.329s] INFO:colcon.colcon_core.package_discovery:Crawling recursively for packages in '/home/ghtn10000/robot_ws'
[0.329s] Level 1:colcon.colcon_core.package_identification:_identify(.) by extensions ['ignore', 'ignore_ament_install']
[0.329s] Level 1:colcon.colcon_core.package_identification:_identify(.) by extension 'ignore'
[0.330s] Level 1:colcon.colcon_core.package_identification:_identify(.) by extension 'ignore_ament_install'
[0.330s] Level 1:colcon.colcon_core.package_identification:_identify(.) by extensions ['colcon_pkg']
[0.330s] Level 1:colcon.colcon_core.package_identification:_identify(.) by extension 'colcon_pkg'
[0.330s] Level 1:colcon.colcon_core.package_identification:_identify(.) by extensions ['colcon_meta']
[0.330s] Level 1:colcon.colcon_core.package_identification:_identify(.) by extension 'colcon_meta'
[0.330s] Level 1:colcon.colcon_core.package_identification:_identify(.) by extensions ['ros']
[0.330s] Level 1:colcon.colcon_core.package_identification:_identify(.) by extension 'ros'
[0.351s] Level 1:colcon.colcon_core.package_identification:_identify(.) by extensions ['cmake', 'python']
[0.351s] Level 1:colcon.colcon_core.package_identification:_identify(.) by extension 'cmake'
[0.352s] Level 1:colcon.colcon_core.package_identification:_identify(.) by extension 'python'
[0.352s] Level 1:colcon.colcon_core.package_identification:_identify(.) by extensions ['python_setup_py']
[0.352s] Level 1:colcon.colcon_core.package_identification:_identify(.) by extension 'python_setup_py'
[0.352s] Level 1:colcon.colcon_core.package_identification:_identify(build) by extensions ['ignore', 'ignore_ament_install']
[0.352s] Level 1:colcon.colcon_core.package_identification:_identify(build) by extension 'ignore'
[0.352s] Level 1:colcon.colcon_core.package_identification:_identify(build) ignored
[0.352s] Level 1:colcon.colcon_core.package_identification:_identify(install) by extensions ['ignore', 'ignore_ament_install']
[0.352s] Level 1:colcon.colcon_core.package_identification:_identify(install) by extension 'ignore'
[0.352s] Level 1:colcon.colcon_core.package_identification:_identify(install) ignored
[0.352s] Level 1:colcon.colcon_core.package_identification:_identify(log) by extensions ['ignore', 'ignore_ament_install']
[0.352s] Level 1:colcon.colcon_core.package_identification:_identify(log) by extension 'ignore'
[0.352s] Level 1:colcon.colcon_core.package_identification:_identify(log) ignored
[0.352s] Level 1:colcon.colcon_core.package_identification:_identify(src) by extensions ['ignore', 'ignore_ament_install']
[0.353s] Level 1:colcon.colcon_core.package_identification:_identify(src) by extension 'ignore'
[0.353s] Level 1:colcon.colcon_core.package_identification:_identify(src) by extension 'ignore_ament_install'
[0.353s] Level 1:colcon.colcon_core.package_identification:_identify(src) by extensions ['colcon_pkg']
[0.353s] Level 1:colcon.colcon_core.package_identification:_identify(src) by extension 'colcon_pkg'
[0.353s] Level 1:colcon.colcon_core.package_identification:_identify(src) by extensions ['colcon_meta']
[0.353s] Level 1:colcon.colcon_core.package_identification:_identify(src) by extension 'colcon_meta'
[0.353s] Level 1:colcon.colcon_core.package_identification:_identify(src) by extensions ['ros']
[0.353s] Level 1:colcon.colcon_core.package_identification:_identify(src) by extension 'ros'
[0.353s] Level 1:colcon.colcon_core.package_identification:_identify(src) by extensions ['cmake', 'python']
[0.353s] Level 1:colcon.colcon_core.package_identification:_identify(src) by extension 'cmake'
[0.353s] Level 1:colcon.colcon_core.package_identification:_identify(src) by extension 'python'
[0.353s] Level 1:colcon.colcon_core.package_identification:_identify(src) by extensions ['python_setup_py']
[0.353s] Level 1:colcon.colcon_core.package_identification:_identify(src) by extension 'python_setup_py'
[0.353s] Level 1:colcon.colcon_core.package_identification:_identify(src/log) by extensions ['ignore', 'ignore_ament_install']
[0.353s] Level 1:colcon.colcon_core.package_identification:_identify(src/log) by extension 'ignore'
[0.353s] Level 1:colcon.colcon_core.package_identification:_identify(src/log) ignored
[0.353s] Level 1:colcon.colcon_core.package_identification:_identify(src/msg_srv_act_interface_ex) by extensions ['ignore', 'ignore_ament_install']
[0.353s] Level 1:colcon.colcon_core.package_identification:_identify(src/msg_srv_act_interface_ex) by extension 'ignore'
[0.353s] Level 1:colcon.colcon_core.package_identification:_identify(src/msg_srv_act_interface_ex) by extension 'ignore_ament_install'
[0.353s] Level 1:colcon.colcon_core.package_identification:_identify(src/msg_srv_act_interface_ex) by extensions ['colcon_pkg']
[0.353s] Level 1:colcon.colcon_core.package_identification:_identify(src/msg_srv_act_interface_ex) by extension 'colcon_pkg'
[0.354s] Level 1:colcon.colcon_core.package_identification:_identify(src/msg_srv_act_interface_ex) by extensions ['colcon_meta']
[0.354s] Level 1:colcon.colcon_core.package_identification:_identify(src/msg_srv_act_interface_ex) by extension 'colcon_meta'
[0.354s] Level 1:colcon.colcon_core.package_identification:_identify(src/msg_srv_act_interface_ex) by extensions ['ros']
[0.354s] Level 1:colcon.colcon_core.package_identification:_identify(src/msg_srv_act_interface_ex) by extension 'ros'
[0.356s] DEBUG:colcon.colcon_core.package_identification:Package 'src/msg_srv_act_interface_ex' with type 'ros.ament_cmake' and name 'msg_srv_act_interface_ex'
[0.356s] Level 1:colcon.colcon_core.package_identification:_identify(src/my_first_ros_rclpy_pkg) by extensions ['ignore', 'ignore_ament_install']
[0.356s] Level 1:colcon.colcon_core.package_identification:_identify(src/my_first_ros_rclpy_pkg) by extension 'ignore'
[0.357s] Level 1:colcon.colcon_core.package_identification:_identify(src/my_first_ros_rclpy_pkg) by extension 'ignore_ament_install'
[0.357s] Level 1:colcon.colcon_core.package_identification:_identify(src/my_first_ros_rclpy_pkg) by extensions ['colcon_pkg']
[0.357s] Level 1:colcon.colcon_core.package_identification:_identify(src/my_first_ros_rclpy_pkg) by extension 'colcon_pkg'
[0.357s] Level 1:colcon.colcon_core.package_identification:_identify(src/my_first_ros_rclpy_pkg) by extensions ['colcon_meta']
[0.357s] Level 1:colcon.colcon_core.package_identification:_identify(src/my_first_ros_rclpy_pkg) by extension 'colcon_meta'
[0.357s] Level 1:colcon.colcon_core.package_identification:_identify(src/my_first_ros_rclpy_pkg) by extensions ['ros']
[0.357s] Level 1:colcon.colcon_core.package_identification:_identify(src/my_first_ros_rclpy_pkg) by extension 'ros'
[0.357s] DEBUG:colcon.colcon_core.package_identification:Package 'src/my_first_ros_rclpy_pkg' with type 'ros.ament_python' and name 'my_first_ros_rclpy_pkg'
[0.358s] Level 1:colcon.colcon_core.package_identification:_identify(src/my_second_pkg_msgs) by extensions ['ignore', 'ignore_ament_install']
[0.358s] Level 1:colcon.colcon_core.package_identification:_identify(src/my_second_pkg_msgs) by extension 'ignore'
[0.358s] Level 1:colcon.colcon_core.package_identification:_identify(src/my_second_pkg_msgs) by extension 'ignore_ament_install'
[0.358s] Level 1:colcon.colcon_core.package_identification:_identify(src/my_second_pkg_msgs) by extensions ['colcon_pkg']
[0.358s] Level 1:colcon.colcon_core.package_identification:_identify(src/my_second_pkg_msgs) by extension 'colcon_pkg'
[0.358s] Level 1:colcon.colcon_core.package_identification:_identify(src/my_second_pkg_msgs) by extensions ['colcon_meta']
[0.358s] Level 1:colcon.colcon_core.package_identification:_identify(src/my_second_pkg_msgs) by extension 'colcon_meta'
[0.358s] Level 1:colcon.colcon_core.package_identification:_identify(src/my_second_pkg_msgs) by extensions ['ros']
[0.358s] Level 1:colcon.colcon_core.package_identification:_identify(src/my_second_pkg_msgs) by extension 'ros'
[0.358s] DEBUG:colcon.colcon_core.package_identification:Package 'src/my_second_pkg_msgs' with type 'ros.ament_cmake' and name 'my_second_pkg_msgs'
[0.359s] Level 1:colcon.colcon_core.package_identification:_identify(src/my_timer_pkg) by extensions ['ignore', 'ignore_ament_install']
[0.359s] Level 1:colcon.colcon_core.package_identification:_identify(src/my_timer_pkg) by extension 'ignore'
[0.359s] Level 1:colcon.colcon_core.package_identification:_identify(src/my_timer_pkg) by extension 'ignore_ament_install'
[0.359s] Level 1:colcon.colcon_core.package_identification:_identify(src/my_timer_pkg) by extensions ['colcon_pkg']
[0.359s] Level 1:colcon.colcon_core.package_identification:_identify(src/my_timer_pkg) by extension 'colcon_pkg'
[0.359s] Level 1:colcon.colcon_core.package_identification:_identify(src/my_timer_pkg) by extensions ['colcon_meta']
[0.359s] Level 1:colcon.colcon_core.package_identification:_identify(src/my_timer_pkg) by extension 'colcon_meta'
[0.359s] Level 1:colcon.colcon_core.package_identification:_identify(src/my_timer_pkg) by extensions ['ros']
[0.359s] Level 1:colcon.colcon_core.package_identification:_identify(src/my_timer_pkg) by extension 'ros'
[0.360s] DEBUG:colcon.colcon_core.package_identification:Package 'src/my_timer_pkg' with type 'ros.ament_python' and name 'my_timer_pkg'
[0.360s] Level 1:colcon.colcon_core.package_identification:_identify(src/my_turtlebot_pkg) by extensions ['ignore', 'ignore_ament_install']
[0.360s] Level 1:colcon.colcon_core.package_identification:_identify(src/my_turtlebot_pkg) by extension 'ignore'
[0.360s] Level 1:colcon.colcon_core.package_identification:_identify(src/my_turtlebot_pkg) by extension 'ignore_ament_install'
[0.360s] Level 1:colcon.colcon_core.package_identification:_identify(src/my_turtlebot_pkg) by extensions ['colcon_pkg']
[0.360s] Level 1:colcon.colcon_core.package_identification:_identify(src/my_turtlebot_pkg) by extension 'colcon_pkg'
[0.360s] Level 1:colcon.colcon_core.package_identification:_identify(src/my_turtlebot_pkg) by extensions ['colcon_meta']
[0.360s] Level 1:colcon.colcon_core.package_identification:_identify(src/my_turtlebot_pkg) by extension 'colcon_meta'
[0.360s] Level 1:colcon.colcon_core.package_identification:_identify(src/my_turtlebot_pkg) by extensions ['ros']
[0.360s] Level 1:colcon.colcon_core.package_identification:_identify(src/my_turtlebot_pkg) by extension 'ros'
[0.361s] DEBUG:colcon.colcon_core.package_identification:Package 'src/my_turtlebot_pkg' with type 'ros.ament_python' and name 'my_turtlebot_pkg'
[0.361s] Level 1:colcon.colcon_core.package_identification:_identify(src/my_turtlesim_mobeturtle_pkg) by extensions ['ignore', 'ignore_ament_install']
[0.361s] Level 1:colcon.colcon_core.package_identification:_identify(src/my_turtlesim_mobeturtle_pkg) by extension 'ignore'
[0.361s] Level 1:colcon.colcon_core.package_identification:_identify(src/my_turtlesim_mobeturtle_pkg) by extension 'ignore_ament_install'
[0.361s] Level 1:colcon.colcon_core.package_identification:_identify(src/my_turtlesim_mobeturtle_pkg) by extensions ['colcon_pkg']
[0.361s] Level 1:colcon.colcon_core.package_identification:_identify(src/my_turtlesim_mobeturtle_pkg) by extension 'colcon_pkg'
[0.361s] Level 1:colcon.colcon_core.package_identification:_identify(src/my_turtlesim_mobeturtle_pkg) by extensions ['colcon_meta']
[0.361s] Level 1:colcon.colcon_core.package_identification:_identify(src/my_turtlesim_mobeturtle_pkg) by extension 'colcon_meta'
[0.361s] Level 1:colcon.colcon_core.package_identification:_identify(src/my_turtlesim_mobeturtle_pkg) by extensions ['ros']
[0.361s] Level 1:colcon.colcon_core.package_identification:_identify(src/my_turtlesim_mobeturtle_pkg) by extension 'ros'
[0.362s] DEBUG:colcon.colcon_core.package_identification:Package 'src/my_turtlesim_mobeturtle_pkg' with type 'ros.ament_python' and name 'my_turtlesim_mobeturtle_pkg'
[0.362s] Level 1:colcon.colcon_core.package_identification:_identify(src/topic_srv_act_rclpy_ex) by extensions ['ignore', 'ignore_ament_install']
[0.362s] Level 1:colcon.colcon_core.package_identification:_identify(src/topic_srv_act_rclpy_ex) by extension 'ignore'
[0.362s] Level 1:colcon.colcon_core.package_identification:_identify(src/topic_srv_act_rclpy_ex) by extension 'ignore_ament_install'
[0.362s] Level 1:colcon.colcon_core.package_identification:_identify(src/topic_srv_act_rclpy_ex) by extensions ['colcon_pkg']
[0.362s] Level 1:colcon.colcon_core.package_identification:_identify(src/topic_srv_act_rclpy_ex) by extension 'colcon_pkg'
[0.362s] Level 1:colcon.colcon_core.package_identification:_identify(src/topic_srv_act_rclpy_ex) by extensions ['colcon_meta']
[0.362s] Level 1:colcon.colcon_core.package_identification:_identify(src/topic_srv_act_rclpy_ex) by extension 'colcon_meta'
[0.362s] Level 1:colcon.colcon_core.package_identification:_identify(src/topic_srv_act_rclpy_ex) by extensions ['ros']
[0.362s] Level 1:colcon.colcon_core.package_identification:_identify(src/topic_srv_act_rclpy_ex) by extension 'ros'
[0.363s] DEBUG:colcon.colcon_core.package_identification:Package 'src/topic_srv_act_rclpy_ex' with type 'ros.ament_python' and name 'topic_srv_act_rclpy_ex'
[0.363s] Level 1:colcon.colcon_core.package_discovery:discover_packages(recursive) using defaults
[0.363s] Level 1:colcon.colcon_core.package_discovery:discover_packages(ignore) discover
[0.363s] Level 1:colcon.colcon_core.package_discovery:discover_packages(ignore) using defaults
[0.363s] Level 1:colcon.colcon_core.package_discovery:discover_packages(path) discover
[0.363s] Level 1:colcon.colcon_core.package_discovery:discover_packages(path) using defaults
[0.389s] Level 1:colcon.colcon_core.package_discovery:discover_packages(prefix_path) check parameters
[0.389s] Level 1:colcon.colcon_core.package_discovery:discover_packages(prefix_path) discover
[0.392s] DEBUG:colcon.colcon_installed_package_information.package_discovery:Found 15 installed packages in /home/ghtn10000/turtlebot3_ws/install
[0.393s] DEBUG:colcon.colcon_installed_package_information.package_discovery:Found 7 installed packages in /home/ghtn10000/robot_ws/install
[0.394s] DEBUG:colcon.colcon_installed_package_information.package_discovery:Found 365 installed packages in /opt/ros/humble
[0.396s] Level 1:colcon.colcon_core.package_discovery:discover_packages(prefix_path) using defaults
[0.448s] Level 5:colcon.colcon_core.verb:set package 'msg_srv_act_interface_ex' build argument 'cmake_args' from command line to 'None'
[0.448s] Level 5:colcon.colcon_core.verb:set package 'msg_srv_act_interface_ex' build argument 'cmake_target' from command line to 'None'
[0.448s] Level 5:colcon.colcon_core.verb:set package 'msg_srv_act_interface_ex' build argument 'cmake_target_skip_unavailable' from command line to 'False'
[0.448s] Level 5:colcon.colcon_core.verb:set package 'msg_srv_act_interface_ex' build argument 'cmake_clean_cache' from command line to 'False'
[0.448s] Level 5:colcon.colcon_core.verb:set package 'msg_srv_act_interface_ex' build argument 'cmake_clean_first' from command line to 'False'
[0.448s] Level 5:colcon.colcon_core.verb:set package 'msg_srv_act_interface_ex' build argument 'cmake_force_configure' from command line to 'False'
[0.448s] Level 5:colcon.colcon_core.verb:set package 'msg_srv_act_interface_ex' build argument 'ament_cmake_args' from command line to 'None'
[0.448s] Level 5:colcon.colcon_core.verb:set package 'msg_srv_act_interface_ex' build argument 'catkin_cmake_args' from command line to 'None'
[0.448s] Level 5:colcon.colcon_core.verb:set package 'msg_srv_act_interface_ex' build argument 'catkin_skip_building_tests' from command line to 'False'
[0.448s] DEBUG:colcon.colcon_core.verb:Building package 'msg_srv_act_interface_ex' with the following arguments: {'ament_cmake_args': None, 'build_base': '/home/ghtn10000/robot_ws/build/msg_srv_act_interface_ex', 'catkin_cmake_args': None, 'catkin_skip_building_tests': False, 'cmake_args': None, 'cmake_clean_cache': False, 'cmake_clean_first': False, 'cmake_force_configure': False, 'cmake_target': None, 'cmake_target_skip_unavailable': False, 'install_base': '/home/ghtn10000/robot_ws/install/msg_srv_act_interface_ex', 'merge_install': False, 'path': '/home/ghtn10000/robot_ws/src/msg_srv_act_interface_ex', 'symlink_install': True, 'test_result_base': None}
[0.448s] Level 5:colcon.colcon_core.verb:set package 'my_first_ros_rclpy_pkg' build argument 'cmake_args' from command line to 'None'
[0.449s] Level 5:colcon.colcon_core.verb:set package 'my_first_ros_rclpy_pkg' build argument 'cmake_target' from command line to 'None'
[0.449s] Level 5:colcon.colcon_core.verb:set package 'my_first_ros_rclpy_pkg' build argument 'cmake_target_skip_unavailable' from command line to 'False'
[0.449s] Level 5:colcon.colcon_core.verb:set package 'my_first_ros_rclpy_pkg' build argument 'cmake_clean_cache' from command line to 'False'
[0.449s] Level 5:colcon.colcon_core.verb:set package 'my_first_ros_rclpy_pkg' build argument 'cmake_clean_first' from command line to 'False'
[0.449s] Level 5:colcon.colcon_core.verb:set package 'my_first_ros_rclpy_pkg' build argument 'cmake_force_configure' from command line to 'False'
[0.449s] Level 5:colcon.colcon_core.verb:set package 'my_first_ros_rclpy_pkg' build argument 'ament_cmake_args' from command line to 'None'
[0.449s] Level 5:colcon.colcon_core.verb:set package 'my_first_ros_rclpy_pkg' build argument 'catkin_cmake_args' from command line to 'None'
[0.449s] Level 5:colcon.colcon_core.verb:set package 'my_first_ros_rclpy_pkg' build argument 'catkin_skip_building_tests' from command line to 'False'
[0.449s] DEBUG:colcon.colcon_core.verb:Building package 'my_first_ros_rclpy_pkg' with the following arguments: {'ament_cmake_args': None, 'build_base': '/home/ghtn10000/robot_ws/build/my_first_ros_rclpy_pkg', 'catkin_cmake_args': None, 'catkin_skip_building_tests': False, 'cmake_args': None, 'cmake_clean_cache': False, 'cmake_clean_first': False, 'cmake_force_configure': False, 'cmake_target': None, 'cmake_target_skip_unavailable': False, 'install_base': '/home/ghtn10000/robot_ws/install/my_first_ros_rclpy_pkg', 'merge_install': False, 'path': '/home/ghtn10000/robot_ws/src/my_first_ros_rclpy_pkg', 'symlink_install': True, 'test_result_base': None}
[0.449s] Level 5:colcon.colcon_core.verb:set package 'my_second_pkg_msgs' build argument 'cmake_args' from command line to 'None'
[0.449s] Level 5:colcon.colcon_core.verb:set package 'my_second_pkg_msgs' build argument 'cmake_target' from command line to 'None'
[0.449s] Level 5:colcon.colcon_core.verb:set package 'my_second_pkg_msgs' build argument 'cmake_target_skip_unavailable' from command line to 'False'
[0.449s] Level 5:colcon.colcon_core.verb:set package 'my_second_pkg_msgs' build argument 'cmake_clean_cache' from command line to 'False'
[0.449s] Level 5:colcon.colcon_core.verb:set package 'my_second_pkg_msgs' build argument 'cmake_clean_first' from command line to 'False'
[0.449s] Level 5:colcon.colcon_core.verb:set package 'my_second_pkg_msgs' build argument 'cmake_force_configure' from command line to 'False'
[0.449s] Level 5:colcon.colcon_core.verb:set package 'my_second_pkg_msgs' build argument 'ament_cmake_args' from command line to 'None'
[0.449s] Level 5:colcon.colcon_core.verb:set package 'my_second_pkg_msgs' build argument 'catkin_cmake_args' from command line to 'None'
[0.449s] Level 5:colcon.colcon_core.verb:set package 'my_second_pkg_msgs' build argument 'catkin_skip_building_tests' from command line to 'False'
[0.449s] DEBUG:colcon.colcon_core.verb:Building package 'my_second_pkg_msgs' with the following arguments: {'ament_cmake_args': None, 'build_base': '/home/ghtn10000/robot_ws/build/my_second_pkg_msgs', 'catkin_cmake_args': None, 'catkin_skip_building_tests': False, 'cmake_args': None, 'cmake_clean_cache': False, 'cmake_clean_first': False, 'cmake_force_configure': False, 'cmake_target': None, 'cmake_target_skip_unavailable': False, 'install_base': '/home/ghtn10000/robot_ws/install/my_second_pkg_msgs', 'merge_install': False, 'path': '/home/ghtn10000/robot_ws/src/my_second_pkg_msgs', 'symlink_install': True, 'test_result_base': None}
[0.450s] Level 5:colcon.colcon_core.verb:set package 'my_timer_pkg' build argument 'cmake_args' from command line to 'None'
[0.450s] Level 5:colcon.colcon_core.verb:set package 'my_timer_pkg' build argument 'cmake_target' from command line to 'None'
[0.450s] Level 5:colcon.colcon_core.verb:set package 'my_timer_pkg' build argument 'cmake_target_skip_unavailable' from command line to 'False'
[0.450s] Level 5:colcon.colcon_core.verb:set package 'my_timer_pkg' build argument 'cmake_clean_cache' from command line to 'False'
[0.450s] Level 5:colcon.colcon_core.verb:set package 'my_timer_pkg' build argument 'cmake_clean_first' from command line to 'False'
[0.450s] Level 5:colcon.colcon_core.verb:set package 'my_timer_pkg' build argument 'cmake_force_configure' from command line to 'False'
[0.450s] Level 5:colcon.colcon_core.verb:set package 'my_timer_pkg' build argument 'ament_cmake_args' from command line to 'None'
[0.450s] Level 5:colcon.colcon_core.verb:set package 'my_timer_pkg' build argument 'catkin_cmake_args' from command line to 'None'
[0.450s] Level 5:colcon.colcon_core.verb:set package 'my_timer_pkg' build argument 'catkin_skip_building_tests' from command line to 'False'
[0.450s] DEBUG:colcon.colcon_core.verb:Building package 'my_timer_pkg' with the following arguments: {'ament_cmake_args': None, 'build_base': '/home/ghtn10000/robot_ws/build/my_timer_pkg', 'catkin_cmake_args': None, 'catkin_skip_building_tests': False, 'cmake_args': None, 'cmake_clean_cache': False, 'cmake_clean_first': False, 'cmake_force_configure': False, 'cmake_target': None, 'cmake_target_skip_unavailable': False, 'install_base': '/home/ghtn10000/robot_ws/install/my_timer_pkg', 'merge_install': False, 'path': '/home/ghtn10000/robot_ws/src/my_timer_pkg', 'symlink_install': True, 'test_result_base': None}
[0.450s] Level 5:colcon.colcon_core.verb:set package 'my_turtlebot_pkg' build argument 'cmake_args' from command line to 'None'
[0.450s] Level 5:colcon.colcon_core.verb:set package 'my_turtlebot_pkg' build argument 'cmake_target' from command line to 'None'
[0.450s] Level 5:colcon.colcon_core.verb:set package 'my_turtlebot_pkg' build argument 'cmake_target_skip_unavailable' from command line to 'False'
[0.450s] Level 5:colcon.colcon_core.verb:set package 'my_turtlebot_pkg' build argument 'cmake_clean_cache' from command line to 'False'
[0.450s] Level 5:colcon.colcon_core.verb:set package 'my_turtlebot_pkg' build argument 'cmake_clean_first' from command line to 'False'
[0.450s] Level 5:colcon.colcon_core.verb:set package 'my_turtlebot_pkg' build argument 'cmake_force_configure' from command line to 'False'
[0.450s] Level 5:colcon.colcon_core.verb:set package 'my_turtlebot_pkg' build argument 'ament_cmake_args' from command line to 'None'
[0.450s] Level 5:colcon.colcon_core.verb:set package 'my_turtlebot_pkg' build argument 'catkin_cmake_args' from command line to 'None'
[0.450s] Level 5:colcon.colcon_core.verb:set package 'my_turtlebot_pkg' build argument 'catkin_skip_building_tests' from command line to 'False'
[0.450s] DEBUG:colcon.colcon_core.verb:Building package 'my_turtlebot_pkg' with the following arguments: {'ament_cmake_args': None, 'build_base': '/home/ghtn10000/robot_ws/build/my_turtlebot_pkg', 'catkin_cmake_args': None, 'catkin_skip_building_tests': False, 'cmake_args': None, 'cmake_clean_cache': False, 'cmake_clean_first': False, 'cmake_force_configure': False, 'cmake_target': None, 'cmake_target_skip_unavailable': False, 'install_base': '/home/ghtn10000/robot_ws/install/my_turtlebot_pkg', 'merge_install': False, 'path': '/home/ghtn10000/robot_ws/src/my_turtlebot_pkg', 'symlink_install': True, 'test_result_base': None}
[0.451s] Level 5:colcon.colcon_core.verb:set package 'my_turtlesim_mobeturtle_pkg' build argument 'cmake_args' from command line to 'None'
[0.451s] Level 5:colcon.colcon_core.verb:set package 'my_turtlesim_mobeturtle_pkg' build argument 'cmake_target' from command line to 'None'
[0.451s] Level 5:colcon.colcon_core.verb:set package 'my_turtlesim_mobeturtle_pkg' build argument 'cmake_target_skip_unavailable' from command line to 'False'
[0.451s] Level 5:colcon.colcon_core.verb:set package 'my_turtlesim_mobeturtle_pkg' build argument 'cmake_clean_cache' from command line to 'False'
[0.451s] Level 5:colcon.colcon_core.verb:set package 'my_turtlesim_mobeturtle_pkg' build argument 'cmake_clean_first' from command line to 'False'
[0.451s] Level 5:colcon.colcon_core.verb:set package 'my_turtlesim_mobeturtle_pkg' build argument 'cmake_force_configure' from command line to 'False'
[0.451s] Level 5:colcon.colcon_core.verb:set package 'my_turtlesim_mobeturtle_pkg' build argument 'ament_cmake_args' from command line to 'None'
[0.451s] Level 5:colcon.colcon_core.verb:set package 'my_turtlesim_mobeturtle_pkg' build argument 'catkin_cmake_args' from command line to 'None'
[0.451s] Level 5:colcon.colcon_core.verb:set package 'my_turtlesim_mobeturtle_pkg' build argument 'catkin_skip_building_tests' from command line to 'False'
[0.451s] DEBUG:colcon.colcon_core.verb:Building package 'my_turtlesim_mobeturtle_pkg' with the following arguments: {'ament_cmake_args': None, 'build_base': '/home/ghtn10000/robot_ws/build/my_turtlesim_mobeturtle_pkg', 'catkin_cmake_args': None, 'catkin_skip_building_tests': False, 'cmake_args': None, 'cmake_clean_cache': False, 'cmake_clean_first': False, 'cmake_force_configure': False, 'cmake_target': None, 'cmake_target_skip_unavailable': False, 'install_base': '/home/ghtn10000/robot_ws/install/my_turtlesim_mobeturtle_pkg', 'merge_install': False, 'path': '/home/ghtn10000/robot_ws/src/my_turtlesim_mobeturtle_pkg', 'symlink_install': True, 'test_result_base': None}
[0.451s] Level 5:colcon.colcon_core.verb:set package 'topic_srv_act_rclpy_ex' build argument 'cmake_args' from command line to 'None'
[0.451s] Level 5:colcon.colcon_core.verb:set package 'topic_srv_act_rclpy_ex' build argument 'cmake_target' from command line to 'None'
[0.451s] Level 5:colcon.colcon_core.verb:set package 'topic_srv_act_rclpy_ex' build argument 'cmake_target_skip_unavailable' from command line to 'False'
[0.451s] Level 5:colcon.colcon_core.verb:set package 'topic_srv_act_rclpy_ex' build argument 'cmake_clean_cache' from command line to 'False'
[0.451s] Level 5:colcon.colcon_core.verb:set package 'topic_srv_act_rclpy_ex' build argument 'cmake_clean_first' from command line to 'False'
[0.451s] Level 5:colcon.colcon_core.verb:set package 'topic_srv_act_rclpy_ex' build argument 'cmake_force_configure' from command line to 'False'
[0.452s] Level 5:colcon.colcon_core.verb:set package 'topic_srv_act_rclpy_ex' build argument 'ament_cmake_args' from command line to 'None'
[0.452s] Level 5:colcon.colcon_core.verb:set package 'topic_srv_act_rclpy_ex' build argument 'catkin_cmake_args' from command line to 'None'
[0.452s] Level 5:colcon.colcon_core.verb:set package 'topic_srv_act_rclpy_ex' build argument 'catkin_skip_building_tests' from command line to 'False'
[0.452s] DEBUG:colcon.colcon_core.verb:Building package 'topic_srv_act_rclpy_ex' with the following arguments: {'ament_cmake_args': None, 'build_base': '/home/ghtn10000/robot_ws/build/topic_srv_act_rclpy_ex', 'catkin_cmake_args': None, 'catkin_skip_building_tests': False, 'cmake_args': None, 'cmake_clean_cache': False, 'cmake_clean_first': False, 'cmake_force_configure': False, 'cmake_target': None, 'cmake_target_skip_unavailable': False, 'install_base': '/home/ghtn10000/robot_ws/install/topic_srv_act_rclpy_ex', 'merge_install': False, 'path': '/home/ghtn10000/robot_ws/src/topic_srv_act_rclpy_ex', 'symlink_install': True, 'test_result_base': None}
[0.452s] INFO:colcon.colcon_core.executor:Executing jobs using 'parallel' executor
[0.453s] DEBUG:colcon.colcon_parallel_executor.executor.parallel:run_until_complete
[0.453s] INFO:colcon.colcon_ros.task.ament_cmake.build:Building ROS package in '/home/ghtn10000/robot_ws/src/msg_srv_act_interface_ex' with build type 'ament_cmake'
[0.453s] INFO:colcon.colcon_cmake.task.cmake.build:Building CMake package in '/home/ghtn10000/robot_ws/src/msg_srv_act_interface_ex'
[0.456s] INFO:colcon.colcon_core.plugin_system:Skipping extension 'colcon_core.shell.bat': Not used on non-Windows systems
[0.456s] INFO:colcon.colcon_core.shell:Skip shell extension 'powershell' for command environment: Not usable outside of PowerShell
[0.456s] DEBUG:colcon.colcon_core.shell:Skip shell extension 'dsv' for command environment
[0.461s] INFO:colcon.colcon_ros.task.ament_python.build:Building ROS package in '/home/ghtn10000/robot_ws/src/my_first_ros_rclpy_pkg' with build type 'ament_python'
[0.462s] Level 1:colcon.colcon_core.shell:create_environment_hook('my_first_ros_rclpy_pkg', 'ament_prefix_path')
[0.462s] INFO:colcon.colcon_core.shell:Creating environment hook '/home/ghtn10000/robot_ws/install/my_first_ros_rclpy_pkg/share/my_first_ros_rclpy_pkg/hook/ament_prefix_path.ps1'
[0.463s] INFO:colcon.colcon_core.shell:Creating environment descriptor '/home/ghtn10000/robot_ws/install/my_first_ros_rclpy_pkg/share/my_first_ros_rclpy_pkg/hook/ament_prefix_path.dsv'
[0.463s] INFO:colcon.colcon_core.shell:Creating environment hook '/home/ghtn10000/robot_ws/install/my_first_ros_rclpy_pkg/share/my_first_ros_rclpy_pkg/hook/ament_prefix_path.sh'
[0.464s] INFO:colcon.colcon_core.shell:Skip shell extension 'powershell' for command environment: Not usable outside of PowerShell
[0.464s] DEBUG:colcon.colcon_core.shell:Skip shell extension 'dsv' for command environment
[0.470s] INFO:colcon.colcon_ros.task.ament_cmake.build:Building ROS package in '/home/ghtn10000/robot_ws/src/my_second_pkg_msgs' with build type 'ament_cmake'
[0.470s] INFO:colcon.colcon_cmake.task.cmake.build:Building CMake package in '/home/ghtn10000/robot_ws/src/my_second_pkg_msgs'
[0.470s] INFO:colcon.colcon_core.shell:Skip shell extension 'powershell' for command environment: Not usable outside of PowerShell
[0.471s] DEBUG:colcon.colcon_core.shell:Skip shell extension 'dsv' for command environment
[0.476s] INFO:colcon.colcon_ros.task.ament_python.build:Building ROS package in '/home/ghtn10000/robot_ws/src/my_timer_pkg' with build type 'ament_python'
[0.476s] Level 1:colcon.colcon_core.shell:create_environment_hook('my_timer_pkg', 'ament_prefix_path')
[0.477s] INFO:colcon.colcon_core.shell:Creating environment hook '/home/ghtn10000/robot_ws/install/my_timer_pkg/share/my_timer_pkg/hook/ament_prefix_path.ps1'
[0.478s] INFO:colcon.colcon_core.shell:Creating environment descriptor '/home/ghtn10000/robot_ws/install/my_timer_pkg/share/my_timer_pkg/hook/ament_prefix_path.dsv'
[0.479s] INFO:colcon.colcon_core.shell:Creating environment hook '/home/ghtn10000/robot_ws/install/my_timer_pkg/share/my_timer_pkg/hook/ament_prefix_path.sh'
[0.479s] INFO:colcon.colcon_core.shell:Skip shell extension 'powershell' for command environment: Not usable outside of PowerShell
[0.479s] DEBUG:colcon.colcon_core.shell:Skip shell extension 'dsv' for command environment
[0.484s] INFO:colcon.colcon_ros.task.ament_python.build:Building ROS package in '/home/ghtn10000/robot_ws/src/my_turtlebot_pkg' with build type 'ament_python'
[0.484s] Level 1:colcon.colcon_core.shell:create_environment_hook('my_turtlebot_pkg', 'ament_prefix_path')
[0.485s] INFO:colcon.colcon_core.shell:Creating environment hook '/home/ghtn10000/robot_ws/install/my_turtlebot_pkg/share/my_turtlebot_pkg/hook/ament_prefix_path.ps1'
[0.485s] INFO:colcon.colcon_core.shell:Creating environment descriptor '/home/ghtn10000/robot_ws/install/my_turtlebot_pkg/share/my_turtlebot_pkg/hook/ament_prefix_path.dsv'
[0.486s] INFO:colcon.colcon_core.shell:Creating environment hook '/home/ghtn10000/robot_ws/install/my_turtlebot_pkg/share/my_turtlebot_pkg/hook/ament_prefix_path.sh'
[0.486s] INFO:colcon.colcon_core.shell:Skip shell extension 'powershell' for command environment: Not usable outside of PowerShell
[0.486s] DEBUG:colcon.colcon_core.shell:Skip shell extension 'dsv' for command environment
[0.491s] INFO:colcon.colcon_ros.task.ament_python.build:Building ROS package in '/home/ghtn10000/robot_ws/src/my_turtlesim_mobeturtle_pkg' with build type 'ament_python'
[0.491s] Level 1:colcon.colcon_core.shell:create_environment_hook('my_turtlesim_mobeturtle_pkg', 'ament_prefix_path')
[0.492s] INFO:colcon.colcon_core.shell:Creating environment hook '/home/ghtn10000/robot_ws/install/my_turtlesim_mobeturtle_pkg/share/my_turtlesim_mobeturtle_pkg/hook/ament_prefix_path.ps1'
[0.493s] INFO:colcon.colcon_core.shell:Creating environment descriptor '/home/ghtn10000/robot_ws/install/my_turtlesim_mobeturtle_pkg/share/my_turtlesim_mobeturtle_pkg/hook/ament_prefix_path.dsv'
[0.493s] INFO:colcon.colcon_core.shell:Creating environment hook '/home/ghtn10000/robot_ws/install/my_turtlesim_mobeturtle_pkg/share/my_turtlesim_mobeturtle_pkg/hook/ament_prefix_path.sh'
[0.494s] INFO:colcon.colcon_core.shell:Skip shell extension 'powershell' for command environment: Not usable outside of PowerShell
[0.494s] DEBUG:colcon.colcon_core.shell:Skip shell extension 'dsv' for command environment
[0.499s] INFO:colcon.colcon_ros.task.ament_python.build:Building ROS package in '/home/ghtn10000/robot_ws/src/topic_srv_act_rclpy_ex' with build type 'ament_python'
[0.499s] Level 1:colcon.colcon_core.shell:create_environment_hook('topic_srv_act_rclpy_ex', 'ament_prefix_path')
[0.500s] INFO:colcon.colcon_core.shell:Creating environment hook '/home/ghtn10000/robot_ws/install/topic_srv_act_rclpy_ex/share/topic_srv_act_rclpy_ex/hook/ament_prefix_path.ps1'
[0.501s] INFO:colcon.colcon_core.shell:Creating environment descriptor '/home/ghtn10000/robot_ws/install/topic_srv_act_rclpy_ex/share/topic_srv_act_rclpy_ex/hook/ament_prefix_path.dsv'
[0.501s] INFO:colcon.colcon_core.shell:Creating environment hook '/home/ghtn10000/robot_ws/install/topic_srv_act_rclpy_ex/share/topic_srv_act_rclpy_ex/hook/ament_prefix_path.sh'
[0.502s] INFO:colcon.colcon_core.shell:Skip shell extension 'powershell' for command environment: Not usable outside of PowerShell
[0.502s] DEBUG:colcon.colcon_core.shell:Skip shell extension 'dsv' for command environment
[0.513s] DEBUG:colcon.colcon_core.event_handler.log_command:Invoking command in '/home/ghtn10000/robot_ws/build/msg_srv_act_interface_ex': CMAKE_PREFIX_PATH=${CMAKE_PREFIX_PATH}:/home/ghtn10000/turtlebot3_ws/install/turtlebot3_teleop:/home/ghtn10000/turtlebot3_ws/install/turtlebot3_example:/home/ghtn10000/turtlebot3_ws/install/turtlebot3_dqn:/home/ghtn10000/robot_ws/install/topic_srv_act_rclpy_ex:/home/ghtn10000/robot_ws/install/my_turtlesim_mobeturtle_pkg:/home/ghtn10000/robot_ws/install/my_turtlebot_pkg:/home/ghtn10000/robot_ws/install/my_timer_pkg:/home/ghtn10000/robot_ws/install/my_first_ros_rclpy_pkg:/opt/ros/humble /usr/bin/cmake --build /home/ghtn10000/robot_ws/build/msg_srv_act_interface_ex -- -j8 -l8
[0.903s] INFO:colcon.colcon_core.task.python.build:Building Python package in '/home/ghtn10000/robot_ws/src/my_first_ros_rclpy_pkg'
[0.903s] INFO:colcon.colcon_core.shell:Skip shell extension 'powershell' for command environment: Not usable outside of PowerShell
[0.903s] DEBUG:colcon.colcon_core.shell:Skip shell extension 'dsv' for command environment
[0.913s] DEBUG:colcon.colcon_core.event_handler.log_command:Invoking command in '/home/ghtn10000/robot_ws/build/my_second_pkg_msgs': CMAKE_PREFIX_PATH=${CMAKE_PREFIX_PATH}:/home/ghtn10000/turtlebot3_ws/install/turtlebot3_teleop:/home/ghtn10000/turtlebot3_ws/install/turtlebot3_example:/home/ghtn10000/turtlebot3_ws/install/turtlebot3_dqn:/home/ghtn10000/robot_ws/install/topic_srv_act_rclpy_ex:/home/ghtn10000/robot_ws/install/my_turtlesim_mobeturtle_pkg:/home/ghtn10000/robot_ws/install/my_turtlebot_pkg:/home/ghtn10000/robot_ws/install/my_timer_pkg:/home/ghtn10000/robot_ws/install/my_first_ros_rclpy_pkg:/opt/ros/humble /usr/bin/cmake --build /home/ghtn10000/robot_ws/build/my_second_pkg_msgs -- -j8 -l8
[1.329s] INFO:colcon.colcon_core.task.python.build:Building Python package in '/home/ghtn10000/robot_ws/src/my_timer_pkg'
[1.329s] INFO:colcon.colcon_core.shell:Skip shell extension 'powershell' for command environment: Not usable outside of PowerShell
[1.329s] DEBUG:colcon.colcon_core.shell:Skip shell extension 'dsv' for command environment
[1.687s] INFO:colcon.colcon_core.task.python.build:Building Python package in '/home/ghtn10000/robot_ws/src/my_turtlebot_pkg'
[1.687s] INFO:colcon.colcon_core.shell:Skip shell extension 'powershell' for command environment: Not usable outside of PowerShell
[1.687s] DEBUG:colcon.colcon_core.shell:Skip shell extension 'dsv' for command environment
[2.059s] INFO:colcon.colcon_core.task.python.build:Building Python package in '/home/ghtn10000/robot_ws/src/my_turtlesim_mobeturtle_pkg'
[2.059s] INFO:colcon.colcon_core.shell:Skip shell extension 'powershell' for command environment: Not usable outside of PowerShell
[2.059s] DEBUG:colcon.colcon_core.shell:Skip shell extension 'dsv' for command environment
[2.446s] INFO:colcon.colcon_core.task.python.build:Building Python package in '/home/ghtn10000/robot_ws/src/topic_srv_act_rclpy_ex'
[2.446s] INFO:colcon.colcon_core.shell:Skip shell extension 'powershell' for command environment: Not usable outside of PowerShell
[2.446s] DEBUG:colcon.colcon_core.shell:Skip shell extension 'dsv' for command environment
[2.453s] DEBUG:colcon.colcon_core.event_handler.log_command:Invoked command in '/home/ghtn10000/robot_ws/build/msg_srv_act_interface_ex' returned '0': CMAKE_PREFIX_PATH=${CMAKE_PREFIX_PATH}:/home/ghtn10000/turtlebot3_ws/install/turtlebot3_teleop:/home/ghtn10000/turtlebot3_ws/install/turtlebot3_example:/home/ghtn10000/turtlebot3_ws/install/turtlebot3_dqn:/home/ghtn10000/robot_ws/install/topic_srv_act_rclpy_ex:/home/ghtn10000/robot_ws/install/my_turtlesim_mobeturtle_pkg:/home/ghtn10000/robot_ws/install/my_turtlebot_pkg:/home/ghtn10000/robot_ws/install/my_timer_pkg:/home/ghtn10000/robot_ws/install/my_first_ros_rclpy_pkg:/opt/ros/humble /usr/bin/cmake --build /home/ghtn10000/robot_ws/build/msg_srv_act_interface_ex -- -j8 -l8
[2.466s] DEBUG:colcon.colcon_core.event_handler.log_command:Invoking command in '/home/ghtn10000/robot_ws/build/msg_srv_act_interface_ex': CMAKE_PREFIX_PATH=${CMAKE_PREFIX_PATH}:/home/ghtn10000/turtlebot3_ws/install/turtlebot3_teleop:/home/ghtn10000/turtlebot3_ws/install/turtlebot3_example:/home/ghtn10000/turtlebot3_ws/install/turtlebot3_dqn:/home/ghtn10000/robot_ws/install/topic_srv_act_rclpy_ex:/home/ghtn10000/robot_ws/install/my_turtlesim_mobeturtle_pkg:/home/ghtn10000/robot_ws/install/my_turtlebot_pkg:/home/ghtn10000/robot_ws/install/my_timer_pkg:/home/ghtn10000/robot_ws/install/my_first_ros_rclpy_pkg:/opt/ros/humble /usr/bin/cmake --install /home/ghtn10000/robot_ws/build/msg_srv_act_interface_ex
[2.467s] DEBUG:colcon.colcon_core.event_handler.log_command:Invoked command in '/home/ghtn10000/robot_ws/build/my_second_pkg_msgs' returned '0': CMAKE_PREFIX_PATH=${CMAKE_PREFIX_PATH}:/home/ghtn10000/turtlebot3_ws/install/turtlebot3_teleop:/home/ghtn10000/turtlebot3_ws/install/turtlebot3_example:/home/ghtn10000/turtlebot3_ws/install/turtlebot3_dqn:/home/ghtn10000/robot_ws/install/topic_srv_act_rclpy_ex:/home/ghtn10000/robot_ws/install/my_turtlesim_mobeturtle_pkg:/home/ghtn10000/robot_ws/install/my_turtlebot_pkg:/home/ghtn10000/robot_ws/install/my_timer_pkg:/home/ghtn10000/robot_ws/install/my_first_ros_rclpy_pkg:/opt/ros/humble /usr/bin/cmake --build /home/ghtn10000/robot_ws/build/my_second_pkg_msgs -- -j8 -l8
[2.471s] DEBUG:colcon.colcon_core.event_handler.log_command:Invoking command in '/home/ghtn10000/robot_ws/build/my_second_pkg_msgs': CMAKE_PREFIX_PATH=${CMAKE_PREFIX_PATH}:/home/ghtn10000/turtlebot3_ws/install/turtlebot3_teleop:/home/ghtn10000/turtlebot3_ws/install/turtlebot3_example:/home/ghtn10000/turtlebot3_ws/install/turtlebot3_dqn:/home/ghtn10000/robot_ws/install/topic_srv_act_rclpy_ex:/home/ghtn10000/robot_ws/install/my_turtlesim_mobeturtle_pkg:/home/ghtn10000/robot_ws/install/my_turtlebot_pkg:/home/ghtn10000/robot_ws/install/my_timer_pkg:/home/ghtn10000/robot_ws/install/my_first_ros_rclpy_pkg:/opt/ros/humble /usr/bin/cmake --install /home/ghtn10000/robot_ws/build/my_second_pkg_msgs
[2.660s] Level 1:colcon.colcon_core.environment:create_environment_scripts_only(msg_srv_act_interface_ex)
[2.666s] DEBUG:colcon.colcon_core.event_handler.log_command:Invoked command in '/home/ghtn10000/robot_ws/build/msg_srv_act_interface_ex' returned '0': CMAKE_PREFIX_PATH=${CMAKE_PREFIX_PATH}:/home/ghtn10000/turtlebot3_ws/install/turtlebot3_teleop:/home/ghtn10000/turtlebot3_ws/install/turtlebot3_example:/home/ghtn10000/turtlebot3_ws/install/turtlebot3_dqn:/home/ghtn10000/robot_ws/install/topic_srv_act_rclpy_ex:/home/ghtn10000/robot_ws/install/my_turtlesim_mobeturtle_pkg:/home/ghtn10000/robot_ws/install/my_turtlebot_pkg:/home/ghtn10000/robot_ws/install/my_timer_pkg:/home/ghtn10000/robot_ws/install/my_first_ros_rclpy_pkg:/opt/ros/humble /usr/bin/cmake --install /home/ghtn10000/robot_ws/build/msg_srv_act_interface_ex
[2.669s] Level 1:colcon.colcon_core.environment:checking '/home/ghtn10000/robot_ws/install/msg_srv_act_interface_ex' for CMake module files
[2.670s] Level 1:colcon.colcon_core.environment:checking '/home/ghtn10000/robot_ws/install/msg_srv_act_interface_ex' for CMake config files
[2.671s] Level 1:colcon.colcon_core.shell:create_environment_hook('msg_srv_act_interface_ex', 'cmake_prefix_path')
[2.673s] INFO:colcon.colcon_core.shell:Creating environment hook '/home/ghtn10000/robot_ws/install/msg_srv_act_interface_ex/share/msg_srv_act_interface_ex/hook/cmake_prefix_path.ps1'
[2.674s] INFO:colcon.colcon_core.shell:Creating environment descriptor '/home/ghtn10000/robot_ws/install/msg_srv_act_interface_ex/share/msg_srv_act_interface_ex/hook/cmake_prefix_path.dsv'
[2.674s] INFO:colcon.colcon_core.shell:Creating environment hook '/home/ghtn10000/robot_ws/install/msg_srv_act_interface_ex/share/msg_srv_act_interface_ex/hook/cmake_prefix_path.sh'
[2.676s] Level 1:colcon.colcon_core.environment:checking '/home/ghtn10000/robot_ws/install/msg_srv_act_interface_ex/lib'
[2.676s] Level 1:colcon.colcon_core.shell:create_environment_hook('msg_srv_act_interface_ex', 'ld_library_path_lib')
[2.676s] INFO:colcon.colcon_core.shell:Creating environment hook '/home/ghtn10000/robot_ws/install/msg_srv_act_interface_ex/share/msg_srv_act_interface_ex/hook/ld_library_path_lib.ps1'
[2.677s] INFO:colcon.colcon_core.shell:Creating environment descriptor '/home/ghtn10000/robot_ws/install/msg_srv_act_interface_ex/share/msg_srv_act_interface_ex/hook/ld_library_path_lib.dsv'
[2.678s] INFO:colcon.colcon_core.shell:Creating environment hook '/home/ghtn10000/robot_ws/install/msg_srv_act_interface_ex/share/msg_srv_act_interface_ex/hook/ld_library_path_lib.sh'
[2.679s] Level 1:colcon.colcon_core.environment:checking '/home/ghtn10000/robot_ws/install/msg_srv_act_interface_ex/bin'
[2.679s] Level 1:colcon.colcon_core.environment:checking '/home/ghtn10000/robot_ws/install/msg_srv_act_interface_ex/lib/pkgconfig/msg_srv_act_interface_ex.pc'
[2.680s] Level 1:colcon.colcon_core.environment:checking '/home/ghtn10000/robot_ws/install/msg_srv_act_interface_ex/lib/python3.10/site-packages'
[2.680s] Level 1:colcon.colcon_core.environment:checking '/home/ghtn10000/robot_ws/install/msg_srv_act_interface_ex/bin'
[2.681s] INFO:colcon.colcon_core.shell:Creating package script '/home/ghtn10000/robot_ws/install/msg_srv_act_interface_ex/share/msg_srv_act_interface_ex/package.ps1'
[2.683s] INFO:colcon.colcon_core.shell:Creating package descriptor '/home/ghtn10000/robot_ws/install/msg_srv_act_interface_ex/share/msg_srv_act_interface_ex/package.dsv'
[2.684s] INFO:colcon.colcon_core.shell:Creating package script '/home/ghtn10000/robot_ws/install/msg_srv_act_interface_ex/share/msg_srv_act_interface_ex/package.sh'
[2.686s] INFO:colcon.colcon_core.shell:Creating package script '/home/ghtn10000/robot_ws/install/msg_srv_act_interface_ex/share/msg_srv_act_interface_ex/package.bash'
[2.687s] INFO:colcon.colcon_core.shell:Creating package script '/home/ghtn10000/robot_ws/install/msg_srv_act_interface_ex/share/msg_srv_act_interface_ex/package.zsh'
[2.689s] Level 1:colcon.colcon_core.environment:create_file_with_runtime_dependencies(/home/ghtn10000/robot_ws/install/msg_srv_act_interface_ex/share/colcon-core/packages/msg_srv_act_interface_ex)
[2.690s] Level 1:colcon.colcon_core.environment:create_environment_scripts_only(msg_srv_act_interface_ex)
[2.691s] Level 1:colcon.colcon_core.environment:checking '/home/ghtn10000/robot_ws/install/msg_srv_act_interface_ex' for CMake module files
[2.692s] Level 1:colcon.colcon_core.environment:checking '/home/ghtn10000/robot_ws/install/msg_srv_act_interface_ex' for CMake config files
[2.693s] Level 1:colcon.colcon_core.shell:create_environment_hook('msg_srv_act_interface_ex', 'cmake_prefix_path')
[2.694s] INFO:colcon.colcon_core.shell:Creating environment hook '/home/ghtn10000/robot_ws/install/msg_srv_act_interface_ex/share/msg_srv_act_interface_ex/hook/cmake_prefix_path.ps1'
[2.695s] INFO:colcon.colcon_core.shell:Creating environment descriptor '/home/ghtn10000/robot_ws/install/msg_srv_act_interface_ex/share/msg_srv_act_interface_ex/hook/cmake_prefix_path.dsv'
[2.696s] INFO:colcon.colcon_core.shell:Creating environment hook '/home/ghtn10000/robot_ws/install/msg_srv_act_interface_ex/share/msg_srv_act_interface_ex/hook/cmake_prefix_path.sh'
[2.697s] Level 1:colcon.colcon_core.environment:checking '/home/ghtn10000/robot_ws/install/msg_srv_act_interface_ex/lib'
[2.697s] Level 1:colcon.colcon_core.shell:create_environment_hook('msg_srv_act_interface_ex', 'ld_library_path_lib')
[2.698s] INFO:colcon.colcon_core.shell:Creating environment hook '/home/ghtn10000/robot_ws/install/msg_srv_act_interface_ex/share/msg_srv_act_interface_ex/hook/ld_library_path_lib.ps1'
[2.699s] INFO:colcon.colcon_core.shell:Creating environment descriptor '/home/ghtn10000/robot_ws/install/msg_srv_act_interface_ex/share/msg_srv_act_interface_ex/hook/ld_library_path_lib.dsv'
[2.699s] INFO:colcon.colcon_core.shell:Creating environment hook '/home/ghtn10000/robot_ws/install/msg_srv_act_interface_ex/share/msg_srv_act_interface_ex/hook/ld_library_path_lib.sh'
[2.700s] Level 1:colcon.colcon_core.environment:checking '/home/ghtn10000/robot_ws/install/msg_srv_act_interface_ex/bin'
[2.700s] Level 1:colcon.colcon_core.environment:checking '/home/ghtn10000/robot_ws/install/msg_srv_act_interface_ex/lib/pkgconfig/msg_srv_act_interface_ex.pc'
[2.701s] Level 1:colcon.colcon_core.environment:checking '/home/ghtn10000/robot_ws/install/msg_srv_act_interface_ex/lib/python3.10/site-packages'
[2.701s] Level 1:colcon.colcon_core.environment:checking '/home/ghtn10000/robot_ws/install/msg_srv_act_interface_ex/bin'
[2.702s] INFO:colcon.colcon_core.shell:Creating package script '/home/ghtn10000/robot_ws/install/msg_srv_act_interface_ex/share/msg_srv_act_interface_ex/package.ps1'
[2.703s] INFO:colcon.colcon_core.shell:Creating package descriptor '/home/ghtn10000/robot_ws/install/msg_srv_act_interface_ex/share/msg_srv_act_interface_ex/package.dsv'
[2.704s] INFO:colcon.colcon_core.shell:Creating package script '/home/ghtn10000/robot_ws/install/msg_srv_act_interface_ex/share/msg_srv_act_interface_ex/package.sh'
[2.705s] INFO:colcon.colcon_core.shell:Creating package script '/home/ghtn10000/robot_ws/install/msg_srv_act_interface_ex/share/msg_srv_act_interface_ex/package.bash'
[2.706s] INFO:colcon.colcon_core.shell:Creating package script '/home/ghtn10000/robot_ws/install/msg_srv_act_interface_ex/share/msg_srv_act_interface_ex/package.zsh'
[2.707s] Level 1:colcon.colcon_core.environment:create_file_with_runtime_dependencies(/home/ghtn10000/robot_ws/install/msg_srv_act_interface_ex/share/colcon-core/packages/msg_srv_act_interface_ex)
[2.709s] Level 1:colcon.colcon_core.environment:create_environment_scripts_only(my_second_pkg_msgs)
[2.710s] Level 1:colcon.colcon_core.environment:checking '/home/ghtn10000/robot_ws/install/my_second_pkg_msgs' for CMake module files
[2.712s] Level 1:colcon.colcon_core.environment:checking '/home/ghtn10000/robot_ws/install/my_second_pkg_msgs' for CMake config files
[2.710s] DEBUG:colcon.colcon_core.event_handler.log_command:Invoked command in '/home/ghtn10000/robot_ws/build/my_second_pkg_msgs' returned '0': CMAKE_PREFIX_PATH=${CMAKE_PREFIX_PATH}:/home/ghtn10000/turtlebot3_ws/install/turtlebot3_teleop:/home/ghtn10000/turtlebot3_ws/install/turtlebot3_example:/home/ghtn10000/turtlebot3_ws/install/turtlebot3_dqn:/home/ghtn10000/robot_ws/install/topic_srv_act_rclpy_ex:/home/ghtn10000/robot_ws/install/my_turtlesim_mobeturtle_pkg:/home/ghtn10000/robot_ws/install/my_turtlebot_pkg:/home/ghtn10000/robot_ws/install/my_timer_pkg:/home/ghtn10000/robot_ws/install/my_first_ros_rclpy_pkg:/opt/ros/humble /usr/bin/cmake --install /home/ghtn10000/robot_ws/build/my_second_pkg_msgs
[2.713s] Level 1:colcon.colcon_core.shell:create_environment_hook('my_second_pkg_msgs', 'cmake_prefix_path')
[2.714s] INFO:colcon.colcon_core.shell:Creating environment hook '/home/ghtn10000/robot_ws/install/my_second_pkg_msgs/share/my_second_pkg_msgs/hook/cmake_prefix_path.ps1'
[2.715s] INFO:colcon.colcon_core.shell:Creating environment descriptor '/home/ghtn10000/robot_ws/install/my_second_pkg_msgs/share/my_second_pkg_msgs/hook/cmake_prefix_path.dsv'
[2.716s] INFO:colcon.colcon_core.shell:Creating environment hook '/home/ghtn10000/robot_ws/install/my_second_pkg_msgs/share/my_second_pkg_msgs/hook/cmake_prefix_path.sh'
[2.717s] Level 1:colcon.colcon_core.environment:checking '/home/ghtn10000/robot_ws/install/my_second_pkg_msgs/lib'
[2.717s] Level 1:colcon.colcon_core.shell:create_environment_hook('my_second_pkg_msgs', 'ld_library_path_lib')
[2.718s] INFO:colcon.colcon_core.shell:Creating environment hook '/home/ghtn10000/robot_ws/install/my_second_pkg_msgs/share/my_second_pkg_msgs/hook/ld_library_path_lib.ps1'
[2.719s] INFO:colcon.colcon_core.shell:Creating environment descriptor '/home/ghtn10000/robot_ws/install/my_second_pkg_msgs/share/my_second_pkg_msgs/hook/ld_library_path_lib.dsv'
[2.720s] INFO:colcon.colcon_core.shell:Creating environment hook '/home/ghtn10000/robot_ws/install/my_second_pkg_msgs/share/my_second_pkg_msgs/hook/ld_library_path_lib.sh'
[2.721s] Level 1:colcon.colcon_core.environment:checking '/home/ghtn10000/robot_ws/install/my_second_pkg_msgs/bin'
[2.721s] Level 1:colcon.colcon_core.environment:checking '/home/ghtn10000/robot_ws/install/my_second_pkg_msgs/lib/pkgconfig/my_second_pkg_msgs.pc'
[2.721s] Level 1:colcon.colcon_core.environment:checking '/home/ghtn10000/robot_ws/install/my_second_pkg_msgs/lib/python3.10/site-packages'
[2.722s] Level 1:colcon.colcon_core.environment:checking '/home/ghtn10000/robot_ws/install/my_second_pkg_msgs/bin'
[2.723s] INFO:colcon.colcon_core.shell:Creating package script '/home/ghtn10000/robot_ws/install/my_second_pkg_msgs/share/my_second_pkg_msgs/package.ps1'
[2.724s] INFO:colcon.colcon_core.shell:Creating package descriptor '/home/ghtn10000/robot_ws/install/my_second_pkg_msgs/share/my_second_pkg_msgs/package.dsv'
[2.725s] INFO:colcon.colcon_core.shell:Creating package script '/home/ghtn10000/robot_ws/install/my_second_pkg_msgs/share/my_second_pkg_msgs/package.sh'
[2.726s] INFO:colcon.colcon_core.shell:Creating package script '/home/ghtn10000/robot_ws/install/my_second_pkg_msgs/share/my_second_pkg_msgs/package.bash'
[2.726s] INFO:colcon.colcon_core.shell:Creating package script '/home/ghtn10000/robot_ws/install/my_second_pkg_msgs/share/my_second_pkg_msgs/package.zsh'
[2.727s] Level 1:colcon.colcon_core.environment:create_file_with_runtime_dependencies(/home/ghtn10000/robot_ws/install/my_second_pkg_msgs/share/colcon-core/packages/my_second_pkg_msgs)
[2.729s] Level 1:colcon.colcon_core.environment:create_environment_scripts_only(my_second_pkg_msgs)
[2.729s] Level 1:colcon.colcon_core.environment:checking '/home/ghtn10000/robot_ws/install/my_second_pkg_msgs' for CMake module files
[2.730s] Level 1:colcon.colcon_core.environment:checking '/home/ghtn10000/robot_ws/install/my_second_pkg_msgs' for CMake config files
[2.732s] Level 1:colcon.colcon_core.shell:create_environment_hook('my_second_pkg_msgs', 'cmake_prefix_path')
[2.732s] INFO:colcon.colcon_core.shell:Creating environment hook '/home/ghtn10000/robot_ws/install/my_second_pkg_msgs/share/my_second_pkg_msgs/hook/cmake_prefix_path.ps1'
[2.733s] INFO:colcon.colcon_core.shell:Creating environment descriptor '/home/ghtn10000/robot_ws/install/my_second_pkg_msgs/share/my_second_pkg_msgs/hook/cmake_prefix_path.dsv'
[2.734s] INFO:colcon.colcon_core.shell:Creating environment hook '/home/ghtn10000/robot_ws/install/my_second_pkg_msgs/share/my_second_pkg_msgs/hook/cmake_prefix_path.sh'
[2.735s] Level 1:colcon.colcon_core.environment:checking '/home/ghtn10000/robot_ws/install/my_second_pkg_msgs/lib'
[2.735s] Level 1:colcon.colcon_core.shell:create_environment_hook('my_second_pkg_msgs', 'ld_library_path_lib')
[2.736s] INFO:colcon.colcon_core.shell:Creating environment hook '/home/ghtn10000/robot_ws/install/my_second_pkg_msgs/share/my_second_pkg_msgs/hook/ld_library_path_lib.ps1'
[2.736s] INFO:colcon.colcon_core.shell:Creating environment descriptor '/home/ghtn10000/robot_ws/install/my_second_pkg_msgs/share/my_second_pkg_msgs/hook/ld_library_path_lib.dsv'
[2.737s] INFO:colcon.colcon_core.shell:Creating environment hook '/home/ghtn10000/robot_ws/install/my_second_pkg_msgs/share/my_second_pkg_msgs/hook/ld_library_path_lib.sh'
[2.738s] Level 1:colcon.colcon_core.environment:checking '/home/ghtn10000/robot_ws/install/my_second_pkg_msgs/bin'
[2.738s] Level 1:colcon.colcon_core.environment:checking '/home/ghtn10000/robot_ws/install/my_second_pkg_msgs/lib/pkgconfig/my_second_pkg_msgs.pc'
[2.738s] Level 1:colcon.colcon_core.environment:checking '/home/ghtn10000/robot_ws/install/my_second_pkg_msgs/lib/python3.10/site-packages'
[2.739s] Level 1:colcon.colcon_core.environment:checking '/home/ghtn10000/robot_ws/install/my_second_pkg_msgs/bin'
[2.740s] INFO:colcon.colcon_core.shell:Creating package script '/home/ghtn10000/robot_ws/install/my_second_pkg_msgs/share/my_second_pkg_msgs/package.ps1'
[2.741s] INFO:colcon.colcon_core.shell:Creating package descriptor '/home/ghtn10000/robot_ws/install/my_second_pkg_msgs/share/my_second_pkg_msgs/package.dsv'
[2.742s] INFO:colcon.colcon_core.shell:Creating package script '/home/ghtn10000/robot_ws/install/my_second_pkg_msgs/share/my_second_pkg_msgs/package.sh'
[2.743s] INFO:colcon.colcon_core.shell:Creating package script '/home/ghtn10000/robot_ws/install/my_second_pkg_msgs/share/my_second_pkg_msgs/package.bash'
[2.744s] INFO:colcon.colcon_core.shell:Creating package script '/home/ghtn10000/robot_ws/install/my_second_pkg_msgs/share/my_second_pkg_msgs/package.zsh'
[2.745s] Level 1:colcon.colcon_core.environment:create_file_with_runtime_dependencies(/home/ghtn10000/robot_ws/install/my_second_pkg_msgs/share/colcon-core/packages/my_second_pkg_msgs)
[3.232s] DEBUG:colcon.colcon_core.event_handler.log_command:Invoking command in '/home/ghtn10000/robot_ws/build/my_timer_pkg': PYTHONPATH=/home/ghtn10000/robot_ws/build/my_timer_pkg/prefix_override:/usr/lib/python3/dist-packages/colcon_core/task/python/colcon_distutils_commands:/home/ghtn10000/robot_ws/install/my_timer_pkg/lib/python3.10/site-packages:${PYTHONPATH} /usr/bin/python3 -W ignore:setup.py install is deprecated -W ignore:easy_install command is deprecated setup.py develop --editable --build-directory /home/ghtn10000/robot_ws/build/my_timer_pkg/build --no-deps symlink_data
[3.279s] DEBUG:colcon.colcon_core.event_handler.log_command:Invoking command in '/home/ghtn10000/robot_ws/build/my_turtlebot_pkg': PYTHONPATH=/home/ghtn10000/robot_ws/build/my_turtlebot_pkg/prefix_override:/usr/lib/python3/dist-packages/colcon_core/task/python/colcon_distutils_commands:/home/ghtn10000/robot_ws/install/my_turtlebot_pkg/lib/python3.10/site-packages:${PYTHONPATH} /usr/bin/python3 -W ignore:setup.py install is deprecated -W ignore:easy_install command is deprecated setup.py develop --editable --build-directory /home/ghtn10000/robot_ws/build/my_turtlebot_pkg/build --no-deps symlink_data
[3.309s] DEBUG:colcon.colcon_core.event_handler.log_command:Invoking command in '/home/ghtn10000/robot_ws/build/my_first_ros_rclpy_pkg': PYTHONPATH=/home/ghtn10000/robot_ws/build/my_first_ros_rclpy_pkg/prefix_override:/usr/lib/python3/dist-packages/colcon_core/task/python/colcon_distutils_commands:/home/ghtn10000/robot_ws/install/my_first_ros_rclpy_pkg/lib/python3.10/site-packages:${PYTHONPATH} /usr/bin/python3 -W ignore:setup.py install is deprecated -W ignore:easy_install command is deprecated setup.py develop --editable --build-directory /home/ghtn10000/robot_ws/build/my_first_ros_rclpy_pkg/build --no-deps symlink_data
[3.314s] DEBUG:colcon.colcon_core.event_handler.log_command:Invoking command in '/home/ghtn10000/robot_ws/build/my_turtlesim_mobeturtle_pkg': PYTHONPATH=/home/ghtn10000/robot_ws/build/my_turtlesim_mobeturtle_pkg/prefix_override:/usr/lib/python3/dist-packages/colcon_core/task/python/colcon_distutils_commands:/home/ghtn10000/robot_ws/install/my_turtlesim_mobeturtle_pkg/lib/python3.10/site-packages:${PYTHONPATH} /usr/bin/python3 -W ignore:setup.py install is deprecated -W ignore:easy_install command is deprecated setup.py develop --editable --build-directory /home/ghtn10000/robot_ws/build/my_turtlesim_mobeturtle_pkg/build --no-deps symlink_data
[3.340s] DEBUG:colcon.colcon_core.event_handler.log_command:Invoking command in '/home/ghtn10000/robot_ws/build/topic_srv_act_rclpy_ex': PYTHONPATH=/home/ghtn10000/robot_ws/build/topic_srv_act_rclpy_ex/prefix_override:/usr/lib/python3/dist-packages/colcon_core/task/python/colcon_distutils_commands:/home/ghtn10000/robot_ws/install/topic_srv_act_rclpy_ex/lib/python3.10/site-packages:${PYTHONPATH} /usr/bin/python3 -W ignore:setup.py install is deprecated -W ignore:easy_install command is deprecated setup.py develop --editable --build-directory /home/ghtn10000/robot_ws/build/topic_srv_act_rclpy_ex/build --no-deps symlink_data
[4.396s] Level 1:colcon.colcon_core.shell:create_environment_hook('my_timer_pkg', 'pythonpath_develop')
[4.397s] INFO:colcon.colcon_core.shell:Creating environment hook '/home/ghtn10000/robot_ws/build/my_timer_pkg/share/my_timer_pkg/hook/pythonpath_develop.ps1'
[4.398s] DEBUG:colcon.colcon_core.event_handler.log_command:Invoked command in '/home/ghtn10000/robot_ws/build/my_timer_pkg' returned '0': PYTHONPATH=/home/ghtn10000/robot_ws/build/my_timer_pkg/prefix_override:/usr/lib/python3/dist-packages/colcon_core/task/python/colcon_distutils_commands:/home/ghtn10000/robot_ws/install/my_timer_pkg/lib/python3.10/site-packages:${PYTHONPATH} /usr/bin/python3 -W ignore:setup.py install is deprecated -W ignore:easy_install command is deprecated setup.py develop --editable --build-directory /home/ghtn10000/robot_ws/build/my_timer_pkg/build --no-deps symlink_data
[4.399s] INFO:colcon.colcon_core.shell:Creating environment descriptor '/home/ghtn10000/robot_ws/build/my_timer_pkg/share/my_timer_pkg/hook/pythonpath_develop.dsv'
[4.400s] INFO:colcon.colcon_core.shell:Creating environment hook '/home/ghtn10000/robot_ws/build/my_timer_pkg/share/my_timer_pkg/hook/pythonpath_develop.sh'
[4.408s] Level 1:colcon.colcon_core.environment:checking '/home/ghtn10000/robot_ws/install/my_timer_pkg' for CMake module files
[4.409s] Level 1:colcon.colcon_core.environment:checking '/home/ghtn10000/robot_ws/install/my_timer_pkg' for CMake config files
[4.410s] Level 1:colcon.colcon_core.environment:checking '/home/ghtn10000/robot_ws/install/my_timer_pkg/lib'
[4.410s] Level 1:colcon.colcon_core.environment:checking '/home/ghtn10000/robot_ws/install/my_timer_pkg/bin'
[4.410s] Level 1:colcon.colcon_core.environment:checking '/home/ghtn10000/robot_ws/install/my_timer_pkg/lib/pkgconfig/my_timer_pkg.pc'
[4.410s] Level 1:colcon.colcon_core.environment:checking '/home/ghtn10000/robot_ws/install/my_timer_pkg/lib/python3.10/site-packages'
[4.410s] Level 1:colcon.colcon_core.shell:create_environment_hook('my_timer_pkg', 'pythonpath')
[4.411s] INFO:colcon.colcon_core.shell:Creating environment hook '/home/ghtn10000/robot_ws/install/my_timer_pkg/share/my_timer_pkg/hook/pythonpath.ps1'
[4.412s] INFO:colcon.colcon_core.shell:Creating environment descriptor '/home/ghtn10000/robot_ws/install/my_timer_pkg/share/my_timer_pkg/hook/pythonpath.dsv'
[4.412s] INFO:colcon.colcon_core.shell:Creating environment hook '/home/ghtn10000/robot_ws/install/my_timer_pkg/share/my_timer_pkg/hook/pythonpath.sh'
[4.414s] Level 1:colcon.colcon_core.environment:checking '/home/ghtn10000/robot_ws/install/my_timer_pkg/bin'
[4.414s] Level 1:colcon.colcon_core.environment:create_environment_scripts_only(my_timer_pkg)
[4.415s] INFO:colcon.colcon_core.shell:Creating package script '/home/ghtn10000/robot_ws/install/my_timer_pkg/share/my_timer_pkg/package.ps1'
[4.416s] INFO:colcon.colcon_core.shell:Creating package descriptor '/home/ghtn10000/robot_ws/install/my_timer_pkg/share/my_timer_pkg/package.dsv'
[4.417s] INFO:colcon.colcon_core.shell:Creating package script '/home/ghtn10000/robot_ws/install/my_timer_pkg/share/my_timer_pkg/package.sh'
[4.418s] INFO:colcon.colcon_core.shell:Creating package script '/home/ghtn10000/robot_ws/install/my_timer_pkg/share/my_timer_pkg/package.bash'
[4.419s] INFO:colcon.colcon_core.shell:Creating package script '/home/ghtn10000/robot_ws/install/my_timer_pkg/share/my_timer_pkg/package.zsh'
[4.420s] Level 1:colcon.colcon_core.environment:create_file_with_runtime_dependencies(/home/ghtn10000/robot_ws/install/my_timer_pkg/share/colcon-core/packages/my_timer_pkg)
[4.449s] Level 1:colcon.colcon_core.shell:create_environment_hook('my_first_ros_rclpy_pkg', 'pythonpath_develop')
[4.450s] INFO:colcon.colcon_core.shell:Creating environment hook '/home/ghtn10000/robot_ws/build/my_first_ros_rclpy_pkg/share/my_first_ros_rclpy_pkg/hook/pythonpath_develop.ps1'
[4.450s] DEBUG:colcon.colcon_core.event_handler.log_command:Invoked command in '/home/ghtn10000/robot_ws/build/my_first_ros_rclpy_pkg' returned '0': PYTHONPATH=/home/ghtn10000/robot_ws/build/my_first_ros_rclpy_pkg/prefix_override:/usr/lib/python3/dist-packages/colcon_core/task/python/colcon_distutils_commands:/home/ghtn10000/robot_ws/install/my_first_ros_rclpy_pkg/lib/python3.10/site-packages:${PYTHONPATH} /usr/bin/python3 -W ignore:setup.py install is deprecated -W ignore:easy_install command is deprecated setup.py develop --editable --build-directory /home/ghtn10000/robot_ws/build/my_first_ros_rclpy_pkg/build --no-deps symlink_data
[4.451s] INFO:colcon.colcon_core.shell:Creating environment descriptor '/home/ghtn10000/robot_ws/build/my_first_ros_rclpy_pkg/share/my_first_ros_rclpy_pkg/hook/pythonpath_develop.dsv'
[4.451s] INFO:colcon.colcon_core.shell:Creating environment hook '/home/ghtn10000/robot_ws/build/my_first_ros_rclpy_pkg/share/my_first_ros_rclpy_pkg/hook/pythonpath_develop.sh'
[4.452s] Level 1:colcon.colcon_core.environment:checking '/home/ghtn10000/robot_ws/install/my_first_ros_rclpy_pkg' for CMake module files
[4.453s] Level 1:colcon.colcon_core.environment:checking '/home/ghtn10000/robot_ws/install/my_first_ros_rclpy_pkg' for CMake config files
[4.454s] Level 1:colcon.colcon_core.environment:checking '/home/ghtn10000/robot_ws/install/my_first_ros_rclpy_pkg/lib'
[4.454s] Level 1:colcon.colcon_core.environment:checking '/home/ghtn10000/robot_ws/install/my_first_ros_rclpy_pkg/bin'
[4.454s] Level 1:colcon.colcon_core.environment:checking '/home/ghtn10000/robot_ws/install/my_first_ros_rclpy_pkg/lib/pkgconfig/my_first_ros_rclpy_pkg.pc'
[4.454s] Level 1:colcon.colcon_core.environment:checking '/home/ghtn10000/robot_ws/install/my_first_ros_rclpy_pkg/lib/python3.10/site-packages'
[4.454s] Level 1:colcon.colcon_core.shell:create_environment_hook('my_first_ros_rclpy_pkg', 'pythonpath')
[4.455s] INFO:colcon.colcon_core.shell:Creating environment hook '/home/ghtn10000/robot_ws/install/my_first_ros_rclpy_pkg/share/my_first_ros_rclpy_pkg/hook/pythonpath.ps1'
[4.456s] INFO:colcon.colcon_core.shell:Creating environment descriptor '/home/ghtn10000/robot_ws/install/my_first_ros_rclpy_pkg/share/my_first_ros_rclpy_pkg/hook/pythonpath.dsv'
[4.456s] INFO:colcon.colcon_core.shell:Creating environment hook '/home/ghtn10000/robot_ws/install/my_first_ros_rclpy_pkg/share/my_first_ros_rclpy_pkg/hook/pythonpath.sh'
[4.457s] Level 1:colcon.colcon_core.environment:checking '/home/ghtn10000/robot_ws/install/my_first_ros_rclpy_pkg/bin'
[4.457s] Level 1:colcon.colcon_core.environment:create_environment_scripts_only(my_first_ros_rclpy_pkg)
[4.458s] INFO:colcon.colcon_core.shell:Creating package script '/home/ghtn10000/robot_ws/install/my_first_ros_rclpy_pkg/share/my_first_ros_rclpy_pkg/package.ps1'
[4.458s] INFO:colcon.colcon_core.shell:Creating package descriptor '/home/ghtn10000/robot_ws/install/my_first_ros_rclpy_pkg/share/my_first_ros_rclpy_pkg/package.dsv'
[4.459s] INFO:colcon.colcon_core.shell:Creating package script '/home/ghtn10000/robot_ws/install/my_first_ros_rclpy_pkg/share/my_first_ros_rclpy_pkg/package.sh'
[4.460s] INFO:colcon.colcon_core.shell:Creating package script '/home/ghtn10000/robot_ws/install/my_first_ros_rclpy_pkg/share/my_first_ros_rclpy_pkg/package.bash'
[4.460s] INFO:colcon.colcon_core.shell:Creating package script '/home/ghtn10000/robot_ws/install/my_first_ros_rclpy_pkg/share/my_first_ros_rclpy_pkg/package.zsh'
[4.461s] Level 1:colcon.colcon_core.environment:create_file_with_runtime_dependencies(/home/ghtn10000/robot_ws/install/my_first_ros_rclpy_pkg/share/colcon-core/packages/my_first_ros_rclpy_pkg)
[4.462s] Level 1:colcon.colcon_core.shell:create_environment_hook('my_turtlesim_mobeturtle_pkg', 'pythonpath_develop')
[4.463s] INFO:colcon.colcon_core.shell:Creating environment hook '/home/ghtn10000/robot_ws/build/my_turtlesim_mobeturtle_pkg/share/my_turtlesim_mobeturtle_pkg/hook/pythonpath_develop.ps1'
[4.464s] INFO:colcon.colcon_core.shell:Creating environment descriptor '/home/ghtn10000/robot_ws/build/my_turtlesim_mobeturtle_pkg/share/my_turtlesim_mobeturtle_pkg/hook/pythonpath_develop.dsv'
[4.464s] DEBUG:colcon.colcon_core.event_handler.log_command:Invoked command in '/home/ghtn10000/robot_ws/build/my_turtlesim_mobeturtle_pkg' returned '0': PYTHONPATH=/home/ghtn10000/robot_ws/build/my_turtlesim_mobeturtle_pkg/prefix_override:/usr/lib/python3/dist-packages/colcon_core/task/python/colcon_distutils_commands:/home/ghtn10000/robot_ws/install/my_turtlesim_mobeturtle_pkg/lib/python3.10/site-packages:${PYTHONPATH} /usr/bin/python3 -W ignore:setup.py install is deprecated -W ignore:easy_install command is deprecated setup.py develop --editable --build-directory /home/ghtn10000/robot_ws/build/my_turtlesim_mobeturtle_pkg/build --no-deps symlink_data
[4.465s] INFO:colcon.colcon_core.shell:Creating environment hook '/home/ghtn10000/robot_ws/build/my_turtlesim_mobeturtle_pkg/share/my_turtlesim_mobeturtle_pkg/hook/pythonpath_develop.sh'
[4.465s] Level 1:colcon.colcon_core.environment:checking '/home/ghtn10000/robot_ws/install/my_turtlesim_mobeturtle_pkg' for CMake module files
[4.466s] Level 1:colcon.colcon_core.environment:checking '/home/ghtn10000/robot_ws/install/my_turtlesim_mobeturtle_pkg' for CMake config files
[4.466s] Level 1:colcon.colcon_core.environment:checking '/home/ghtn10000/robot_ws/install/my_turtlesim_mobeturtle_pkg/lib'
[4.467s] Level 1:colcon.colcon_core.environment:checking '/home/ghtn10000/robot_ws/install/my_turtlesim_mobeturtle_pkg/bin'
[4.467s] Level 1:colcon.colcon_core.environment:checking '/home/ghtn10000/robot_ws/install/my_turtlesim_mobeturtle_pkg/lib/pkgconfig/my_turtlesim_mobeturtle_pkg.pc'
[4.467s] Level 1:colcon.colcon_core.environment:checking '/home/ghtn10000/robot_ws/install/my_turtlesim_mobeturtle_pkg/lib/python3.10/site-packages'
[4.467s] Level 1:colcon.colcon_core.shell:create_environment_hook('my_turtlesim_mobeturtle_pkg', 'pythonpath')
[4.467s] INFO:colcon.colcon_core.shell:Creating environment hook '/home/ghtn10000/robot_ws/install/my_turtlesim_mobeturtle_pkg/share/my_turtlesim_mobeturtle_pkg/hook/pythonpath.ps1'
[4.468s] INFO:colcon.colcon_core.shell:Creating environment descriptor '/home/ghtn10000/robot_ws/install/my_turtlesim_mobeturtle_pkg/share/my_turtlesim_mobeturtle_pkg/hook/pythonpath.dsv'
[4.469s] INFO:colcon.colcon_core.shell:Creating environment hook '/home/ghtn10000/robot_ws/install/my_turtlesim_mobeturtle_pkg/share/my_turtlesim_mobeturtle_pkg/hook/pythonpath.sh'
[4.470s] Level 1:colcon.colcon_core.environment:checking '/home/ghtn10000/robot_ws/install/my_turtlesim_mobeturtle_pkg/bin'
[4.470s] Level 1:colcon.colcon_core.environment:create_environment_scripts_only(my_turtlesim_mobeturtle_pkg)
[4.470s] INFO:colcon.colcon_core.shell:Creating package script '/home/ghtn10000/robot_ws/install/my_turtlesim_mobeturtle_pkg/share/my_turtlesim_mobeturtle_pkg/package.ps1'
[4.471s] INFO:colcon.colcon_core.shell:Creating package descriptor '/home/ghtn10000/robot_ws/install/my_turtlesim_mobeturtle_pkg/share/my_turtlesim_mobeturtle_pkg/package.dsv'
[4.471s] INFO:colcon.colcon_core.shell:Creating package script '/home/ghtn10000/robot_ws/install/my_turtlesim_mobeturtle_pkg/share/my_turtlesim_mobeturtle_pkg/package.sh'
[4.472s] INFO:colcon.colcon_core.shell:Creating package script '/home/ghtn10000/robot_ws/install/my_turtlesim_mobeturtle_pkg/share/my_turtlesim_mobeturtle_pkg/package.bash'
[4.472s] INFO:colcon.colcon_core.shell:Creating package script '/home/ghtn10000/robot_ws/install/my_turtlesim_mobeturtle_pkg/share/my_turtlesim_mobeturtle_pkg/package.zsh'
[4.473s] Level 1:colcon.colcon_core.environment:create_file_with_runtime_dependencies(/home/ghtn10000/robot_ws/install/my_turtlesim_mobeturtle_pkg/share/colcon-core/packages/my_turtlesim_mobeturtle_pkg)
[4.488s] Level 1:colcon.colcon_core.shell:create_environment_hook('my_turtlebot_pkg', 'pythonpath_develop')
[4.489s] INFO:colcon.colcon_core.shell:Creating environment hook '/home/ghtn10000/robot_ws/build/my_turtlebot_pkg/share/my_turtlebot_pkg/hook/pythonpath_develop.ps1'
[4.490s] DEBUG:colcon.colcon_core.event_handler.log_command:Invoked command in '/home/ghtn10000/robot_ws/build/my_turtlebot_pkg' returned '0': PYTHONPATH=/home/ghtn10000/robot_ws/build/my_turtlebot_pkg/prefix_override:/usr/lib/python3/dist-packages/colcon_core/task/python/colcon_distutils_commands:/home/ghtn10000/robot_ws/install/my_turtlebot_pkg/lib/python3.10/site-packages:${PYTHONPATH} /usr/bin/python3 -W ignore:setup.py install is deprecated -W ignore:easy_install command is deprecated setup.py develop --editable --build-directory /home/ghtn10000/robot_ws/build/my_turtlebot_pkg/build --no-deps symlink_data
[4.490s] INFO:colcon.colcon_core.shell:Creating environment descriptor '/home/ghtn10000/robot_ws/build/my_turtlebot_pkg/share/my_turtlebot_pkg/hook/pythonpath_develop.dsv'
[4.491s] INFO:colcon.colcon_core.shell:Creating environment hook '/home/ghtn10000/robot_ws/build/my_turtlebot_pkg/share/my_turtlebot_pkg/hook/pythonpath_develop.sh'
[4.492s] Level 1:colcon.colcon_core.environment:checking '/home/ghtn10000/robot_ws/install/my_turtlebot_pkg' for CMake module files
[4.492s] Level 1:colcon.colcon_core.environment:checking '/home/ghtn10000/robot_ws/install/my_turtlebot_pkg' for CMake config files
[4.493s] Level 1:colcon.colcon_core.environment:checking '/home/ghtn10000/robot_ws/install/my_turtlebot_pkg/lib'
[4.493s] Level 1:colcon.colcon_core.environment:checking '/home/ghtn10000/robot_ws/install/my_turtlebot_pkg/bin'
[4.493s] Level 1:colcon.colcon_core.environment:checking '/home/ghtn10000/robot_ws/install/my_turtlebot_pkg/lib/pkgconfig/my_turtlebot_pkg.pc'
[4.493s] Level 1:colcon.colcon_core.environment:checking '/home/ghtn10000/robot_ws/install/my_turtlebot_pkg/lib/python3.10/site-packages'
[4.493s] Level 1:colcon.colcon_core.shell:create_environment_hook('my_turtlebot_pkg', 'pythonpath')
[4.493s] INFO:colcon.colcon_core.shell:Creating environment hook '/home/ghtn10000/robot_ws/install/my_turtlebot_pkg/share/my_turtlebot_pkg/hook/pythonpath.ps1'
[4.494s] INFO:colcon.colcon_core.shell:Creating environment descriptor '/home/ghtn10000/robot_ws/install/my_turtlebot_pkg/share/my_turtlebot_pkg/hook/pythonpath.dsv'
[4.495s] INFO:colcon.colcon_core.shell:Creating environment hook '/home/ghtn10000/robot_ws/install/my_turtlebot_pkg/share/my_turtlebot_pkg/hook/pythonpath.sh'
[4.495s] Level 1:colcon.colcon_core.environment:checking '/home/ghtn10000/robot_ws/install/my_turtlebot_pkg/bin'
[4.496s] Level 1:colcon.colcon_core.environment:create_environment_scripts_only(my_turtlebot_pkg)
[4.496s] INFO:colcon.colcon_core.shell:Creating package script '/home/ghtn10000/robot_ws/install/my_turtlebot_pkg/share/my_turtlebot_pkg/package.ps1'
[4.497s] INFO:colcon.colcon_core.shell:Creating package descriptor '/home/ghtn10000/robot_ws/install/my_turtlebot_pkg/share/my_turtlebot_pkg/package.dsv'
[4.498s] INFO:colcon.colcon_core.shell:Creating package script '/home/ghtn10000/robot_ws/install/my_turtlebot_pkg/share/my_turtlebot_pkg/package.sh'
[4.498s] INFO:colcon.colcon_core.shell:Creating package script '/home/ghtn10000/robot_ws/install/my_turtlebot_pkg/share/my_turtlebot_pkg/package.bash'
[4.498s] INFO:colcon.colcon_core.shell:Creating package script '/home/ghtn10000/robot_ws/install/my_turtlebot_pkg/share/my_turtlebot_pkg/package.zsh'
[4.499s] Level 1:colcon.colcon_core.environment:create_file_with_runtime_dependencies(/home/ghtn10000/robot_ws/install/my_turtlebot_pkg/share/colcon-core/packages/my_turtlebot_pkg)
[4.500s] Level 1:colcon.colcon_core.shell:create_environment_hook('topic_srv_act_rclpy_ex', 'pythonpath_develop')
[4.500s] INFO:colcon.colcon_core.shell:Creating environment hook '/home/ghtn10000/robot_ws/build/topic_srv_act_rclpy_ex/share/topic_srv_act_rclpy_ex/hook/pythonpath_develop.ps1'
[4.501s] DEBUG:colcon.colcon_core.event_handler.log_command:Invoked command in '/home/ghtn10000/robot_ws/build/topic_srv_act_rclpy_ex' returned '0': PYTHONPATH=/home/ghtn10000/robot_ws/build/topic_srv_act_rclpy_ex/prefix_override:/usr/lib/python3/dist-packages/colcon_core/task/python/colcon_distutils_commands:/home/ghtn10000/robot_ws/install/topic_srv_act_rclpy_ex/lib/python3.10/site-packages:${PYTHONPATH} /usr/bin/python3 -W ignore:setup.py install is deprecated -W ignore:easy_install command is deprecated setup.py develop --editable --build-directory /home/ghtn10000/robot_ws/build/topic_srv_act_rclpy_ex/build --no-deps symlink_data
[4.502s] INFO:colcon.colcon_core.shell:Creating environment descriptor '/home/ghtn10000/robot_ws/build/topic_srv_act_rclpy_ex/share/topic_srv_act_rclpy_ex/hook/pythonpath_develop.dsv'
[4.502s] INFO:colcon.colcon_core.shell:Creating environment hook '/home/ghtn10000/robot_ws/build/topic_srv_act_rclpy_ex/share/topic_srv_act_rclpy_ex/hook/pythonpath_develop.sh'
[4.503s] Level 1:colcon.colcon_core.environment:checking '/home/ghtn10000/robot_ws/install/topic_srv_act_rclpy_ex' for CMake module files
[4.503s] Level 1:colcon.colcon_core.environment:checking '/home/ghtn10000/robot_ws/install/topic_srv_act_rclpy_ex' for CMake config files
[4.504s] Level 1:colcon.colcon_core.environment:checking '/home/ghtn10000/robot_ws/install/topic_srv_act_rclpy_ex/lib'
[4.504s] Level 1:colcon.colcon_core.environment:checking '/home/ghtn10000/robot_ws/install/topic_srv_act_rclpy_ex/bin'
[4.504s] Level 1:colcon.colcon_core.environment:checking '/home/ghtn10000/robot_ws/install/topic_srv_act_rclpy_ex/lib/pkgconfig/topic_srv_act_rclpy_ex.pc'
[4.505s] Level 1:colcon.colcon_core.environment:checking '/home/ghtn10000/robot_ws/install/topic_srv_act_rclpy_ex/lib/python3.10/site-packages'
[4.505s] Level 1:colcon.colcon_core.shell:create_environment_hook('topic_srv_act_rclpy_ex', 'pythonpath')
[4.505s] INFO:colcon.colcon_core.shell:Creating environment hook '/home/ghtn10000/robot_ws/install/topic_srv_act_rclpy_ex/share/topic_srv_act_rclpy_ex/hook/pythonpath.ps1'
[4.506s] INFO:colcon.colcon_core.shell:Creating environment descriptor '/home/ghtn10000/robot_ws/install/topic_srv_act_rclpy_ex/share/topic_srv_act_rclpy_ex/hook/pythonpath.dsv'
[4.507s] INFO:colcon.colcon_core.shell:Creating environment hook '/home/ghtn10000/robot_ws/install/topic_srv_act_rclpy_ex/share/topic_srv_act_rclpy_ex/hook/pythonpath.sh'
[4.507s] Level 1:colcon.colcon_core.environment:checking '/home/ghtn10000/robot_ws/install/topic_srv_act_rclpy_ex/bin'
[4.507s] Level 1:colcon.colcon_core.environment:create_environment_scripts_only(topic_srv_act_rclpy_ex)
[4.508s] INFO:colcon.colcon_core.shell:Creating package script '/home/ghtn10000/robot_ws/install/topic_srv_act_rclpy_ex/share/topic_srv_act_rclpy_ex/package.ps1'
[4.508s] INFO:colcon.colcon_core.shell:Creating package descriptor '/home/ghtn10000/robot_ws/install/topic_srv_act_rclpy_ex/share/topic_srv_act_rclpy_ex/package.dsv'
[4.509s] INFO:colcon.colcon_core.shell:Creating package script '/home/ghtn10000/robot_ws/install/topic_srv_act_rclpy_ex/share/topic_srv_act_rclpy_ex/package.sh'
[4.509s] INFO:colcon.colcon_core.shell:Creating package script '/home/ghtn10000/robot_ws/install/topic_srv_act_rclpy_ex/share/topic_srv_act_rclpy_ex/package.bash'
[4.510s] INFO:colcon.colcon_core.shell:Creating package script '/home/ghtn10000/robot_ws/install/topic_srv_act_rclpy_ex/share/topic_srv_act_rclpy_ex/package.zsh'
[4.510s] Level 1:colcon.colcon_core.environment:create_file_with_runtime_dependencies(/home/ghtn10000/robot_ws/install/topic_srv_act_rclpy_ex/share/colcon-core/packages/topic_srv_act_rclpy_ex)
[4.510s] DEBUG:colcon.colcon_parallel_executor.executor.parallel:closing loop
[4.511s] DEBUG:colcon.colcon_parallel_executor.executor.parallel:loop closed
[4.511s] DEBUG:colcon.colcon_parallel_executor.executor.parallel:run_until_complete finished with '0'
[4.511s] DEBUG:colcon.colcon_core.event_reactor:joining thread
[4.519s] INFO:colcon.colcon_core.plugin_system:Skipping extension 'colcon_notification.desktop_notification.terminal_notifier': Not used on non-Darwin systems
[4.519s] INFO:colcon.colcon_core.plugin_system:Skipping extension 'colcon_notification.desktop_notification.win32': Not used on non-Windows systems
[4.519s] INFO:colcon.colcon_notification.desktop_notification:Sending desktop notification using 'notify2'
[4.536s] DEBUG:colcon.colcon_core.event_reactor:joined thread
[4.536s] INFO:colcon.colcon_core.shell:Creating prefix script '/home/ghtn10000/robot_ws/install/local_setup.ps1'
[4.537s] INFO:colcon.colcon_core.shell:Creating prefix util module '/home/ghtn10000/robot_ws/install/_local_setup_util_ps1.py'
[4.539s] INFO:colcon.colcon_core.shell:Creating prefix chain script '/home/ghtn10000/robot_ws/install/setup.ps1'
[4.542s] INFO:colcon.colcon_core.shell:Creating prefix script '/home/ghtn10000/robot_ws/install/local_setup.sh'
[4.542s] INFO:colcon.colcon_core.shell:Creating prefix util module '/home/ghtn10000/robot_ws/install/_local_setup_util_sh.py'
[4.543s] INFO:colcon.colcon_core.shell:Creating prefix chain script '/home/ghtn10000/robot_ws/install/setup.sh'
[4.545s] INFO:colcon.colcon_core.shell:Creating prefix script '/home/ghtn10000/robot_ws/install/local_setup.bash'
[4.546s] INFO:colcon.colcon_core.shell:Creating prefix chain script '/home/ghtn10000/robot_ws/install/setup.bash'
[4.548s] INFO:colcon.colcon_core.shell:Creating prefix script '/home/ghtn10000/robot_ws/install/local_setup.zsh'
[4.549s] INFO:colcon.colcon_core.shell:Creating prefix chain script '/home/ghtn10000/robot_ws/install/setup.zsh'
