[0.116s] DEBUG:colcon:Command line arguments: ['/usr/bin/colcon', 'build', '--symlink-install']
[0.116s] DEBUG:colcon:Parsed command line arguments: Namespace(log_base=None, log_level=None, verb_name='build', build_base='build', install_base='install', merge_install=False, symlink_install=True, test_result_base=None, continue_on_error=False, executor='parallel', parallel_workers=8, event_handlers=None, ignore_user_meta=False, metas=['./colcon.meta'], base_paths=['.'], packages_ignore=None, packages_ignore_regex=None, paths=None, packages_up_to=None, packages_up_to_regex=None, packages_above=None, packages_above_and_dependencies=None, packages_above_depth=None, packages_select_by_dep=None, packages_skip_by_dep=None, packages_skip_up_to=None, packages_select_build_failed=False, packages_skip_build_finished=False, packages_select_test_failures=False, packages_skip_test_passed=False, packages_select=None, packages_skip=None, packages_select_regex=None, packages_skip_regex=None, packages_start=None, packages_end=None, allow_overriding=[], cmake_args=None, cmake_target=None, cmake_target_skip_unavailable=False, cmake_clean_cache=False, cmake_clean_first=False, cmake_force_configure=False, ament_cmake_args=None, catkin_cmake_args=None, catkin_skip_building_tests=False, verb_parser=<colcon_defaults.argument_parser.defaults.DefaultArgumentsDecorator object at 0x71d4ccc785e0>, verb_extension=<colcon_core.verb.build.BuildVerb object at 0x71d4ccd79b70>, main=<bound method BuildVerb.main of <colcon_core.verb.build.BuildVerb object at 0x71d4ccd79b70>>)
[0.286s] Level 1:colcon.colcon_core.package_discovery:discover_packages(colcon_meta) check parameters
[0.286s] Level 1:colcon.colcon_core.package_discovery:discover_packages(recursive) check parameters
[0.286s] Level 1:colcon.colcon_core.package_discovery:discover_packages(ignore) check parameters
[0.286s] Level 1:colcon.colcon_core.package_discovery:discover_packages(path) check parameters
[0.286s] Level 1:colcon.colcon_core.package_discovery:discover_packages(colcon_meta) discover
[0.286s] Level 1:colcon.colcon_core.package_discovery:discover_packages(recursive) discover
[0.286s] INFO:colcon.colcon_core.package_discovery:Crawling recursively for packages in '/home/ghtn10000/robot_ws'
[0.286s] Level 1:colcon.colcon_core.package_identification:_identify(.) by extensions ['ignore', 'ignore_ament_install']
[0.286s] Level 1:colcon.colcon_core.package_identification:_identify(.) by extension 'ignore'
[0.287s] Level 1:colcon.colcon_core.package_identification:_identify(.) by extension 'ignore_ament_install'
[0.287s] Level 1:colcon.colcon_core.package_identification:_identify(.) by extensions ['colcon_pkg']
[0.287s] Level 1:colcon.colcon_core.package_identification:_identify(.) by extension 'colcon_pkg'
[0.287s] Level 1:colcon.colcon_core.package_identification:_identify(.) by extensions ['colcon_meta']
[0.287s] Level 1:colcon.colcon_core.package_identification:_identify(.) by extension 'colcon_meta'
[0.287s] Level 1:colcon.colcon_core.package_identification:_identify(.) by extensions ['ros']
[0.287s] Level 1:colcon.colcon_core.package_identification:_identify(.) by extension 'ros'
[0.304s] Level 1:colcon.colcon_core.package_identification:_identify(.) by extensions ['cmake', 'python']
[0.304s] Level 1:colcon.colcon_core.package_identification:_identify(.) by extension 'cmake'
[0.304s] Level 1:colcon.colcon_core.package_identification:_identify(.) by extension 'python'
[0.304s] Level 1:colcon.colcon_core.package_identification:_identify(.) by extensions ['python_setup_py']
[0.304s] Level 1:colcon.colcon_core.package_identification:_identify(.) by extension 'python_setup_py'
[0.305s] Level 1:colcon.colcon_core.package_identification:_identify(build) by extensions ['ignore', 'ignore_ament_install']
[0.305s] Level 1:colcon.colcon_core.package_identification:_identify(build) by extension 'ignore'
[0.305s] Level 1:colcon.colcon_core.package_identification:_identify(build) ignored
[0.305s] Level 1:colcon.colcon_core.package_identification:_identify(install) by extensions ['ignore', 'ignore_ament_install']
[0.305s] Level 1:colcon.colcon_core.package_identification:_identify(install) by extension 'ignore'
[0.305s] Level 1:colcon.colcon_core.package_identification:_identify(install) ignored
[0.305s] Level 1:colcon.colcon_core.package_identification:_identify(log) by extensions ['ignore', 'ignore_ament_install']
[0.305s] Level 1:colcon.colcon_core.package_identification:_identify(log) by extension 'ignore'
[0.305s] Level 1:colcon.colcon_core.package_identification:_identify(log) ignored
[0.305s] Level 1:colcon.colcon_core.package_identification:_identify(src) by extensions ['ignore', 'ignore_ament_install']
[0.305s] Level 1:colcon.colcon_core.package_identification:_identify(src) by extension 'ignore'
[0.305s] Level 1:colcon.colcon_core.package_identification:_identify(src) by extension 'ignore_ament_install'
[0.305s] Level 1:colcon.colcon_core.package_identification:_identify(src) by extensions ['colcon_pkg']
[0.305s] Level 1:colcon.colcon_core.package_identification:_identify(src) by extension 'colcon_pkg'
[0.305s] Level 1:colcon.colcon_core.package_identification:_identify(src) by extensions ['colcon_meta']
[0.305s] Level 1:colcon.colcon_core.package_identification:_identify(src) by extension 'colcon_meta'
[0.305s] Level 1:colcon.colcon_core.package_identification:_identify(src) by extensions ['ros']
[0.305s] Level 1:colcon.colcon_core.package_identification:_identify(src) by extension 'ros'
[0.306s] Level 1:colcon.colcon_core.package_identification:_identify(src) by extensions ['cmake', 'python']
[0.306s] Level 1:colcon.colcon_core.package_identification:_identify(src) by extension 'cmake'
[0.306s] Level 1:colcon.colcon_core.package_identification:_identify(src) by extension 'python'
[0.306s] Level 1:colcon.colcon_core.package_identification:_identify(src) by extensions ['python_setup_py']
[0.306s] Level 1:colcon.colcon_core.package_identification:_identify(src) by extension 'python_setup_py'
[0.306s] Level 1:colcon.colcon_core.package_identification:_identify(src/log) by extensions ['ignore', 'ignore_ament_install']
[0.306s] Level 1:colcon.colcon_core.package_identification:_identify(src/log) by extension 'ignore'
[0.306s] Level 1:colcon.colcon_core.package_identification:_identify(src/log) ignored
[0.306s] Level 1:colcon.colcon_core.package_identification:_identify(src/msg_srv_act_interface_ex) by extensions ['ignore', 'ignore_ament_install']
[0.306s] Level 1:colcon.colcon_core.package_identification:_identify(src/msg_srv_act_interface_ex) by extension 'ignore'
[0.306s] Level 1:colcon.colcon_core.package_identification:_identify(src/msg_srv_act_interface_ex) by extension 'ignore_ament_install'
[0.306s] Level 1:colcon.colcon_core.package_identification:_identify(src/msg_srv_act_interface_ex) by extensions ['colcon_pkg']
[0.306s] Level 1:colcon.colcon_core.package_identification:_identify(src/msg_srv_act_interface_ex) by extension 'colcon_pkg'
[0.306s] Level 1:colcon.colcon_core.package_identification:_identify(src/msg_srv_act_interface_ex) by extensions ['colcon_meta']
[0.306s] Level 1:colcon.colcon_core.package_identification:_identify(src/msg_srv_act_interface_ex) by extension 'colcon_meta'
[0.306s] Level 1:colcon.colcon_core.package_identification:_identify(src/msg_srv_act_interface_ex) by extensions ['ros']
[0.306s] Level 1:colcon.colcon_core.package_identification:_identify(src/msg_srv_act_interface_ex) by extension 'ros'
[0.309s] DEBUG:colcon.colcon_core.package_identification:Package 'src/msg_srv_act_interface_ex' with type 'ros.ament_cmake' and name 'msg_srv_act_interface_ex'
[0.309s] Level 1:colcon.colcon_core.package_identification:_identify(src/my_first_ros_rclpy_pkg) by extensions ['ignore', 'ignore_ament_install']
[0.309s] Level 1:colcon.colcon_core.package_identification:_identify(src/my_first_ros_rclpy_pkg) by extension 'ignore'
[0.309s] Level 1:colcon.colcon_core.package_identification:_identify(src/my_first_ros_rclpy_pkg) by extension 'ignore_ament_install'
[0.309s] Level 1:colcon.colcon_core.package_identification:_identify(src/my_first_ros_rclpy_pkg) by extensions ['colcon_pkg']
[0.309s] Level 1:colcon.colcon_core.package_identification:_identify(src/my_first_ros_rclpy_pkg) by extension 'colcon_pkg'
[0.309s] Level 1:colcon.colcon_core.package_identification:_identify(src/my_first_ros_rclpy_pkg) by extensions ['colcon_meta']
[0.309s] Level 1:colcon.colcon_core.package_identification:_identify(src/my_first_ros_rclpy_pkg) by extension 'colcon_meta'
[0.309s] Level 1:colcon.colcon_core.package_identification:_identify(src/my_first_ros_rclpy_pkg) by extensions ['ros']
[0.309s] Level 1:colcon.colcon_core.package_identification:_identify(src/my_first_ros_rclpy_pkg) by extension 'ros'
[0.310s] DEBUG:colcon.colcon_core.package_identification:Package 'src/my_first_ros_rclpy_pkg' with type 'ros.ament_python' and name 'my_first_ros_rclpy_pkg'
[0.310s] Level 1:colcon.colcon_core.package_identification:_identify(src/my_second_pkg_msgs) by extensions ['ignore', 'ignore_ament_install']
[0.310s] Level 1:colcon.colcon_core.package_identification:_identify(src/my_second_pkg_msgs) by extension 'ignore'
[0.310s] Level 1:colcon.colcon_core.package_identification:_identify(src/my_second_pkg_msgs) by extension 'ignore_ament_install'
[0.310s] Level 1:colcon.colcon_core.package_identification:_identify(src/my_second_pkg_msgs) by extensions ['colcon_pkg']
[0.310s] Level 1:colcon.colcon_core.package_identification:_identify(src/my_second_pkg_msgs) by extension 'colcon_pkg'
[0.310s] Level 1:colcon.colcon_core.package_identification:_identify(src/my_second_pkg_msgs) by extensions ['colcon_meta']
[0.310s] Level 1:colcon.colcon_core.package_identification:_identify(src/my_second_pkg_msgs) by extension 'colcon_meta'
[0.310s] Level 1:colcon.colcon_core.package_identification:_identify(src/my_second_pkg_msgs) by extensions ['ros']
[0.310s] Level 1:colcon.colcon_core.package_identification:_identify(src/my_second_pkg_msgs) by extension 'ros'
[0.311s] DEBUG:colcon.colcon_core.package_identification:Package 'src/my_second_pkg_msgs' with type 'ros.ament_cmake' and name 'my_second_pkg_msgs'
[0.311s] Level 1:colcon.colcon_core.package_identification:_identify(src/my_timer_pkg) by extensions ['ignore', 'ignore_ament_install']
[0.311s] Level 1:colcon.colcon_core.package_identification:_identify(src/my_timer_pkg) by extension 'ignore'
[0.311s] Level 1:colcon.colcon_core.package_identification:_identify(src/my_timer_pkg) by extension 'ignore_ament_install'
[0.311s] Level 1:colcon.colcon_core.package_identification:_identify(src/my_timer_pkg) by extensions ['colcon_pkg']
[0.311s] Level 1:colcon.colcon_core.package_identification:_identify(src/my_timer_pkg) by extension 'colcon_pkg'
[0.311s] Level 1:colcon.colcon_core.package_identification:_identify(src/my_timer_pkg) by extensions ['colcon_meta']
[0.311s] Level 1:colcon.colcon_core.package_identification:_identify(src/my_timer_pkg) by extension 'colcon_meta'
[0.311s] Level 1:colcon.colcon_core.package_identification:_identify(src/my_timer_pkg) by extensions ['ros']
[0.311s] Level 1:colcon.colcon_core.package_identification:_identify(src/my_timer_pkg) by extension 'ros'
[0.312s] DEBUG:colcon.colcon_core.package_identification:Package 'src/my_timer_pkg' with type 'ros.ament_python' and name 'my_timer_pkg'
[0.312s] Level 1:colcon.colcon_core.package_identification:_identify(src/my_turtlesim_mobeturtle_pkg) by extensions ['ignore', 'ignore_ament_install']
[0.312s] Level 1:colcon.colcon_core.package_identification:_identify(src/my_turtlesim_mobeturtle_pkg) by extension 'ignore'
[0.312s] Level 1:colcon.colcon_core.package_identification:_identify(src/my_turtlesim_mobeturtle_pkg) by extension 'ignore_ament_install'
[0.312s] Level 1:colcon.colcon_core.package_identification:_identify(src/my_turtlesim_mobeturtle_pkg) by extensions ['colcon_pkg']
[0.312s] Level 1:colcon.colcon_core.package_identification:_identify(src/my_turtlesim_mobeturtle_pkg) by extension 'colcon_pkg'
[0.312s] Level 1:colcon.colcon_core.package_identification:_identify(src/my_turtlesim_mobeturtle_pkg) by extensions ['colcon_meta']
[0.312s] Level 1:colcon.colcon_core.package_identification:_identify(src/my_turtlesim_mobeturtle_pkg) by extension 'colcon_meta'
[0.312s] Level 1:colcon.colcon_core.package_identification:_identify(src/my_turtlesim_mobeturtle_pkg) by extensions ['ros']
[0.312s] Level 1:colcon.colcon_core.package_identification:_identify(src/my_turtlesim_mobeturtle_pkg) by extension 'ros'
[0.313s] DEBUG:colcon.colcon_core.package_identification:Package 'src/my_turtlesim_mobeturtle_pkg' with type 'ros.ament_python' and name 'my_turtlesim_mobeturtle_pkg'
[0.313s] Level 1:colcon.colcon_core.package_identification:_identify(src/topic_srv_act_rclpy_ex) by extensions ['ignore', 'ignore_ament_install']
[0.313s] Level 1:colcon.colcon_core.package_identification:_identify(src/topic_srv_act_rclpy_ex) by extension 'ignore'
[0.313s] Level 1:colcon.colcon_core.package_identification:_identify(src/topic_srv_act_rclpy_ex) by extension 'ignore_ament_install'
[0.313s] Level 1:colcon.colcon_core.package_identification:_identify(src/topic_srv_act_rclpy_ex) by extensions ['colcon_pkg']
[0.313s] Level 1:colcon.colcon_core.package_identification:_identify(src/topic_srv_act_rclpy_ex) by extension 'colcon_pkg'
[0.313s] Level 1:colcon.colcon_core.package_identification:_identify(src/topic_srv_act_rclpy_ex) by extensions ['colcon_meta']
[0.313s] Level 1:colcon.colcon_core.package_identification:_identify(src/topic_srv_act_rclpy_ex) by extension 'colcon_meta'
[0.313s] Level 1:colcon.colcon_core.package_identification:_identify(src/topic_srv_act_rclpy_ex) by extensions ['ros']
[0.313s] Level 1:colcon.colcon_core.package_identification:_identify(src/topic_srv_act_rclpy_ex) by extension 'ros'
[0.314s] DEBUG:colcon.colcon_core.package_identification:Package 'src/topic_srv_act_rclpy_ex' with type 'ros.ament_python' and name 'topic_srv_act_rclpy_ex'
[0.314s] Level 1:colcon.colcon_core.package_discovery:discover_packages(recursive) using defaults
[0.314s] Level 1:colcon.colcon_core.package_discovery:discover_packages(ignore) discover
[0.314s] Level 1:colcon.colcon_core.package_discovery:discover_packages(ignore) using defaults
[0.314s] Level 1:colcon.colcon_core.package_discovery:discover_packages(path) discover
[0.314s] Level 1:colcon.colcon_core.package_discovery:discover_packages(path) using defaults
[0.337s] Level 1:colcon.colcon_core.package_discovery:discover_packages(prefix_path) check parameters
[0.337s] Level 1:colcon.colcon_core.package_discovery:discover_packages(prefix_path) discover
[0.340s] DEBUG:colcon.colcon_installed_package_information.package_discovery:Found 15 installed packages in /home/ghtn10000/turtlebot3_ws/install
[0.340s] DEBUG:colcon.colcon_installed_package_information.package_discovery:Found 5 installed packages in /home/ghtn10000/robot_ws/install
[0.341s] DEBUG:colcon.colcon_installed_package_information.package_discovery:Found 365 installed packages in /opt/ros/humble
[0.343s] Level 1:colcon.colcon_core.package_discovery:discover_packages(prefix_path) using defaults
[0.385s] Level 5:colcon.colcon_core.verb:set package 'msg_srv_act_interface_ex' build argument 'cmake_args' from command line to 'None'
[0.385s] Level 5:colcon.colcon_core.verb:set package 'msg_srv_act_interface_ex' build argument 'cmake_target' from command line to 'None'
[0.385s] Level 5:colcon.colcon_core.verb:set package 'msg_srv_act_interface_ex' build argument 'cmake_target_skip_unavailable' from command line to 'False'
[0.385s] Level 5:colcon.colcon_core.verb:set package 'msg_srv_act_interface_ex' build argument 'cmake_clean_cache' from command line to 'False'
[0.385s] Level 5:colcon.colcon_core.verb:set package 'msg_srv_act_interface_ex' build argument 'cmake_clean_first' from command line to 'False'
[0.385s] Level 5:colcon.colcon_core.verb:set package 'msg_srv_act_interface_ex' build argument 'cmake_force_configure' from command line to 'False'
[0.385s] Level 5:colcon.colcon_core.verb:set package 'msg_srv_act_interface_ex' build argument 'ament_cmake_args' from command line to 'None'
[0.385s] Level 5:colcon.colcon_core.verb:set package 'msg_srv_act_interface_ex' build argument 'catkin_cmake_args' from command line to 'None'
[0.385s] Level 5:colcon.colcon_core.verb:set package 'msg_srv_act_interface_ex' build argument 'catkin_skip_building_tests' from command line to 'False'
[0.385s] DEBUG:colcon.colcon_core.verb:Building package 'msg_srv_act_interface_ex' with the following arguments: {'ament_cmake_args': None, 'build_base': '/home/ghtn10000/robot_ws/build/msg_srv_act_interface_ex', 'catkin_cmake_args': None, 'catkin_skip_building_tests': False, 'cmake_args': None, 'cmake_clean_cache': False, 'cmake_clean_first': False, 'cmake_force_configure': False, 'cmake_target': None, 'cmake_target_skip_unavailable': False, 'install_base': '/home/ghtn10000/robot_ws/install/msg_srv_act_interface_ex', 'merge_install': False, 'path': '/home/ghtn10000/robot_ws/src/msg_srv_act_interface_ex', 'symlink_install': True, 'test_result_base': None}
[0.385s] Level 5:colcon.colcon_core.verb:set package 'my_first_ros_rclpy_pkg' build argument 'cmake_args' from command line to 'None'
[0.385s] Level 5:colcon.colcon_core.verb:set package 'my_first_ros_rclpy_pkg' build argument 'cmake_target' from command line to 'None'
[0.385s] Level 5:colcon.colcon_core.verb:set package 'my_first_ros_rclpy_pkg' build argument 'cmake_target_skip_unavailable' from command line to 'False'
[0.385s] Level 5:colcon.colcon_core.verb:set package 'my_first_ros_rclpy_pkg' build argument 'cmake_clean_cache' from command line to 'False'
[0.385s] Level 5:colcon.colcon_core.verb:set package 'my_first_ros_rclpy_pkg' build argument 'cmake_clean_first' from command line to 'False'
[0.385s] Level 5:colcon.colcon_core.verb:set package 'my_first_ros_rclpy_pkg' build argument 'cmake_force_configure' from command line to 'False'
[0.385s] Level 5:colcon.colcon_core.verb:set package 'my_first_ros_rclpy_pkg' build argument 'ament_cmake_args' from command line to 'None'
[0.385s] Level 5:colcon.colcon_core.verb:set package 'my_first_ros_rclpy_pkg' build argument 'catkin_cmake_args' from command line to 'None'
[0.385s] Level 5:colcon.colcon_core.verb:set package 'my_first_ros_rclpy_pkg' build argument 'catkin_skip_building_tests' from command line to 'False'
[0.385s] DEBUG:colcon.colcon_core.verb:Building package 'my_first_ros_rclpy_pkg' with the following arguments: {'ament_cmake_args': None, 'build_base': '/home/ghtn10000/robot_ws/build/my_first_ros_rclpy_pkg', 'catkin_cmake_args': None, 'catkin_skip_building_tests': False, 'cmake_args': None, 'cmake_clean_cache': False, 'cmake_clean_first': False, 'cmake_force_configure': False, 'cmake_target': None, 'cmake_target_skip_unavailable': False, 'install_base': '/home/ghtn10000/robot_ws/install/my_first_ros_rclpy_pkg', 'merge_install': False, 'path': '/home/ghtn10000/robot_ws/src/my_first_ros_rclpy_pkg', 'symlink_install': True, 'test_result_base': None}
[0.386s] Level 5:colcon.colcon_core.verb:set package 'my_second_pkg_msgs' build argument 'cmake_args' from command line to 'None'
[0.386s] Level 5:colcon.colcon_core.verb:set package 'my_second_pkg_msgs' build argument 'cmake_target' from command line to 'None'
[0.386s] Level 5:colcon.colcon_core.verb:set package 'my_second_pkg_msgs' build argument 'cmake_target_skip_unavailable' from command line to 'False'
[0.386s] Level 5:colcon.colcon_core.verb:set package 'my_second_pkg_msgs' build argument 'cmake_clean_cache' from command line to 'False'
[0.386s] Level 5:colcon.colcon_core.verb:set package 'my_second_pkg_msgs' build argument 'cmake_clean_first' from command line to 'False'
[0.386s] Level 5:colcon.colcon_core.verb:set package 'my_second_pkg_msgs' build argument 'cmake_force_configure' from command line to 'False'
[0.386s] Level 5:colcon.colcon_core.verb:set package 'my_second_pkg_msgs' build argument 'ament_cmake_args' from command line to 'None'
[0.386s] Level 5:colcon.colcon_core.verb:set package 'my_second_pkg_msgs' build argument 'catkin_cmake_args' from command line to 'None'
[0.386s] Level 5:colcon.colcon_core.verb:set package 'my_second_pkg_msgs' build argument 'catkin_skip_building_tests' from command line to 'False'
[0.386s] DEBUG:colcon.colcon_core.verb:Building package 'my_second_pkg_msgs' with the following arguments: {'ament_cmake_args': None, 'build_base': '/home/ghtn10000/robot_ws/build/my_second_pkg_msgs', 'catkin_cmake_args': None, 'catkin_skip_building_tests': False, 'cmake_args': None, 'cmake_clean_cache': False, 'cmake_clean_first': False, 'cmake_force_configure': False, 'cmake_target': None, 'cmake_target_skip_unavailable': False, 'install_base': '/home/ghtn10000/robot_ws/install/my_second_pkg_msgs', 'merge_install': False, 'path': '/home/ghtn10000/robot_ws/src/my_second_pkg_msgs', 'symlink_install': True, 'test_result_base': None}
[0.386s] Level 5:colcon.colcon_core.verb:set package 'my_timer_pkg' build argument 'cmake_args' from command line to 'None'
[0.386s] Level 5:colcon.colcon_core.verb:set package 'my_timer_pkg' build argument 'cmake_target' from command line to 'None'
[0.386s] Level 5:colcon.colcon_core.verb:set package 'my_timer_pkg' build argument 'cmake_target_skip_unavailable' from command line to 'False'
[0.386s] Level 5:colcon.colcon_core.verb:set package 'my_timer_pkg' build argument 'cmake_clean_cache' from command line to 'False'
[0.386s] Level 5:colcon.colcon_core.verb:set package 'my_timer_pkg' build argument 'cmake_clean_first' from command line to 'False'
[0.386s] Level 5:colcon.colcon_core.verb:set package 'my_timer_pkg' build argument 'cmake_force_configure' from command line to 'False'
[0.386s] Level 5:colcon.colcon_core.verb:set package 'my_timer_pkg' build argument 'ament_cmake_args' from command line to 'None'
[0.386s] Level 5:colcon.colcon_core.verb:set package 'my_timer_pkg' build argument 'catkin_cmake_args' from command line to 'None'
[0.386s] Level 5:colcon.colcon_core.verb:set package 'my_timer_pkg' build argument 'catkin_skip_building_tests' from command line to 'False'
[0.386s] DEBUG:colcon.colcon_core.verb:Building package 'my_timer_pkg' with the following arguments: {'ament_cmake_args': None, 'build_base': '/home/ghtn10000/robot_ws/build/my_timer_pkg', 'catkin_cmake_args': None, 'catkin_skip_building_tests': False, 'cmake_args': None, 'cmake_clean_cache': False, 'cmake_clean_first': False, 'cmake_force_configure': False, 'cmake_target': None, 'cmake_target_skip_unavailable': False, 'install_base': '/home/ghtn10000/robot_ws/install/my_timer_pkg', 'merge_install': False, 'path': '/home/ghtn10000/robot_ws/src/my_timer_pkg', 'symlink_install': True, 'test_result_base': None}
[0.387s] Level 5:colcon.colcon_core.verb:set package 'my_turtlesim_mobeturtle_pkg' build argument 'cmake_args' from command line to 'None'
[0.387s] Level 5:colcon.colcon_core.verb:set package 'my_turtlesim_mobeturtle_pkg' build argument 'cmake_target' from command line to 'None'
[0.387s] Level 5:colcon.colcon_core.verb:set package 'my_turtlesim_mobeturtle_pkg' build argument 'cmake_target_skip_unavailable' from command line to 'False'
[0.387s] Level 5:colcon.colcon_core.verb:set package 'my_turtlesim_mobeturtle_pkg' build argument 'cmake_clean_cache' from command line to 'False'
[0.387s] Level 5:colcon.colcon_core.verb:set package 'my_turtlesim_mobeturtle_pkg' build argument 'cmake_clean_first' from command line to 'False'
[0.387s] Level 5:colcon.colcon_core.verb:set package 'my_turtlesim_mobeturtle_pkg' build argument 'cmake_force_configure' from command line to 'False'
[0.387s] Level 5:colcon.colcon_core.verb:set package 'my_turtlesim_mobeturtle_pkg' build argument 'ament_cmake_args' from command line to 'None'
[0.387s] Level 5:colcon.colcon_core.verb:set package 'my_turtlesim_mobeturtle_pkg' build argument 'catkin_cmake_args' from command line to 'None'
[0.387s] Level 5:colcon.colcon_core.verb:set package 'my_turtlesim_mobeturtle_pkg' build argument 'catkin_skip_building_tests' from command line to 'False'
[0.387s] DEBUG:colcon.colcon_core.verb:Building package 'my_turtlesim_mobeturtle_pkg' with the following arguments: {'ament_cmake_args': None, 'build_base': '/home/ghtn10000/robot_ws/build/my_turtlesim_mobeturtle_pkg', 'catkin_cmake_args': None, 'catkin_skip_building_tests': False, 'cmake_args': None, 'cmake_clean_cache': False, 'cmake_clean_first': False, 'cmake_force_configure': False, 'cmake_target': None, 'cmake_target_skip_unavailable': False, 'install_base': '/home/ghtn10000/robot_ws/install/my_turtlesim_mobeturtle_pkg', 'merge_install': False, 'path': '/home/ghtn10000/robot_ws/src/my_turtlesim_mobeturtle_pkg', 'symlink_install': True, 'test_result_base': None}
[0.387s] Level 5:colcon.colcon_core.verb:set package 'topic_srv_act_rclpy_ex' build argument 'cmake_args' from command line to 'None'
[0.387s] Level 5:colcon.colcon_core.verb:set package 'topic_srv_act_rclpy_ex' build argument 'cmake_target' from command line to 'None'
[0.387s] Level 5:colcon.colcon_core.verb:set package 'topic_srv_act_rclpy_ex' build argument 'cmake_target_skip_unavailable' from command line to 'False'
[0.387s] Level 5:colcon.colcon_core.verb:set package 'topic_srv_act_rclpy_ex' build argument 'cmake_clean_cache' from command line to 'False'
[0.387s] Level 5:colcon.colcon_core.verb:set package 'topic_srv_act_rclpy_ex' build argument 'cmake_clean_first' from command line to 'False'
[0.387s] Level 5:colcon.colcon_core.verb:set package 'topic_srv_act_rclpy_ex' build argument 'cmake_force_configure' from command line to 'False'
[0.387s] Level 5:colcon.colcon_core.verb:set package 'topic_srv_act_rclpy_ex' build argument 'ament_cmake_args' from command line to 'None'
[0.387s] Level 5:colcon.colcon_core.verb:set package 'topic_srv_act_rclpy_ex' build argument 'catkin_cmake_args' from command line to 'None'
[0.387s] Level 5:colcon.colcon_core.verb:set package 'topic_srv_act_rclpy_ex' build argument 'catkin_skip_building_tests' from command line to 'False'
[0.387s] DEBUG:colcon.colcon_core.verb:Building package 'topic_srv_act_rclpy_ex' with the following arguments: {'ament_cmake_args': None, 'build_base': '/home/ghtn10000/robot_ws/build/topic_srv_act_rclpy_ex', 'catkin_cmake_args': None, 'catkin_skip_building_tests': False, 'cmake_args': None, 'cmake_clean_cache': False, 'cmake_clean_first': False, 'cmake_force_configure': False, 'cmake_target': None, 'cmake_target_skip_unavailable': False, 'install_base': '/home/ghtn10000/robot_ws/install/topic_srv_act_rclpy_ex', 'merge_install': False, 'path': '/home/ghtn10000/robot_ws/src/topic_srv_act_rclpy_ex', 'symlink_install': True, 'test_result_base': None}
[0.388s] INFO:colcon.colcon_core.executor:Executing jobs using 'parallel' executor
[0.388s] DEBUG:colcon.colcon_parallel_executor.executor.parallel:run_until_complete
[0.389s] INFO:colcon.colcon_ros.task.ament_cmake.build:Building ROS package in '/home/ghtn10000/robot_ws/src/msg_srv_act_interface_ex' with build type 'ament_cmake'
[0.389s] INFO:colcon.colcon_cmake.task.cmake.build:Building CMake package in '/home/ghtn10000/robot_ws/src/msg_srv_act_interface_ex'
[0.391s] INFO:colcon.colcon_core.plugin_system:Skipping extension 'colcon_core.shell.bat': Not used on non-Windows systems
[0.391s] INFO:colcon.colcon_core.shell:Skip shell extension 'powershell' for command environment: Not usable outside of PowerShell
[0.391s] DEBUG:colcon.colcon_core.shell:Skip shell extension 'dsv' for command environment
[0.395s] INFO:colcon.colcon_ros.task.ament_python.build:Building ROS package in '/home/ghtn10000/robot_ws/src/my_first_ros_rclpy_pkg' with build type 'ament_python'
[0.396s] Level 1:colcon.colcon_core.shell:create_environment_hook('my_first_ros_rclpy_pkg', 'ament_prefix_path')
[0.396s] INFO:colcon.colcon_core.shell:Creating environment hook '/home/ghtn10000/robot_ws/install/my_first_ros_rclpy_pkg/share/my_first_ros_rclpy_pkg/hook/ament_prefix_path.ps1'
[0.396s] INFO:colcon.colcon_core.shell:Creating environment descriptor '/home/ghtn10000/robot_ws/install/my_first_ros_rclpy_pkg/share/my_first_ros_rclpy_pkg/hook/ament_prefix_path.dsv'
[0.397s] INFO:colcon.colcon_core.shell:Creating environment hook '/home/ghtn10000/robot_ws/install/my_first_ros_rclpy_pkg/share/my_first_ros_rclpy_pkg/hook/ament_prefix_path.sh'
[0.398s] INFO:colcon.colcon_core.shell:Skip shell extension 'powershell' for command environment: Not usable outside of PowerShell
[0.398s] DEBUG:colcon.colcon_core.shell:Skip shell extension 'dsv' for command environment
[0.402s] INFO:colcon.colcon_ros.task.ament_cmake.build:Building ROS package in '/home/ghtn10000/robot_ws/src/my_second_pkg_msgs' with build type 'ament_cmake'
[0.402s] INFO:colcon.colcon_cmake.task.cmake.build:Building CMake package in '/home/ghtn10000/robot_ws/src/my_second_pkg_msgs'
[0.402s] INFO:colcon.colcon_core.shell:Skip shell extension 'powershell' for command environment: Not usable outside of PowerShell
[0.402s] DEBUG:colcon.colcon_core.shell:Skip shell extension 'dsv' for command environment
[0.406s] INFO:colcon.colcon_ros.task.ament_python.build:Building ROS package in '/home/ghtn10000/robot_ws/src/my_timer_pkg' with build type 'ament_python'
[0.407s] Level 1:colcon.colcon_core.shell:create_environment_hook('my_timer_pkg', 'ament_prefix_path')
[0.407s] INFO:colcon.colcon_core.shell:Creating environment hook '/home/ghtn10000/robot_ws/install/my_timer_pkg/share/my_timer_pkg/hook/ament_prefix_path.ps1'
[0.407s] INFO:colcon.colcon_core.shell:Creating environment descriptor '/home/ghtn10000/robot_ws/install/my_timer_pkg/share/my_timer_pkg/hook/ament_prefix_path.dsv'
[0.408s] INFO:colcon.colcon_core.shell:Creating environment hook '/home/ghtn10000/robot_ws/install/my_timer_pkg/share/my_timer_pkg/hook/ament_prefix_path.sh'
[0.408s] INFO:colcon.colcon_core.shell:Skip shell extension 'powershell' for command environment: Not usable outside of PowerShell
[0.408s] DEBUG:colcon.colcon_core.shell:Skip shell extension 'dsv' for command environment
[0.412s] INFO:colcon.colcon_ros.task.ament_python.build:Building ROS package in '/home/ghtn10000/robot_ws/src/my_turtlesim_mobeturtle_pkg' with build type 'ament_python'
[0.412s] Level 1:colcon.colcon_core.shell:create_environment_hook('my_turtlesim_mobeturtle_pkg', 'ament_prefix_path')
[0.413s] INFO:colcon.colcon_core.shell:Creating environment hook '/home/ghtn10000/robot_ws/install/my_turtlesim_mobeturtle_pkg/share/my_turtlesim_mobeturtle_pkg/hook/ament_prefix_path.ps1'
[0.413s] INFO:colcon.colcon_core.shell:Creating environment descriptor '/home/ghtn10000/robot_ws/install/my_turtlesim_mobeturtle_pkg/share/my_turtlesim_mobeturtle_pkg/hook/ament_prefix_path.dsv'
[0.413s] INFO:colcon.colcon_core.shell:Creating environment hook '/home/ghtn10000/robot_ws/install/my_turtlesim_mobeturtle_pkg/share/my_turtlesim_mobeturtle_pkg/hook/ament_prefix_path.sh'
[0.414s] INFO:colcon.colcon_core.shell:Skip shell extension 'powershell' for command environment: Not usable outside of PowerShell
[0.414s] DEBUG:colcon.colcon_core.shell:Skip shell extension 'dsv' for command environment
[0.418s] INFO:colcon.colcon_ros.task.ament_python.build:Building ROS package in '/home/ghtn10000/robot_ws/src/topic_srv_act_rclpy_ex' with build type 'ament_python'
[0.418s] Level 1:colcon.colcon_core.shell:create_environment_hook('topic_srv_act_rclpy_ex', 'ament_prefix_path')
[0.418s] INFO:colcon.colcon_core.shell:Creating environment hook '/home/ghtn10000/robot_ws/install/topic_srv_act_rclpy_ex/share/topic_srv_act_rclpy_ex/hook/ament_prefix_path.ps1'
[0.419s] INFO:colcon.colcon_core.shell:Creating environment descriptor '/home/ghtn10000/robot_ws/install/topic_srv_act_rclpy_ex/share/topic_srv_act_rclpy_ex/hook/ament_prefix_path.dsv'
[0.419s] INFO:colcon.colcon_core.shell:Creating environment hook '/home/ghtn10000/robot_ws/install/topic_srv_act_rclpy_ex/share/topic_srv_act_rclpy_ex/hook/ament_prefix_path.sh'
[0.420s] INFO:colcon.colcon_core.shell:Skip shell extension 'powershell' for command environment: Not usable outside of PowerShell
[0.420s] DEBUG:colcon.colcon_core.shell:Skip shell extension 'dsv' for command environment
[0.429s] DEBUG:colcon.colcon_core.event_handler.log_command:Invoking command in '/home/ghtn10000/robot_ws/build/msg_srv_act_interface_ex': CMAKE_PREFIX_PATH=${CMAKE_PREFIX_PATH}:/home/ghtn10000/turtlebot3_ws/install/turtlebot3_teleop:/home/ghtn10000/turtlebot3_ws/install/turtlebot3_example:/home/ghtn10000/turtlebot3_ws/install/turtlebot3_dqn:/home/ghtn10000/robot_ws/install/my_turtlesim_mobeturtle_pkg:/home/ghtn10000/robot_ws/install/my_timer_pkg:/home/ghtn10000/robot_ws/install/my_first_ros_rclpy_pkg:/opt/ros/humble /usr/bin/cmake --build /home/ghtn10000/robot_ws/build/msg_srv_act_interface_ex -- -j8 -l8
[0.724s] INFO:colcon.colcon_core.task.python.build:Building Python package in '/home/ghtn10000/robot_ws/src/my_first_ros_rclpy_pkg'
[0.724s] INFO:colcon.colcon_core.shell:Skip shell extension 'powershell' for command environment: Not usable outside of PowerShell
[0.724s] DEBUG:colcon.colcon_core.shell:Skip shell extension 'dsv' for command environment
[0.731s] DEBUG:colcon.colcon_core.event_handler.log_command:Invoking command in '/home/ghtn10000/robot_ws/build/my_second_pkg_msgs': CMAKE_PREFIX_PATH=${CMAKE_PREFIX_PATH}:/home/ghtn10000/turtlebot3_ws/install/turtlebot3_teleop:/home/ghtn10000/turtlebot3_ws/install/turtlebot3_example:/home/ghtn10000/turtlebot3_ws/install/turtlebot3_dqn:/home/ghtn10000/robot_ws/install/my_turtlesim_mobeturtle_pkg:/home/ghtn10000/robot_ws/install/my_timer_pkg:/home/ghtn10000/robot_ws/install/my_first_ros_rclpy_pkg:/opt/ros/humble /usr/bin/cmake --build /home/ghtn10000/robot_ws/build/my_second_pkg_msgs -- -j8 -l8
[1.032s] INFO:colcon.colcon_core.task.python.build:Building Python package in '/home/ghtn10000/robot_ws/src/my_timer_pkg'
[1.032s] INFO:colcon.colcon_core.shell:Skip shell extension 'powershell' for command environment: Not usable outside of PowerShell
[1.032s] DEBUG:colcon.colcon_core.shell:Skip shell extension 'dsv' for command environment
[1.303s] INFO:colcon.colcon_core.task.python.build:Building Python package in '/home/ghtn10000/robot_ws/src/my_turtlesim_mobeturtle_pkg'
[1.303s] INFO:colcon.colcon_core.shell:Skip shell extension 'powershell' for command environment: Not usable outside of PowerShell
[1.303s] DEBUG:colcon.colcon_core.shell:Skip shell extension 'dsv' for command environment
[1.315s] DEBUG:colcon.colcon_core.event_handler.log_command:Invoked command in '/home/ghtn10000/robot_ws/build/msg_srv_act_interface_ex' returned '0': CMAKE_PREFIX_PATH=${CMAKE_PREFIX_PATH}:/home/ghtn10000/turtlebot3_ws/install/turtlebot3_teleop:/home/ghtn10000/turtlebot3_ws/install/turtlebot3_example:/home/ghtn10000/turtlebot3_ws/install/turtlebot3_dqn:/home/ghtn10000/robot_ws/install/my_turtlesim_mobeturtle_pkg:/home/ghtn10000/robot_ws/install/my_timer_pkg:/home/ghtn10000/robot_ws/install/my_first_ros_rclpy_pkg:/opt/ros/humble /usr/bin/cmake --build /home/ghtn10000/robot_ws/build/msg_srv_act_interface_ex -- -j8 -l8
[1.328s] DEBUG:colcon.colcon_core.event_handler.log_command:Invoking command in '/home/ghtn10000/robot_ws/build/msg_srv_act_interface_ex': CMAKE_PREFIX_PATH=${CMAKE_PREFIX_PATH}:/home/ghtn10000/turtlebot3_ws/install/turtlebot3_teleop:/home/ghtn10000/turtlebot3_ws/install/turtlebot3_example:/home/ghtn10000/turtlebot3_ws/install/turtlebot3_dqn:/home/ghtn10000/robot_ws/install/my_turtlesim_mobeturtle_pkg:/home/ghtn10000/robot_ws/install/my_timer_pkg:/home/ghtn10000/robot_ws/install/my_first_ros_rclpy_pkg:/opt/ros/humble /usr/bin/cmake --install /home/ghtn10000/robot_ws/build/msg_srv_act_interface_ex
[1.329s] DEBUG:colcon.colcon_core.event_handler.log_command:Invoked command in '/home/ghtn10000/robot_ws/build/my_second_pkg_msgs' returned '0': CMAKE_PREFIX_PATH=${CMAKE_PREFIX_PATH}:/home/ghtn10000/turtlebot3_ws/install/turtlebot3_teleop:/home/ghtn10000/turtlebot3_ws/install/turtlebot3_example:/home/ghtn10000/turtlebot3_ws/install/turtlebot3_dqn:/home/ghtn10000/robot_ws/install/my_turtlesim_mobeturtle_pkg:/home/ghtn10000/robot_ws/install/my_timer_pkg:/home/ghtn10000/robot_ws/install/my_first_ros_rclpy_pkg:/opt/ros/humble /usr/bin/cmake --build /home/ghtn10000/robot_ws/build/my_second_pkg_msgs -- -j8 -l8
[1.330s] DEBUG:colcon.colcon_core.event_handler.log_command:Invoking command in '/home/ghtn10000/robot_ws/build/my_second_pkg_msgs': CMAKE_PREFIX_PATH=${CMAKE_PREFIX_PATH}:/home/ghtn10000/turtlebot3_ws/install/turtlebot3_teleop:/home/ghtn10000/turtlebot3_ws/install/turtlebot3_example:/home/ghtn10000/turtlebot3_ws/install/turtlebot3_dqn:/home/ghtn10000/robot_ws/install/my_turtlesim_mobeturtle_pkg:/home/ghtn10000/robot_ws/install/my_timer_pkg:/home/ghtn10000/robot_ws/install/my_first_ros_rclpy_pkg:/opt/ros/humble /usr/bin/cmake --install /home/ghtn10000/robot_ws/build/my_second_pkg_msgs
[1.601s] WARNING:colcon.colcon_ros.task.ament_python.build:Package 'topic_srv_act_rclpy_ex' doesn't explicitly install a marker in the package index (colcon-ros currently does it implicitly but that fallback will be removed in the future)
[1.601s] WARNING:colcon.colcon_ros.task.ament_python.build:Package 'topic_srv_act_rclpy_ex' doesn't explicitly install the 'package.xml' file (colcon-ros currently does it implicitly but that fallback will be removed in the future)
[1.601s] INFO:colcon.colcon_core.task.python.build:Building Python package in '/home/ghtn10000/robot_ws/src/topic_srv_act_rclpy_ex'
[1.602s] INFO:colcon.colcon_core.shell:Skip shell extension 'powershell' for command environment: Not usable outside of PowerShell
[1.602s] DEBUG:colcon.colcon_core.shell:Skip shell extension 'dsv' for command environment
[1.636s] Level 1:colcon.colcon_core.environment:create_environment_scripts_only(my_second_pkg_msgs)
[1.644s] Level 1:colcon.colcon_core.environment:checking '/home/ghtn10000/robot_ws/install/my_second_pkg_msgs' for CMake module files
[1.649s] Level 1:colcon.colcon_core.environment:checking '/home/ghtn10000/robot_ws/install/my_second_pkg_msgs' for CMake config files
[1.650s] Level 1:colcon.colcon_core.shell:create_environment_hook('my_second_pkg_msgs', 'cmake_prefix_path')
[1.650s] INFO:colcon.colcon_core.shell:Creating environment hook '/home/ghtn10000/robot_ws/install/my_second_pkg_msgs/share/my_second_pkg_msgs/hook/cmake_prefix_path.ps1'
[1.654s] INFO:colcon.colcon_core.shell:Creating environment descriptor '/home/ghtn10000/robot_ws/install/my_second_pkg_msgs/share/my_second_pkg_msgs/hook/cmake_prefix_path.dsv'
[1.657s] INFO:colcon.colcon_core.shell:Creating environment hook '/home/ghtn10000/robot_ws/install/my_second_pkg_msgs/share/my_second_pkg_msgs/hook/cmake_prefix_path.sh'
[1.660s] Level 1:colcon.colcon_core.environment:checking '/home/ghtn10000/robot_ws/install/my_second_pkg_msgs/lib'
[1.661s] Level 1:colcon.colcon_core.shell:create_environment_hook('my_second_pkg_msgs', 'ld_library_path_lib')
[1.661s] INFO:colcon.colcon_core.shell:Creating environment hook '/home/ghtn10000/robot_ws/install/my_second_pkg_msgs/share/my_second_pkg_msgs/hook/ld_library_path_lib.ps1'
[1.663s] INFO:colcon.colcon_core.shell:Creating environment descriptor '/home/ghtn10000/robot_ws/install/my_second_pkg_msgs/share/my_second_pkg_msgs/hook/ld_library_path_lib.dsv'
[1.666s] INFO:colcon.colcon_core.shell:Creating environment hook '/home/ghtn10000/robot_ws/install/my_second_pkg_msgs/share/my_second_pkg_msgs/hook/ld_library_path_lib.sh'
[1.670s] Level 1:colcon.colcon_core.environment:checking '/home/ghtn10000/robot_ws/install/my_second_pkg_msgs/bin'
[1.670s] Level 1:colcon.colcon_core.environment:checking '/home/ghtn10000/robot_ws/install/my_second_pkg_msgs/lib/pkgconfig/my_second_pkg_msgs.pc'
[1.671s] Level 1:colcon.colcon_core.environment:checking '/home/ghtn10000/robot_ws/install/my_second_pkg_msgs/lib/python3.10/site-packages'
[1.671s] Level 1:colcon.colcon_core.environment:checking '/home/ghtn10000/robot_ws/install/my_second_pkg_msgs/bin'
[1.672s] INFO:colcon.colcon_core.shell:Creating package script '/home/ghtn10000/robot_ws/install/my_second_pkg_msgs/share/my_second_pkg_msgs/package.ps1'
[1.669s] DEBUG:colcon.colcon_core.event_handler.log_command:Invoked command in '/home/ghtn10000/robot_ws/build/my_second_pkg_msgs' returned '0': CMAKE_PREFIX_PATH=${CMAKE_PREFIX_PATH}:/home/ghtn10000/turtlebot3_ws/install/turtlebot3_teleop:/home/ghtn10000/turtlebot3_ws/install/turtlebot3_example:/home/ghtn10000/turtlebot3_ws/install/turtlebot3_dqn:/home/ghtn10000/robot_ws/install/my_turtlesim_mobeturtle_pkg:/home/ghtn10000/robot_ws/install/my_timer_pkg:/home/ghtn10000/robot_ws/install/my_first_ros_rclpy_pkg:/opt/ros/humble /usr/bin/cmake --install /home/ghtn10000/robot_ws/build/my_second_pkg_msgs
[1.674s] INFO:colcon.colcon_core.shell:Creating package descriptor '/home/ghtn10000/robot_ws/install/my_second_pkg_msgs/share/my_second_pkg_msgs/package.dsv'
[1.675s] INFO:colcon.colcon_core.shell:Creating package script '/home/ghtn10000/robot_ws/install/my_second_pkg_msgs/share/my_second_pkg_msgs/package.sh'
[1.676s] INFO:colcon.colcon_core.shell:Creating package script '/home/ghtn10000/robot_ws/install/my_second_pkg_msgs/share/my_second_pkg_msgs/package.bash'
[1.678s] INFO:colcon.colcon_core.shell:Creating package script '/home/ghtn10000/robot_ws/install/my_second_pkg_msgs/share/my_second_pkg_msgs/package.zsh'
[1.680s] Level 1:colcon.colcon_core.environment:create_file_with_runtime_dependencies(/home/ghtn10000/robot_ws/install/my_second_pkg_msgs/share/colcon-core/packages/my_second_pkg_msgs)
[1.681s] Level 1:colcon.colcon_core.environment:create_environment_scripts_only(my_second_pkg_msgs)
[1.682s] Level 1:colcon.colcon_core.environment:checking '/home/ghtn10000/robot_ws/install/my_second_pkg_msgs' for CMake module files
[1.683s] Level 1:colcon.colcon_core.environment:checking '/home/ghtn10000/robot_ws/install/my_second_pkg_msgs' for CMake config files
[1.684s] Level 1:colcon.colcon_core.shell:create_environment_hook('my_second_pkg_msgs', 'cmake_prefix_path')
[1.685s] INFO:colcon.colcon_core.shell:Creating environment hook '/home/ghtn10000/robot_ws/install/my_second_pkg_msgs/share/my_second_pkg_msgs/hook/cmake_prefix_path.ps1'
[1.686s] INFO:colcon.colcon_core.shell:Creating environment descriptor '/home/ghtn10000/robot_ws/install/my_second_pkg_msgs/share/my_second_pkg_msgs/hook/cmake_prefix_path.dsv'
[1.687s] INFO:colcon.colcon_core.shell:Creating environment hook '/home/ghtn10000/robot_ws/install/my_second_pkg_msgs/share/my_second_pkg_msgs/hook/cmake_prefix_path.sh'
[1.688s] Level 1:colcon.colcon_core.environment:checking '/home/ghtn10000/robot_ws/install/my_second_pkg_msgs/lib'
[1.689s] Level 1:colcon.colcon_core.shell:create_environment_hook('my_second_pkg_msgs', 'ld_library_path_lib')
[1.689s] INFO:colcon.colcon_core.shell:Creating environment hook '/home/ghtn10000/robot_ws/install/my_second_pkg_msgs/share/my_second_pkg_msgs/hook/ld_library_path_lib.ps1'
[1.690s] INFO:colcon.colcon_core.shell:Creating environment descriptor '/home/ghtn10000/robot_ws/install/my_second_pkg_msgs/share/my_second_pkg_msgs/hook/ld_library_path_lib.dsv'
[1.690s] INFO:colcon.colcon_core.shell:Creating environment hook '/home/ghtn10000/robot_ws/install/my_second_pkg_msgs/share/my_second_pkg_msgs/hook/ld_library_path_lib.sh'
[1.691s] Level 1:colcon.colcon_core.environment:checking '/home/ghtn10000/robot_ws/install/my_second_pkg_msgs/bin'
[1.691s] Level 1:colcon.colcon_core.environment:checking '/home/ghtn10000/robot_ws/install/my_second_pkg_msgs/lib/pkgconfig/my_second_pkg_msgs.pc'
[1.692s] Level 1:colcon.colcon_core.environment:checking '/home/ghtn10000/robot_ws/install/my_second_pkg_msgs/lib/python3.10/site-packages'
[1.692s] Level 1:colcon.colcon_core.environment:checking '/home/ghtn10000/robot_ws/install/my_second_pkg_msgs/bin'
[1.693s] INFO:colcon.colcon_core.shell:Creating package script '/home/ghtn10000/robot_ws/install/my_second_pkg_msgs/share/my_second_pkg_msgs/package.ps1'
[1.694s] INFO:colcon.colcon_core.shell:Creating package descriptor '/home/ghtn10000/robot_ws/install/my_second_pkg_msgs/share/my_second_pkg_msgs/package.dsv'
[1.695s] INFO:colcon.colcon_core.shell:Creating package script '/home/ghtn10000/robot_ws/install/my_second_pkg_msgs/share/my_second_pkg_msgs/package.sh'
[1.695s] INFO:colcon.colcon_core.shell:Creating package script '/home/ghtn10000/robot_ws/install/my_second_pkg_msgs/share/my_second_pkg_msgs/package.bash'
[1.696s] INFO:colcon.colcon_core.shell:Creating package script '/home/ghtn10000/robot_ws/install/my_second_pkg_msgs/share/my_second_pkg_msgs/package.zsh'
[1.699s] Level 1:colcon.colcon_core.environment:create_file_with_runtime_dependencies(/home/ghtn10000/robot_ws/install/my_second_pkg_msgs/share/colcon-core/packages/my_second_pkg_msgs)
[1.711s] Level 1:colcon.colcon_core.environment:create_environment_scripts_only(msg_srv_act_interface_ex)
[1.712s] Level 1:colcon.colcon_core.environment:checking '/home/ghtn10000/robot_ws/install/msg_srv_act_interface_ex' for CMake module files
[1.713s] Level 1:colcon.colcon_core.environment:checking '/home/ghtn10000/robot_ws/install/msg_srv_act_interface_ex' for CMake config files
[1.714s] Level 1:colcon.colcon_core.shell:create_environment_hook('msg_srv_act_interface_ex', 'cmake_prefix_path')
[1.712s] DEBUG:colcon.colcon_core.event_handler.log_command:Invoked command in '/home/ghtn10000/robot_ws/build/msg_srv_act_interface_ex' returned '0': CMAKE_PREFIX_PATH=${CMAKE_PREFIX_PATH}:/home/ghtn10000/turtlebot3_ws/install/turtlebot3_teleop:/home/ghtn10000/turtlebot3_ws/install/turtlebot3_example:/home/ghtn10000/turtlebot3_ws/install/turtlebot3_dqn:/home/ghtn10000/robot_ws/install/my_turtlesim_mobeturtle_pkg:/home/ghtn10000/robot_ws/install/my_timer_pkg:/home/ghtn10000/robot_ws/install/my_first_ros_rclpy_pkg:/opt/ros/humble /usr/bin/cmake --install /home/ghtn10000/robot_ws/build/msg_srv_act_interface_ex
[1.715s] INFO:colcon.colcon_core.shell:Creating environment hook '/home/ghtn10000/robot_ws/install/msg_srv_act_interface_ex/share/msg_srv_act_interface_ex/hook/cmake_prefix_path.ps1'
[1.716s] INFO:colcon.colcon_core.shell:Creating environment descriptor '/home/ghtn10000/robot_ws/install/msg_srv_act_interface_ex/share/msg_srv_act_interface_ex/hook/cmake_prefix_path.dsv'
[1.716s] INFO:colcon.colcon_core.shell:Creating environment hook '/home/ghtn10000/robot_ws/install/msg_srv_act_interface_ex/share/msg_srv_act_interface_ex/hook/cmake_prefix_path.sh'
[1.717s] Level 1:colcon.colcon_core.environment:checking '/home/ghtn10000/robot_ws/install/msg_srv_act_interface_ex/lib'
[1.717s] Level 1:colcon.colcon_core.shell:create_environment_hook('msg_srv_act_interface_ex', 'ld_library_path_lib')
[1.718s] INFO:colcon.colcon_core.shell:Creating environment hook '/home/ghtn10000/robot_ws/install/msg_srv_act_interface_ex/share/msg_srv_act_interface_ex/hook/ld_library_path_lib.ps1'
[1.718s] INFO:colcon.colcon_core.shell:Creating environment descriptor '/home/ghtn10000/robot_ws/install/msg_srv_act_interface_ex/share/msg_srv_act_interface_ex/hook/ld_library_path_lib.dsv'
[1.719s] INFO:colcon.colcon_core.shell:Creating environment hook '/home/ghtn10000/robot_ws/install/msg_srv_act_interface_ex/share/msg_srv_act_interface_ex/hook/ld_library_path_lib.sh'
[1.720s] Level 1:colcon.colcon_core.environment:checking '/home/ghtn10000/robot_ws/install/msg_srv_act_interface_ex/bin'
[1.720s] Level 1:colcon.colcon_core.environment:checking '/home/ghtn10000/robot_ws/install/msg_srv_act_interface_ex/lib/pkgconfig/msg_srv_act_interface_ex.pc'
[1.720s] Level 1:colcon.colcon_core.environment:checking '/home/ghtn10000/robot_ws/install/msg_srv_act_interface_ex/lib/python3.10/site-packages'
[1.720s] Level 1:colcon.colcon_core.environment:checking '/home/ghtn10000/robot_ws/install/msg_srv_act_interface_ex/bin'
[1.721s] INFO:colcon.colcon_core.shell:Creating package script '/home/ghtn10000/robot_ws/install/msg_srv_act_interface_ex/share/msg_srv_act_interface_ex/package.ps1'
[1.722s] INFO:colcon.colcon_core.shell:Creating package descriptor '/home/ghtn10000/robot_ws/install/msg_srv_act_interface_ex/share/msg_srv_act_interface_ex/package.dsv'
[1.723s] INFO:colcon.colcon_core.shell:Creating package script '/home/ghtn10000/robot_ws/install/msg_srv_act_interface_ex/share/msg_srv_act_interface_ex/package.sh'
[1.724s] INFO:colcon.colcon_core.shell:Creating package script '/home/ghtn10000/robot_ws/install/msg_srv_act_interface_ex/share/msg_srv_act_interface_ex/package.bash'
[1.725s] INFO:colcon.colcon_core.shell:Creating package script '/home/ghtn10000/robot_ws/install/msg_srv_act_interface_ex/share/msg_srv_act_interface_ex/package.zsh'
[1.725s] Level 1:colcon.colcon_core.environment:create_file_with_runtime_dependencies(/home/ghtn10000/robot_ws/install/msg_srv_act_interface_ex/share/colcon-core/packages/msg_srv_act_interface_ex)
[1.726s] Level 1:colcon.colcon_core.environment:create_environment_scripts_only(msg_srv_act_interface_ex)
[1.727s] Level 1:colcon.colcon_core.environment:checking '/home/ghtn10000/robot_ws/install/msg_srv_act_interface_ex' for CMake module files
[1.728s] Level 1:colcon.colcon_core.environment:checking '/home/ghtn10000/robot_ws/install/msg_srv_act_interface_ex' for CMake config files
[1.729s] Level 1:colcon.colcon_core.shell:create_environment_hook('msg_srv_act_interface_ex', 'cmake_prefix_path')
[1.730s] INFO:colcon.colcon_core.shell:Creating environment hook '/home/ghtn10000/robot_ws/install/msg_srv_act_interface_ex/share/msg_srv_act_interface_ex/hook/cmake_prefix_path.ps1'
[1.730s] INFO:colcon.colcon_core.shell:Creating environment descriptor '/home/ghtn10000/robot_ws/install/msg_srv_act_interface_ex/share/msg_srv_act_interface_ex/hook/cmake_prefix_path.dsv'
[1.731s] INFO:colcon.colcon_core.shell:Creating environment hook '/home/ghtn10000/robot_ws/install/msg_srv_act_interface_ex/share/msg_srv_act_interface_ex/hook/cmake_prefix_path.sh'
[1.732s] Level 1:colcon.colcon_core.environment:checking '/home/ghtn10000/robot_ws/install/msg_srv_act_interface_ex/lib'
[1.732s] Level 1:colcon.colcon_core.shell:create_environment_hook('msg_srv_act_interface_ex', 'ld_library_path_lib')
[1.732s] INFO:colcon.colcon_core.shell:Creating environment hook '/home/ghtn10000/robot_ws/install/msg_srv_act_interface_ex/share/msg_srv_act_interface_ex/hook/ld_library_path_lib.ps1'
[1.733s] INFO:colcon.colcon_core.shell:Creating environment descriptor '/home/ghtn10000/robot_ws/install/msg_srv_act_interface_ex/share/msg_srv_act_interface_ex/hook/ld_library_path_lib.dsv'
[1.734s] INFO:colcon.colcon_core.shell:Creating environment hook '/home/ghtn10000/robot_ws/install/msg_srv_act_interface_ex/share/msg_srv_act_interface_ex/hook/ld_library_path_lib.sh'
[1.734s] Level 1:colcon.colcon_core.environment:checking '/home/ghtn10000/robot_ws/install/msg_srv_act_interface_ex/bin'
[1.734s] Level 1:colcon.colcon_core.environment:checking '/home/ghtn10000/robot_ws/install/msg_srv_act_interface_ex/lib/pkgconfig/msg_srv_act_interface_ex.pc'
[1.735s] Level 1:colcon.colcon_core.environment:checking '/home/ghtn10000/robot_ws/install/msg_srv_act_interface_ex/lib/python3.10/site-packages'
[1.735s] Level 1:colcon.colcon_core.environment:checking '/home/ghtn10000/robot_ws/install/msg_srv_act_interface_ex/bin'
[1.736s] INFO:colcon.colcon_core.shell:Creating package script '/home/ghtn10000/robot_ws/install/msg_srv_act_interface_ex/share/msg_srv_act_interface_ex/package.ps1'
[1.737s] INFO:colcon.colcon_core.shell:Creating package descriptor '/home/ghtn10000/robot_ws/install/msg_srv_act_interface_ex/share/msg_srv_act_interface_ex/package.dsv'
[1.737s] INFO:colcon.colcon_core.shell:Creating package script '/home/ghtn10000/robot_ws/install/msg_srv_act_interface_ex/share/msg_srv_act_interface_ex/package.sh'
[1.738s] INFO:colcon.colcon_core.shell:Creating package script '/home/ghtn10000/robot_ws/install/msg_srv_act_interface_ex/share/msg_srv_act_interface_ex/package.bash'
[1.739s] INFO:colcon.colcon_core.shell:Creating package script '/home/ghtn10000/robot_ws/install/msg_srv_act_interface_ex/share/msg_srv_act_interface_ex/package.zsh'
[1.739s] Level 1:colcon.colcon_core.environment:create_file_with_runtime_dependencies(/home/ghtn10000/robot_ws/install/msg_srv_act_interface_ex/share/colcon-core/packages/msg_srv_act_interface_ex)
[2.114s] DEBUG:colcon.colcon_core.event_handler.log_command:Invoking command in '/home/ghtn10000/robot_ws/build/my_first_ros_rclpy_pkg': PYTHONPATH=/home/ghtn10000/robot_ws/build/my_first_ros_rclpy_pkg/prefix_override:/usr/lib/python3/dist-packages/colcon_core/task/python/colcon_distutils_commands:/home/ghtn10000/robot_ws/install/my_first_ros_rclpy_pkg/lib/python3.10/site-packages:${PYTHONPATH} /usr/bin/python3 -W ignore:setup.py install is deprecated -W ignore:easy_install command is deprecated setup.py develop --editable --build-directory /home/ghtn10000/robot_ws/build/my_first_ros_rclpy_pkg/build --no-deps symlink_data
[2.139s] DEBUG:colcon.colcon_core.event_handler.log_command:Invoking command in '/home/ghtn10000/robot_ws/build/topic_srv_act_rclpy_ex': PYTHONPATH=/home/ghtn10000/robot_ws/build/topic_srv_act_rclpy_ex/prefix_override:/usr/lib/python3/dist-packages/colcon_core/task/python/colcon_distutils_commands:/home/ghtn10000/robot_ws/install/topic_srv_act_rclpy_ex/lib/python3.10/site-packages:${PYTHONPATH} /usr/bin/python3 -W ignore:setup.py install is deprecated -W ignore:easy_install command is deprecated setup.py develop --editable --build-directory /home/ghtn10000/robot_ws/build/topic_srv_act_rclpy_ex/build --no-deps symlink_data
[2.179s] DEBUG:colcon.colcon_core.event_handler.log_command:Invoking command in '/home/ghtn10000/robot_ws/build/my_turtlesim_mobeturtle_pkg': PYTHONPATH=/home/ghtn10000/robot_ws/build/my_turtlesim_mobeturtle_pkg/prefix_override:/usr/lib/python3/dist-packages/colcon_core/task/python/colcon_distutils_commands:/home/ghtn10000/robot_ws/install/my_turtlesim_mobeturtle_pkg/lib/python3.10/site-packages:${PYTHONPATH} /usr/bin/python3 -W ignore:setup.py install is deprecated -W ignore:easy_install command is deprecated setup.py develop --editable --build-directory /home/ghtn10000/robot_ws/build/my_turtlesim_mobeturtle_pkg/build --no-deps symlink_data
[2.191s] DEBUG:colcon.colcon_core.event_handler.log_command:Invoking command in '/home/ghtn10000/robot_ws/build/my_timer_pkg': PYTHONPATH=/home/ghtn10000/robot_ws/build/my_timer_pkg/prefix_override:/usr/lib/python3/dist-packages/colcon_core/task/python/colcon_distutils_commands:/home/ghtn10000/robot_ws/install/my_timer_pkg/lib/python3.10/site-packages:${PYTHONPATH} /usr/bin/python3 -W ignore:setup.py install is deprecated -W ignore:easy_install command is deprecated setup.py develop --editable --build-directory /home/ghtn10000/robot_ws/build/my_timer_pkg/build --no-deps symlink_data
[2.675s] Level 1:colcon.colcon_core.shell:create_environment_hook('my_first_ros_rclpy_pkg', 'pythonpath_develop')
[2.676s] INFO:colcon.colcon_core.shell:Creating environment hook '/home/ghtn10000/robot_ws/build/my_first_ros_rclpy_pkg/share/my_first_ros_rclpy_pkg/hook/pythonpath_develop.ps1'
[2.676s] DEBUG:colcon.colcon_core.event_handler.log_command:Invoked command in '/home/ghtn10000/robot_ws/build/my_first_ros_rclpy_pkg' returned '0': PYTHONPATH=/home/ghtn10000/robot_ws/build/my_first_ros_rclpy_pkg/prefix_override:/usr/lib/python3/dist-packages/colcon_core/task/python/colcon_distutils_commands:/home/ghtn10000/robot_ws/install/my_first_ros_rclpy_pkg/lib/python3.10/site-packages:${PYTHONPATH} /usr/bin/python3 -W ignore:setup.py install is deprecated -W ignore:easy_install command is deprecated setup.py develop --editable --build-directory /home/ghtn10000/robot_ws/build/my_first_ros_rclpy_pkg/build --no-deps symlink_data
[2.677s] INFO:colcon.colcon_core.shell:Creating environment descriptor '/home/ghtn10000/robot_ws/build/my_first_ros_rclpy_pkg/share/my_first_ros_rclpy_pkg/hook/pythonpath_develop.dsv'
[2.678s] INFO:colcon.colcon_core.shell:Creating environment hook '/home/ghtn10000/robot_ws/build/my_first_ros_rclpy_pkg/share/my_first_ros_rclpy_pkg/hook/pythonpath_develop.sh'
[2.679s] Level 1:colcon.colcon_core.environment:checking '/home/ghtn10000/robot_ws/install/my_first_ros_rclpy_pkg' for CMake module files
[2.680s] Level 1:colcon.colcon_core.environment:checking '/home/ghtn10000/robot_ws/install/my_first_ros_rclpy_pkg' for CMake config files
[2.680s] Level 1:colcon.colcon_core.environment:checking '/home/ghtn10000/robot_ws/install/my_first_ros_rclpy_pkg/lib'
[2.680s] Level 1:colcon.colcon_core.environment:checking '/home/ghtn10000/robot_ws/install/my_first_ros_rclpy_pkg/bin'
[2.680s] Level 1:colcon.colcon_core.environment:checking '/home/ghtn10000/robot_ws/install/my_first_ros_rclpy_pkg/lib/pkgconfig/my_first_ros_rclpy_pkg.pc'
[2.681s] Level 1:colcon.colcon_core.environment:checking '/home/ghtn10000/robot_ws/install/my_first_ros_rclpy_pkg/lib/python3.10/site-packages'
[2.681s] Level 1:colcon.colcon_core.shell:create_environment_hook('my_first_ros_rclpy_pkg', 'pythonpath')
[2.681s] INFO:colcon.colcon_core.shell:Creating environment hook '/home/ghtn10000/robot_ws/install/my_first_ros_rclpy_pkg/share/my_first_ros_rclpy_pkg/hook/pythonpath.ps1'
[2.682s] INFO:colcon.colcon_core.shell:Creating environment descriptor '/home/ghtn10000/robot_ws/install/my_first_ros_rclpy_pkg/share/my_first_ros_rclpy_pkg/hook/pythonpath.dsv'
[2.683s] INFO:colcon.colcon_core.shell:Creating environment hook '/home/ghtn10000/robot_ws/install/my_first_ros_rclpy_pkg/share/my_first_ros_rclpy_pkg/hook/pythonpath.sh'
[2.684s] Level 1:colcon.colcon_core.environment:checking '/home/ghtn10000/robot_ws/install/my_first_ros_rclpy_pkg/bin'
[2.684s] Level 1:colcon.colcon_core.environment:create_environment_scripts_only(my_first_ros_rclpy_pkg)
[2.685s] INFO:colcon.colcon_core.shell:Creating package script '/home/ghtn10000/robot_ws/install/my_first_ros_rclpy_pkg/share/my_first_ros_rclpy_pkg/package.ps1'
[2.686s] INFO:colcon.colcon_core.shell:Creating package descriptor '/home/ghtn10000/robot_ws/install/my_first_ros_rclpy_pkg/share/my_first_ros_rclpy_pkg/package.dsv'
[2.687s] INFO:colcon.colcon_core.shell:Creating package script '/home/ghtn10000/robot_ws/install/my_first_ros_rclpy_pkg/share/my_first_ros_rclpy_pkg/package.sh'
[2.688s] INFO:colcon.colcon_core.shell:Creating package script '/home/ghtn10000/robot_ws/install/my_first_ros_rclpy_pkg/share/my_first_ros_rclpy_pkg/package.bash'
[2.688s] INFO:colcon.colcon_core.shell:Creating package script '/home/ghtn10000/robot_ws/install/my_first_ros_rclpy_pkg/share/my_first_ros_rclpy_pkg/package.zsh'
[2.689s] Level 1:colcon.colcon_core.environment:create_file_with_runtime_dependencies(/home/ghtn10000/robot_ws/install/my_first_ros_rclpy_pkg/share/colcon-core/packages/my_first_ros_rclpy_pkg)
[2.705s] DEBUG:colcon.colcon_core.event_handler.log_command:Invoked command in '/home/ghtn10000/robot_ws/build/topic_srv_act_rclpy_ex' returned '1': PYTHONPATH=/home/ghtn10000/robot_ws/build/topic_srv_act_rclpy_ex/prefix_override:/usr/lib/python3/dist-packages/colcon_core/task/python/colcon_distutils_commands:/home/ghtn10000/robot_ws/install/topic_srv_act_rclpy_ex/lib/python3.10/site-packages:${PYTHONPATH} /usr/bin/python3 -W ignore:setup.py install is deprecated -W ignore:easy_install command is deprecated setup.py develop --editable --build-directory /home/ghtn10000/robot_ws/build/topic_srv_act_rclpy_ex/build --no-deps symlink_data
[2.810s] DEBUG:colcon.colcon_parallel_executor.executor.parallel:closing loop
[2.810s] DEBUG:colcon.colcon_parallel_executor.executor.parallel:loop closed
[2.810s] DEBUG:colcon.colcon_parallel_executor.executor.parallel:run_until_complete finished with '1'
[2.810s] DEBUG:colcon.colcon_core.event_reactor:joining thread
[2.815s] INFO:colcon.colcon_core.plugin_system:Skipping extension 'colcon_notification.desktop_notification.terminal_notifier': Not used on non-Darwin systems
[2.816s] INFO:colcon.colcon_core.plugin_system:Skipping extension 'colcon_notification.desktop_notification.win32': Not used on non-Windows systems
[2.816s] INFO:colcon.colcon_notification.desktop_notification:Sending desktop notification using 'notify2'
[2.826s] DEBUG:colcon.colcon_core.event_reactor:joined thread
[2.826s] INFO:colcon.colcon_core.shell:Creating prefix script '/home/ghtn10000/robot_ws/install/local_setup.ps1'
[2.827s] INFO:colcon.colcon_core.shell:Creating prefix util module '/home/ghtn10000/robot_ws/install/_local_setup_util_ps1.py'
[2.828s] INFO:colcon.colcon_core.shell:Creating prefix chain script '/home/ghtn10000/robot_ws/install/setup.ps1'
[2.829s] INFO:colcon.colcon_core.shell:Creating prefix script '/home/ghtn10000/robot_ws/install/local_setup.sh'
[2.830s] INFO:colcon.colcon_core.shell:Creating prefix util module '/home/ghtn10000/robot_ws/install/_local_setup_util_sh.py'
[2.830s] INFO:colcon.colcon_core.shell:Creating prefix chain script '/home/ghtn10000/robot_ws/install/setup.sh'
[2.831s] INFO:colcon.colcon_core.shell:Creating prefix script '/home/ghtn10000/robot_ws/install/local_setup.bash'
[2.832s] INFO:colcon.colcon_core.shell:Creating prefix chain script '/home/ghtn10000/robot_ws/install/setup.bash'
[2.833s] INFO:colcon.colcon_core.shell:Creating prefix script '/home/ghtn10000/robot_ws/install/local_setup.zsh'
[2.833s] INFO:colcon.colcon_core.shell:Creating prefix chain script '/home/ghtn10000/robot_ws/install/setup.zsh'
