[0.243s] Invoking command in '/home/ghtn10000/robot_ws/build/my_second_pkg_msgs': CMAKE_PREFIX_PATH=${CMAKE_PREFIX_PATH}:/home/ghtn10000/turtlebot3_ws/install/turtlebot3_teleop:/home/ghtn10000/turtlebot3_ws/install/turtlebot3_example:/home/ghtn10000/turtlebot3_ws/install/turtlebot3_dqn:/home/ghtn10000/robot_ws/install/my_turtlesim_mobeturtle_pkg:/home/ghtn10000/robot_ws/install/my_timer_pkg:/home/ghtn10000/robot_ws/install/my_first_ros_rclpy_pkg:/opt/ros/humble /usr/bin/cmake --build /home/ghtn10000/robot_ws/build/my_second_pkg_msgs -- -j8 -l8
[0.592s] [35m[1mConsolidate compiler generated dependencies of target my_second_pkg_msgs__rosidl_generator_c[0m
[0.592s] [  4%] Built target my_second_pkg_msgs__cpp
[0.592s] [ 12%] Built target my_second_pkg_msgs__rosidl_generator_c
[0.592s] [ 12%] Built target ament_cmake_python_symlink_my_second_pkg_msgs
[0.592s] [35m[1mConsolidate compiler generated dependencies of target my_second_pkg_msgs__rosidl_typesupport_introspection_cpp[0m
[0.592s] [35m[1mConsolidate compiler generated dependencies of target my_second_pkg_msgs__rosidl_typesupport_fastrtps_cpp[0m
[0.593s] [35m[1mConsolidate compiler generated dependencies of target my_second_pkg_msgs__rosidl_typesupport_cpp[0m
[0.593s] [35m[1mConsolidate compiler generated dependencies of target my_second_pkg_msgs__rosidl_typesupport_fastrtps_c[0m
[0.593s] [35m[1mConsolidate compiler generated dependencies of target my_second_pkg_msgs__rosidl_typesupport_introspection_c[0m
[0.593s] [35m[1mConsolidate compiler generated dependencies of target my_second_pkg_msgs__rosidl_typesupport_c[0m
[0.593s] [ 23%] Built target my_second_pkg_msgs__rosidl_typesupport_fastrtps_cpp
[0.593s] [ 38%] Built target my_second_pkg_msgs__rosidl_typesupport_cpp
[0.593s] [ 44%] Built target my_second_pkg_msgs__rosidl_typesupport_introspection_cpp
[0.593s] [ 55%] Built target my_second_pkg_msgs__rosidl_typesupport_introspection_c
[0.593s] [ 65%] Built target my_second_pkg_msgs__rosidl_typesupport_fastrtps_c
[0.593s] [ 76%] Built target my_second_pkg_msgs__rosidl_typesupport_c
[0.593s] [ 76%] Built target my_second_pkg_msgs
[0.594s] [ 78%] Built target my_second_pkg_msgs__py
[0.594s] [35m[1mConsolidate compiler generated dependencies of target my_second_pkg_msgs__rosidl_generator_py[0m
[0.594s] [ 87%] Built target my_second_pkg_msgs__rosidl_generator_py
[0.594s] [35m[1mConsolidate compiler generated dependencies of target my_second_pkg_msgs__rosidl_typesupport_c__pyext[0m
[0.594s] [35m[1mConsolidate compiler generated dependencies of target my_second_pkg_msgs__rosidl_typesupport_fastrtps_c__pyext[0m
[0.594s] [35m[1mConsolidate compiler generated dependencies of target my_second_pkg_msgs__rosidl_typesupport_introspection_c__pyext[0m
[0.594s] [ 91%] Built target my_second_pkg_msgs__rosidl_typesupport_c__pyext
[0.594s] [100%] Built target my_second_pkg_msgs__rosidl_typesupport_fastrtps_c__pyext
[0.594s] [100%] Built target my_second_pkg_msgs__rosidl_typesupport_introspection_c__pyext
[0.648s] running egg_info
[0.649s] writing my_second_pkg_msgs.egg-info/PKG-INFO
[0.649s] writing dependency_links to my_second_pkg_msgs.egg-info/dependency_links.txt
[0.649s] writing top-level names to my_second_pkg_msgs.egg-info/top_level.txt
[0.652s] reading manifest file 'my_second_pkg_msgs.egg-info/SOURCES.txt'
[0.653s] writing manifest file 'my_second_pkg_msgs.egg-info/SOURCES.txt'
[0.683s] [100%] Built target ament_cmake_python_build_my_second_pkg_msgs_egg
[1.000s] Invoked command in '/home/ghtn10000/robot_ws/build/my_second_pkg_msgs' returned '0': CMAKE_PREFIX_PATH=${CMAKE_PREFIX_PATH}:/home/ghtn10000/turtlebot3_ws/install/turtlebot3_teleop:/home/ghtn10000/turtlebot3_ws/install/turtlebot3_example:/home/ghtn10000/turtlebot3_ws/install/turtlebot3_dqn:/home/ghtn10000/robot_ws/install/my_turtlesim_mobeturtle_pkg:/home/ghtn10000/robot_ws/install/my_timer_pkg:/home/ghtn10000/robot_ws/install/my_first_ros_rclpy_pkg:/opt/ros/humble /usr/bin/cmake --build /home/ghtn10000/robot_ws/build/my_second_pkg_msgs -- -j8 -l8
[1.012s] Invoking command in '/home/ghtn10000/robot_ws/build/my_second_pkg_msgs': CMAKE_PREFIX_PATH=${CMAKE_PREFIX_PATH}:/home/ghtn10000/turtlebot3_ws/install/turtlebot3_teleop:/home/ghtn10000/turtlebot3_ws/install/turtlebot3_example:/home/ghtn10000/turtlebot3_ws/install/turtlebot3_dqn:/home/ghtn10000/robot_ws/install/my_turtlesim_mobeturtle_pkg:/home/ghtn10000/robot_ws/install/my_timer_pkg:/home/ghtn10000/robot_ws/install/my_first_ros_rclpy_pkg:/opt/ros/humble /usr/bin/cmake --install /home/ghtn10000/robot_ws/build/my_second_pkg_msgs
[1.027s] -- Install configuration: ""
[1.028s] -- Execute custom install script
[1.028s] -- Up-to-date symlink: /home/ghtn10000/robot_ws/install/my_second_pkg_msgs/share/ament_index/resource_index/rosidl_interfaces/my_second_pkg_msgs
[1.030s] -- Up-to-date symlink: /home/ghtn10000/robot_ws/install/my_second_pkg_msgs/include/my_second_pkg_msgs/my_second_pkg_msgs/action/detail/dist_turtle__functions.h
[1.030s] -- Up-to-date symlink: /home/ghtn10000/robot_ws/install/my_second_pkg_msgs/include/my_second_pkg_msgs/my_second_pkg_msgs/action/detail/dist_turtle__struct.h
[1.031s] -- Up-to-date symlink: /home/ghtn10000/robot_ws/install/my_second_pkg_msgs/include/my_second_pkg_msgs/my_second_pkg_msgs/action/detail/dist_turtle__type_support.h
[1.031s] -- Up-to-date symlink: /home/ghtn10000/robot_ws/install/my_second_pkg_msgs/include/my_second_pkg_msgs/my_second_pkg_msgs/action/dist_turtle.h
[1.031s] -- Up-to-date symlink: /home/ghtn10000/robot_ws/install/my_second_pkg_msgs/include/my_second_pkg_msgs/my_second_pkg_msgs/msg/cmd_and_pose_vel.h
[1.032s] -- Up-to-date symlink: /home/ghtn10000/robot_ws/install/my_second_pkg_msgs/include/my_second_pkg_msgs/my_second_pkg_msgs/msg/detail/cmd_and_pose_vel__functions.h
[1.032s] -- Up-to-date symlink: /home/ghtn10000/robot_ws/install/my_second_pkg_msgs/include/my_second_pkg_msgs/my_second_pkg_msgs/msg/detail/cmd_and_pose_vel__struct.h
[1.032s] -- Up-to-date symlink: /home/ghtn10000/robot_ws/install/my_second_pkg_msgs/include/my_second_pkg_msgs/my_second_pkg_msgs/msg/detail/cmd_and_pose_vel__type_support.h
[1.033s] -- Up-to-date symlink: /home/ghtn10000/robot_ws/install/my_second_pkg_msgs/include/my_second_pkg_msgs/my_second_pkg_msgs/msg/rosidl_generator_c__visibility_control.h
[1.037s] -- Up-to-date symlink: /home/ghtn10000/robot_ws/install/my_second_pkg_msgs/include/my_second_pkg_msgs/my_second_pkg_msgs/srv/detail/multi_spawn__functions.h
[1.037s] -- Up-to-date symlink: /home/ghtn10000/robot_ws/install/my_second_pkg_msgs/include/my_second_pkg_msgs/my_second_pkg_msgs/srv/detail/multi_spawn__struct.h
[1.037s] -- Up-to-date symlink: /home/ghtn10000/robot_ws/install/my_second_pkg_msgs/include/my_second_pkg_msgs/my_second_pkg_msgs/srv/detail/multi_spawn__type_support.h
[1.037s] -- Up-to-date symlink: /home/ghtn10000/robot_ws/install/my_second_pkg_msgs/include/my_second_pkg_msgs/my_second_pkg_msgs/srv/multi_spawn.h
[1.037s] -- Up-to-date symlink: /home/ghtn10000/robot_ws/install/my_second_pkg_msgs/share/my_second_pkg_msgs/environment/library_path.sh
[1.037s] -- Up-to-date symlink: /home/ghtn10000/robot_ws/install/my_second_pkg_msgs/share/my_second_pkg_msgs/environment/library_path.dsv
[1.037s] -- Up-to-date symlink: /home/ghtn10000/robot_ws/install/my_second_pkg_msgs/include/my_second_pkg_msgs/my_second_pkg_msgs/action/detail/dist_turtle__rosidl_typesupport_fastrtps_c.h
[1.037s] -- Up-to-date symlink: /home/ghtn10000/robot_ws/install/my_second_pkg_msgs/include/my_second_pkg_msgs/my_second_pkg_msgs/msg/detail/cmd_and_pose_vel__rosidl_typesupport_fastrtps_c.h
[1.037s] -- Up-to-date symlink: /home/ghtn10000/robot_ws/install/my_second_pkg_msgs/include/my_second_pkg_msgs/my_second_pkg_msgs/msg/rosidl_typesupport_fastrtps_c__visibility_control.h
[1.038s] -- Up-to-date symlink: /home/ghtn10000/robot_ws/install/my_second_pkg_msgs/include/my_second_pkg_msgs/my_second_pkg_msgs/srv/detail/multi_spawn__rosidl_typesupport_fastrtps_c.h
[1.043s] -- Up-to-date symlink: /home/ghtn10000/robot_ws/install/my_second_pkg_msgs/include/my_second_pkg_msgs/my_second_pkg_msgs/action/detail/dist_turtle__rosidl_typesupport_introspection_c.h
[1.043s] -- Up-to-date symlink: /home/ghtn10000/robot_ws/install/my_second_pkg_msgs/include/my_second_pkg_msgs/my_second_pkg_msgs/msg/detail/cmd_and_pose_vel__rosidl_typesupport_introspection_c.h
[1.044s] -- Up-to-date symlink: /home/ghtn10000/robot_ws/install/my_second_pkg_msgs/include/my_second_pkg_msgs/my_second_pkg_msgs/msg/rosidl_typesupport_introspection_c__visibility_control.h
[1.044s] -- Up-to-date symlink: /home/ghtn10000/robot_ws/install/my_second_pkg_msgs/include/my_second_pkg_msgs/my_second_pkg_msgs/srv/detail/multi_spawn__rosidl_typesupport_introspection_c.h
[1.045s] -- Up-to-date symlink: /home/ghtn10000/robot_ws/install/my_second_pkg_msgs/include/my_second_pkg_msgs/my_second_pkg_msgs/action/detail/dist_turtle__builder.hpp
[1.046s] -- Up-to-date symlink: /home/ghtn10000/robot_ws/install/my_second_pkg_msgs/include/my_second_pkg_msgs/my_second_pkg_msgs/action/detail/dist_turtle__struct.hpp
[1.046s] -- Up-to-date symlink: /home/ghtn10000/robot_ws/install/my_second_pkg_msgs/include/my_second_pkg_msgs/my_second_pkg_msgs/action/detail/dist_turtle__traits.hpp
[1.046s] -- Up-to-date symlink: /home/ghtn10000/robot_ws/install/my_second_pkg_msgs/include/my_second_pkg_msgs/my_second_pkg_msgs/action/detail/dist_turtle__type_support.hpp
[1.046s] -- Up-to-date symlink: /home/ghtn10000/robot_ws/install/my_second_pkg_msgs/include/my_second_pkg_msgs/my_second_pkg_msgs/action/dist_turtle.hpp
[1.047s] -- Up-to-date symlink: /home/ghtn10000/robot_ws/install/my_second_pkg_msgs/include/my_second_pkg_msgs/my_second_pkg_msgs/msg/cmd_and_pose_vel.hpp
[1.049s] -- Up-to-date symlink: /home/ghtn10000/robot_ws/install/my_second_pkg_msgs/include/my_second_pkg_msgs/my_second_pkg_msgs/msg/detail/cmd_and_pose_vel__builder.hpp
[1.049s] -- Up-to-date symlink: /home/ghtn10000/robot_ws/install/my_second_pkg_msgs/include/my_second_pkg_msgs/my_second_pkg_msgs/msg/detail/cmd_and_pose_vel__struct.hpp
[1.050s] -- Up-to-date symlink: /home/ghtn10000/robot_ws/install/my_second_pkg_msgs/include/my_second_pkg_msgs/my_second_pkg_msgs/msg/detail/cmd_and_pose_vel__traits.hpp
[1.051s] -- Up-to-date symlink: /home/ghtn10000/robot_ws/install/my_second_pkg_msgs/include/my_second_pkg_msgs/my_second_pkg_msgs/msg/detail/cmd_and_pose_vel__type_support.hpp
[1.051s] -- Up-to-date symlink: /home/ghtn10000/robot_ws/install/my_second_pkg_msgs/include/my_second_pkg_msgs/my_second_pkg_msgs/msg/rosidl_generator_cpp__visibility_control.hpp
[1.051s] -- Up-to-date symlink: /home/ghtn10000/robot_ws/install/my_second_pkg_msgs/include/my_second_pkg_msgs/my_second_pkg_msgs/srv/detail/multi_spawn__builder.hpp
[1.051s] -- Up-to-date symlink: /home/ghtn10000/robot_ws/install/my_second_pkg_msgs/include/my_second_pkg_msgs/my_second_pkg_msgs/srv/detail/multi_spawn__struct.hpp
[1.051s] -- Up-to-date symlink: /home/ghtn10000/robot_ws/install/my_second_pkg_msgs/include/my_second_pkg_msgs/my_second_pkg_msgs/srv/detail/multi_spawn__traits.hpp
[1.052s] -- Up-to-date symlink: /home/ghtn10000/robot_ws/install/my_second_pkg_msgs/include/my_second_pkg_msgs/my_second_pkg_msgs/srv/detail/multi_spawn__type_support.hpp
[1.052s] -- Up-to-date symlink: /home/ghtn10000/robot_ws/install/my_second_pkg_msgs/include/my_second_pkg_msgs/my_second_pkg_msgs/srv/multi_spawn.hpp
[1.052s] -- Up-to-date symlink: /home/ghtn10000/robot_ws/install/my_second_pkg_msgs/include/my_second_pkg_msgs/my_second_pkg_msgs/action/detail/dist_turtle__rosidl_typesupport_fastrtps_cpp.hpp
[1.052s] -- Up-to-date symlink: /home/ghtn10000/robot_ws/install/my_second_pkg_msgs/include/my_second_pkg_msgs/my_second_pkg_msgs/msg/detail/cmd_and_pose_vel__rosidl_typesupport_fastrtps_cpp.hpp
[1.052s] -- Up-to-date symlink: /home/ghtn10000/robot_ws/install/my_second_pkg_msgs/include/my_second_pkg_msgs/my_second_pkg_msgs/msg/rosidl_typesupport_fastrtps_cpp__visibility_control.h
[1.052s] -- Up-to-date symlink: /home/ghtn10000/robot_ws/install/my_second_pkg_msgs/include/my_second_pkg_msgs/my_second_pkg_msgs/srv/detail/multi_spawn__rosidl_typesupport_fastrtps_cpp.hpp
[1.053s] -- Up-to-date symlink: /home/ghtn10000/robot_ws/install/my_second_pkg_msgs/include/my_second_pkg_msgs/my_second_pkg_msgs/action/detail/dist_turtle__rosidl_typesupport_introspection_cpp.hpp
[1.053s] -- Up-to-date symlink: /home/ghtn10000/robot_ws/install/my_second_pkg_msgs/include/my_second_pkg_msgs/my_second_pkg_msgs/msg/detail/cmd_and_pose_vel__rosidl_typesupport_introspection_cpp.hpp
[1.059s] -- Up-to-date symlink: /home/ghtn10000/robot_ws/install/my_second_pkg_msgs/include/my_second_pkg_msgs/my_second_pkg_msgs/srv/detail/multi_spawn__rosidl_typesupport_introspection_cpp.hpp
[1.060s] -- Up-to-date symlink: /home/ghtn10000/robot_ws/install/my_second_pkg_msgs/share/my_second_pkg_msgs/environment/pythonpath.sh
[1.060s] -- Up-to-date symlink: /home/ghtn10000/robot_ws/install/my_second_pkg_msgs/share/my_second_pkg_msgs/environment/pythonpath.dsv
[1.062s] -- Up-to-date symlink: /home/ghtn10000/robot_ws/install/my_second_pkg_msgs/local/lib/python3.10/dist-packages/my_second_pkg_msgs-0.0.0-py3.10.egg-info/PKG-INFO
[1.062s] -- Up-to-date symlink: /home/ghtn10000/robot_ws/install/my_second_pkg_msgs/local/lib/python3.10/dist-packages/my_second_pkg_msgs-0.0.0-py3.10.egg-info/SOURCES.txt
[1.062s] -- Up-to-date symlink: /home/ghtn10000/robot_ws/install/my_second_pkg_msgs/local/lib/python3.10/dist-packages/my_second_pkg_msgs-0.0.0-py3.10.egg-info/dependency_links.txt
[1.062s] -- Up-to-date symlink: /home/ghtn10000/robot_ws/install/my_second_pkg_msgs/local/lib/python3.10/dist-packages/my_second_pkg_msgs-0.0.0-py3.10.egg-info/top_level.txt
[1.063s] -- Up-to-date symlink: /home/ghtn10000/robot_ws/install/my_second_pkg_msgs/local/lib/python3.10/dist-packages/my_second_pkg_msgs/__init__.py
[1.064s] -- Up-to-date symlink: /home/ghtn10000/robot_ws/install/my_second_pkg_msgs/local/lib/python3.10/dist-packages/my_second_pkg_msgs/_my_second_pkg_msgs_s.ep.rosidl_typesupport_c.c
[1.064s] -- Up-to-date symlink: /home/ghtn10000/robot_ws/install/my_second_pkg_msgs/local/lib/python3.10/dist-packages/my_second_pkg_msgs/_my_second_pkg_msgs_s.ep.rosidl_typesupport_fastrtps_c.c
[1.064s] -- Up-to-date symlink: /home/ghtn10000/robot_ws/install/my_second_pkg_msgs/local/lib/python3.10/dist-packages/my_second_pkg_msgs/_my_second_pkg_msgs_s.ep.rosidl_typesupport_introspection_c.c
[1.064s] -- Up-to-date symlink: /home/ghtn10000/robot_ws/install/my_second_pkg_msgs/local/lib/python3.10/dist-packages/my_second_pkg_msgs/action/__init__.py
[1.065s] -- Up-to-date symlink: /home/ghtn10000/robot_ws/install/my_second_pkg_msgs/local/lib/python3.10/dist-packages/my_second_pkg_msgs/action/_dist_turtle.py
[1.065s] -- Up-to-date symlink: /home/ghtn10000/robot_ws/install/my_second_pkg_msgs/local/lib/python3.10/dist-packages/my_second_pkg_msgs/action/_dist_turtle_s.c
[1.065s] -- Up-to-date symlink: /home/ghtn10000/robot_ws/install/my_second_pkg_msgs/local/lib/python3.10/dist-packages/my_second_pkg_msgs/libmy_second_pkg_msgs__rosidl_generator_py.so
[1.070s] -- Up-to-date symlink: /home/ghtn10000/robot_ws/install/my_second_pkg_msgs/local/lib/python3.10/dist-packages/my_second_pkg_msgs/msg/__init__.py
[1.070s] -- Up-to-date symlink: /home/ghtn10000/robot_ws/install/my_second_pkg_msgs/local/lib/python3.10/dist-packages/my_second_pkg_msgs/msg/_cmd_and_pose_vel.py
[1.070s] -- Up-to-date symlink: /home/ghtn10000/robot_ws/install/my_second_pkg_msgs/local/lib/python3.10/dist-packages/my_second_pkg_msgs/msg/_cmd_and_pose_vel_s.c
[1.070s] -- Up-to-date symlink: /home/ghtn10000/robot_ws/install/my_second_pkg_msgs/local/lib/python3.10/dist-packages/my_second_pkg_msgs/my_second_pkg_msgs_s__rosidl_typesupport_c.cpython-310-x86_64-linux-gnu.so
[1.071s] -- Up-to-date symlink: /home/ghtn10000/robot_ws/install/my_second_pkg_msgs/local/lib/python3.10/dist-packages/my_second_pkg_msgs/my_second_pkg_msgs_s__rosidl_typesupport_fastrtps_c.cpython-310-x86_64-linux-gnu.so
[1.071s] -- Up-to-date symlink: /home/ghtn10000/robot_ws/install/my_second_pkg_msgs/local/lib/python3.10/dist-packages/my_second_pkg_msgs/my_second_pkg_msgs_s__rosidl_typesupport_introspection_c.cpython-310-x86_64-linux-gnu.so
[1.071s] -- Up-to-date symlink: /home/ghtn10000/robot_ws/install/my_second_pkg_msgs/local/lib/python3.10/dist-packages/my_second_pkg_msgs/srv/__init__.py
[1.071s] -- Up-to-date symlink: /home/ghtn10000/robot_ws/install/my_second_pkg_msgs/local/lib/python3.10/dist-packages/my_second_pkg_msgs/srv/_multi_spawn.py
[1.071s] -- Up-to-date symlink: /home/ghtn10000/robot_ws/install/my_second_pkg_msgs/local/lib/python3.10/dist-packages/my_second_pkg_msgs/srv/_multi_spawn_s.c
[1.071s] -- Up-to-date symlink: /home/ghtn10000/robot_ws/install/my_second_pkg_msgs/local/lib/python3.10/dist-packages/my_second_pkg_msgs/my_second_pkg_msgs_s__rosidl_typesupport_fastrtps_c.cpython-310-x86_64-linux-gnu.so
[1.073s] -- Up-to-date symlink: /home/ghtn10000/robot_ws/install/my_second_pkg_msgs/local/lib/python3.10/dist-packages/my_second_pkg_msgs/my_second_pkg_msgs_s__rosidl_typesupport_introspection_c.cpython-310-x86_64-linux-gnu.so
[1.074s] -- Up-to-date symlink: /home/ghtn10000/robot_ws/install/my_second_pkg_msgs/local/lib/python3.10/dist-packages/my_second_pkg_msgs/my_second_pkg_msgs_s__rosidl_typesupport_c.cpython-310-x86_64-linux-gnu.so
[1.074s] -- Up-to-date symlink: /home/ghtn10000/robot_ws/install/my_second_pkg_msgs/share/my_second_pkg_msgs/msg/CmdAndPoseVel.idl
[1.074s] -- Up-to-date symlink: /home/ghtn10000/robot_ws/install/my_second_pkg_msgs/share/my_second_pkg_msgs/srv/MultiSpawn.idl
[1.074s] -- Up-to-date symlink: /home/ghtn10000/robot_ws/install/my_second_pkg_msgs/share/my_second_pkg_msgs/action/DistTurtle.idl
[1.074s] -- Up-to-date symlink: /home/ghtn10000/robot_ws/install/my_second_pkg_msgs/share/my_second_pkg_msgs/msg/CmdAndPoseVel.msg
[1.075s] -- Up-to-date symlink: /home/ghtn10000/robot_ws/install/my_second_pkg_msgs/share/my_second_pkg_msgs/srv/MultiSpawn.srv
[1.077s] -- Up-to-date symlink: /home/ghtn10000/robot_ws/install/my_second_pkg_msgs/share/my_second_pkg_msgs/srv/MultiSpawn_Request.msg
[1.077s] -- Up-to-date symlink: /home/ghtn10000/robot_ws/install/my_second_pkg_msgs/share/my_second_pkg_msgs/srv/MultiSpawn_Response.msg
[1.077s] -- Up-to-date symlink: /home/ghtn10000/robot_ws/install/my_second_pkg_msgs/share/my_second_pkg_msgs/action/DistTurtle.action
[1.077s] -- Up-to-date symlink: /home/ghtn10000/robot_ws/install/my_second_pkg_msgs/share/ament_index/resource_index/package_run_dependencies/my_second_pkg_msgs
[1.077s] -- Up-to-date symlink: /home/ghtn10000/robot_ws/install/my_second_pkg_msgs/share/ament_index/resource_index/parent_prefix_path/my_second_pkg_msgs
[1.077s] -- Up-to-date symlink: /home/ghtn10000/robot_ws/install/my_second_pkg_msgs/share/my_second_pkg_msgs/environment/ament_prefix_path.sh
[1.078s] -- Up-to-date symlink: /home/ghtn10000/robot_ws/install/my_second_pkg_msgs/share/my_second_pkg_msgs/environment/ament_prefix_path.dsv
[1.078s] -- Up-to-date symlink: /home/ghtn10000/robot_ws/install/my_second_pkg_msgs/share/my_second_pkg_msgs/environment/path.sh
[1.078s] -- Up-to-date symlink: /home/ghtn10000/robot_ws/install/my_second_pkg_msgs/share/my_second_pkg_msgs/environment/path.dsv
[1.078s] -- Up-to-date symlink: /home/ghtn10000/robot_ws/install/my_second_pkg_msgs/share/my_second_pkg_msgs/local_setup.bash
[1.081s] -- Up-to-date symlink: /home/ghtn10000/robot_ws/install/my_second_pkg_msgs/share/my_second_pkg_msgs/local_setup.sh
[1.081s] -- Up-to-date symlink: /home/ghtn10000/robot_ws/install/my_second_pkg_msgs/share/my_second_pkg_msgs/local_setup.zsh
[1.082s] -- Up-to-date symlink: /home/ghtn10000/robot_ws/install/my_second_pkg_msgs/share/my_second_pkg_msgs/local_setup.dsv
[1.082s] -- Symlinking: /home/ghtn10000/robot_ws/install/my_second_pkg_msgs/share/my_second_pkg_msgs/package.dsv
[1.089s] -- Up-to-date symlink: /home/ghtn10000/robot_ws/install/my_second_pkg_msgs/share/ament_index/resource_index/packages/my_second_pkg_msgs
[1.089s] -- Up-to-date symlink: /home/ghtn10000/robot_ws/install/my_second_pkg_msgs/share/my_second_pkg_msgs/cmake/rosidl_cmake-extras.cmake
[1.089s] -- Up-to-date symlink: /home/ghtn10000/robot_ws/install/my_second_pkg_msgs/share/my_second_pkg_msgs/cmake/ament_cmake_export_dependencies-extras.cmake
[1.089s] -- Up-to-date symlink: /home/ghtn10000/robot_ws/install/my_second_pkg_msgs/share/my_second_pkg_msgs/cmake/ament_cmake_export_include_directories-extras.cmake
[1.091s] -- Up-to-date symlink: /home/ghtn10000/robot_ws/install/my_second_pkg_msgs/share/my_second_pkg_msgs/cmake/ament_cmake_export_libraries-extras.cmake
[1.092s] -- Up-to-date symlink: /home/ghtn10000/robot_ws/install/my_second_pkg_msgs/share/my_second_pkg_msgs/cmake/ament_cmake_export_targets-extras.cmake
[1.092s] -- Up-to-date symlink: /home/ghtn10000/robot_ws/install/my_second_pkg_msgs/share/my_second_pkg_msgs/cmake/rosidl_cmake_export_typesupport_targets-extras.cmake
[1.092s] -- Up-to-date symlink: /home/ghtn10000/robot_ws/install/my_second_pkg_msgs/share/my_second_pkg_msgs/cmake/rosidl_cmake_export_typesupport_libraries-extras.cmake
[1.093s] -- Up-to-date symlink: /home/ghtn10000/robot_ws/install/my_second_pkg_msgs/share/my_second_pkg_msgs/cmake/my_second_pkg_msgsConfig.cmake
[1.093s] -- Up-to-date symlink: /home/ghtn10000/robot_ws/install/my_second_pkg_msgs/share/my_second_pkg_msgs/cmake/my_second_pkg_msgsConfig-version.cmake
[1.093s] -- Up-to-date symlink: /home/ghtn10000/robot_ws/install/my_second_pkg_msgs/share/my_second_pkg_msgs/package.xml
[1.093s] -- Up-to-date: /home/ghtn10000/robot_ws/install/my_second_pkg_msgs/lib/libmy_second_pkg_msgs__rosidl_generator_c.so
[1.093s] -- Up-to-date: /home/ghtn10000/robot_ws/install/my_second_pkg_msgs/lib/libmy_second_pkg_msgs__rosidl_typesupport_fastrtps_c.so
[1.094s] -- Up-to-date: /home/ghtn10000/robot_ws/install/my_second_pkg_msgs/lib/libmy_second_pkg_msgs__rosidl_typesupport_introspection_c.so
[1.094s] -- Up-to-date: /home/ghtn10000/robot_ws/install/my_second_pkg_msgs/lib/libmy_second_pkg_msgs__rosidl_typesupport_c.so
[1.094s] -- Up-to-date: /home/ghtn10000/robot_ws/install/my_second_pkg_msgs/lib/libmy_second_pkg_msgs__rosidl_typesupport_fastrtps_cpp.so
[1.094s] -- Up-to-date: /home/ghtn10000/robot_ws/install/my_second_pkg_msgs/lib/libmy_second_pkg_msgs__rosidl_typesupport_introspection_cpp.so
[1.094s] -- Up-to-date: /home/ghtn10000/robot_ws/install/my_second_pkg_msgs/lib/libmy_second_pkg_msgs__rosidl_typesupport_cpp.so
[1.175s] Listing '/home/ghtn10000/robot_ws/install/my_second_pkg_msgs/local/lib/python3.10/dist-packages/my_second_pkg_msgs'...
[1.175s] Listing '/home/ghtn10000/robot_ws/install/my_second_pkg_msgs/local/lib/python3.10/dist-packages/my_second_pkg_msgs/action'...
[1.176s] Listing '/home/ghtn10000/robot_ws/install/my_second_pkg_msgs/local/lib/python3.10/dist-packages/my_second_pkg_msgs/msg'...
[1.176s] Listing '/home/ghtn10000/robot_ws/install/my_second_pkg_msgs/local/lib/python3.10/dist-packages/my_second_pkg_msgs/srv'...
[1.183s] -- Up-to-date: /home/ghtn10000/robot_ws/install/my_second_pkg_msgs/lib/libmy_second_pkg_msgs__rosidl_generator_py.so
[1.184s] -- Up-to-date: /home/ghtn10000/robot_ws/install/my_second_pkg_msgs/share/my_second_pkg_msgs/cmake/export_my_second_pkg_msgs__rosidl_generator_cExport.cmake
[1.184s] -- Up-to-date: /home/ghtn10000/robot_ws/install/my_second_pkg_msgs/share/my_second_pkg_msgs/cmake/export_my_second_pkg_msgs__rosidl_generator_cExport-noconfig.cmake
[1.185s] -- Up-to-date: /home/ghtn10000/robot_ws/install/my_second_pkg_msgs/share/my_second_pkg_msgs/cmake/export_my_second_pkg_msgs__rosidl_typesupport_fastrtps_cExport.cmake
[1.186s] -- Up-to-date: /home/ghtn10000/robot_ws/install/my_second_pkg_msgs/share/my_second_pkg_msgs/cmake/export_my_second_pkg_msgs__rosidl_typesupport_fastrtps_cExport-noconfig.cmake
[1.187s] -- Up-to-date: /home/ghtn10000/robot_ws/install/my_second_pkg_msgs/share/my_second_pkg_msgs/cmake/my_second_pkg_msgs__rosidl_typesupport_introspection_cExport.cmake
[1.187s] -- Up-to-date: /home/ghtn10000/robot_ws/install/my_second_pkg_msgs/share/my_second_pkg_msgs/cmake/my_second_pkg_msgs__rosidl_typesupport_introspection_cExport-noconfig.cmake
[1.187s] -- Up-to-date: /home/ghtn10000/robot_ws/install/my_second_pkg_msgs/share/my_second_pkg_msgs/cmake/my_second_pkg_msgs__rosidl_typesupport_cExport.cmake
[1.187s] -- Up-to-date: /home/ghtn10000/robot_ws/install/my_second_pkg_msgs/share/my_second_pkg_msgs/cmake/my_second_pkg_msgs__rosidl_typesupport_cExport-noconfig.cmake
[1.187s] -- Up-to-date: /home/ghtn10000/robot_ws/install/my_second_pkg_msgs/share/my_second_pkg_msgs/cmake/export_my_second_pkg_msgs__rosidl_generator_cppExport.cmake
[1.187s] -- Up-to-date: /home/ghtn10000/robot_ws/install/my_second_pkg_msgs/share/my_second_pkg_msgs/cmake/export_my_second_pkg_msgs__rosidl_typesupport_fastrtps_cppExport.cmake
[1.190s] -- Up-to-date: /home/ghtn10000/robot_ws/install/my_second_pkg_msgs/share/my_second_pkg_msgs/cmake/export_my_second_pkg_msgs__rosidl_typesupport_fastrtps_cppExport-noconfig.cmake
[1.190s] -- Up-to-date: /home/ghtn10000/robot_ws/install/my_second_pkg_msgs/share/my_second_pkg_msgs/cmake/my_second_pkg_msgs__rosidl_typesupport_introspection_cppExport.cmake
[1.190s] -- Up-to-date: /home/ghtn10000/robot_ws/install/my_second_pkg_msgs/share/my_second_pkg_msgs/cmake/my_second_pkg_msgs__rosidl_typesupport_introspection_cppExport-noconfig.cmake
[1.191s] -- Up-to-date: /home/ghtn10000/robot_ws/install/my_second_pkg_msgs/share/my_second_pkg_msgs/cmake/my_second_pkg_msgs__rosidl_typesupport_cppExport.cmake
[1.191s] -- Up-to-date: /home/ghtn10000/robot_ws/install/my_second_pkg_msgs/share/my_second_pkg_msgs/cmake/my_second_pkg_msgs__rosidl_typesupport_cppExport-noconfig.cmake
[1.191s] -- Up-to-date: /home/ghtn10000/robot_ws/install/my_second_pkg_msgs/share/my_second_pkg_msgs/cmake/export_my_second_pkg_msgs__rosidl_generator_pyExport.cmake
[1.191s] -- Up-to-date: /home/ghtn10000/robot_ws/install/my_second_pkg_msgs/share/my_second_pkg_msgs/cmake/export_my_second_pkg_msgs__rosidl_generator_pyExport-noconfig.cmake
[1.196s] Invoked command in '/home/ghtn10000/robot_ws/build/my_second_pkg_msgs' returned '0': CMAKE_PREFIX_PATH=${CMAKE_PREFIX_PATH}:/home/ghtn10000/turtlebot3_ws/install/turtlebot3_teleop:/home/ghtn10000/turtlebot3_ws/install/turtlebot3_example:/home/ghtn10000/turtlebot3_ws/install/turtlebot3_dqn:/home/ghtn10000/robot_ws/install/my_turtlesim_mobeturtle_pkg:/home/ghtn10000/robot_ws/install/my_timer_pkg:/home/ghtn10000/robot_ws/install/my_first_ros_rclpy_pkg:/opt/ros/humble /usr/bin/cmake --install /home/ghtn10000/robot_ws/build/my_second_pkg_msgs
