[0.059s] Invoking command in '/home/ghtn10000/robot_ws/build/msg_srv_act_interface_ex': CMAKE_PREFIX_PATH=${CMAKE_PREFIX_PATH}:/home/ghtn10000/turtlebot3_ws/install/turtlebot3_teleop:/home/ghtn10000/turtlebot3_ws/install/turtlebot3_example:/home/ghtn10000/turtlebot3_ws/install/turtlebot3_dqn:/home/ghtn10000/robot_ws/install/topic_srv_act_rclpy_ex:/home/ghtn10000/robot_ws/install/my_turtlesim_mobeturtle_pkg:/home/ghtn10000/robot_ws/install/my_turtlebot_pkg:/home/ghtn10000/robot_ws/install/my_timer_pkg:/home/ghtn10000/robot_ws/install/my_first_ros_rclpy_pkg:/opt/ros/humble /usr/bin/cmake --build /home/ghtn10000/robot_ws/build/msg_srv_act_interface_ex -- -j8 -l8
[1.618s] [  2%] Built target msg_srv_act_interface_ex__cpp
[1.618s] [ 12%] Built target msg_srv_act_interface_ex__rosidl_generator_c
[1.618s] [ 12%] Built target ament_cmake_python_symlink_msg_srv_act_interface_ex
[1.619s] [ 23%] Built target msg_srv_act_interface_ex__rosidl_typesupport_fastrtps_cpp
[1.619s] [ 34%] Built target msg_srv_act_interface_ex__rosidl_typesupport_introspection_cpp
[1.622s] [ 44%] Built target msg_srv_act_interface_ex__rosidl_typesupport_cpp
[1.622s] [ 55%] Built target msg_srv_act_interface_ex__rosidl_typesupport_introspection_c
[1.622s] [ 65%] Built target msg_srv_act_interface_ex__rosidl_typesupport_c
[1.622s] [ 76%] Built target msg_srv_act_interface_ex__rosidl_typesupport_fastrtps_c
[1.623s] [ 76%] Built target msg_srv_act_interface_ex
[1.623s] [ 78%] Built target msg_srv_act_interface_ex__py
[1.623s] [ 87%] Built target msg_srv_act_interface_ex__rosidl_generator_py
[1.623s] [ 91%] Built target msg_srv_act_interface_ex__rosidl_typesupport_c__pyext
[1.625s] [ 95%] Built target msg_srv_act_interface_ex__rosidl_typesupport_fastrtps_c__pyext
[1.626s] [100%] Built target msg_srv_act_interface_ex__rosidl_typesupport_introspection_c__pyext
[1.626s] running egg_info
[1.626s] writing msg_srv_act_interface_ex.egg-info/PKG-INFO
[1.626s] writing dependency_links to msg_srv_act_interface_ex.egg-info/dependency_links.txt
[1.626s] writing top-level names to msg_srv_act_interface_ex.egg-info/top_level.txt
[1.626s] reading manifest file 'msg_srv_act_interface_ex.egg-info/SOURCES.txt'
[1.626s] writing manifest file 'msg_srv_act_interface_ex.egg-info/SOURCES.txt'
[1.627s] [100%] Built target ament_cmake_python_build_msg_srv_act_interface_ex_egg
[2.000s] Invoked command in '/home/ghtn10000/robot_ws/build/msg_srv_act_interface_ex' returned '0': CMAKE_PREFIX_PATH=${CMAKE_PREFIX_PATH}:/home/ghtn10000/turtlebot3_ws/install/turtlebot3_teleop:/home/ghtn10000/turtlebot3_ws/install/turtlebot3_example:/home/ghtn10000/turtlebot3_ws/install/turtlebot3_dqn:/home/ghtn10000/robot_ws/install/topic_srv_act_rclpy_ex:/home/ghtn10000/robot_ws/install/my_turtlesim_mobeturtle_pkg:/home/ghtn10000/robot_ws/install/my_turtlebot_pkg:/home/ghtn10000/robot_ws/install/my_timer_pkg:/home/ghtn10000/robot_ws/install/my_first_ros_rclpy_pkg:/opt/ros/humble /usr/bin/cmake --build /home/ghtn10000/robot_ws/build/msg_srv_act_interface_ex -- -j8 -l8
[2.012s] Invoking command in '/home/ghtn10000/robot_ws/build/msg_srv_act_interface_ex': CMAKE_PREFIX_PATH=${CMAKE_PREFIX_PATH}:/home/ghtn10000/turtlebot3_ws/install/turtlebot3_teleop:/home/ghtn10000/turtlebot3_ws/install/turtlebot3_example:/home/ghtn10000/turtlebot3_ws/install/turtlebot3_dqn:/home/ghtn10000/robot_ws/install/topic_srv_act_rclpy_ex:/home/ghtn10000/robot_ws/install/my_turtlesim_mobeturtle_pkg:/home/ghtn10000/robot_ws/install/my_turtlebot_pkg:/home/ghtn10000/robot_ws/install/my_timer_pkg:/home/ghtn10000/robot_ws/install/my_first_ros_rclpy_pkg:/opt/ros/humble /usr/bin/cmake --install /home/ghtn10000/robot_ws/build/msg_srv_act_interface_ex
[2.029s] -- Install configuration: ""
[2.030s] -- Execute custom install script
[2.030s] -- Up-to-date symlink: /home/ghtn10000/robot_ws/install/msg_srv_act_interface_ex/share/ament_index/resource_index/rosidl_interfaces/msg_srv_act_interface_ex
[2.030s] -- Up-to-date symlink: /home/ghtn10000/robot_ws/install/msg_srv_act_interface_ex/include/msg_srv_act_interface_ex/msg_srv_act_interface_ex/action/arithmetic_checker.h
[2.030s] -- Up-to-date symlink: /home/ghtn10000/robot_ws/install/msg_srv_act_interface_ex/include/msg_srv_act_interface_ex/msg_srv_act_interface_ex/action/detail/arithmetic_checker__functions.h
[2.032s] -- Up-to-date symlink: /home/ghtn10000/robot_ws/install/msg_srv_act_interface_ex/include/msg_srv_act_interface_ex/msg_srv_act_interface_ex/action/detail/arithmetic_checker__struct.h
[2.032s] -- Up-to-date symlink: /home/ghtn10000/robot_ws/install/msg_srv_act_interface_ex/include/msg_srv_act_interface_ex/msg_srv_act_interface_ex/action/detail/arithmetic_checker__type_support.h
[2.033s] -- Up-to-date symlink: /home/ghtn10000/robot_ws/install/msg_srv_act_interface_ex/include/msg_srv_act_interface_ex/msg_srv_act_interface_ex/msg/arithmetic_argument.h
[2.033s] -- Up-to-date symlink: /home/ghtn10000/robot_ws/install/msg_srv_act_interface_ex/include/msg_srv_act_interface_ex/msg_srv_act_interface_ex/msg/detail/arithmetic_argument__functions.h
[2.033s] -- Up-to-date symlink: /home/ghtn10000/robot_ws/install/msg_srv_act_interface_ex/include/msg_srv_act_interface_ex/msg_srv_act_interface_ex/msg/detail/arithmetic_argument__struct.h
[2.033s] -- Up-to-date symlink: /home/ghtn10000/robot_ws/install/msg_srv_act_interface_ex/include/msg_srv_act_interface_ex/msg_srv_act_interface_ex/msg/detail/arithmetic_argument__type_support.h
[2.034s] -- Up-to-date symlink: /home/ghtn10000/robot_ws/install/msg_srv_act_interface_ex/include/msg_srv_act_interface_ex/msg_srv_act_interface_ex/msg/rosidl_generator_c__visibility_control.h
[2.034s] -- Up-to-date symlink: /home/ghtn10000/robot_ws/install/msg_srv_act_interface_ex/include/msg_srv_act_interface_ex/msg_srv_act_interface_ex/srv/arithmetic_operator.h
[2.034s] -- Up-to-date symlink: /home/ghtn10000/robot_ws/install/msg_srv_act_interface_ex/include/msg_srv_act_interface_ex/msg_srv_act_interface_ex/srv/detail/arithmetic_operator__functions.h
[2.035s] -- Up-to-date symlink: /home/ghtn10000/robot_ws/install/msg_srv_act_interface_ex/include/msg_srv_act_interface_ex/msg_srv_act_interface_ex/srv/detail/arithmetic_operator__struct.h
[2.035s] -- Up-to-date symlink: /home/ghtn10000/robot_ws/install/msg_srv_act_interface_ex/include/msg_srv_act_interface_ex/msg_srv_act_interface_ex/srv/detail/arithmetic_operator__type_support.h
[2.035s] -- Up-to-date symlink: /home/ghtn10000/robot_ws/install/msg_srv_act_interface_ex/share/msg_srv_act_interface_ex/environment/library_path.sh
[2.036s] -- Up-to-date symlink: /home/ghtn10000/robot_ws/install/msg_srv_act_interface_ex/share/msg_srv_act_interface_ex/environment/library_path.dsv
[2.037s] -- Up-to-date symlink: /home/ghtn10000/robot_ws/install/msg_srv_act_interface_ex/include/msg_srv_act_interface_ex/msg_srv_act_interface_ex/action/detail/arithmetic_checker__rosidl_typesupport_fastrtps_c.h
[2.037s] -- Up-to-date symlink: /home/ghtn10000/robot_ws/install/msg_srv_act_interface_ex/include/msg_srv_act_interface_ex/msg_srv_act_interface_ex/msg/detail/arithmetic_argument__rosidl_typesupport_fastrtps_c.h
[2.037s] -- Up-to-date symlink: /home/ghtn10000/robot_ws/install/msg_srv_act_interface_ex/include/msg_srv_act_interface_ex/msg_srv_act_interface_ex/msg/rosidl_typesupport_fastrtps_c__visibility_control.h
[2.038s] -- Up-to-date symlink: /home/ghtn10000/robot_ws/install/msg_srv_act_interface_ex/include/msg_srv_act_interface_ex/msg_srv_act_interface_ex/srv/detail/arithmetic_operator__rosidl_typesupport_fastrtps_c.h
[2.038s] -- Up-to-date symlink: /home/ghtn10000/robot_ws/install/msg_srv_act_interface_ex/include/msg_srv_act_interface_ex/msg_srv_act_interface_ex/action/arithmetic_checker.hpp
[2.038s] -- Up-to-date symlink: /home/ghtn10000/robot_ws/install/msg_srv_act_interface_ex/include/msg_srv_act_interface_ex/msg_srv_act_interface_ex/action/detail/arithmetic_checker__builder.hpp
[2.039s] -- Up-to-date symlink: /home/ghtn10000/robot_ws/install/msg_srv_act_interface_ex/include/msg_srv_act_interface_ex/msg_srv_act_interface_ex/action/detail/arithmetic_checker__struct.hpp
[2.047s] -- Up-to-date symlink: /home/ghtn10000/robot_ws/install/msg_srv_act_interface_ex/include/msg_srv_act_interface_ex/msg_srv_act_interface_ex/action/detail/arithmetic_checker__traits.hpp
[2.047s] -- Up-to-date symlink: /home/ghtn10000/robot_ws/install/msg_srv_act_interface_ex/include/msg_srv_act_interface_ex/msg_srv_act_interface_ex/action/detail/arithmetic_checker__type_support.hpp
[2.048s] -- Up-to-date symlink: /home/ghtn10000/robot_ws/install/msg_srv_act_interface_ex/include/msg_srv_act_interface_ex/msg_srv_act_interface_ex/msg/arithmetic_argument.hpp
[2.054s] -- Up-to-date symlink: /home/ghtn10000/robot_ws/install/msg_srv_act_interface_ex/include/msg_srv_act_interface_ex/msg_srv_act_interface_ex/msg/detail/arithmetic_argument__builder.hpp
[2.055s] -- Up-to-date symlink: /home/ghtn10000/robot_ws/install/msg_srv_act_interface_ex/include/msg_srv_act_interface_ex/msg_srv_act_interface_ex/msg/detail/arithmetic_argument__struct.hpp
[2.055s] -- Up-to-date symlink: /home/ghtn10000/robot_ws/install/msg_srv_act_interface_ex/include/msg_srv_act_interface_ex/msg_srv_act_interface_ex/msg/detail/arithmetic_argument__traits.hpp
[2.061s] -- Up-to-date symlink: /home/ghtn10000/robot_ws/install/msg_srv_act_interface_ex/include/msg_srv_act_interface_ex/msg_srv_act_interface_ex/msg/detail/arithmetic_argument__type_support.hpp
[2.061s] -- Up-to-date symlink: /home/ghtn10000/robot_ws/install/msg_srv_act_interface_ex/include/msg_srv_act_interface_ex/msg_srv_act_interface_ex/msg/rosidl_generator_cpp__visibility_control.hpp
[2.061s] -- Up-to-date symlink: /home/ghtn10000/robot_ws/install/msg_srv_act_interface_ex/include/msg_srv_act_interface_ex/msg_srv_act_interface_ex/srv/arithmetic_operator.hpp
[2.062s] -- Up-to-date symlink: /home/ghtn10000/robot_ws/install/msg_srv_act_interface_ex/include/msg_srv_act_interface_ex/msg_srv_act_interface_ex/srv/detail/arithmetic_operator__builder.hpp
[2.062s] -- Up-to-date symlink: /home/ghtn10000/robot_ws/install/msg_srv_act_interface_ex/include/msg_srv_act_interface_ex/msg_srv_act_interface_ex/srv/detail/arithmetic_operator__struct.hpp
[2.062s] -- Up-to-date symlink: /home/ghtn10000/robot_ws/install/msg_srv_act_interface_ex/include/msg_srv_act_interface_ex/msg_srv_act_interface_ex/srv/detail/arithmetic_operator__traits.hpp
[2.062s] -- Up-to-date symlink: /home/ghtn10000/robot_ws/install/msg_srv_act_interface_ex/include/msg_srv_act_interface_ex/msg_srv_act_interface_ex/srv/detail/arithmetic_operator__type_support.hpp
[2.062s] -- Up-to-date symlink: /home/ghtn10000/robot_ws/install/msg_srv_act_interface_ex/include/msg_srv_act_interface_ex/msg_srv_act_interface_ex/action/detail/arithmetic_checker__rosidl_typesupport_fastrtps_cpp.hpp
[2.062s] -- Up-to-date symlink: /home/ghtn10000/robot_ws/install/msg_srv_act_interface_ex/include/msg_srv_act_interface_ex/msg_srv_act_interface_ex/msg/detail/arithmetic_argument__rosidl_typesupport_fastrtps_cpp.hpp
[2.062s] -- Up-to-date symlink: /home/ghtn10000/robot_ws/install/msg_srv_act_interface_ex/include/msg_srv_act_interface_ex/msg_srv_act_interface_ex/msg/rosidl_typesupport_fastrtps_cpp__visibility_control.h
[2.062s] -- Up-to-date symlink: /home/ghtn10000/robot_ws/install/msg_srv_act_interface_ex/include/msg_srv_act_interface_ex/msg_srv_act_interface_ex/srv/detail/arithmetic_operator__rosidl_typesupport_fastrtps_cpp.hpp
[2.063s] -- Up-to-date symlink: /home/ghtn10000/robot_ws/install/msg_srv_act_interface_ex/include/msg_srv_act_interface_ex/msg_srv_act_interface_ex/action/detail/arithmetic_checker__rosidl_typesupport_introspection_c.h
[2.063s] -- Up-to-date symlink: /home/ghtn10000/robot_ws/install/msg_srv_act_interface_ex/include/msg_srv_act_interface_ex/msg_srv_act_interface_ex/msg/detail/arithmetic_argument__rosidl_typesupport_introspection_c.h
[2.072s] -- Up-to-date symlink: /home/ghtn10000/robot_ws/install/msg_srv_act_interface_ex/include/msg_srv_act_interface_ex/msg_srv_act_interface_ex/msg/rosidl_typesupport_introspection_c__visibility_control.h
[2.074s] -- Up-to-date symlink: /home/ghtn10000/robot_ws/install/msg_srv_act_interface_ex/include/msg_srv_act_interface_ex/msg_srv_act_interface_ex/srv/detail/arithmetic_operator__rosidl_typesupport_introspection_c.h
[2.074s] -- Up-to-date symlink: /home/ghtn10000/robot_ws/install/msg_srv_act_interface_ex/include/msg_srv_act_interface_ex/msg_srv_act_interface_ex/action/detail/arithmetic_checker__rosidl_typesupport_introspection_cpp.hpp
[2.075s] -- Up-to-date symlink: /home/ghtn10000/robot_ws/install/msg_srv_act_interface_ex/include/msg_srv_act_interface_ex/msg_srv_act_interface_ex/msg/detail/arithmetic_argument__rosidl_typesupport_introspection_cpp.hpp
[2.075s] -- Up-to-date symlink: /home/ghtn10000/robot_ws/install/msg_srv_act_interface_ex/include/msg_srv_act_interface_ex/msg_srv_act_interface_ex/srv/detail/arithmetic_operator__rosidl_typesupport_introspection_cpp.hpp
[2.075s] -- Up-to-date symlink: /home/ghtn10000/robot_ws/install/msg_srv_act_interface_ex/share/msg_srv_act_interface_ex/environment/pythonpath.sh
[2.075s] -- Up-to-date symlink: /home/ghtn10000/robot_ws/install/msg_srv_act_interface_ex/share/msg_srv_act_interface_ex/environment/pythonpath.dsv
[2.076s] -- Up-to-date symlink: /home/ghtn10000/robot_ws/install/msg_srv_act_interface_ex/local/lib/python3.10/dist-packages/msg_srv_act_interface_ex-0.0.0-py3.10.egg-info/PKG-INFO
[2.076s] -- Up-to-date symlink: /home/ghtn10000/robot_ws/install/msg_srv_act_interface_ex/local/lib/python3.10/dist-packages/msg_srv_act_interface_ex-0.0.0-py3.10.egg-info/SOURCES.txt
[2.076s] -- Up-to-date symlink: /home/ghtn10000/robot_ws/install/msg_srv_act_interface_ex/local/lib/python3.10/dist-packages/msg_srv_act_interface_ex-0.0.0-py3.10.egg-info/dependency_links.txt
[2.076s] -- Up-to-date symlink: /home/ghtn10000/robot_ws/install/msg_srv_act_interface_ex/local/lib/python3.10/dist-packages/msg_srv_act_interface_ex-0.0.0-py3.10.egg-info/top_level.txt
[2.076s] -- Up-to-date symlink: /home/ghtn10000/robot_ws/install/msg_srv_act_interface_ex/local/lib/python3.10/dist-packages/msg_srv_act_interface_ex/__init__.py
[2.076s] -- Up-to-date symlink: /home/ghtn10000/robot_ws/install/msg_srv_act_interface_ex/local/lib/python3.10/dist-packages/msg_srv_act_interface_ex/_msg_srv_act_interface_ex_s.ep.rosidl_typesupport_c.c
[2.077s] -- Up-to-date symlink: /home/ghtn10000/robot_ws/install/msg_srv_act_interface_ex/local/lib/python3.10/dist-packages/msg_srv_act_interface_ex/_msg_srv_act_interface_ex_s.ep.rosidl_typesupport_fastrtps_c.c
[2.077s] -- Up-to-date symlink: /home/ghtn10000/robot_ws/install/msg_srv_act_interface_ex/local/lib/python3.10/dist-packages/msg_srv_act_interface_ex/_msg_srv_act_interface_ex_s.ep.rosidl_typesupport_introspection_c.c
[2.077s] -- Up-to-date symlink: /home/ghtn10000/robot_ws/install/msg_srv_act_interface_ex/local/lib/python3.10/dist-packages/msg_srv_act_interface_ex/action/__init__.py
[2.077s] -- Up-to-date symlink: /home/ghtn10000/robot_ws/install/msg_srv_act_interface_ex/local/lib/python3.10/dist-packages/msg_srv_act_interface_ex/action/_arithmetic_checker.py
[2.077s] -- Up-to-date symlink: /home/ghtn10000/robot_ws/install/msg_srv_act_interface_ex/local/lib/python3.10/dist-packages/msg_srv_act_interface_ex/action/_arithmetic_checker_s.c
[2.077s] -- Up-to-date symlink: /home/ghtn10000/robot_ws/install/msg_srv_act_interface_ex/local/lib/python3.10/dist-packages/msg_srv_act_interface_ex/libmsg_srv_act_interface_ex__rosidl_generator_py.so
[2.077s] -- Up-to-date symlink: /home/ghtn10000/robot_ws/install/msg_srv_act_interface_ex/local/lib/python3.10/dist-packages/msg_srv_act_interface_ex/msg/__init__.py
[2.077s] -- Up-to-date symlink: /home/ghtn10000/robot_ws/install/msg_srv_act_interface_ex/local/lib/python3.10/dist-packages/msg_srv_act_interface_ex/msg/_arithmetic_argument.py
[2.078s] -- Up-to-date symlink: /home/ghtn10000/robot_ws/install/msg_srv_act_interface_ex/local/lib/python3.10/dist-packages/msg_srv_act_interface_ex/msg/_arithmetic_argument_s.c
[2.078s] -- Up-to-date symlink: /home/ghtn10000/robot_ws/install/msg_srv_act_interface_ex/local/lib/python3.10/dist-packages/msg_srv_act_interface_ex/msg_srv_act_interface_ex_s__rosidl_typesupport_c.cpython-310-x86_64-linux-gnu.so
[2.078s] -- Up-to-date symlink: /home/ghtn10000/robot_ws/install/msg_srv_act_interface_ex/local/lib/python3.10/dist-packages/msg_srv_act_interface_ex/msg_srv_act_interface_ex_s__rosidl_typesupport_fastrtps_c.cpython-310-x86_64-linux-gnu.so
[2.083s] -- Up-to-date symlink: /home/ghtn10000/robot_ws/install/msg_srv_act_interface_ex/local/lib/python3.10/dist-packages/msg_srv_act_interface_ex/msg_srv_act_interface_ex_s__rosidl_typesupport_introspection_c.cpython-310-x86_64-linux-gnu.so
[2.083s] -- Up-to-date symlink: /home/ghtn10000/robot_ws/install/msg_srv_act_interface_ex/local/lib/python3.10/dist-packages/msg_srv_act_interface_ex/srv/__init__.py
[2.083s] -- Up-to-date symlink: /home/ghtn10000/robot_ws/install/msg_srv_act_interface_ex/local/lib/python3.10/dist-packages/msg_srv_act_interface_ex/srv/_arithmetic_operator.py
[2.083s] -- Up-to-date symlink: /home/ghtn10000/robot_ws/install/msg_srv_act_interface_ex/local/lib/python3.10/dist-packages/msg_srv_act_interface_ex/srv/_arithmetic_operator_s.c
[2.083s] -- Up-to-date symlink: /home/ghtn10000/robot_ws/install/msg_srv_act_interface_ex/local/lib/python3.10/dist-packages/msg_srv_act_interface_ex/msg_srv_act_interface_ex_s__rosidl_typesupport_fastrtps_c.cpython-310-x86_64-linux-gnu.so
[2.083s] -- Up-to-date symlink: /home/ghtn10000/robot_ws/install/msg_srv_act_interface_ex/local/lib/python3.10/dist-packages/msg_srv_act_interface_ex/msg_srv_act_interface_ex_s__rosidl_typesupport_introspection_c.cpython-310-x86_64-linux-gnu.so
[2.083s] -- Up-to-date symlink: /home/ghtn10000/robot_ws/install/msg_srv_act_interface_ex/local/lib/python3.10/dist-packages/msg_srv_act_interface_ex/msg_srv_act_interface_ex_s__rosidl_typesupport_c.cpython-310-x86_64-linux-gnu.so
[2.084s] -- Up-to-date symlink: /home/ghtn10000/robot_ws/install/msg_srv_act_interface_ex/share/msg_srv_act_interface_ex/msg/ArithmeticArgument.idl
[2.084s] -- Up-to-date symlink: /home/ghtn10000/robot_ws/install/msg_srv_act_interface_ex/share/msg_srv_act_interface_ex/srv/ArithmeticOperator.idl
[2.084s] -- Up-to-date symlink: /home/ghtn10000/robot_ws/install/msg_srv_act_interface_ex/share/msg_srv_act_interface_ex/action/ArithmeticChecker.idl
[2.084s] -- Up-to-date symlink: /home/ghtn10000/robot_ws/install/msg_srv_act_interface_ex/share/msg_srv_act_interface_ex/msg/ArithmeticArgument.msg
[2.084s] -- Up-to-date symlink: /home/ghtn10000/robot_ws/install/msg_srv_act_interface_ex/share/msg_srv_act_interface_ex/srv/ArithmeticOperator.srv
[2.084s] -- Up-to-date symlink: /home/ghtn10000/robot_ws/install/msg_srv_act_interface_ex/share/msg_srv_act_interface_ex/srv/ArithmeticOperator_Request.msg
[2.084s] -- Up-to-date symlink: /home/ghtn10000/robot_ws/install/msg_srv_act_interface_ex/share/msg_srv_act_interface_ex/srv/ArithmeticOperator_Response.msg
[2.084s] -- Up-to-date symlink: /home/ghtn10000/robot_ws/install/msg_srv_act_interface_ex/share/msg_srv_act_interface_ex/action/ArithmeticChecker.action
[2.085s] -- Up-to-date symlink: /home/ghtn10000/robot_ws/install/msg_srv_act_interface_ex/share/ament_index/resource_index/package_run_dependencies/msg_srv_act_interface_ex
[2.085s] -- Up-to-date symlink: /home/ghtn10000/robot_ws/install/msg_srv_act_interface_ex/share/ament_index/resource_index/parent_prefix_path/msg_srv_act_interface_ex
[2.085s] -- Up-to-date symlink: /home/ghtn10000/robot_ws/install/msg_srv_act_interface_ex/share/msg_srv_act_interface_ex/environment/ament_prefix_path.sh
[2.085s] -- Up-to-date symlink: /home/ghtn10000/robot_ws/install/msg_srv_act_interface_ex/share/msg_srv_act_interface_ex/environment/ament_prefix_path.dsv
[2.085s] -- Up-to-date symlink: /home/ghtn10000/robot_ws/install/msg_srv_act_interface_ex/share/msg_srv_act_interface_ex/environment/path.sh
[2.085s] -- Up-to-date symlink: /home/ghtn10000/robot_ws/install/msg_srv_act_interface_ex/share/msg_srv_act_interface_ex/environment/path.dsv
[2.085s] -- Up-to-date symlink: /home/ghtn10000/robot_ws/install/msg_srv_act_interface_ex/share/msg_srv_act_interface_ex/local_setup.bash
[2.085s] -- Up-to-date symlink: /home/ghtn10000/robot_ws/install/msg_srv_act_interface_ex/share/msg_srv_act_interface_ex/local_setup.sh
[2.085s] -- Up-to-date symlink: /home/ghtn10000/robot_ws/install/msg_srv_act_interface_ex/share/msg_srv_act_interface_ex/local_setup.zsh
[2.086s] -- Up-to-date symlink: /home/ghtn10000/robot_ws/install/msg_srv_act_interface_ex/share/msg_srv_act_interface_ex/local_setup.dsv
[2.086s] -- Symlinking: /home/ghtn10000/robot_ws/install/msg_srv_act_interface_ex/share/msg_srv_act_interface_ex/package.dsv
[2.088s] -- Up-to-date symlink: /home/ghtn10000/robot_ws/install/msg_srv_act_interface_ex/share/ament_index/resource_index/packages/msg_srv_act_interface_ex
[2.088s] -- Up-to-date symlink: /home/ghtn10000/robot_ws/install/msg_srv_act_interface_ex/share/msg_srv_act_interface_ex/cmake/rosidl_cmake-extras.cmake
[2.088s] -- Up-to-date symlink: /home/ghtn10000/robot_ws/install/msg_srv_act_interface_ex/share/msg_srv_act_interface_ex/cmake/ament_cmake_export_dependencies-extras.cmake
[2.089s] -- Up-to-date symlink: /home/ghtn10000/robot_ws/install/msg_srv_act_interface_ex/share/msg_srv_act_interface_ex/cmake/ament_cmake_export_include_directories-extras.cmake
[2.089s] -- Up-to-date symlink: /home/ghtn10000/robot_ws/install/msg_srv_act_interface_ex/share/msg_srv_act_interface_ex/cmake/ament_cmake_export_libraries-extras.cmake
[2.089s] -- Up-to-date symlink: /home/ghtn10000/robot_ws/install/msg_srv_act_interface_ex/share/msg_srv_act_interface_ex/cmake/ament_cmake_export_targets-extras.cmake
[2.089s] -- Up-to-date symlink: /home/ghtn10000/robot_ws/install/msg_srv_act_interface_ex/share/msg_srv_act_interface_ex/cmake/rosidl_cmake_export_typesupport_targets-extras.cmake
[2.089s] -- Up-to-date symlink: /home/ghtn10000/robot_ws/install/msg_srv_act_interface_ex/share/msg_srv_act_interface_ex/cmake/rosidl_cmake_export_typesupport_libraries-extras.cmake
[2.089s] -- Up-to-date symlink: /home/ghtn10000/robot_ws/install/msg_srv_act_interface_ex/share/msg_srv_act_interface_ex/cmake/msg_srv_act_interface_exConfig.cmake
[2.089s] -- Up-to-date symlink: /home/ghtn10000/robot_ws/install/msg_srv_act_interface_ex/share/msg_srv_act_interface_ex/cmake/msg_srv_act_interface_exConfig-version.cmake
[2.090s] -- Up-to-date symlink: /home/ghtn10000/robot_ws/install/msg_srv_act_interface_ex/share/msg_srv_act_interface_ex/package.xml
[2.090s] -- Up-to-date: /home/ghtn10000/robot_ws/install/msg_srv_act_interface_ex/lib/libmsg_srv_act_interface_ex__rosidl_generator_c.so
[2.090s] -- Up-to-date: /home/ghtn10000/robot_ws/install/msg_srv_act_interface_ex/lib/libmsg_srv_act_interface_ex__rosidl_typesupport_fastrtps_c.so
[2.090s] -- Up-to-date: /home/ghtn10000/robot_ws/install/msg_srv_act_interface_ex/lib/libmsg_srv_act_interface_ex__rosidl_typesupport_fastrtps_cpp.so
[2.091s] -- Up-to-date: /home/ghtn10000/robot_ws/install/msg_srv_act_interface_ex/lib/libmsg_srv_act_interface_ex__rosidl_typesupport_introspection_c.so
[2.091s] -- Up-to-date: /home/ghtn10000/robot_ws/install/msg_srv_act_interface_ex/lib/libmsg_srv_act_interface_ex__rosidl_typesupport_c.so
[2.091s] -- Up-to-date: /home/ghtn10000/robot_ws/install/msg_srv_act_interface_ex/lib/libmsg_srv_act_interface_ex__rosidl_typesupport_introspection_cpp.so
[2.092s] -- Up-to-date: /home/ghtn10000/robot_ws/install/msg_srv_act_interface_ex/lib/libmsg_srv_act_interface_ex__rosidl_typesupport_cpp.so
[2.187s] Listing '/home/ghtn10000/robot_ws/install/msg_srv_act_interface_ex/local/lib/python3.10/dist-packages/msg_srv_act_interface_ex'...
[2.187s] Listing '/home/ghtn10000/robot_ws/install/msg_srv_act_interface_ex/local/lib/python3.10/dist-packages/msg_srv_act_interface_ex/action'...
[2.188s] Listing '/home/ghtn10000/robot_ws/install/msg_srv_act_interface_ex/local/lib/python3.10/dist-packages/msg_srv_act_interface_ex/msg'...
[2.188s] Listing '/home/ghtn10000/robot_ws/install/msg_srv_act_interface_ex/local/lib/python3.10/dist-packages/msg_srv_act_interface_ex/srv'...
[2.196s] -- Up-to-date: /home/ghtn10000/robot_ws/install/msg_srv_act_interface_ex/lib/libmsg_srv_act_interface_ex__rosidl_generator_py.so
[2.196s] -- Up-to-date: /home/ghtn10000/robot_ws/install/msg_srv_act_interface_ex/share/msg_srv_act_interface_ex/cmake/export_msg_srv_act_interface_ex__rosidl_generator_cExport.cmake
[2.196s] -- Up-to-date: /home/ghtn10000/robot_ws/install/msg_srv_act_interface_ex/share/msg_srv_act_interface_ex/cmake/export_msg_srv_act_interface_ex__rosidl_generator_cExport-noconfig.cmake
[2.196s] -- Up-to-date: /home/ghtn10000/robot_ws/install/msg_srv_act_interface_ex/share/msg_srv_act_interface_ex/cmake/export_msg_srv_act_interface_ex__rosidl_typesupport_fastrtps_cExport.cmake
[2.197s] -- Up-to-date: /home/ghtn10000/robot_ws/install/msg_srv_act_interface_ex/share/msg_srv_act_interface_ex/cmake/export_msg_srv_act_interface_ex__rosidl_typesupport_fastrtps_cExport-noconfig.cmake
[2.197s] -- Up-to-date: /home/ghtn10000/robot_ws/install/msg_srv_act_interface_ex/share/msg_srv_act_interface_ex/cmake/export_msg_srv_act_interface_ex__rosidl_generator_cppExport.cmake
[2.197s] -- Up-to-date: /home/ghtn10000/robot_ws/install/msg_srv_act_interface_ex/share/msg_srv_act_interface_ex/cmake/export_msg_srv_act_interface_ex__rosidl_typesupport_fastrtps_cppExport.cmake
[2.198s] -- Up-to-date: /home/ghtn10000/robot_ws/install/msg_srv_act_interface_ex/share/msg_srv_act_interface_ex/cmake/export_msg_srv_act_interface_ex__rosidl_typesupport_fastrtps_cppExport-noconfig.cmake
[2.198s] -- Up-to-date: /home/ghtn10000/robot_ws/install/msg_srv_act_interface_ex/share/msg_srv_act_interface_ex/cmake/msg_srv_act_interface_ex__rosidl_typesupport_introspection_cExport.cmake
[2.198s] -- Up-to-date: /home/ghtn10000/robot_ws/install/msg_srv_act_interface_ex/share/msg_srv_act_interface_ex/cmake/msg_srv_act_interface_ex__rosidl_typesupport_introspection_cExport-noconfig.cmake
[2.199s] -- Up-to-date: /home/ghtn10000/robot_ws/install/msg_srv_act_interface_ex/share/msg_srv_act_interface_ex/cmake/msg_srv_act_interface_ex__rosidl_typesupport_cExport.cmake
[2.199s] -- Up-to-date: /home/ghtn10000/robot_ws/install/msg_srv_act_interface_ex/share/msg_srv_act_interface_ex/cmake/msg_srv_act_interface_ex__rosidl_typesupport_cExport-noconfig.cmake
[2.199s] -- Up-to-date: /home/ghtn10000/robot_ws/install/msg_srv_act_interface_ex/share/msg_srv_act_interface_ex/cmake/msg_srv_act_interface_ex__rosidl_typesupport_introspection_cppExport.cmake
[2.201s] -- Up-to-date: /home/ghtn10000/robot_ws/install/msg_srv_act_interface_ex/share/msg_srv_act_interface_ex/cmake/msg_srv_act_interface_ex__rosidl_typesupport_introspection_cppExport-noconfig.cmake
[2.201s] -- Up-to-date: /home/ghtn10000/robot_ws/install/msg_srv_act_interface_ex/share/msg_srv_act_interface_ex/cmake/msg_srv_act_interface_ex__rosidl_typesupport_cppExport.cmake
[2.201s] -- Up-to-date: /home/ghtn10000/robot_ws/install/msg_srv_act_interface_ex/share/msg_srv_act_interface_ex/cmake/msg_srv_act_interface_ex__rosidl_typesupport_cppExport-noconfig.cmake
[2.201s] -- Up-to-date: /home/ghtn10000/robot_ws/install/msg_srv_act_interface_ex/share/msg_srv_act_interface_ex/cmake/export_msg_srv_act_interface_ex__rosidl_generator_pyExport.cmake
[2.202s] -- Up-to-date: /home/ghtn10000/robot_ws/install/msg_srv_act_interface_ex/share/msg_srv_act_interface_ex/cmake/export_msg_srv_act_interface_ex__rosidl_generator_pyExport-noconfig.cmake
[2.212s] Invoked command in '/home/ghtn10000/robot_ws/build/msg_srv_act_interface_ex' returned '0': CMAKE_PREFIX_PATH=${CMAKE_PREFIX_PATH}:/home/ghtn10000/turtlebot3_ws/install/turtlebot3_teleop:/home/ghtn10000/turtlebot3_ws/install/turtlebot3_example:/home/ghtn10000/turtlebot3_ws/install/turtlebot3_dqn:/home/ghtn10000/robot_ws/install/topic_srv_act_rclpy_ex:/home/ghtn10000/robot_ws/install/my_turtlesim_mobeturtle_pkg:/home/ghtn10000/robot_ws/install/my_turtlebot_pkg:/home/ghtn10000/robot_ws/install/my_timer_pkg:/home/ghtn10000/robot_ws/install/my_first_ros_rclpy_pkg:/opt/ros/humble /usr/bin/cmake --install /home/ghtn10000/robot_ws/build/msg_srv_act_interface_ex
