[0.094s] DEBUG:colcon:Command line arguments: ['/usr/bin/colcon', 'build', '--symlink-install']
[0.094s] DEBUG:colcon:Parsed command line arguments: Namespace(log_base=None, log_level=None, verb_name='build', build_base='build', install_base='install', merge_install=False, symlink_install=True, test_result_base=None, continue_on_error=False, executor='parallel', parallel_workers=8, event_handlers=None, ignore_user_meta=False, metas=['./colcon.meta'], base_paths=['.'], packages_ignore=None, packages_ignore_regex=None, paths=None, packages_up_to=None, packages_up_to_regex=None, packages_above=None, packages_above_and_dependencies=None, packages_above_depth=None, packages_select_by_dep=None, packages_skip_by_dep=None, packages_skip_up_to=None, packages_select_build_failed=False, packages_skip_build_finished=False, packages_select_test_failures=False, packages_skip_test_passed=False, packages_select=None, packages_skip=None, packages_select_regex=None, packages_skip_regex=None, packages_start=None, packages_end=None, allow_overriding=[], cmake_args=None, cmake_target=None, cmake_target_skip_unavailable=False, cmake_clean_cache=False, cmake_clean_first=False, cmake_force_configure=False, ament_cmake_args=None, catkin_cmake_args=None, catkin_skip_building_tests=False, verb_parser=<colcon_defaults.argument_parser.defaults.DefaultArgumentsDecorator object at 0x7c8d41c18bb0>, verb_extension=<colcon_core.verb.build.BuildVerb object at 0x7c8d41c18670>, main=<bound method BuildVerb.main of <colcon_core.verb.build.BuildVerb object at 0x7c8d41c18670>>)
[0.256s] Level 1:colcon.colcon_core.package_discovery:discover_packages(colcon_meta) check parameters
[0.256s] Level 1:colcon.colcon_core.package_discovery:discover_packages(recursive) check parameters
[0.256s] Level 1:colcon.colcon_core.package_discovery:discover_packages(ignore) check parameters
[0.256s] Level 1:colcon.colcon_core.package_discovery:discover_packages(path) check parameters
[0.256s] Level 1:colcon.colcon_core.package_discovery:discover_packages(colcon_meta) discover
[0.256s] Level 1:colcon.colcon_core.package_discovery:discover_packages(recursive) discover
[0.256s] INFO:colcon.colcon_core.package_discovery:Crawling recursively for packages in '/home/ghtn10000/robot_ws'
[0.256s] Level 1:colcon.colcon_core.package_identification:_identify(.) by extensions ['ignore', 'ignore_ament_install']
[0.256s] Level 1:colcon.colcon_core.package_identification:_identify(.) by extension 'ignore'
[0.256s] Level 1:colcon.colcon_core.package_identification:_identify(.) by extension 'ignore_ament_install'
[0.256s] Level 1:colcon.colcon_core.package_identification:_identify(.) by extensions ['colcon_pkg']
[0.256s] Level 1:colcon.colcon_core.package_identification:_identify(.) by extension 'colcon_pkg'
[0.256s] Level 1:colcon.colcon_core.package_identification:_identify(.) by extensions ['colcon_meta']
[0.256s] Level 1:colcon.colcon_core.package_identification:_identify(.) by extension 'colcon_meta'
[0.257s] Level 1:colcon.colcon_core.package_identification:_identify(.) by extensions ['ros']
[0.257s] Level 1:colcon.colcon_core.package_identification:_identify(.) by extension 'ros'
[0.274s] Level 1:colcon.colcon_core.package_identification:_identify(.) by extensions ['cmake', 'python']
[0.274s] Level 1:colcon.colcon_core.package_identification:_identify(.) by extension 'cmake'
[0.274s] Level 1:colcon.colcon_core.package_identification:_identify(.) by extension 'python'
[0.274s] Level 1:colcon.colcon_core.package_identification:_identify(.) by extensions ['python_setup_py']
[0.274s] Level 1:colcon.colcon_core.package_identification:_identify(.) by extension 'python_setup_py'
[0.274s] Level 1:colcon.colcon_core.package_identification:_identify(build) by extensions ['ignore', 'ignore_ament_install']
[0.275s] Level 1:colcon.colcon_core.package_identification:_identify(build) by extension 'ignore'
[0.275s] Level 1:colcon.colcon_core.package_identification:_identify(build) ignored
[0.275s] Level 1:colcon.colcon_core.package_identification:_identify(install) by extensions ['ignore', 'ignore_ament_install']
[0.275s] Level 1:colcon.colcon_core.package_identification:_identify(install) by extension 'ignore'
[0.275s] Level 1:colcon.colcon_core.package_identification:_identify(install) ignored
[0.275s] Level 1:colcon.colcon_core.package_identification:_identify(log) by extensions ['ignore', 'ignore_ament_install']
[0.275s] Level 1:colcon.colcon_core.package_identification:_identify(log) by extension 'ignore'
[0.275s] Level 1:colcon.colcon_core.package_identification:_identify(log) ignored
[0.275s] Level 1:colcon.colcon_core.package_identification:_identify(src) by extensions ['ignore', 'ignore_ament_install']
[0.275s] Level 1:colcon.colcon_core.package_identification:_identify(src) by extension 'ignore'
[0.275s] Level 1:colcon.colcon_core.package_identification:_identify(src) by extension 'ignore_ament_install'
[0.275s] Level 1:colcon.colcon_core.package_identification:_identify(src) by extensions ['colcon_pkg']
[0.275s] Level 1:colcon.colcon_core.package_identification:_identify(src) by extension 'colcon_pkg'
[0.275s] Level 1:colcon.colcon_core.package_identification:_identify(src) by extensions ['colcon_meta']
[0.275s] Level 1:colcon.colcon_core.package_identification:_identify(src) by extension 'colcon_meta'
[0.275s] Level 1:colcon.colcon_core.package_identification:_identify(src) by extensions ['ros']
[0.275s] Level 1:colcon.colcon_core.package_identification:_identify(src) by extension 'ros'
[0.275s] Level 1:colcon.colcon_core.package_identification:_identify(src) by extensions ['cmake', 'python']
[0.275s] Level 1:colcon.colcon_core.package_identification:_identify(src) by extension 'cmake'
[0.275s] Level 1:colcon.colcon_core.package_identification:_identify(src) by extension 'python'
[0.275s] Level 1:colcon.colcon_core.package_identification:_identify(src) by extensions ['python_setup_py']
[0.276s] Level 1:colcon.colcon_core.package_identification:_identify(src) by extension 'python_setup_py'
[0.276s] Level 1:colcon.colcon_core.package_identification:_identify(src/log) by extensions ['ignore', 'ignore_ament_install']
[0.276s] Level 1:colcon.colcon_core.package_identification:_identify(src/log) by extension 'ignore'
[0.276s] Level 1:colcon.colcon_core.package_identification:_identify(src/log) ignored
[0.276s] Level 1:colcon.colcon_core.package_identification:_identify(src/msg_srv_act_interface_ex) by extensions ['ignore', 'ignore_ament_install']
[0.276s] Level 1:colcon.colcon_core.package_identification:_identify(src/msg_srv_act_interface_ex) by extension 'ignore'
[0.276s] Level 1:colcon.colcon_core.package_identification:_identify(src/msg_srv_act_interface_ex) by extension 'ignore_ament_install'
[0.276s] Level 1:colcon.colcon_core.package_identification:_identify(src/msg_srv_act_interface_ex) by extensions ['colcon_pkg']
[0.276s] Level 1:colcon.colcon_core.package_identification:_identify(src/msg_srv_act_interface_ex) by extension 'colcon_pkg'
[0.276s] Level 1:colcon.colcon_core.package_identification:_identify(src/msg_srv_act_interface_ex) by extensions ['colcon_meta']
[0.276s] Level 1:colcon.colcon_core.package_identification:_identify(src/msg_srv_act_interface_ex) by extension 'colcon_meta'
[0.276s] Level 1:colcon.colcon_core.package_identification:_identify(src/msg_srv_act_interface_ex) by extensions ['ros']
[0.276s] Level 1:colcon.colcon_core.package_identification:_identify(src/msg_srv_act_interface_ex) by extension 'ros'
[0.278s] DEBUG:colcon.colcon_core.package_identification:Package 'src/msg_srv_act_interface_ex' with type 'ros.ament_cmake' and name 'msg_srv_act_interface_ex'
[0.278s] Level 1:colcon.colcon_core.package_identification:_identify(src/my_first_ros_rclpy_pkg) by extensions ['ignore', 'ignore_ament_install']
[0.278s] Level 1:colcon.colcon_core.package_identification:_identify(src/my_first_ros_rclpy_pkg) by extension 'ignore'
[0.278s] Level 1:colcon.colcon_core.package_identification:_identify(src/my_first_ros_rclpy_pkg) by extension 'ignore_ament_install'
[0.278s] Level 1:colcon.colcon_core.package_identification:_identify(src/my_first_ros_rclpy_pkg) by extensions ['colcon_pkg']
[0.278s] Level 1:colcon.colcon_core.package_identification:_identify(src/my_first_ros_rclpy_pkg) by extension 'colcon_pkg'
[0.278s] Level 1:colcon.colcon_core.package_identification:_identify(src/my_first_ros_rclpy_pkg) by extensions ['colcon_meta']
[0.278s] Level 1:colcon.colcon_core.package_identification:_identify(src/my_first_ros_rclpy_pkg) by extension 'colcon_meta'
[0.279s] Level 1:colcon.colcon_core.package_identification:_identify(src/my_first_ros_rclpy_pkg) by extensions ['ros']
[0.279s] Level 1:colcon.colcon_core.package_identification:_identify(src/my_first_ros_rclpy_pkg) by extension 'ros'
[0.279s] DEBUG:colcon.colcon_core.package_identification:Package 'src/my_first_ros_rclpy_pkg' with type 'ros.ament_python' and name 'my_first_ros_rclpy_pkg'
[0.279s] Level 1:colcon.colcon_core.package_identification:_identify(src/my_second_pkg_msgs) by extensions ['ignore', 'ignore_ament_install']
[0.279s] Level 1:colcon.colcon_core.package_identification:_identify(src/my_second_pkg_msgs) by extension 'ignore'
[0.279s] Level 1:colcon.colcon_core.package_identification:_identify(src/my_second_pkg_msgs) by extension 'ignore_ament_install'
[0.279s] Level 1:colcon.colcon_core.package_identification:_identify(src/my_second_pkg_msgs) by extensions ['colcon_pkg']
[0.279s] Level 1:colcon.colcon_core.package_identification:_identify(src/my_second_pkg_msgs) by extension 'colcon_pkg'
[0.279s] Level 1:colcon.colcon_core.package_identification:_identify(src/my_second_pkg_msgs) by extensions ['colcon_meta']
[0.279s] Level 1:colcon.colcon_core.package_identification:_identify(src/my_second_pkg_msgs) by extension 'colcon_meta'
[0.279s] Level 1:colcon.colcon_core.package_identification:_identify(src/my_second_pkg_msgs) by extensions ['ros']
[0.279s] Level 1:colcon.colcon_core.package_identification:_identify(src/my_second_pkg_msgs) by extension 'ros'
[0.280s] DEBUG:colcon.colcon_core.package_identification:Package 'src/my_second_pkg_msgs' with type 'ros.ament_cmake' and name 'my_second_pkg_msgs'
[0.280s] Level 1:colcon.colcon_core.package_identification:_identify(src/my_timer_pkg) by extensions ['ignore', 'ignore_ament_install']
[0.280s] Level 1:colcon.colcon_core.package_identification:_identify(src/my_timer_pkg) by extension 'ignore'
[0.280s] Level 1:colcon.colcon_core.package_identification:_identify(src/my_timer_pkg) by extension 'ignore_ament_install'
[0.280s] Level 1:colcon.colcon_core.package_identification:_identify(src/my_timer_pkg) by extensions ['colcon_pkg']
[0.280s] Level 1:colcon.colcon_core.package_identification:_identify(src/my_timer_pkg) by extension 'colcon_pkg'
[0.280s] Level 1:colcon.colcon_core.package_identification:_identify(src/my_timer_pkg) by extensions ['colcon_meta']
[0.280s] Level 1:colcon.colcon_core.package_identification:_identify(src/my_timer_pkg) by extension 'colcon_meta'
[0.280s] Level 1:colcon.colcon_core.package_identification:_identify(src/my_timer_pkg) by extensions ['ros']
[0.280s] Level 1:colcon.colcon_core.package_identification:_identify(src/my_timer_pkg) by extension 'ros'
[0.281s] DEBUG:colcon.colcon_core.package_identification:Package 'src/my_timer_pkg' with type 'ros.ament_python' and name 'my_timer_pkg'
[0.281s] Level 1:colcon.colcon_core.package_identification:_identify(src/my_turtlebot_pkg) by extensions ['ignore', 'ignore_ament_install']
[0.281s] Level 1:colcon.colcon_core.package_identification:_identify(src/my_turtlebot_pkg) by extension 'ignore'
[0.281s] Level 1:colcon.colcon_core.package_identification:_identify(src/my_turtlebot_pkg) by extension 'ignore_ament_install'
[0.281s] Level 1:colcon.colcon_core.package_identification:_identify(src/my_turtlebot_pkg) by extensions ['colcon_pkg']
[0.281s] Level 1:colcon.colcon_core.package_identification:_identify(src/my_turtlebot_pkg) by extension 'colcon_pkg'
[0.281s] Level 1:colcon.colcon_core.package_identification:_identify(src/my_turtlebot_pkg) by extensions ['colcon_meta']
[0.281s] Level 1:colcon.colcon_core.package_identification:_identify(src/my_turtlebot_pkg) by extension 'colcon_meta'
[0.281s] Level 1:colcon.colcon_core.package_identification:_identify(src/my_turtlebot_pkg) by extensions ['ros']
[0.281s] Level 1:colcon.colcon_core.package_identification:_identify(src/my_turtlebot_pkg) by extension 'ros'
[0.282s] DEBUG:colcon.colcon_core.package_identification:Package 'src/my_turtlebot_pkg' with type 'ros.ament_python' and name 'my_turtlebot_pkg'
[0.282s] Level 1:colcon.colcon_core.package_identification:_identify(src/my_turtlesim_mobeturtle_pkg) by extensions ['ignore', 'ignore_ament_install']
[0.282s] Level 1:colcon.colcon_core.package_identification:_identify(src/my_turtlesim_mobeturtle_pkg) by extension 'ignore'
[0.282s] Level 1:colcon.colcon_core.package_identification:_identify(src/my_turtlesim_mobeturtle_pkg) by extension 'ignore_ament_install'
[0.282s] Level 1:colcon.colcon_core.package_identification:_identify(src/my_turtlesim_mobeturtle_pkg) by extensions ['colcon_pkg']
[0.282s] Level 1:colcon.colcon_core.package_identification:_identify(src/my_turtlesim_mobeturtle_pkg) by extension 'colcon_pkg'
[0.282s] Level 1:colcon.colcon_core.package_identification:_identify(src/my_turtlesim_mobeturtle_pkg) by extensions ['colcon_meta']
[0.282s] Level 1:colcon.colcon_core.package_identification:_identify(src/my_turtlesim_mobeturtle_pkg) by extension 'colcon_meta'
[0.282s] Level 1:colcon.colcon_core.package_identification:_identify(src/my_turtlesim_mobeturtle_pkg) by extensions ['ros']
[0.282s] Level 1:colcon.colcon_core.package_identification:_identify(src/my_turtlesim_mobeturtle_pkg) by extension 'ros'
[0.283s] DEBUG:colcon.colcon_core.package_identification:Package 'src/my_turtlesim_mobeturtle_pkg' with type 'ros.ament_python' and name 'my_turtlesim_mobeturtle_pkg'
[0.283s] Level 1:colcon.colcon_core.package_identification:_identify(src/topic_srv_act_rclpy_ex) by extensions ['ignore', 'ignore_ament_install']
[0.283s] Level 1:colcon.colcon_core.package_identification:_identify(src/topic_srv_act_rclpy_ex) by extension 'ignore'
[0.283s] Level 1:colcon.colcon_core.package_identification:_identify(src/topic_srv_act_rclpy_ex) by extension 'ignore_ament_install'
[0.283s] Level 1:colcon.colcon_core.package_identification:_identify(src/topic_srv_act_rclpy_ex) by extensions ['colcon_pkg']
[0.283s] Level 1:colcon.colcon_core.package_identification:_identify(src/topic_srv_act_rclpy_ex) by extension 'colcon_pkg'
[0.283s] Level 1:colcon.colcon_core.package_identification:_identify(src/topic_srv_act_rclpy_ex) by extensions ['colcon_meta']
[0.283s] Level 1:colcon.colcon_core.package_identification:_identify(src/topic_srv_act_rclpy_ex) by extension 'colcon_meta'
[0.283s] Level 1:colcon.colcon_core.package_identification:_identify(src/topic_srv_act_rclpy_ex) by extensions ['ros']
[0.283s] Level 1:colcon.colcon_core.package_identification:_identify(src/topic_srv_act_rclpy_ex) by extension 'ros'
[0.284s] DEBUG:colcon.colcon_core.package_identification:Package 'src/topic_srv_act_rclpy_ex' with type 'ros.ament_python' and name 'topic_srv_act_rclpy_ex'
[0.284s] Level 1:colcon.colcon_core.package_discovery:discover_packages(recursive) using defaults
[0.284s] Level 1:colcon.colcon_core.package_discovery:discover_packages(ignore) discover
[0.284s] Level 1:colcon.colcon_core.package_discovery:discover_packages(ignore) using defaults
[0.284s] Level 1:colcon.colcon_core.package_discovery:discover_packages(path) discover
[0.284s] Level 1:colcon.colcon_core.package_discovery:discover_packages(path) using defaults
[0.304s] Level 1:colcon.colcon_core.package_discovery:discover_packages(prefix_path) check parameters
[0.304s] Level 1:colcon.colcon_core.package_discovery:discover_packages(prefix_path) discover
[0.306s] DEBUG:colcon.colcon_installed_package_information.package_discovery:Found 15 installed packages in /home/ghtn10000/turtlebot3_ws/install
[0.306s] DEBUG:colcon.colcon_installed_package_information.package_discovery:Found 7 installed packages in /home/ghtn10000/robot_ws/install
[0.308s] DEBUG:colcon.colcon_installed_package_information.package_discovery:Found 365 installed packages in /opt/ros/humble
[0.309s] Level 1:colcon.colcon_core.package_discovery:discover_packages(prefix_path) using defaults
[0.346s] Level 5:colcon.colcon_core.verb:set package 'msg_srv_act_interface_ex' build argument 'cmake_args' from command line to 'None'
[0.347s] Level 5:colcon.colcon_core.verb:set package 'msg_srv_act_interface_ex' build argument 'cmake_target' from command line to 'None'
[0.347s] Level 5:colcon.colcon_core.verb:set package 'msg_srv_act_interface_ex' build argument 'cmake_target_skip_unavailable' from command line to 'False'
[0.347s] Level 5:colcon.colcon_core.verb:set package 'msg_srv_act_interface_ex' build argument 'cmake_clean_cache' from command line to 'False'
[0.347s] Level 5:colcon.colcon_core.verb:set package 'msg_srv_act_interface_ex' build argument 'cmake_clean_first' from command line to 'False'
[0.347s] Level 5:colcon.colcon_core.verb:set package 'msg_srv_act_interface_ex' build argument 'cmake_force_configure' from command line to 'False'
[0.347s] Level 5:colcon.colcon_core.verb:set package 'msg_srv_act_interface_ex' build argument 'ament_cmake_args' from command line to 'None'
[0.347s] Level 5:colcon.colcon_core.verb:set package 'msg_srv_act_interface_ex' build argument 'catkin_cmake_args' from command line to 'None'
[0.347s] Level 5:colcon.colcon_core.verb:set package 'msg_srv_act_interface_ex' build argument 'catkin_skip_building_tests' from command line to 'False'
[0.347s] DEBUG:colcon.colcon_core.verb:Building package 'msg_srv_act_interface_ex' with the following arguments: {'ament_cmake_args': None, 'build_base': '/home/ghtn10000/robot_ws/build/msg_srv_act_interface_ex', 'catkin_cmake_args': None, 'catkin_skip_building_tests': False, 'cmake_args': None, 'cmake_clean_cache': False, 'cmake_clean_first': False, 'cmake_force_configure': False, 'cmake_target': None, 'cmake_target_skip_unavailable': False, 'install_base': '/home/ghtn10000/robot_ws/install/msg_srv_act_interface_ex', 'merge_install': False, 'path': '/home/ghtn10000/robot_ws/src/msg_srv_act_interface_ex', 'symlink_install': True, 'test_result_base': None}
[0.347s] Level 5:colcon.colcon_core.verb:set package 'my_first_ros_rclpy_pkg' build argument 'cmake_args' from command line to 'None'
[0.347s] Level 5:colcon.colcon_core.verb:set package 'my_first_ros_rclpy_pkg' build argument 'cmake_target' from command line to 'None'
[0.347s] Level 5:colcon.colcon_core.verb:set package 'my_first_ros_rclpy_pkg' build argument 'cmake_target_skip_unavailable' from command line to 'False'
[0.347s] Level 5:colcon.colcon_core.verb:set package 'my_first_ros_rclpy_pkg' build argument 'cmake_clean_cache' from command line to 'False'
[0.347s] Level 5:colcon.colcon_core.verb:set package 'my_first_ros_rclpy_pkg' build argument 'cmake_clean_first' from command line to 'False'
[0.347s] Level 5:colcon.colcon_core.verb:set package 'my_first_ros_rclpy_pkg' build argument 'cmake_force_configure' from command line to 'False'
[0.347s] Level 5:colcon.colcon_core.verb:set package 'my_first_ros_rclpy_pkg' build argument 'ament_cmake_args' from command line to 'None'
[0.347s] Level 5:colcon.colcon_core.verb:set package 'my_first_ros_rclpy_pkg' build argument 'catkin_cmake_args' from command line to 'None'
[0.347s] Level 5:colcon.colcon_core.verb:set package 'my_first_ros_rclpy_pkg' build argument 'catkin_skip_building_tests' from command line to 'False'
[0.347s] DEBUG:colcon.colcon_core.verb:Building package 'my_first_ros_rclpy_pkg' with the following arguments: {'ament_cmake_args': None, 'build_base': '/home/ghtn10000/robot_ws/build/my_first_ros_rclpy_pkg', 'catkin_cmake_args': None, 'catkin_skip_building_tests': False, 'cmake_args': None, 'cmake_clean_cache': False, 'cmake_clean_first': False, 'cmake_force_configure': False, 'cmake_target': None, 'cmake_target_skip_unavailable': False, 'install_base': '/home/ghtn10000/robot_ws/install/my_first_ros_rclpy_pkg', 'merge_install': False, 'path': '/home/ghtn10000/robot_ws/src/my_first_ros_rclpy_pkg', 'symlink_install': True, 'test_result_base': None}
[0.348s] Level 5:colcon.colcon_core.verb:set package 'my_second_pkg_msgs' build argument 'cmake_args' from command line to 'None'
[0.348s] Level 5:colcon.colcon_core.verb:set package 'my_second_pkg_msgs' build argument 'cmake_target' from command line to 'None'
[0.348s] Level 5:colcon.colcon_core.verb:set package 'my_second_pkg_msgs' build argument 'cmake_target_skip_unavailable' from command line to 'False'
[0.348s] Level 5:colcon.colcon_core.verb:set package 'my_second_pkg_msgs' build argument 'cmake_clean_cache' from command line to 'False'
[0.348s] Level 5:colcon.colcon_core.verb:set package 'my_second_pkg_msgs' build argument 'cmake_clean_first' from command line to 'False'
[0.348s] Level 5:colcon.colcon_core.verb:set package 'my_second_pkg_msgs' build argument 'cmake_force_configure' from command line to 'False'
[0.348s] Level 5:colcon.colcon_core.verb:set package 'my_second_pkg_msgs' build argument 'ament_cmake_args' from command line to 'None'
[0.348s] Level 5:colcon.colcon_core.verb:set package 'my_second_pkg_msgs' build argument 'catkin_cmake_args' from command line to 'None'
[0.348s] Level 5:colcon.colcon_core.verb:set package 'my_second_pkg_msgs' build argument 'catkin_skip_building_tests' from command line to 'False'
[0.348s] DEBUG:colcon.colcon_core.verb:Building package 'my_second_pkg_msgs' with the following arguments: {'ament_cmake_args': None, 'build_base': '/home/ghtn10000/robot_ws/build/my_second_pkg_msgs', 'catkin_cmake_args': None, 'catkin_skip_building_tests': False, 'cmake_args': None, 'cmake_clean_cache': False, 'cmake_clean_first': False, 'cmake_force_configure': False, 'cmake_target': None, 'cmake_target_skip_unavailable': False, 'install_base': '/home/ghtn10000/robot_ws/install/my_second_pkg_msgs', 'merge_install': False, 'path': '/home/ghtn10000/robot_ws/src/my_second_pkg_msgs', 'symlink_install': True, 'test_result_base': None}
[0.348s] Level 5:colcon.colcon_core.verb:set package 'my_timer_pkg' build argument 'cmake_args' from command line to 'None'
[0.348s] Level 5:colcon.colcon_core.verb:set package 'my_timer_pkg' build argument 'cmake_target' from command line to 'None'
[0.348s] Level 5:colcon.colcon_core.verb:set package 'my_timer_pkg' build argument 'cmake_target_skip_unavailable' from command line to 'False'
[0.348s] Level 5:colcon.colcon_core.verb:set package 'my_timer_pkg' build argument 'cmake_clean_cache' from command line to 'False'
[0.348s] Level 5:colcon.colcon_core.verb:set package 'my_timer_pkg' build argument 'cmake_clean_first' from command line to 'False'
[0.348s] Level 5:colcon.colcon_core.verb:set package 'my_timer_pkg' build argument 'cmake_force_configure' from command line to 'False'
[0.348s] Level 5:colcon.colcon_core.verb:set package 'my_timer_pkg' build argument 'ament_cmake_args' from command line to 'None'
[0.348s] Level 5:colcon.colcon_core.verb:set package 'my_timer_pkg' build argument 'catkin_cmake_args' from command line to 'None'
[0.348s] Level 5:colcon.colcon_core.verb:set package 'my_timer_pkg' build argument 'catkin_skip_building_tests' from command line to 'False'
[0.348s] DEBUG:colcon.colcon_core.verb:Building package 'my_timer_pkg' with the following arguments: {'ament_cmake_args': None, 'build_base': '/home/ghtn10000/robot_ws/build/my_timer_pkg', 'catkin_cmake_args': None, 'catkin_skip_building_tests': False, 'cmake_args': None, 'cmake_clean_cache': False, 'cmake_clean_first': False, 'cmake_force_configure': False, 'cmake_target': None, 'cmake_target_skip_unavailable': False, 'install_base': '/home/ghtn10000/robot_ws/install/my_timer_pkg', 'merge_install': False, 'path': '/home/ghtn10000/robot_ws/src/my_timer_pkg', 'symlink_install': True, 'test_result_base': None}
[0.348s] Level 5:colcon.colcon_core.verb:set package 'my_turtlebot_pkg' build argument 'cmake_args' from command line to 'None'
[0.348s] Level 5:colcon.colcon_core.verb:set package 'my_turtlebot_pkg' build argument 'cmake_target' from command line to 'None'
[0.348s] Level 5:colcon.colcon_core.verb:set package 'my_turtlebot_pkg' build argument 'cmake_target_skip_unavailable' from command line to 'False'
[0.349s] Level 5:colcon.colcon_core.verb:set package 'my_turtlebot_pkg' build argument 'cmake_clean_cache' from command line to 'False'
[0.349s] Level 5:colcon.colcon_core.verb:set package 'my_turtlebot_pkg' build argument 'cmake_clean_first' from command line to 'False'
[0.349s] Level 5:colcon.colcon_core.verb:set package 'my_turtlebot_pkg' build argument 'cmake_force_configure' from command line to 'False'
[0.349s] Level 5:colcon.colcon_core.verb:set package 'my_turtlebot_pkg' build argument 'ament_cmake_args' from command line to 'None'
[0.349s] Level 5:colcon.colcon_core.verb:set package 'my_turtlebot_pkg' build argument 'catkin_cmake_args' from command line to 'None'
[0.349s] Level 5:colcon.colcon_core.verb:set package 'my_turtlebot_pkg' build argument 'catkin_skip_building_tests' from command line to 'False'
[0.349s] DEBUG:colcon.colcon_core.verb:Building package 'my_turtlebot_pkg' with the following arguments: {'ament_cmake_args': None, 'build_base': '/home/ghtn10000/robot_ws/build/my_turtlebot_pkg', 'catkin_cmake_args': None, 'catkin_skip_building_tests': False, 'cmake_args': None, 'cmake_clean_cache': False, 'cmake_clean_first': False, 'cmake_force_configure': False, 'cmake_target': None, 'cmake_target_skip_unavailable': False, 'install_base': '/home/ghtn10000/robot_ws/install/my_turtlebot_pkg', 'merge_install': False, 'path': '/home/ghtn10000/robot_ws/src/my_turtlebot_pkg', 'symlink_install': True, 'test_result_base': None}
[0.349s] Level 5:colcon.colcon_core.verb:set package 'my_turtlesim_mobeturtle_pkg' build argument 'cmake_args' from command line to 'None'
[0.349s] Level 5:colcon.colcon_core.verb:set package 'my_turtlesim_mobeturtle_pkg' build argument 'cmake_target' from command line to 'None'
[0.349s] Level 5:colcon.colcon_core.verb:set package 'my_turtlesim_mobeturtle_pkg' build argument 'cmake_target_skip_unavailable' from command line to 'False'
[0.349s] Level 5:colcon.colcon_core.verb:set package 'my_turtlesim_mobeturtle_pkg' build argument 'cmake_clean_cache' from command line to 'False'
[0.349s] Level 5:colcon.colcon_core.verb:set package 'my_turtlesim_mobeturtle_pkg' build argument 'cmake_clean_first' from command line to 'False'
[0.349s] Level 5:colcon.colcon_core.verb:set package 'my_turtlesim_mobeturtle_pkg' build argument 'cmake_force_configure' from command line to 'False'
[0.349s] Level 5:colcon.colcon_core.verb:set package 'my_turtlesim_mobeturtle_pkg' build argument 'ament_cmake_args' from command line to 'None'
[0.349s] Level 5:colcon.colcon_core.verb:set package 'my_turtlesim_mobeturtle_pkg' build argument 'catkin_cmake_args' from command line to 'None'
[0.349s] Level 5:colcon.colcon_core.verb:set package 'my_turtlesim_mobeturtle_pkg' build argument 'catkin_skip_building_tests' from command line to 'False'
[0.349s] DEBUG:colcon.colcon_core.verb:Building package 'my_turtlesim_mobeturtle_pkg' with the following arguments: {'ament_cmake_args': None, 'build_base': '/home/ghtn10000/robot_ws/build/my_turtlesim_mobeturtle_pkg', 'catkin_cmake_args': None, 'catkin_skip_building_tests': False, 'cmake_args': None, 'cmake_clean_cache': False, 'cmake_clean_first': False, 'cmake_force_configure': False, 'cmake_target': None, 'cmake_target_skip_unavailable': False, 'install_base': '/home/ghtn10000/robot_ws/install/my_turtlesim_mobeturtle_pkg', 'merge_install': False, 'path': '/home/ghtn10000/robot_ws/src/my_turtlesim_mobeturtle_pkg', 'symlink_install': True, 'test_result_base': None}
[0.349s] Level 5:colcon.colcon_core.verb:set package 'topic_srv_act_rclpy_ex' build argument 'cmake_args' from command line to 'None'
[0.349s] Level 5:colcon.colcon_core.verb:set package 'topic_srv_act_rclpy_ex' build argument 'cmake_target' from command line to 'None'
[0.349s] Level 5:colcon.colcon_core.verb:set package 'topic_srv_act_rclpy_ex' build argument 'cmake_target_skip_unavailable' from command line to 'False'
[0.349s] Level 5:colcon.colcon_core.verb:set package 'topic_srv_act_rclpy_ex' build argument 'cmake_clean_cache' from command line to 'False'
[0.349s] Level 5:colcon.colcon_core.verb:set package 'topic_srv_act_rclpy_ex' build argument 'cmake_clean_first' from command line to 'False'
[0.349s] Level 5:colcon.colcon_core.verb:set package 'topic_srv_act_rclpy_ex' build argument 'cmake_force_configure' from command line to 'False'
[0.349s] Level 5:colcon.colcon_core.verb:set package 'topic_srv_act_rclpy_ex' build argument 'ament_cmake_args' from command line to 'None'
[0.349s] Level 5:colcon.colcon_core.verb:set package 'topic_srv_act_rclpy_ex' build argument 'catkin_cmake_args' from command line to 'None'
[0.349s] Level 5:colcon.colcon_core.verb:set package 'topic_srv_act_rclpy_ex' build argument 'catkin_skip_building_tests' from command line to 'False'
[0.349s] DEBUG:colcon.colcon_core.verb:Building package 'topic_srv_act_rclpy_ex' with the following arguments: {'ament_cmake_args': None, 'build_base': '/home/ghtn10000/robot_ws/build/topic_srv_act_rclpy_ex', 'catkin_cmake_args': None, 'catkin_skip_building_tests': False, 'cmake_args': None, 'cmake_clean_cache': False, 'cmake_clean_first': False, 'cmake_force_configure': False, 'cmake_target': None, 'cmake_target_skip_unavailable': False, 'install_base': '/home/ghtn10000/robot_ws/install/topic_srv_act_rclpy_ex', 'merge_install': False, 'path': '/home/ghtn10000/robot_ws/src/topic_srv_act_rclpy_ex', 'symlink_install': True, 'test_result_base': None}
[0.350s] INFO:colcon.colcon_core.executor:Executing jobs using 'parallel' executor
[0.350s] DEBUG:colcon.colcon_parallel_executor.executor.parallel:run_until_complete
[0.351s] INFO:colcon.colcon_ros.task.ament_cmake.build:Building ROS package in '/home/ghtn10000/robot_ws/src/msg_srv_act_interface_ex' with build type 'ament_cmake'
[0.351s] INFO:colcon.colcon_cmake.task.cmake.build:Building CMake package in '/home/ghtn10000/robot_ws/src/msg_srv_act_interface_ex'
[0.353s] INFO:colcon.colcon_core.plugin_system:Skipping extension 'colcon_core.shell.bat': Not used on non-Windows systems
[0.353s] INFO:colcon.colcon_core.shell:Skip shell extension 'powershell' for command environment: Not usable outside of PowerShell
[0.353s] DEBUG:colcon.colcon_core.shell:Skip shell extension 'dsv' for command environment
[0.357s] INFO:colcon.colcon_ros.task.ament_python.build:Building ROS package in '/home/ghtn10000/robot_ws/src/my_first_ros_rclpy_pkg' with build type 'ament_python'
[0.357s] Level 1:colcon.colcon_core.shell:create_environment_hook('my_first_ros_rclpy_pkg', 'ament_prefix_path')
[0.357s] INFO:colcon.colcon_core.shell:Creating environment hook '/home/ghtn10000/robot_ws/install/my_first_ros_rclpy_pkg/share/my_first_ros_rclpy_pkg/hook/ament_prefix_path.ps1'
[0.358s] INFO:colcon.colcon_core.shell:Creating environment descriptor '/home/ghtn10000/robot_ws/install/my_first_ros_rclpy_pkg/share/my_first_ros_rclpy_pkg/hook/ament_prefix_path.dsv'
[0.359s] INFO:colcon.colcon_core.shell:Creating environment hook '/home/ghtn10000/robot_ws/install/my_first_ros_rclpy_pkg/share/my_first_ros_rclpy_pkg/hook/ament_prefix_path.sh'
[0.359s] INFO:colcon.colcon_core.shell:Skip shell extension 'powershell' for command environment: Not usable outside of PowerShell
[0.359s] DEBUG:colcon.colcon_core.shell:Skip shell extension 'dsv' for command environment
[0.364s] INFO:colcon.colcon_ros.task.ament_cmake.build:Building ROS package in '/home/ghtn10000/robot_ws/src/my_second_pkg_msgs' with build type 'ament_cmake'
[0.364s] INFO:colcon.colcon_cmake.task.cmake.build:Building CMake package in '/home/ghtn10000/robot_ws/src/my_second_pkg_msgs'
[0.365s] INFO:colcon.colcon_core.shell:Skip shell extension 'powershell' for command environment: Not usable outside of PowerShell
[0.365s] DEBUG:colcon.colcon_core.shell:Skip shell extension 'dsv' for command environment
[0.368s] INFO:colcon.colcon_ros.task.ament_python.build:Building ROS package in '/home/ghtn10000/robot_ws/src/my_timer_pkg' with build type 'ament_python'
[0.369s] Level 1:colcon.colcon_core.shell:create_environment_hook('my_timer_pkg', 'ament_prefix_path')
[0.369s] INFO:colcon.colcon_core.shell:Creating environment hook '/home/ghtn10000/robot_ws/install/my_timer_pkg/share/my_timer_pkg/hook/ament_prefix_path.ps1'
[0.369s] INFO:colcon.colcon_core.shell:Creating environment descriptor '/home/ghtn10000/robot_ws/install/my_timer_pkg/share/my_timer_pkg/hook/ament_prefix_path.dsv'
[0.369s] INFO:colcon.colcon_core.shell:Creating environment hook '/home/ghtn10000/robot_ws/install/my_timer_pkg/share/my_timer_pkg/hook/ament_prefix_path.sh'
[0.370s] INFO:colcon.colcon_core.shell:Skip shell extension 'powershell' for command environment: Not usable outside of PowerShell
[0.370s] DEBUG:colcon.colcon_core.shell:Skip shell extension 'dsv' for command environment
[0.374s] INFO:colcon.colcon_ros.task.ament_python.build:Building ROS package in '/home/ghtn10000/robot_ws/src/my_turtlebot_pkg' with build type 'ament_python'
[0.374s] Level 1:colcon.colcon_core.shell:create_environment_hook('my_turtlebot_pkg', 'ament_prefix_path')
[0.375s] INFO:colcon.colcon_core.shell:Creating environment hook '/home/ghtn10000/robot_ws/install/my_turtlebot_pkg/share/my_turtlebot_pkg/hook/ament_prefix_path.ps1'
[0.375s] INFO:colcon.colcon_core.shell:Creating environment descriptor '/home/ghtn10000/robot_ws/install/my_turtlebot_pkg/share/my_turtlebot_pkg/hook/ament_prefix_path.dsv'
[0.376s] INFO:colcon.colcon_core.shell:Creating environment hook '/home/ghtn10000/robot_ws/install/my_turtlebot_pkg/share/my_turtlebot_pkg/hook/ament_prefix_path.sh'
[0.376s] INFO:colcon.colcon_core.shell:Skip shell extension 'powershell' for command environment: Not usable outside of PowerShell
[0.376s] DEBUG:colcon.colcon_core.shell:Skip shell extension 'dsv' for command environment
[0.380s] INFO:colcon.colcon_ros.task.ament_python.build:Building ROS package in '/home/ghtn10000/robot_ws/src/my_turtlesim_mobeturtle_pkg' with build type 'ament_python'
[0.380s] Level 1:colcon.colcon_core.shell:create_environment_hook('my_turtlesim_mobeturtle_pkg', 'ament_prefix_path')
[0.381s] INFO:colcon.colcon_core.shell:Creating environment hook '/home/ghtn10000/robot_ws/install/my_turtlesim_mobeturtle_pkg/share/my_turtlesim_mobeturtle_pkg/hook/ament_prefix_path.ps1'
[0.381s] INFO:colcon.colcon_core.shell:Creating environment descriptor '/home/ghtn10000/robot_ws/install/my_turtlesim_mobeturtle_pkg/share/my_turtlesim_mobeturtle_pkg/hook/ament_prefix_path.dsv'
[0.382s] INFO:colcon.colcon_core.shell:Creating environment hook '/home/ghtn10000/robot_ws/install/my_turtlesim_mobeturtle_pkg/share/my_turtlesim_mobeturtle_pkg/hook/ament_prefix_path.sh'
[0.382s] INFO:colcon.colcon_core.shell:Skip shell extension 'powershell' for command environment: Not usable outside of PowerShell
[0.382s] DEBUG:colcon.colcon_core.shell:Skip shell extension 'dsv' for command environment
[0.386s] INFO:colcon.colcon_ros.task.ament_python.build:Building ROS package in '/home/ghtn10000/robot_ws/src/topic_srv_act_rclpy_ex' with build type 'ament_python'
[0.386s] Level 1:colcon.colcon_core.shell:create_environment_hook('topic_srv_act_rclpy_ex', 'ament_prefix_path')
[0.387s] INFO:colcon.colcon_core.shell:Creating environment hook '/home/ghtn10000/robot_ws/install/topic_srv_act_rclpy_ex/share/topic_srv_act_rclpy_ex/hook/ament_prefix_path.ps1'
[0.387s] INFO:colcon.colcon_core.shell:Creating environment descriptor '/home/ghtn10000/robot_ws/install/topic_srv_act_rclpy_ex/share/topic_srv_act_rclpy_ex/hook/ament_prefix_path.dsv'
[0.388s] INFO:colcon.colcon_core.shell:Creating environment hook '/home/ghtn10000/robot_ws/install/topic_srv_act_rclpy_ex/share/topic_srv_act_rclpy_ex/hook/ament_prefix_path.sh'
[0.388s] INFO:colcon.colcon_core.shell:Skip shell extension 'powershell' for command environment: Not usable outside of PowerShell
[0.388s] DEBUG:colcon.colcon_core.shell:Skip shell extension 'dsv' for command environment
[0.397s] DEBUG:colcon.colcon_core.event_handler.log_command:Invoking command in '/home/ghtn10000/robot_ws/build/msg_srv_act_interface_ex': CMAKE_PREFIX_PATH=${CMAKE_PREFIX_PATH}:/home/ghtn10000/turtlebot3_ws/install/turtlebot3_teleop:/home/ghtn10000/turtlebot3_ws/install/turtlebot3_example:/home/ghtn10000/turtlebot3_ws/install/turtlebot3_dqn:/home/ghtn10000/robot_ws/install/topic_srv_act_rclpy_ex:/home/ghtn10000/robot_ws/install/my_turtlesim_mobeturtle_pkg:/home/ghtn10000/robot_ws/install/my_turtlebot_pkg:/home/ghtn10000/robot_ws/install/my_timer_pkg:/home/ghtn10000/robot_ws/install/my_first_ros_rclpy_pkg:/opt/ros/humble /usr/bin/cmake --build /home/ghtn10000/robot_ws/build/msg_srv_act_interface_ex -- -j8 -l8
[0.772s] INFO:colcon.colcon_core.task.python.build:Building Python package in '/home/ghtn10000/robot_ws/src/my_first_ros_rclpy_pkg'
[0.773s] INFO:colcon.colcon_core.shell:Skip shell extension 'powershell' for command environment: Not usable outside of PowerShell
[0.773s] DEBUG:colcon.colcon_core.shell:Skip shell extension 'dsv' for command environment
[0.784s] DEBUG:colcon.colcon_core.event_handler.log_command:Invoking command in '/home/ghtn10000/robot_ws/build/my_second_pkg_msgs': CMAKE_PREFIX_PATH=${CMAKE_PREFIX_PATH}:/home/ghtn10000/turtlebot3_ws/install/turtlebot3_teleop:/home/ghtn10000/turtlebot3_ws/install/turtlebot3_example:/home/ghtn10000/turtlebot3_ws/install/turtlebot3_dqn:/home/ghtn10000/robot_ws/install/topic_srv_act_rclpy_ex:/home/ghtn10000/robot_ws/install/my_turtlesim_mobeturtle_pkg:/home/ghtn10000/robot_ws/install/my_turtlebot_pkg:/home/ghtn10000/robot_ws/install/my_timer_pkg:/home/ghtn10000/robot_ws/install/my_first_ros_rclpy_pkg:/opt/ros/humble /usr/bin/cmake --build /home/ghtn10000/robot_ws/build/my_second_pkg_msgs -- -j8 -l8
[1.166s] INFO:colcon.colcon_core.task.python.build:Building Python package in '/home/ghtn10000/robot_ws/src/my_timer_pkg'
[1.166s] INFO:colcon.colcon_core.shell:Skip shell extension 'powershell' for command environment: Not usable outside of PowerShell
[1.166s] DEBUG:colcon.colcon_core.shell:Skip shell extension 'dsv' for command environment
[1.492s] INFO:colcon.colcon_core.task.python.build:Building Python package in '/home/ghtn10000/robot_ws/src/my_turtlebot_pkg'
[1.492s] INFO:colcon.colcon_core.shell:Skip shell extension 'powershell' for command environment: Not usable outside of PowerShell
[1.492s] DEBUG:colcon.colcon_core.shell:Skip shell extension 'dsv' for command environment
[1.729s] INFO:colcon.colcon_core.task.python.build:Building Python package in '/home/ghtn10000/robot_ws/src/my_turtlesim_mobeturtle_pkg'
[1.729s] INFO:colcon.colcon_core.shell:Skip shell extension 'powershell' for command environment: Not usable outside of PowerShell
[1.729s] DEBUG:colcon.colcon_core.shell:Skip shell extension 'dsv' for command environment
[1.972s] INFO:colcon.colcon_core.task.python.build:Building Python package in '/home/ghtn10000/robot_ws/src/topic_srv_act_rclpy_ex'
[1.972s] INFO:colcon.colcon_core.shell:Skip shell extension 'powershell' for command environment: Not usable outside of PowerShell
[1.973s] DEBUG:colcon.colcon_core.shell:Skip shell extension 'dsv' for command environment
[1.981s] DEBUG:colcon.colcon_core.event_handler.log_command:Invoked command in '/home/ghtn10000/robot_ws/build/msg_srv_act_interface_ex' returned '0': CMAKE_PREFIX_PATH=${CMAKE_PREFIX_PATH}:/home/ghtn10000/turtlebot3_ws/install/turtlebot3_teleop:/home/ghtn10000/turtlebot3_ws/install/turtlebot3_example:/home/ghtn10000/turtlebot3_ws/install/turtlebot3_dqn:/home/ghtn10000/robot_ws/install/topic_srv_act_rclpy_ex:/home/ghtn10000/robot_ws/install/my_turtlesim_mobeturtle_pkg:/home/ghtn10000/robot_ws/install/my_turtlebot_pkg:/home/ghtn10000/robot_ws/install/my_timer_pkg:/home/ghtn10000/robot_ws/install/my_first_ros_rclpy_pkg:/opt/ros/humble /usr/bin/cmake --build /home/ghtn10000/robot_ws/build/msg_srv_act_interface_ex -- -j8 -l8
[1.989s] DEBUG:colcon.colcon_core.event_handler.log_command:Invoking command in '/home/ghtn10000/robot_ws/build/msg_srv_act_interface_ex': CMAKE_PREFIX_PATH=${CMAKE_PREFIX_PATH}:/home/ghtn10000/turtlebot3_ws/install/turtlebot3_teleop:/home/ghtn10000/turtlebot3_ws/install/turtlebot3_example:/home/ghtn10000/turtlebot3_ws/install/turtlebot3_dqn:/home/ghtn10000/robot_ws/install/topic_srv_act_rclpy_ex:/home/ghtn10000/robot_ws/install/my_turtlesim_mobeturtle_pkg:/home/ghtn10000/robot_ws/install/my_turtlebot_pkg:/home/ghtn10000/robot_ws/install/my_timer_pkg:/home/ghtn10000/robot_ws/install/my_first_ros_rclpy_pkg:/opt/ros/humble /usr/bin/cmake --install /home/ghtn10000/robot_ws/build/msg_srv_act_interface_ex
[1.990s] DEBUG:colcon.colcon_core.event_handler.log_command:Invoked command in '/home/ghtn10000/robot_ws/build/my_second_pkg_msgs' returned '0': CMAKE_PREFIX_PATH=${CMAKE_PREFIX_PATH}:/home/ghtn10000/turtlebot3_ws/install/turtlebot3_teleop:/home/ghtn10000/turtlebot3_ws/install/turtlebot3_example:/home/ghtn10000/turtlebot3_ws/install/turtlebot3_dqn:/home/ghtn10000/robot_ws/install/topic_srv_act_rclpy_ex:/home/ghtn10000/robot_ws/install/my_turtlesim_mobeturtle_pkg:/home/ghtn10000/robot_ws/install/my_turtlebot_pkg:/home/ghtn10000/robot_ws/install/my_timer_pkg:/home/ghtn10000/robot_ws/install/my_first_ros_rclpy_pkg:/opt/ros/humble /usr/bin/cmake --build /home/ghtn10000/robot_ws/build/my_second_pkg_msgs -- -j8 -l8
[1.992s] DEBUG:colcon.colcon_core.event_handler.log_command:Invoking command in '/home/ghtn10000/robot_ws/build/my_second_pkg_msgs': CMAKE_PREFIX_PATH=${CMAKE_PREFIX_PATH}:/home/ghtn10000/turtlebot3_ws/install/turtlebot3_teleop:/home/ghtn10000/turtlebot3_ws/install/turtlebot3_example:/home/ghtn10000/turtlebot3_ws/install/turtlebot3_dqn:/home/ghtn10000/robot_ws/install/topic_srv_act_rclpy_ex:/home/ghtn10000/robot_ws/install/my_turtlesim_mobeturtle_pkg:/home/ghtn10000/robot_ws/install/my_turtlebot_pkg:/home/ghtn10000/robot_ws/install/my_timer_pkg:/home/ghtn10000/robot_ws/install/my_first_ros_rclpy_pkg:/opt/ros/humble /usr/bin/cmake --install /home/ghtn10000/robot_ws/build/my_second_pkg_msgs
[2.177s] Level 1:colcon.colcon_core.environment:create_environment_scripts_only(my_second_pkg_msgs)
[2.180s] DEBUG:colcon.colcon_core.event_handler.log_command:Invoked command in '/home/ghtn10000/robot_ws/build/my_second_pkg_msgs' returned '0': CMAKE_PREFIX_PATH=${CMAKE_PREFIX_PATH}:/home/ghtn10000/turtlebot3_ws/install/turtlebot3_teleop:/home/ghtn10000/turtlebot3_ws/install/turtlebot3_example:/home/ghtn10000/turtlebot3_ws/install/turtlebot3_dqn:/home/ghtn10000/robot_ws/install/topic_srv_act_rclpy_ex:/home/ghtn10000/robot_ws/install/my_turtlesim_mobeturtle_pkg:/home/ghtn10000/robot_ws/install/my_turtlebot_pkg:/home/ghtn10000/robot_ws/install/my_timer_pkg:/home/ghtn10000/robot_ws/install/my_first_ros_rclpy_pkg:/opt/ros/humble /usr/bin/cmake --install /home/ghtn10000/robot_ws/build/my_second_pkg_msgs
[2.185s] Level 1:colcon.colcon_core.environment:checking '/home/ghtn10000/robot_ws/install/my_second_pkg_msgs' for CMake module files
[2.186s] Level 1:colcon.colcon_core.environment:checking '/home/ghtn10000/robot_ws/install/my_second_pkg_msgs' for CMake config files
[2.187s] Level 1:colcon.colcon_core.shell:create_environment_hook('my_second_pkg_msgs', 'cmake_prefix_path')
[2.188s] INFO:colcon.colcon_core.shell:Creating environment hook '/home/ghtn10000/robot_ws/install/my_second_pkg_msgs/share/my_second_pkg_msgs/hook/cmake_prefix_path.ps1'
[2.191s] INFO:colcon.colcon_core.shell:Creating environment descriptor '/home/ghtn10000/robot_ws/install/my_second_pkg_msgs/share/my_second_pkg_msgs/hook/cmake_prefix_path.dsv'
[2.191s] INFO:colcon.colcon_core.shell:Creating environment hook '/home/ghtn10000/robot_ws/install/my_second_pkg_msgs/share/my_second_pkg_msgs/hook/cmake_prefix_path.sh'
[2.192s] Level 1:colcon.colcon_core.environment:checking '/home/ghtn10000/robot_ws/install/my_second_pkg_msgs/lib'
[2.192s] Level 1:colcon.colcon_core.shell:create_environment_hook('my_second_pkg_msgs', 'ld_library_path_lib')
[2.192s] INFO:colcon.colcon_core.shell:Creating environment hook '/home/ghtn10000/robot_ws/install/my_second_pkg_msgs/share/my_second_pkg_msgs/hook/ld_library_path_lib.ps1'
[2.193s] INFO:colcon.colcon_core.shell:Creating environment descriptor '/home/ghtn10000/robot_ws/install/my_second_pkg_msgs/share/my_second_pkg_msgs/hook/ld_library_path_lib.dsv'
[2.194s] INFO:colcon.colcon_core.shell:Creating environment hook '/home/ghtn10000/robot_ws/install/my_second_pkg_msgs/share/my_second_pkg_msgs/hook/ld_library_path_lib.sh'
[2.194s] Level 1:colcon.colcon_core.environment:checking '/home/ghtn10000/robot_ws/install/my_second_pkg_msgs/bin'
[2.194s] Level 1:colcon.colcon_core.environment:checking '/home/ghtn10000/robot_ws/install/my_second_pkg_msgs/lib/pkgconfig/my_second_pkg_msgs.pc'
[2.195s] Level 1:colcon.colcon_core.environment:checking '/home/ghtn10000/robot_ws/install/my_second_pkg_msgs/lib/python3.10/site-packages'
[2.195s] Level 1:colcon.colcon_core.environment:checking '/home/ghtn10000/robot_ws/install/my_second_pkg_msgs/bin'
[2.196s] INFO:colcon.colcon_core.shell:Creating package script '/home/ghtn10000/robot_ws/install/my_second_pkg_msgs/share/my_second_pkg_msgs/package.ps1'
[2.197s] INFO:colcon.colcon_core.shell:Creating package descriptor '/home/ghtn10000/robot_ws/install/my_second_pkg_msgs/share/my_second_pkg_msgs/package.dsv'
[2.199s] INFO:colcon.colcon_core.shell:Creating package script '/home/ghtn10000/robot_ws/install/my_second_pkg_msgs/share/my_second_pkg_msgs/package.sh'
[2.200s] INFO:colcon.colcon_core.shell:Creating package script '/home/ghtn10000/robot_ws/install/my_second_pkg_msgs/share/my_second_pkg_msgs/package.bash'
[2.202s] INFO:colcon.colcon_core.shell:Creating package script '/home/ghtn10000/robot_ws/install/my_second_pkg_msgs/share/my_second_pkg_msgs/package.zsh'
[2.203s] Level 1:colcon.colcon_core.environment:create_file_with_runtime_dependencies(/home/ghtn10000/robot_ws/install/my_second_pkg_msgs/share/colcon-core/packages/my_second_pkg_msgs)
[2.205s] Level 1:colcon.colcon_core.environment:create_environment_scripts_only(my_second_pkg_msgs)
[2.205s] Level 1:colcon.colcon_core.environment:checking '/home/ghtn10000/robot_ws/install/my_second_pkg_msgs' for CMake module files
[2.206s] Level 1:colcon.colcon_core.environment:checking '/home/ghtn10000/robot_ws/install/my_second_pkg_msgs' for CMake config files
[2.207s] Level 1:colcon.colcon_core.shell:create_environment_hook('my_second_pkg_msgs', 'cmake_prefix_path')
[2.208s] INFO:colcon.colcon_core.shell:Creating environment hook '/home/ghtn10000/robot_ws/install/my_second_pkg_msgs/share/my_second_pkg_msgs/hook/cmake_prefix_path.ps1'
[2.210s] INFO:colcon.colcon_core.shell:Creating environment descriptor '/home/ghtn10000/robot_ws/install/my_second_pkg_msgs/share/my_second_pkg_msgs/hook/cmake_prefix_path.dsv'
[2.210s] INFO:colcon.colcon_core.shell:Creating environment hook '/home/ghtn10000/robot_ws/install/my_second_pkg_msgs/share/my_second_pkg_msgs/hook/cmake_prefix_path.sh'
[2.211s] Level 1:colcon.colcon_core.environment:checking '/home/ghtn10000/robot_ws/install/my_second_pkg_msgs/lib'
[2.211s] Level 1:colcon.colcon_core.shell:create_environment_hook('my_second_pkg_msgs', 'ld_library_path_lib')
[2.212s] INFO:colcon.colcon_core.shell:Creating environment hook '/home/ghtn10000/robot_ws/install/my_second_pkg_msgs/share/my_second_pkg_msgs/hook/ld_library_path_lib.ps1'
[2.213s] INFO:colcon.colcon_core.shell:Creating environment descriptor '/home/ghtn10000/robot_ws/install/my_second_pkg_msgs/share/my_second_pkg_msgs/hook/ld_library_path_lib.dsv'
[2.213s] INFO:colcon.colcon_core.shell:Creating environment hook '/home/ghtn10000/robot_ws/install/my_second_pkg_msgs/share/my_second_pkg_msgs/hook/ld_library_path_lib.sh'
[2.214s] Level 1:colcon.colcon_core.environment:checking '/home/ghtn10000/robot_ws/install/my_second_pkg_msgs/bin'
[2.214s] Level 1:colcon.colcon_core.environment:checking '/home/ghtn10000/robot_ws/install/my_second_pkg_msgs/lib/pkgconfig/my_second_pkg_msgs.pc'
[2.215s] Level 1:colcon.colcon_core.environment:checking '/home/ghtn10000/robot_ws/install/my_second_pkg_msgs/lib/python3.10/site-packages'
[2.215s] Level 1:colcon.colcon_core.environment:checking '/home/ghtn10000/robot_ws/install/my_second_pkg_msgs/bin'
[2.216s] INFO:colcon.colcon_core.shell:Creating package script '/home/ghtn10000/robot_ws/install/my_second_pkg_msgs/share/my_second_pkg_msgs/package.ps1'
[2.217s] INFO:colcon.colcon_core.shell:Creating package descriptor '/home/ghtn10000/robot_ws/install/my_second_pkg_msgs/share/my_second_pkg_msgs/package.dsv'
[2.218s] INFO:colcon.colcon_core.shell:Creating package script '/home/ghtn10000/robot_ws/install/my_second_pkg_msgs/share/my_second_pkg_msgs/package.sh'
[2.219s] INFO:colcon.colcon_core.shell:Creating package script '/home/ghtn10000/robot_ws/install/my_second_pkg_msgs/share/my_second_pkg_msgs/package.bash'
[2.220s] INFO:colcon.colcon_core.shell:Creating package script '/home/ghtn10000/robot_ws/install/my_second_pkg_msgs/share/my_second_pkg_msgs/package.zsh'
[2.220s] Level 1:colcon.colcon_core.environment:create_file_with_runtime_dependencies(/home/ghtn10000/robot_ws/install/my_second_pkg_msgs/share/colcon-core/packages/my_second_pkg_msgs)
[2.223s] Level 1:colcon.colcon_core.environment:create_environment_scripts_only(msg_srv_act_interface_ex)
[2.224s] Level 1:colcon.colcon_core.environment:checking '/home/ghtn10000/robot_ws/install/msg_srv_act_interface_ex' for CMake module files
[2.225s] DEBUG:colcon.colcon_core.event_handler.log_command:Invoked command in '/home/ghtn10000/robot_ws/build/msg_srv_act_interface_ex' returned '0': CMAKE_PREFIX_PATH=${CMAKE_PREFIX_PATH}:/home/ghtn10000/turtlebot3_ws/install/turtlebot3_teleop:/home/ghtn10000/turtlebot3_ws/install/turtlebot3_example:/home/ghtn10000/turtlebot3_ws/install/turtlebot3_dqn:/home/ghtn10000/robot_ws/install/topic_srv_act_rclpy_ex:/home/ghtn10000/robot_ws/install/my_turtlesim_mobeturtle_pkg:/home/ghtn10000/robot_ws/install/my_turtlebot_pkg:/home/ghtn10000/robot_ws/install/my_timer_pkg:/home/ghtn10000/robot_ws/install/my_first_ros_rclpy_pkg:/opt/ros/humble /usr/bin/cmake --install /home/ghtn10000/robot_ws/build/msg_srv_act_interface_ex
[2.226s] Level 1:colcon.colcon_core.environment:checking '/home/ghtn10000/robot_ws/install/msg_srv_act_interface_ex' for CMake config files
[2.227s] Level 1:colcon.colcon_core.shell:create_environment_hook('msg_srv_act_interface_ex', 'cmake_prefix_path')
[2.227s] INFO:colcon.colcon_core.shell:Creating environment hook '/home/ghtn10000/robot_ws/install/msg_srv_act_interface_ex/share/msg_srv_act_interface_ex/hook/cmake_prefix_path.ps1'
[2.228s] INFO:colcon.colcon_core.shell:Creating environment descriptor '/home/ghtn10000/robot_ws/install/msg_srv_act_interface_ex/share/msg_srv_act_interface_ex/hook/cmake_prefix_path.dsv'
[2.229s] INFO:colcon.colcon_core.shell:Creating environment hook '/home/ghtn10000/robot_ws/install/msg_srv_act_interface_ex/share/msg_srv_act_interface_ex/hook/cmake_prefix_path.sh'
[2.230s] Level 1:colcon.colcon_core.environment:checking '/home/ghtn10000/robot_ws/install/msg_srv_act_interface_ex/lib'
[2.230s] Level 1:colcon.colcon_core.shell:create_environment_hook('msg_srv_act_interface_ex', 'ld_library_path_lib')
[2.231s] INFO:colcon.colcon_core.shell:Creating environment hook '/home/ghtn10000/robot_ws/install/msg_srv_act_interface_ex/share/msg_srv_act_interface_ex/hook/ld_library_path_lib.ps1'
[2.232s] INFO:colcon.colcon_core.shell:Creating environment descriptor '/home/ghtn10000/robot_ws/install/msg_srv_act_interface_ex/share/msg_srv_act_interface_ex/hook/ld_library_path_lib.dsv'
[2.232s] INFO:colcon.colcon_core.shell:Creating environment hook '/home/ghtn10000/robot_ws/install/msg_srv_act_interface_ex/share/msg_srv_act_interface_ex/hook/ld_library_path_lib.sh'
[2.233s] Level 1:colcon.colcon_core.environment:checking '/home/ghtn10000/robot_ws/install/msg_srv_act_interface_ex/bin'
[2.233s] Level 1:colcon.colcon_core.environment:checking '/home/ghtn10000/robot_ws/install/msg_srv_act_interface_ex/lib/pkgconfig/msg_srv_act_interface_ex.pc'
[2.234s] Level 1:colcon.colcon_core.environment:checking '/home/ghtn10000/robot_ws/install/msg_srv_act_interface_ex/lib/python3.10/site-packages'
[2.234s] Level 1:colcon.colcon_core.environment:checking '/home/ghtn10000/robot_ws/install/msg_srv_act_interface_ex/bin'
[2.235s] INFO:colcon.colcon_core.shell:Creating package script '/home/ghtn10000/robot_ws/install/msg_srv_act_interface_ex/share/msg_srv_act_interface_ex/package.ps1'
[2.236s] INFO:colcon.colcon_core.shell:Creating package descriptor '/home/ghtn10000/robot_ws/install/msg_srv_act_interface_ex/share/msg_srv_act_interface_ex/package.dsv'
[2.237s] INFO:colcon.colcon_core.shell:Creating package script '/home/ghtn10000/robot_ws/install/msg_srv_act_interface_ex/share/msg_srv_act_interface_ex/package.sh'
[2.238s] INFO:colcon.colcon_core.shell:Creating package script '/home/ghtn10000/robot_ws/install/msg_srv_act_interface_ex/share/msg_srv_act_interface_ex/package.bash'
[2.238s] INFO:colcon.colcon_core.shell:Creating package script '/home/ghtn10000/robot_ws/install/msg_srv_act_interface_ex/share/msg_srv_act_interface_ex/package.zsh'
[2.239s] Level 1:colcon.colcon_core.environment:create_file_with_runtime_dependencies(/home/ghtn10000/robot_ws/install/msg_srv_act_interface_ex/share/colcon-core/packages/msg_srv_act_interface_ex)
[2.240s] Level 1:colcon.colcon_core.environment:create_environment_scripts_only(msg_srv_act_interface_ex)
[2.240s] Level 1:colcon.colcon_core.environment:checking '/home/ghtn10000/robot_ws/install/msg_srv_act_interface_ex' for CMake module files
[2.242s] Level 1:colcon.colcon_core.environment:checking '/home/ghtn10000/robot_ws/install/msg_srv_act_interface_ex' for CMake config files
[2.243s] Level 1:colcon.colcon_core.shell:create_environment_hook('msg_srv_act_interface_ex', 'cmake_prefix_path')
[2.244s] INFO:colcon.colcon_core.shell:Creating environment hook '/home/ghtn10000/robot_ws/install/msg_srv_act_interface_ex/share/msg_srv_act_interface_ex/hook/cmake_prefix_path.ps1'
[2.244s] INFO:colcon.colcon_core.shell:Creating environment descriptor '/home/ghtn10000/robot_ws/install/msg_srv_act_interface_ex/share/msg_srv_act_interface_ex/hook/cmake_prefix_path.dsv'
[2.245s] INFO:colcon.colcon_core.shell:Creating environment hook '/home/ghtn10000/robot_ws/install/msg_srv_act_interface_ex/share/msg_srv_act_interface_ex/hook/cmake_prefix_path.sh'
[2.246s] Level 1:colcon.colcon_core.environment:checking '/home/ghtn10000/robot_ws/install/msg_srv_act_interface_ex/lib'
[2.246s] Level 1:colcon.colcon_core.shell:create_environment_hook('msg_srv_act_interface_ex', 'ld_library_path_lib')
[2.247s] INFO:colcon.colcon_core.shell:Creating environment hook '/home/ghtn10000/robot_ws/install/msg_srv_act_interface_ex/share/msg_srv_act_interface_ex/hook/ld_library_path_lib.ps1'
[2.248s] INFO:colcon.colcon_core.shell:Creating environment descriptor '/home/ghtn10000/robot_ws/install/msg_srv_act_interface_ex/share/msg_srv_act_interface_ex/hook/ld_library_path_lib.dsv'
[2.248s] INFO:colcon.colcon_core.shell:Creating environment hook '/home/ghtn10000/robot_ws/install/msg_srv_act_interface_ex/share/msg_srv_act_interface_ex/hook/ld_library_path_lib.sh'
[2.249s] Level 1:colcon.colcon_core.environment:checking '/home/ghtn10000/robot_ws/install/msg_srv_act_interface_ex/bin'
[2.249s] Level 1:colcon.colcon_core.environment:checking '/home/ghtn10000/robot_ws/install/msg_srv_act_interface_ex/lib/pkgconfig/msg_srv_act_interface_ex.pc'
[2.250s] Level 1:colcon.colcon_core.environment:checking '/home/ghtn10000/robot_ws/install/msg_srv_act_interface_ex/lib/python3.10/site-packages'
[2.250s] Level 1:colcon.colcon_core.environment:checking '/home/ghtn10000/robot_ws/install/msg_srv_act_interface_ex/bin'
[2.251s] INFO:colcon.colcon_core.shell:Creating package script '/home/ghtn10000/robot_ws/install/msg_srv_act_interface_ex/share/msg_srv_act_interface_ex/package.ps1'
[2.252s] INFO:colcon.colcon_core.shell:Creating package descriptor '/home/ghtn10000/robot_ws/install/msg_srv_act_interface_ex/share/msg_srv_act_interface_ex/package.dsv'
[2.253s] INFO:colcon.colcon_core.shell:Creating package script '/home/ghtn10000/robot_ws/install/msg_srv_act_interface_ex/share/msg_srv_act_interface_ex/package.sh'
[2.254s] INFO:colcon.colcon_core.shell:Creating package script '/home/ghtn10000/robot_ws/install/msg_srv_act_interface_ex/share/msg_srv_act_interface_ex/package.bash'
[2.256s] INFO:colcon.colcon_core.shell:Creating package script '/home/ghtn10000/robot_ws/install/msg_srv_act_interface_ex/share/msg_srv_act_interface_ex/package.zsh'
[2.257s] Level 1:colcon.colcon_core.environment:create_file_with_runtime_dependencies(/home/ghtn10000/robot_ws/install/msg_srv_act_interface_ex/share/colcon-core/packages/msg_srv_act_interface_ex)
[2.729s] DEBUG:colcon.colcon_core.event_handler.log_command:Invoking command in '/home/ghtn10000/robot_ws/build/my_turtlebot_pkg': PYTHONPATH=/home/ghtn10000/robot_ws/build/my_turtlebot_pkg/prefix_override:/usr/lib/python3/dist-packages/colcon_core/task/python/colcon_distutils_commands:/home/ghtn10000/robot_ws/install/my_turtlebot_pkg/lib/python3.10/site-packages:${PYTHONPATH} /usr/bin/python3 -W ignore:setup.py install is deprecated -W ignore:easy_install command is deprecated setup.py develop --editable --build-directory /home/ghtn10000/robot_ws/build/my_turtlebot_pkg/build --no-deps symlink_data
[2.800s] DEBUG:colcon.colcon_core.event_handler.log_command:Invoking command in '/home/ghtn10000/robot_ws/build/my_timer_pkg': PYTHONPATH=/home/ghtn10000/robot_ws/build/my_timer_pkg/prefix_override:/usr/lib/python3/dist-packages/colcon_core/task/python/colcon_distutils_commands:/home/ghtn10000/robot_ws/install/my_timer_pkg/lib/python3.10/site-packages:${PYTHONPATH} /usr/bin/python3 -W ignore:setup.py install is deprecated -W ignore:easy_install command is deprecated setup.py develop --editable --build-directory /home/ghtn10000/robot_ws/build/my_timer_pkg/build --no-deps symlink_data
[2.811s] DEBUG:colcon.colcon_core.event_handler.log_command:Invoking command in '/home/ghtn10000/robot_ws/build/my_first_ros_rclpy_pkg': PYTHONPATH=/home/ghtn10000/robot_ws/build/my_first_ros_rclpy_pkg/prefix_override:/usr/lib/python3/dist-packages/colcon_core/task/python/colcon_distutils_commands:/home/ghtn10000/robot_ws/install/my_first_ros_rclpy_pkg/lib/python3.10/site-packages:${PYTHONPATH} /usr/bin/python3 -W ignore:setup.py install is deprecated -W ignore:easy_install command is deprecated setup.py develop --editable --build-directory /home/ghtn10000/robot_ws/build/my_first_ros_rclpy_pkg/build --no-deps symlink_data
[2.824s] DEBUG:colcon.colcon_core.event_handler.log_command:Invoking command in '/home/ghtn10000/robot_ws/build/topic_srv_act_rclpy_ex': PYTHONPATH=/home/ghtn10000/robot_ws/build/topic_srv_act_rclpy_ex/prefix_override:/usr/lib/python3/dist-packages/colcon_core/task/python/colcon_distutils_commands:/home/ghtn10000/robot_ws/install/topic_srv_act_rclpy_ex/lib/python3.10/site-packages:${PYTHONPATH} /usr/bin/python3 -W ignore:setup.py install is deprecated -W ignore:easy_install command is deprecated setup.py develop --editable --build-directory /home/ghtn10000/robot_ws/build/topic_srv_act_rclpy_ex/build --no-deps symlink_data
[2.864s] DEBUG:colcon.colcon_core.event_handler.log_command:Invoking command in '/home/ghtn10000/robot_ws/build/my_turtlesim_mobeturtle_pkg': PYTHONPATH=/home/ghtn10000/robot_ws/build/my_turtlesim_mobeturtle_pkg/prefix_override:/usr/lib/python3/dist-packages/colcon_core/task/python/colcon_distutils_commands:/home/ghtn10000/robot_ws/install/my_turtlesim_mobeturtle_pkg/lib/python3.10/site-packages:${PYTHONPATH} /usr/bin/python3 -W ignore:setup.py install is deprecated -W ignore:easy_install command is deprecated setup.py develop --editable --build-directory /home/ghtn10000/robot_ws/build/my_turtlesim_mobeturtle_pkg/build --no-deps symlink_data
[3.523s] Level 1:colcon.colcon_core.shell:create_environment_hook('my_turtlebot_pkg', 'pythonpath_develop')
[3.523s] INFO:colcon.colcon_core.shell:Creating environment hook '/home/ghtn10000/robot_ws/build/my_turtlebot_pkg/share/my_turtlebot_pkg/hook/pythonpath_develop.ps1'
[3.524s] DEBUG:colcon.colcon_core.event_handler.log_command:Invoked command in '/home/ghtn10000/robot_ws/build/my_turtlebot_pkg' returned '0': PYTHONPATH=/home/ghtn10000/robot_ws/build/my_turtlebot_pkg/prefix_override:/usr/lib/python3/dist-packages/colcon_core/task/python/colcon_distutils_commands:/home/ghtn10000/robot_ws/install/my_turtlebot_pkg/lib/python3.10/site-packages:${PYTHONPATH} /usr/bin/python3 -W ignore:setup.py install is deprecated -W ignore:easy_install command is deprecated setup.py develop --editable --build-directory /home/ghtn10000/robot_ws/build/my_turtlebot_pkg/build --no-deps symlink_data
[3.525s] INFO:colcon.colcon_core.shell:Creating environment descriptor '/home/ghtn10000/robot_ws/build/my_turtlebot_pkg/share/my_turtlebot_pkg/hook/pythonpath_develop.dsv'
[3.526s] INFO:colcon.colcon_core.shell:Creating environment hook '/home/ghtn10000/robot_ws/build/my_turtlebot_pkg/share/my_turtlebot_pkg/hook/pythonpath_develop.sh'
[3.527s] Level 1:colcon.colcon_core.environment:checking '/home/ghtn10000/robot_ws/install/my_turtlebot_pkg' for CMake module files
[3.528s] Level 1:colcon.colcon_core.environment:checking '/home/ghtn10000/robot_ws/install/my_turtlebot_pkg' for CMake config files
[3.529s] Level 1:colcon.colcon_core.environment:checking '/home/ghtn10000/robot_ws/install/my_turtlebot_pkg/lib'
[3.529s] Level 1:colcon.colcon_core.environment:checking '/home/ghtn10000/robot_ws/install/my_turtlebot_pkg/bin'
[3.529s] Level 1:colcon.colcon_core.environment:checking '/home/ghtn10000/robot_ws/install/my_turtlebot_pkg/lib/pkgconfig/my_turtlebot_pkg.pc'
[3.529s] Level 1:colcon.colcon_core.environment:checking '/home/ghtn10000/robot_ws/install/my_turtlebot_pkg/lib/python3.10/site-packages'
[3.530s] Level 1:colcon.colcon_core.shell:create_environment_hook('my_turtlebot_pkg', 'pythonpath')
[3.530s] INFO:colcon.colcon_core.shell:Creating environment hook '/home/ghtn10000/robot_ws/install/my_turtlebot_pkg/share/my_turtlebot_pkg/hook/pythonpath.ps1'
[3.532s] INFO:colcon.colcon_core.shell:Creating environment descriptor '/home/ghtn10000/robot_ws/install/my_turtlebot_pkg/share/my_turtlebot_pkg/hook/pythonpath.dsv'
[3.532s] INFO:colcon.colcon_core.shell:Creating environment hook '/home/ghtn10000/robot_ws/install/my_turtlebot_pkg/share/my_turtlebot_pkg/hook/pythonpath.sh'
[3.533s] Level 1:colcon.colcon_core.environment:checking '/home/ghtn10000/robot_ws/install/my_turtlebot_pkg/bin'
[3.533s] Level 1:colcon.colcon_core.environment:create_environment_scripts_only(my_turtlebot_pkg)
[3.534s] INFO:colcon.colcon_core.shell:Creating package script '/home/ghtn10000/robot_ws/install/my_turtlebot_pkg/share/my_turtlebot_pkg/package.ps1'
[3.535s] INFO:colcon.colcon_core.shell:Creating package descriptor '/home/ghtn10000/robot_ws/install/my_turtlebot_pkg/share/my_turtlebot_pkg/package.dsv'
[3.536s] INFO:colcon.colcon_core.shell:Creating package script '/home/ghtn10000/robot_ws/install/my_turtlebot_pkg/share/my_turtlebot_pkg/package.sh'
[3.537s] INFO:colcon.colcon_core.shell:Creating package script '/home/ghtn10000/robot_ws/install/my_turtlebot_pkg/share/my_turtlebot_pkg/package.bash'
[3.537s] INFO:colcon.colcon_core.shell:Creating package script '/home/ghtn10000/robot_ws/install/my_turtlebot_pkg/share/my_turtlebot_pkg/package.zsh'
[3.538s] Level 1:colcon.colcon_core.environment:create_file_with_runtime_dependencies(/home/ghtn10000/robot_ws/install/my_turtlebot_pkg/share/colcon-core/packages/my_turtlebot_pkg)
[3.689s] Level 1:colcon.colcon_core.shell:create_environment_hook('my_timer_pkg', 'pythonpath_develop')
[3.690s] INFO:colcon.colcon_core.shell:Creating environment hook '/home/ghtn10000/robot_ws/build/my_timer_pkg/share/my_timer_pkg/hook/pythonpath_develop.ps1'
[3.691s] DEBUG:colcon.colcon_core.event_handler.log_command:Invoked command in '/home/ghtn10000/robot_ws/build/my_timer_pkg' returned '0': PYTHONPATH=/home/ghtn10000/robot_ws/build/my_timer_pkg/prefix_override:/usr/lib/python3/dist-packages/colcon_core/task/python/colcon_distutils_commands:/home/ghtn10000/robot_ws/install/my_timer_pkg/lib/python3.10/site-packages:${PYTHONPATH} /usr/bin/python3 -W ignore:setup.py install is deprecated -W ignore:easy_install command is deprecated setup.py develop --editable --build-directory /home/ghtn10000/robot_ws/build/my_timer_pkg/build --no-deps symlink_data
[3.692s] INFO:colcon.colcon_core.shell:Creating environment descriptor '/home/ghtn10000/robot_ws/build/my_timer_pkg/share/my_timer_pkg/hook/pythonpath_develop.dsv'
[3.692s] INFO:colcon.colcon_core.shell:Creating environment hook '/home/ghtn10000/robot_ws/build/my_timer_pkg/share/my_timer_pkg/hook/pythonpath_develop.sh'
[3.693s] Level 1:colcon.colcon_core.environment:checking '/home/ghtn10000/robot_ws/install/my_timer_pkg' for CMake module files
[3.694s] Level 1:colcon.colcon_core.environment:checking '/home/ghtn10000/robot_ws/install/my_timer_pkg' for CMake config files
[3.695s] Level 1:colcon.colcon_core.environment:checking '/home/ghtn10000/robot_ws/install/my_timer_pkg/lib'
[3.695s] Level 1:colcon.colcon_core.environment:checking '/home/ghtn10000/robot_ws/install/my_timer_pkg/bin'
[3.695s] Level 1:colcon.colcon_core.environment:checking '/home/ghtn10000/robot_ws/install/my_timer_pkg/lib/pkgconfig/my_timer_pkg.pc'
[3.696s] Level 1:colcon.colcon_core.environment:checking '/home/ghtn10000/robot_ws/install/my_timer_pkg/lib/python3.10/site-packages'
[3.696s] Level 1:colcon.colcon_core.shell:create_environment_hook('my_timer_pkg', 'pythonpath')
[3.696s] INFO:colcon.colcon_core.shell:Creating environment hook '/home/ghtn10000/robot_ws/install/my_timer_pkg/share/my_timer_pkg/hook/pythonpath.ps1'
[3.697s] INFO:colcon.colcon_core.shell:Creating environment descriptor '/home/ghtn10000/robot_ws/install/my_timer_pkg/share/my_timer_pkg/hook/pythonpath.dsv'
[3.698s] INFO:colcon.colcon_core.shell:Creating environment hook '/home/ghtn10000/robot_ws/install/my_timer_pkg/share/my_timer_pkg/hook/pythonpath.sh'
[3.699s] Level 1:colcon.colcon_core.environment:checking '/home/ghtn10000/robot_ws/install/my_timer_pkg/bin'
[3.699s] Level 1:colcon.colcon_core.environment:create_environment_scripts_only(my_timer_pkg)
[3.700s] INFO:colcon.colcon_core.shell:Creating package script '/home/ghtn10000/robot_ws/install/my_timer_pkg/share/my_timer_pkg/package.ps1'
[3.701s] INFO:colcon.colcon_core.shell:Creating package descriptor '/home/ghtn10000/robot_ws/install/my_timer_pkg/share/my_timer_pkg/package.dsv'
[3.702s] INFO:colcon.colcon_core.shell:Creating package script '/home/ghtn10000/robot_ws/install/my_timer_pkg/share/my_timer_pkg/package.sh'
[3.705s] INFO:colcon.colcon_core.shell:Creating package script '/home/ghtn10000/robot_ws/install/my_timer_pkg/share/my_timer_pkg/package.bash'
[3.706s] INFO:colcon.colcon_core.shell:Creating package script '/home/ghtn10000/robot_ws/install/my_timer_pkg/share/my_timer_pkg/package.zsh'
[3.706s] Level 1:colcon.colcon_core.environment:create_file_with_runtime_dependencies(/home/ghtn10000/robot_ws/install/my_timer_pkg/share/colcon-core/packages/my_timer_pkg)
[3.760s] Level 1:colcon.colcon_core.shell:create_environment_hook('my_first_ros_rclpy_pkg', 'pythonpath_develop')
[3.760s] INFO:colcon.colcon_core.shell:Creating environment hook '/home/ghtn10000/robot_ws/build/my_first_ros_rclpy_pkg/share/my_first_ros_rclpy_pkg/hook/pythonpath_develop.ps1'
[3.762s] DEBUG:colcon.colcon_core.event_handler.log_command:Invoked command in '/home/ghtn10000/robot_ws/build/my_first_ros_rclpy_pkg' returned '0': PYTHONPATH=/home/ghtn10000/robot_ws/build/my_first_ros_rclpy_pkg/prefix_override:/usr/lib/python3/dist-packages/colcon_core/task/python/colcon_distutils_commands:/home/ghtn10000/robot_ws/install/my_first_ros_rclpy_pkg/lib/python3.10/site-packages:${PYTHONPATH} /usr/bin/python3 -W ignore:setup.py install is deprecated -W ignore:easy_install command is deprecated setup.py develop --editable --build-directory /home/ghtn10000/robot_ws/build/my_first_ros_rclpy_pkg/build --no-deps symlink_data
[3.762s] INFO:colcon.colcon_core.shell:Creating environment descriptor '/home/ghtn10000/robot_ws/build/my_first_ros_rclpy_pkg/share/my_first_ros_rclpy_pkg/hook/pythonpath_develop.dsv'
[3.764s] INFO:colcon.colcon_core.shell:Creating environment hook '/home/ghtn10000/robot_ws/build/my_first_ros_rclpy_pkg/share/my_first_ros_rclpy_pkg/hook/pythonpath_develop.sh'
[3.765s] Level 1:colcon.colcon_core.environment:checking '/home/ghtn10000/robot_ws/install/my_first_ros_rclpy_pkg' for CMake module files
[3.766s] Level 1:colcon.colcon_core.environment:checking '/home/ghtn10000/robot_ws/install/my_first_ros_rclpy_pkg' for CMake config files
[3.767s] Level 1:colcon.colcon_core.environment:checking '/home/ghtn10000/robot_ws/install/my_first_ros_rclpy_pkg/lib'
[3.768s] Level 1:colcon.colcon_core.environment:checking '/home/ghtn10000/robot_ws/install/my_first_ros_rclpy_pkg/bin'
[3.768s] Level 1:colcon.colcon_core.environment:checking '/home/ghtn10000/robot_ws/install/my_first_ros_rclpy_pkg/lib/pkgconfig/my_first_ros_rclpy_pkg.pc'
[3.768s] Level 1:colcon.colcon_core.environment:checking '/home/ghtn10000/robot_ws/install/my_first_ros_rclpy_pkg/lib/python3.10/site-packages'
[3.768s] Level 1:colcon.colcon_core.shell:create_environment_hook('my_first_ros_rclpy_pkg', 'pythonpath')
[3.769s] INFO:colcon.colcon_core.shell:Creating environment hook '/home/ghtn10000/robot_ws/install/my_first_ros_rclpy_pkg/share/my_first_ros_rclpy_pkg/hook/pythonpath.ps1'
[3.770s] INFO:colcon.colcon_core.shell:Creating environment descriptor '/home/ghtn10000/robot_ws/install/my_first_ros_rclpy_pkg/share/my_first_ros_rclpy_pkg/hook/pythonpath.dsv'
[3.771s] INFO:colcon.colcon_core.shell:Creating environment hook '/home/ghtn10000/robot_ws/install/my_first_ros_rclpy_pkg/share/my_first_ros_rclpy_pkg/hook/pythonpath.sh'
[3.773s] Level 1:colcon.colcon_core.environment:checking '/home/ghtn10000/robot_ws/install/my_first_ros_rclpy_pkg/bin'
[3.773s] Level 1:colcon.colcon_core.environment:create_environment_scripts_only(my_first_ros_rclpy_pkg)
[3.773s] INFO:colcon.colcon_core.shell:Creating package script '/home/ghtn10000/robot_ws/install/my_first_ros_rclpy_pkg/share/my_first_ros_rclpy_pkg/package.ps1'
[3.774s] INFO:colcon.colcon_core.shell:Creating package descriptor '/home/ghtn10000/robot_ws/install/my_first_ros_rclpy_pkg/share/my_first_ros_rclpy_pkg/package.dsv'
[3.775s] INFO:colcon.colcon_core.shell:Creating package script '/home/ghtn10000/robot_ws/install/my_first_ros_rclpy_pkg/share/my_first_ros_rclpy_pkg/package.sh'
[3.775s] INFO:colcon.colcon_core.shell:Creating package script '/home/ghtn10000/robot_ws/install/my_first_ros_rclpy_pkg/share/my_first_ros_rclpy_pkg/package.bash'
[3.775s] INFO:colcon.colcon_core.shell:Creating package script '/home/ghtn10000/robot_ws/install/my_first_ros_rclpy_pkg/share/my_first_ros_rclpy_pkg/package.zsh'
[3.776s] Level 1:colcon.colcon_core.environment:create_file_with_runtime_dependencies(/home/ghtn10000/robot_ws/install/my_first_ros_rclpy_pkg/share/colcon-core/packages/my_first_ros_rclpy_pkg)
[3.777s] Level 1:colcon.colcon_core.shell:create_environment_hook('topic_srv_act_rclpy_ex', 'pythonpath_develop')
[3.777s] INFO:colcon.colcon_core.shell:Creating environment hook '/home/ghtn10000/robot_ws/build/topic_srv_act_rclpy_ex/share/topic_srv_act_rclpy_ex/hook/pythonpath_develop.ps1'
[3.778s] DEBUG:colcon.colcon_core.event_handler.log_command:Invoked command in '/home/ghtn10000/robot_ws/build/topic_srv_act_rclpy_ex' returned '0': PYTHONPATH=/home/ghtn10000/robot_ws/build/topic_srv_act_rclpy_ex/prefix_override:/usr/lib/python3/dist-packages/colcon_core/task/python/colcon_distutils_commands:/home/ghtn10000/robot_ws/install/topic_srv_act_rclpy_ex/lib/python3.10/site-packages:${PYTHONPATH} /usr/bin/python3 -W ignore:setup.py install is deprecated -W ignore:easy_install command is deprecated setup.py develop --editable --build-directory /home/ghtn10000/robot_ws/build/topic_srv_act_rclpy_ex/build --no-deps symlink_data
[3.779s] INFO:colcon.colcon_core.shell:Creating environment descriptor '/home/ghtn10000/robot_ws/build/topic_srv_act_rclpy_ex/share/topic_srv_act_rclpy_ex/hook/pythonpath_develop.dsv'
[3.779s] INFO:colcon.colcon_core.shell:Creating environment hook '/home/ghtn10000/robot_ws/build/topic_srv_act_rclpy_ex/share/topic_srv_act_rclpy_ex/hook/pythonpath_develop.sh'
[3.780s] Level 1:colcon.colcon_core.environment:checking '/home/ghtn10000/robot_ws/install/topic_srv_act_rclpy_ex' for CMake module files
[3.781s] Level 1:colcon.colcon_core.environment:checking '/home/ghtn10000/robot_ws/install/topic_srv_act_rclpy_ex' for CMake config files
[3.782s] Level 1:colcon.colcon_core.environment:checking '/home/ghtn10000/robot_ws/install/topic_srv_act_rclpy_ex/lib'
[3.782s] Level 1:colcon.colcon_core.environment:checking '/home/ghtn10000/robot_ws/install/topic_srv_act_rclpy_ex/bin'
[3.782s] Level 1:colcon.colcon_core.environment:checking '/home/ghtn10000/robot_ws/install/topic_srv_act_rclpy_ex/lib/pkgconfig/topic_srv_act_rclpy_ex.pc'
[3.782s] Level 1:colcon.colcon_core.environment:checking '/home/ghtn10000/robot_ws/install/topic_srv_act_rclpy_ex/lib/python3.10/site-packages'
[3.782s] Level 1:colcon.colcon_core.shell:create_environment_hook('topic_srv_act_rclpy_ex', 'pythonpath')
[3.783s] INFO:colcon.colcon_core.shell:Creating environment hook '/home/ghtn10000/robot_ws/install/topic_srv_act_rclpy_ex/share/topic_srv_act_rclpy_ex/hook/pythonpath.ps1'
[3.784s] INFO:colcon.colcon_core.shell:Creating environment descriptor '/home/ghtn10000/robot_ws/install/topic_srv_act_rclpy_ex/share/topic_srv_act_rclpy_ex/hook/pythonpath.dsv'
[3.784s] INFO:colcon.colcon_core.shell:Creating environment hook '/home/ghtn10000/robot_ws/install/topic_srv_act_rclpy_ex/share/topic_srv_act_rclpy_ex/hook/pythonpath.sh'
[3.785s] Level 1:colcon.colcon_core.environment:checking '/home/ghtn10000/robot_ws/install/topic_srv_act_rclpy_ex/bin'
[3.785s] Level 1:colcon.colcon_core.environment:create_environment_scripts_only(topic_srv_act_rclpy_ex)
[3.786s] INFO:colcon.colcon_core.shell:Creating package script '/home/ghtn10000/robot_ws/install/topic_srv_act_rclpy_ex/share/topic_srv_act_rclpy_ex/package.ps1'
[3.787s] INFO:colcon.colcon_core.shell:Creating package descriptor '/home/ghtn10000/robot_ws/install/topic_srv_act_rclpy_ex/share/topic_srv_act_rclpy_ex/package.dsv'
[3.787s] INFO:colcon.colcon_core.shell:Creating package script '/home/ghtn10000/robot_ws/install/topic_srv_act_rclpy_ex/share/topic_srv_act_rclpy_ex/package.sh'
[3.788s] INFO:colcon.colcon_core.shell:Creating package script '/home/ghtn10000/robot_ws/install/topic_srv_act_rclpy_ex/share/topic_srv_act_rclpy_ex/package.bash'
[3.788s] INFO:colcon.colcon_core.shell:Creating package script '/home/ghtn10000/robot_ws/install/topic_srv_act_rclpy_ex/share/topic_srv_act_rclpy_ex/package.zsh'
[3.789s] Level 1:colcon.colcon_core.environment:create_file_with_runtime_dependencies(/home/ghtn10000/robot_ws/install/topic_srv_act_rclpy_ex/share/colcon-core/packages/topic_srv_act_rclpy_ex)
[3.809s] Level 1:colcon.colcon_core.shell:create_environment_hook('my_turtlesim_mobeturtle_pkg', 'pythonpath_develop')
[3.809s] INFO:colcon.colcon_core.shell:Creating environment hook '/home/ghtn10000/robot_ws/build/my_turtlesim_mobeturtle_pkg/share/my_turtlesim_mobeturtle_pkg/hook/pythonpath_develop.ps1'
[3.810s] DEBUG:colcon.colcon_core.event_handler.log_command:Invoked command in '/home/ghtn10000/robot_ws/build/my_turtlesim_mobeturtle_pkg' returned '0': PYTHONPATH=/home/ghtn10000/robot_ws/build/my_turtlesim_mobeturtle_pkg/prefix_override:/usr/lib/python3/dist-packages/colcon_core/task/python/colcon_distutils_commands:/home/ghtn10000/robot_ws/install/my_turtlesim_mobeturtle_pkg/lib/python3.10/site-packages:${PYTHONPATH} /usr/bin/python3 -W ignore:setup.py install is deprecated -W ignore:easy_install command is deprecated setup.py develop --editable --build-directory /home/ghtn10000/robot_ws/build/my_turtlesim_mobeturtle_pkg/build --no-deps symlink_data
[3.810s] INFO:colcon.colcon_core.shell:Creating environment descriptor '/home/ghtn10000/robot_ws/build/my_turtlesim_mobeturtle_pkg/share/my_turtlesim_mobeturtle_pkg/hook/pythonpath_develop.dsv'
[3.811s] INFO:colcon.colcon_core.shell:Creating environment hook '/home/ghtn10000/robot_ws/build/my_turtlesim_mobeturtle_pkg/share/my_turtlesim_mobeturtle_pkg/hook/pythonpath_develop.sh'
[3.811s] Level 1:colcon.colcon_core.environment:checking '/home/ghtn10000/robot_ws/install/my_turtlesim_mobeturtle_pkg' for CMake module files
[3.812s] Level 1:colcon.colcon_core.environment:checking '/home/ghtn10000/robot_ws/install/my_turtlesim_mobeturtle_pkg' for CMake config files
[3.812s] Level 1:colcon.colcon_core.environment:checking '/home/ghtn10000/robot_ws/install/my_turtlesim_mobeturtle_pkg/lib'
[3.812s] Level 1:colcon.colcon_core.environment:checking '/home/ghtn10000/robot_ws/install/my_turtlesim_mobeturtle_pkg/bin'
[3.812s] Level 1:colcon.colcon_core.environment:checking '/home/ghtn10000/robot_ws/install/my_turtlesim_mobeturtle_pkg/lib/pkgconfig/my_turtlesim_mobeturtle_pkg.pc'
[3.813s] Level 1:colcon.colcon_core.environment:checking '/home/ghtn10000/robot_ws/install/my_turtlesim_mobeturtle_pkg/lib/python3.10/site-packages'
[3.813s] Level 1:colcon.colcon_core.shell:create_environment_hook('my_turtlesim_mobeturtle_pkg', 'pythonpath')
[3.813s] INFO:colcon.colcon_core.shell:Creating environment hook '/home/ghtn10000/robot_ws/install/my_turtlesim_mobeturtle_pkg/share/my_turtlesim_mobeturtle_pkg/hook/pythonpath.ps1'
[3.814s] INFO:colcon.colcon_core.shell:Creating environment descriptor '/home/ghtn10000/robot_ws/install/my_turtlesim_mobeturtle_pkg/share/my_turtlesim_mobeturtle_pkg/hook/pythonpath.dsv'
[3.814s] INFO:colcon.colcon_core.shell:Creating environment hook '/home/ghtn10000/robot_ws/install/my_turtlesim_mobeturtle_pkg/share/my_turtlesim_mobeturtle_pkg/hook/pythonpath.sh'
[3.814s] Level 1:colcon.colcon_core.environment:checking '/home/ghtn10000/robot_ws/install/my_turtlesim_mobeturtle_pkg/bin'
[3.814s] Level 1:colcon.colcon_core.environment:create_environment_scripts_only(my_turtlesim_mobeturtle_pkg)
[3.815s] INFO:colcon.colcon_core.shell:Creating package script '/home/ghtn10000/robot_ws/install/my_turtlesim_mobeturtle_pkg/share/my_turtlesim_mobeturtle_pkg/package.ps1'
[3.815s] INFO:colcon.colcon_core.shell:Creating package descriptor '/home/ghtn10000/robot_ws/install/my_turtlesim_mobeturtle_pkg/share/my_turtlesim_mobeturtle_pkg/package.dsv'
[3.816s] INFO:colcon.colcon_core.shell:Creating package script '/home/ghtn10000/robot_ws/install/my_turtlesim_mobeturtle_pkg/share/my_turtlesim_mobeturtle_pkg/package.sh'
[3.816s] INFO:colcon.colcon_core.shell:Creating package script '/home/ghtn10000/robot_ws/install/my_turtlesim_mobeturtle_pkg/share/my_turtlesim_mobeturtle_pkg/package.bash'
[3.817s] INFO:colcon.colcon_core.shell:Creating package script '/home/ghtn10000/robot_ws/install/my_turtlesim_mobeturtle_pkg/share/my_turtlesim_mobeturtle_pkg/package.zsh'
[3.817s] Level 1:colcon.colcon_core.environment:create_file_with_runtime_dependencies(/home/ghtn10000/robot_ws/install/my_turtlesim_mobeturtle_pkg/share/colcon-core/packages/my_turtlesim_mobeturtle_pkg)
[3.817s] DEBUG:colcon.colcon_parallel_executor.executor.parallel:closing loop
[3.818s] DEBUG:colcon.colcon_parallel_executor.executor.parallel:loop closed
[3.818s] DEBUG:colcon.colcon_parallel_executor.executor.parallel:run_until_complete finished with '0'
[3.818s] DEBUG:colcon.colcon_core.event_reactor:joining thread
[3.827s] INFO:colcon.colcon_core.plugin_system:Skipping extension 'colcon_notification.desktop_notification.terminal_notifier': Not used on non-Darwin systems
[3.827s] INFO:colcon.colcon_core.plugin_system:Skipping extension 'colcon_notification.desktop_notification.win32': Not used on non-Windows systems
[3.827s] INFO:colcon.colcon_notification.desktop_notification:Sending desktop notification using 'notify2'
[3.841s] DEBUG:colcon.colcon_core.event_reactor:joined thread
[3.841s] INFO:colcon.colcon_core.shell:Creating prefix script '/home/ghtn10000/robot_ws/install/local_setup.ps1'
[3.842s] INFO:colcon.colcon_core.shell:Creating prefix util module '/home/ghtn10000/robot_ws/install/_local_setup_util_ps1.py'
[3.844s] INFO:colcon.colcon_core.shell:Creating prefix chain script '/home/ghtn10000/robot_ws/install/setup.ps1'
[3.845s] INFO:colcon.colcon_core.shell:Creating prefix script '/home/ghtn10000/robot_ws/install/local_setup.sh'
[3.846s] INFO:colcon.colcon_core.shell:Creating prefix util module '/home/ghtn10000/robot_ws/install/_local_setup_util_sh.py'
[3.846s] INFO:colcon.colcon_core.shell:Creating prefix chain script '/home/ghtn10000/robot_ws/install/setup.sh'
[3.848s] INFO:colcon.colcon_core.shell:Creating prefix script '/home/ghtn10000/robot_ws/install/local_setup.bash'
[3.849s] INFO:colcon.colcon_core.shell:Creating prefix chain script '/home/ghtn10000/robot_ws/install/setup.bash'
[3.850s] INFO:colcon.colcon_core.shell:Creating prefix script '/home/ghtn10000/robot_ws/install/local_setup.zsh'
[3.851s] INFO:colcon.colcon_core.shell:Creating prefix chain script '/home/ghtn10000/robot_ws/install/setup.zsh'
