[1.599s] Invoking command in '/home/ghtn10000/robot_ws/build/topic_srv_act_rclpy_ex': PYTHONPATH=/home/ghtn10000/robot_ws/build/topic_srv_act_rclpy_ex/prefix_override:/usr/lib/python3/dist-packages/colcon_core/task/python/colcon_distutils_commands:/home/ghtn10000/robot_ws/install/topic_srv_act_rclpy_ex/lib/python3.10/site-packages:${PYTHONPATH} /usr/bin/python3 -W ignore:setup.py install is deprecated -W ignore:easy_install command is deprecated setup.py develop --editable --build-directory /home/ghtn10000/robot_ws/build/topic_srv_act_rclpy_ex/build --no-deps symlink_data
[1.906s] running develop
[2.105s] running egg_info
[2.106s] creating topic_srv_act_rclpy_ex.egg-info
[2.106s] writing topic_srv_act_rclpy_ex.egg-info/PKG-INFO
[2.106s] writing dependency_links to topic_srv_act_rclpy_ex.egg-info/dependency_links.txt
[2.106s] writing entry points to topic_srv_act_rclpy_ex.egg-info/entry_points.txt
[2.106s] writing requirements to topic_srv_act_rclpy_ex.egg-info/requires.txt
[2.106s] writing top-level names to topic_srv_act_rclpy_ex.egg-info/top_level.txt
[2.107s] writing manifest file 'topic_srv_act_rclpy_ex.egg-info/SOURCES.txt'
[2.109s] reading manifest file 'topic_srv_act_rclpy_ex.egg-info/SOURCES.txt'
[2.110s] writing manifest file 'topic_srv_act_rclpy_ex.egg-info/SOURCES.txt'
[2.112s] running build_ext
[2.112s] Creating /home/ghtn10000/robot_ws/install/topic_srv_act_rclpy_ex/lib/python3.10/site-packages/topic-srv-act-rclpy-ex.egg-link (link to .)
[2.113s] 
[2.113s] Installed /home/ghtn10000/robot_ws/build/topic_srv_act_rclpy_ex
[2.113s] running symlink_data
[2.113s] creating /home/ghtn10000/robot_ws/install/topic_srv_act_rclpy_ex/share/topic_srv_act_rclpy_ex/launch
[2.113s] creating /home/ghtn10000/robot_ws/install/topic_srv_act_rclpy_ex/share/topic_srv_act_rclpy_ex/param
[2.147s] Invoked command in '/home/ghtn10000/robot_ws/build/topic_srv_act_rclpy_ex' returned '0': PYTHONPATH=/home/ghtn10000/robot_ws/build/topic_srv_act_rclpy_ex/prefix_override:/usr/lib/python3/dist-packages/colcon_core/task/python/colcon_distutils_commands:/home/ghtn10000/robot_ws/install/topic_srv_act_rclpy_ex/lib/python3.10/site-packages:${PYTHONPATH} /usr/bin/python3 -W ignore:setup.py install is deprecated -W ignore:easy_install command is deprecated setup.py develop --editable --build-directory /home/ghtn10000/robot_ws/build/topic_srv_act_rclpy_ex/build --no-deps symlink_data
