[0.227s] Invoking command in '/home/ghtn10000/robot_ws/build/my_second_pkg_msgs': CMAKE_PREFIX_PATH=${CMAKE_PREFIX_PATH}:/home/ghtn10000/turtlebot3_ws/install/turtlebot3_teleop:/home/ghtn10000/turtlebot3_ws/install/turtlebot3_example:/home/ghtn10000/turtlebot3_ws/install/turtlebot3_dqn:/home/ghtn10000/robot_ws/install/my_turtlesim_mobeturtle_pkg:/home/ghtn10000/robot_ws/install/my_timer_pkg:/home/ghtn10000/robot_ws/install/my_first_ros_rclpy_pkg:/opt/ros/humble /usr/bin/cmake --build /home/ghtn10000/robot_ws/build/my_second_pkg_msgs -- -j8 -l8
[0.531s] [  2%] Built target my_second_pkg_msgs__cpp
[0.531s] [ 12%] Built target my_second_pkg_msgs__rosidl_generator_c
[0.531s] [ 12%] Built target ament_cmake_python_symlink_my_second_pkg_msgs
[0.532s] [ 34%] Built target my_second_pkg_msgs__rosidl_typesupport_introspection_c
[0.532s] [ 34%] Built target my_second_pkg_msgs__rosidl_typesupport_c
[0.532s] [ 44%] Built target my_second_pkg_msgs__rosidl_typesupport_fastrtps_cpp
[0.532s] [ 55%] Built target my_second_pkg_msgs__rosidl_typesupport_cpp
[0.532s] [ 65%] Built target my_second_pkg_msgs__rosidl_typesupport_fastrtps_c
[0.532s] [ 76%] Built target my_second_pkg_msgs__rosidl_typesupport_introspection_cpp
[0.532s] [ 76%] Built target my_second_pkg_msgs
[0.532s] [ 78%] Built target my_second_pkg_msgs__py
[0.532s] [ 87%] Built target my_second_pkg_msgs__rosidl_generator_py
[0.532s] [ 91%] Built target my_second_pkg_msgs__rosidl_typesupport_c__pyext
[0.532s] [ 95%] Built target my_second_pkg_msgs__rosidl_typesupport_introspection_c__pyext
[0.532s] [100%] Built target my_second_pkg_msgs__rosidl_typesupport_fastrtps_c__pyext
[0.581s] running egg_info
[0.582s] writing my_second_pkg_msgs.egg-info/PKG-INFO
[0.582s] writing dependency_links to my_second_pkg_msgs.egg-info/dependency_links.txt
[0.583s] writing top-level names to my_second_pkg_msgs.egg-info/top_level.txt
[0.585s] reading manifest file 'my_second_pkg_msgs.egg-info/SOURCES.txt'
[0.586s] writing manifest file 'my_second_pkg_msgs.egg-info/SOURCES.txt'
[0.614s] [100%] Built target ament_cmake_python_build_my_second_pkg_msgs_egg
[0.815s] Invoked command in '/home/ghtn10000/robot_ws/build/my_second_pkg_msgs' returned '0': CMAKE_PREFIX_PATH=${CMAKE_PREFIX_PATH}:/home/ghtn10000/turtlebot3_ws/install/turtlebot3_teleop:/home/ghtn10000/turtlebot3_ws/install/turtlebot3_example:/home/ghtn10000/turtlebot3_ws/install/turtlebot3_dqn:/home/ghtn10000/robot_ws/install/my_turtlesim_mobeturtle_pkg:/home/ghtn10000/robot_ws/install/my_timer_pkg:/home/ghtn10000/robot_ws/install/my_first_ros_rclpy_pkg:/opt/ros/humble /usr/bin/cmake --build /home/ghtn10000/robot_ws/build/my_second_pkg_msgs -- -j8 -l8
[0.824s] Invoking command in '/home/ghtn10000/robot_ws/build/my_second_pkg_msgs': CMAKE_PREFIX_PATH=${CMAKE_PREFIX_PATH}:/home/ghtn10000/turtlebot3_ws/install/turtlebot3_teleop:/home/ghtn10000/turtlebot3_ws/install/turtlebot3_example:/home/ghtn10000/turtlebot3_ws/install/turtlebot3_dqn:/home/ghtn10000/robot_ws/install/my_turtlesim_mobeturtle_pkg:/home/ghtn10000/robot_ws/install/my_timer_pkg:/home/ghtn10000/robot_ws/install/my_first_ros_rclpy_pkg:/opt/ros/humble /usr/bin/cmake --install /home/ghtn10000/robot_ws/build/my_second_pkg_msgs
[0.830s] -- Install configuration: ""
[0.831s] -- Execute custom install script
[0.831s] -- Up-to-date symlink: /home/ghtn10000/robot_ws/install/my_second_pkg_msgs/share/ament_index/resource_index/rosidl_interfaces/my_second_pkg_msgs
[0.831s] -- Up-to-date symlink: /home/ghtn10000/robot_ws/install/my_second_pkg_msgs/include/my_second_pkg_msgs/my_second_pkg_msgs/action/detail/dist_turtle__functions.h
[0.831s] -- Up-to-date symlink: /home/ghtn10000/robot_ws/install/my_second_pkg_msgs/include/my_second_pkg_msgs/my_second_pkg_msgs/action/detail/dist_turtle__struct.h
[0.832s] -- Up-to-date symlink: /home/ghtn10000/robot_ws/install/my_second_pkg_msgs/include/my_second_pkg_msgs/my_second_pkg_msgs/action/detail/dist_turtle__type_support.h
[0.832s] -- Up-to-date symlink: /home/ghtn10000/robot_ws/install/my_second_pkg_msgs/include/my_second_pkg_msgs/my_second_pkg_msgs/action/dist_turtle.h
[0.832s] -- Up-to-date symlink: /home/ghtn10000/robot_ws/install/my_second_pkg_msgs/include/my_second_pkg_msgs/my_second_pkg_msgs/msg/cmd_and_pose_vel.h
[0.832s] -- Up-to-date symlink: /home/ghtn10000/robot_ws/install/my_second_pkg_msgs/include/my_second_pkg_msgs/my_second_pkg_msgs/msg/detail/cmd_and_pose_vel__functions.h
[0.832s] -- Up-to-date symlink: /home/ghtn10000/robot_ws/install/my_second_pkg_msgs/include/my_second_pkg_msgs/my_second_pkg_msgs/msg/detail/cmd_and_pose_vel__struct.h
[0.832s] -- Up-to-date symlink: /home/ghtn10000/robot_ws/install/my_second_pkg_msgs/include/my_second_pkg_msgs/my_second_pkg_msgs/msg/detail/cmd_and_pose_vel__type_support.h
[0.832s] -- Up-to-date symlink: /home/ghtn10000/robot_ws/install/my_second_pkg_msgs/include/my_second_pkg_msgs/my_second_pkg_msgs/msg/rosidl_generator_c__visibility_control.h
[0.832s] -- Up-to-date symlink: /home/ghtn10000/robot_ws/install/my_second_pkg_msgs/include/my_second_pkg_msgs/my_second_pkg_msgs/srv/detail/multi_spawn__functions.h
[0.833s] -- Up-to-date symlink: /home/ghtn10000/robot_ws/install/my_second_pkg_msgs/include/my_second_pkg_msgs/my_second_pkg_msgs/srv/detail/multi_spawn__struct.h
[0.833s] -- Up-to-date symlink: /home/ghtn10000/robot_ws/install/my_second_pkg_msgs/include/my_second_pkg_msgs/my_second_pkg_msgs/srv/detail/multi_spawn__type_support.h
[0.833s] -- Up-to-date symlink: /home/ghtn10000/robot_ws/install/my_second_pkg_msgs/include/my_second_pkg_msgs/my_second_pkg_msgs/srv/multi_spawn.h
[0.833s] -- Up-to-date symlink: /home/ghtn10000/robot_ws/install/my_second_pkg_msgs/share/my_second_pkg_msgs/environment/library_path.sh
[0.833s] -- Up-to-date symlink: /home/ghtn10000/robot_ws/install/my_second_pkg_msgs/share/my_second_pkg_msgs/environment/library_path.dsv
[0.833s] -- Up-to-date symlink: /home/ghtn10000/robot_ws/install/my_second_pkg_msgs/include/my_second_pkg_msgs/my_second_pkg_msgs/action/detail/dist_turtle__rosidl_typesupport_fastrtps_c.h
[0.833s] -- Up-to-date symlink: /home/ghtn10000/robot_ws/install/my_second_pkg_msgs/include/my_second_pkg_msgs/my_second_pkg_msgs/msg/detail/cmd_and_pose_vel__rosidl_typesupport_fastrtps_c.h
[0.833s] -- Up-to-date symlink: /home/ghtn10000/robot_ws/install/my_second_pkg_msgs/include/my_second_pkg_msgs/my_second_pkg_msgs/msg/rosidl_typesupport_fastrtps_c__visibility_control.h
[0.834s] -- Up-to-date symlink: /home/ghtn10000/robot_ws/install/my_second_pkg_msgs/include/my_second_pkg_msgs/my_second_pkg_msgs/srv/detail/multi_spawn__rosidl_typesupport_fastrtps_c.h
[0.834s] -- Up-to-date symlink: /home/ghtn10000/robot_ws/install/my_second_pkg_msgs/include/my_second_pkg_msgs/my_second_pkg_msgs/action/detail/dist_turtle__rosidl_typesupport_introspection_c.h
[0.834s] -- Up-to-date symlink: /home/ghtn10000/robot_ws/install/my_second_pkg_msgs/include/my_second_pkg_msgs/my_second_pkg_msgs/msg/detail/cmd_and_pose_vel__rosidl_typesupport_introspection_c.h
[0.834s] -- Up-to-date symlink: /home/ghtn10000/robot_ws/install/my_second_pkg_msgs/include/my_second_pkg_msgs/my_second_pkg_msgs/msg/rosidl_typesupport_introspection_c__visibility_control.h
[0.834s] -- Up-to-date symlink: /home/ghtn10000/robot_ws/install/my_second_pkg_msgs/include/my_second_pkg_msgs/my_second_pkg_msgs/srv/detail/multi_spawn__rosidl_typesupport_introspection_c.h
[0.835s] -- Up-to-date symlink: /home/ghtn10000/robot_ws/install/my_second_pkg_msgs/include/my_second_pkg_msgs/my_second_pkg_msgs/action/detail/dist_turtle__builder.hpp
[0.835s] -- Up-to-date symlink: /home/ghtn10000/robot_ws/install/my_second_pkg_msgs/include/my_second_pkg_msgs/my_second_pkg_msgs/action/detail/dist_turtle__struct.hpp
[0.835s] -- Up-to-date symlink: /home/ghtn10000/robot_ws/install/my_second_pkg_msgs/include/my_second_pkg_msgs/my_second_pkg_msgs/action/detail/dist_turtle__traits.hpp
[0.835s] -- Up-to-date symlink: /home/ghtn10000/robot_ws/install/my_second_pkg_msgs/include/my_second_pkg_msgs/my_second_pkg_msgs/action/detail/dist_turtle__type_support.hpp
[0.835s] -- Up-to-date symlink: /home/ghtn10000/robot_ws/install/my_second_pkg_msgs/include/my_second_pkg_msgs/my_second_pkg_msgs/action/dist_turtle.hpp
[0.835s] -- Up-to-date symlink: /home/ghtn10000/robot_ws/install/my_second_pkg_msgs/include/my_second_pkg_msgs/my_second_pkg_msgs/msg/cmd_and_pose_vel.hpp
[0.836s] -- Up-to-date symlink: /home/ghtn10000/robot_ws/install/my_second_pkg_msgs/include/my_second_pkg_msgs/my_second_pkg_msgs/msg/detail/cmd_and_pose_vel__builder.hpp
[0.836s] -- Up-to-date symlink: /home/ghtn10000/robot_ws/install/my_second_pkg_msgs/include/my_second_pkg_msgs/my_second_pkg_msgs/msg/detail/cmd_and_pose_vel__struct.hpp
[0.836s] -- Up-to-date symlink: /home/ghtn10000/robot_ws/install/my_second_pkg_msgs/include/my_second_pkg_msgs/my_second_pkg_msgs/msg/detail/cmd_and_pose_vel__traits.hpp
[0.836s] -- Up-to-date symlink: /home/ghtn10000/robot_ws/install/my_second_pkg_msgs/include/my_second_pkg_msgs/my_second_pkg_msgs/msg/detail/cmd_and_pose_vel__type_support.hpp
[0.836s] -- Up-to-date symlink: /home/ghtn10000/robot_ws/install/my_second_pkg_msgs/include/my_second_pkg_msgs/my_second_pkg_msgs/msg/rosidl_generator_cpp__visibility_control.hpp
[0.836s] -- Up-to-date symlink: /home/ghtn10000/robot_ws/install/my_second_pkg_msgs/include/my_second_pkg_msgs/my_second_pkg_msgs/srv/detail/multi_spawn__builder.hpp
[0.836s] -- Up-to-date symlink: /home/ghtn10000/robot_ws/install/my_second_pkg_msgs/include/my_second_pkg_msgs/my_second_pkg_msgs/srv/detail/multi_spawn__struct.hpp
[0.836s] -- Up-to-date symlink: /home/ghtn10000/robot_ws/install/my_second_pkg_msgs/include/my_second_pkg_msgs/my_second_pkg_msgs/srv/detail/multi_spawn__traits.hpp
[0.837s] -- Up-to-date symlink: /home/ghtn10000/robot_ws/install/my_second_pkg_msgs/include/my_second_pkg_msgs/my_second_pkg_msgs/srv/detail/multi_spawn__type_support.hpp
[0.837s] -- Up-to-date symlink: /home/ghtn10000/robot_ws/install/my_second_pkg_msgs/include/my_second_pkg_msgs/my_second_pkg_msgs/srv/multi_spawn.hpp
[0.837s] -- Up-to-date symlink: /home/ghtn10000/robot_ws/install/my_second_pkg_msgs/include/my_second_pkg_msgs/my_second_pkg_msgs/action/detail/dist_turtle__rosidl_typesupport_fastrtps_cpp.hpp
[0.838s] -- Up-to-date symlink: /home/ghtn10000/robot_ws/install/my_second_pkg_msgs/include/my_second_pkg_msgs/my_second_pkg_msgs/msg/detail/cmd_and_pose_vel__rosidl_typesupport_fastrtps_cpp.hpp
[0.838s] -- Up-to-date symlink: /home/ghtn10000/robot_ws/install/my_second_pkg_msgs/include/my_second_pkg_msgs/my_second_pkg_msgs/msg/rosidl_typesupport_fastrtps_cpp__visibility_control.h
[0.838s] -- Up-to-date symlink: /home/ghtn10000/robot_ws/install/my_second_pkg_msgs/include/my_second_pkg_msgs/my_second_pkg_msgs/srv/detail/multi_spawn__rosidl_typesupport_fastrtps_cpp.hpp
[0.838s] -- Up-to-date symlink: /home/ghtn10000/robot_ws/install/my_second_pkg_msgs/include/my_second_pkg_msgs/my_second_pkg_msgs/action/detail/dist_turtle__rosidl_typesupport_introspection_cpp.hpp
[0.838s] -- Up-to-date symlink: /home/ghtn10000/robot_ws/install/my_second_pkg_msgs/include/my_second_pkg_msgs/my_second_pkg_msgs/msg/detail/cmd_and_pose_vel__rosidl_typesupport_introspection_cpp.hpp
[0.838s] -- Up-to-date symlink: /home/ghtn10000/robot_ws/install/my_second_pkg_msgs/include/my_second_pkg_msgs/my_second_pkg_msgs/srv/detail/multi_spawn__rosidl_typesupport_introspection_cpp.hpp
[0.838s] -- Up-to-date symlink: /home/ghtn10000/robot_ws/install/my_second_pkg_msgs/share/my_second_pkg_msgs/environment/pythonpath.sh
[0.838s] -- Up-to-date symlink: /home/ghtn10000/robot_ws/install/my_second_pkg_msgs/share/my_second_pkg_msgs/environment/pythonpath.dsv
[0.839s] -- Up-to-date symlink: /home/ghtn10000/robot_ws/install/my_second_pkg_msgs/local/lib/python3.10/dist-packages/my_second_pkg_msgs-0.0.0-py3.10.egg-info/PKG-INFO
[0.839s] -- Up-to-date symlink: /home/ghtn10000/robot_ws/install/my_second_pkg_msgs/local/lib/python3.10/dist-packages/my_second_pkg_msgs-0.0.0-py3.10.egg-info/SOURCES.txt
[0.839s] -- Up-to-date symlink: /home/ghtn10000/robot_ws/install/my_second_pkg_msgs/local/lib/python3.10/dist-packages/my_second_pkg_msgs-0.0.0-py3.10.egg-info/dependency_links.txt
[0.839s] -- Up-to-date symlink: /home/ghtn10000/robot_ws/install/my_second_pkg_msgs/local/lib/python3.10/dist-packages/my_second_pkg_msgs-0.0.0-py3.10.egg-info/top_level.txt
[0.839s] -- Up-to-date symlink: /home/ghtn10000/robot_ws/install/my_second_pkg_msgs/local/lib/python3.10/dist-packages/my_second_pkg_msgs/__init__.py
[0.840s] -- Up-to-date symlink: /home/ghtn10000/robot_ws/install/my_second_pkg_msgs/local/lib/python3.10/dist-packages/my_second_pkg_msgs/_my_second_pkg_msgs_s.ep.rosidl_typesupport_c.c
[0.840s] -- Up-to-date symlink: /home/ghtn10000/robot_ws/install/my_second_pkg_msgs/local/lib/python3.10/dist-packages/my_second_pkg_msgs/_my_second_pkg_msgs_s.ep.rosidl_typesupport_fastrtps_c.c
[0.840s] -- Up-to-date symlink: /home/ghtn10000/robot_ws/install/my_second_pkg_msgs/local/lib/python3.10/dist-packages/my_second_pkg_msgs/_my_second_pkg_msgs_s.ep.rosidl_typesupport_introspection_c.c
[0.840s] -- Up-to-date symlink: /home/ghtn10000/robot_ws/install/my_second_pkg_msgs/local/lib/python3.10/dist-packages/my_second_pkg_msgs/action/__init__.py
[0.840s] -- Up-to-date symlink: /home/ghtn10000/robot_ws/install/my_second_pkg_msgs/local/lib/python3.10/dist-packages/my_second_pkg_msgs/action/_dist_turtle.py
[0.840s] -- Up-to-date symlink: /home/ghtn10000/robot_ws/install/my_second_pkg_msgs/local/lib/python3.10/dist-packages/my_second_pkg_msgs/action/_dist_turtle_s.c
[0.840s] -- Up-to-date symlink: /home/ghtn10000/robot_ws/install/my_second_pkg_msgs/local/lib/python3.10/dist-packages/my_second_pkg_msgs/libmy_second_pkg_msgs__rosidl_generator_py.so
[0.841s] -- Up-to-date symlink: /home/ghtn10000/robot_ws/install/my_second_pkg_msgs/local/lib/python3.10/dist-packages/my_second_pkg_msgs/msg/__init__.py
[0.841s] -- Up-to-date symlink: /home/ghtn10000/robot_ws/install/my_second_pkg_msgs/local/lib/python3.10/dist-packages/my_second_pkg_msgs/msg/_cmd_and_pose_vel.py
[0.841s] -- Up-to-date symlink: /home/ghtn10000/robot_ws/install/my_second_pkg_msgs/local/lib/python3.10/dist-packages/my_second_pkg_msgs/msg/_cmd_and_pose_vel_s.c
[0.841s] -- Up-to-date symlink: /home/ghtn10000/robot_ws/install/my_second_pkg_msgs/local/lib/python3.10/dist-packages/my_second_pkg_msgs/my_second_pkg_msgs_s__rosidl_typesupport_c.cpython-310-x86_64-linux-gnu.so
[0.841s] -- Up-to-date symlink: /home/ghtn10000/robot_ws/install/my_second_pkg_msgs/local/lib/python3.10/dist-packages/my_second_pkg_msgs/my_second_pkg_msgs_s__rosidl_typesupport_fastrtps_c.cpython-310-x86_64-linux-gnu.so
[0.841s] -- Up-to-date symlink: /home/ghtn10000/robot_ws/install/my_second_pkg_msgs/local/lib/python3.10/dist-packages/my_second_pkg_msgs/my_second_pkg_msgs_s__rosidl_typesupport_introspection_c.cpython-310-x86_64-linux-gnu.so
[0.841s] -- Up-to-date symlink: /home/ghtn10000/robot_ws/install/my_second_pkg_msgs/local/lib/python3.10/dist-packages/my_second_pkg_msgs/srv/__init__.py
[0.842s] -- Up-to-date symlink: /home/ghtn10000/robot_ws/install/my_second_pkg_msgs/local/lib/python3.10/dist-packages/my_second_pkg_msgs/srv/_multi_spawn.py
[0.842s] -- Up-to-date symlink: /home/ghtn10000/robot_ws/install/my_second_pkg_msgs/local/lib/python3.10/dist-packages/my_second_pkg_msgs/srv/_multi_spawn_s.c
[0.842s] -- Up-to-date symlink: /home/ghtn10000/robot_ws/install/my_second_pkg_msgs/local/lib/python3.10/dist-packages/my_second_pkg_msgs/my_second_pkg_msgs_s__rosidl_typesupport_fastrtps_c.cpython-310-x86_64-linux-gnu.so
[0.842s] -- Up-to-date symlink: /home/ghtn10000/robot_ws/install/my_second_pkg_msgs/local/lib/python3.10/dist-packages/my_second_pkg_msgs/my_second_pkg_msgs_s__rosidl_typesupport_introspection_c.cpython-310-x86_64-linux-gnu.so
[0.842s] -- Up-to-date symlink: /home/ghtn10000/robot_ws/install/my_second_pkg_msgs/local/lib/python3.10/dist-packages/my_second_pkg_msgs/my_second_pkg_msgs_s__rosidl_typesupport_c.cpython-310-x86_64-linux-gnu.so
[0.843s] -- Up-to-date symlink: /home/ghtn10000/robot_ws/install/my_second_pkg_msgs/share/my_second_pkg_msgs/msg/CmdAndPoseVel.idl
[0.843s] -- Up-to-date symlink: /home/ghtn10000/robot_ws/install/my_second_pkg_msgs/share/my_second_pkg_msgs/srv/MultiSpawn.idl
[0.843s] -- Up-to-date symlink: /home/ghtn10000/robot_ws/install/my_second_pkg_msgs/share/my_second_pkg_msgs/action/DistTurtle.idl
[0.843s] -- Up-to-date symlink: /home/ghtn10000/robot_ws/install/my_second_pkg_msgs/share/my_second_pkg_msgs/msg/CmdAndPoseVel.msg
[0.843s] -- Up-to-date symlink: /home/ghtn10000/robot_ws/install/my_second_pkg_msgs/share/my_second_pkg_msgs/srv/MultiSpawn.srv
[0.843s] -- Up-to-date symlink: /home/ghtn10000/robot_ws/install/my_second_pkg_msgs/share/my_second_pkg_msgs/srv/MultiSpawn_Request.msg
[0.844s] -- Up-to-date symlink: /home/ghtn10000/robot_ws/install/my_second_pkg_msgs/share/my_second_pkg_msgs/srv/MultiSpawn_Response.msg
[0.844s] -- Up-to-date symlink: /home/ghtn10000/robot_ws/install/my_second_pkg_msgs/share/my_second_pkg_msgs/action/DistTurtle.action
[0.844s] -- Up-to-date symlink: /home/ghtn10000/robot_ws/install/my_second_pkg_msgs/share/ament_index/resource_index/package_run_dependencies/my_second_pkg_msgs
[0.844s] -- Up-to-date symlink: /home/ghtn10000/robot_ws/install/my_second_pkg_msgs/share/ament_index/resource_index/parent_prefix_path/my_second_pkg_msgs
[0.844s] -- Up-to-date symlink: /home/ghtn10000/robot_ws/install/my_second_pkg_msgs/share/my_second_pkg_msgs/environment/ament_prefix_path.sh
[0.845s] -- Up-to-date symlink: /home/ghtn10000/robot_ws/install/my_second_pkg_msgs/share/my_second_pkg_msgs/environment/ament_prefix_path.dsv
[0.845s] -- Up-to-date symlink: /home/ghtn10000/robot_ws/install/my_second_pkg_msgs/share/my_second_pkg_msgs/environment/path.sh
[0.845s] -- Up-to-date symlink: /home/ghtn10000/robot_ws/install/my_second_pkg_msgs/share/my_second_pkg_msgs/environment/path.dsv
[0.845s] -- Up-to-date symlink: /home/ghtn10000/robot_ws/install/my_second_pkg_msgs/share/my_second_pkg_msgs/local_setup.bash
[0.845s] -- Up-to-date symlink: /home/ghtn10000/robot_ws/install/my_second_pkg_msgs/share/my_second_pkg_msgs/local_setup.sh
[0.845s] -- Up-to-date symlink: /home/ghtn10000/robot_ws/install/my_second_pkg_msgs/share/my_second_pkg_msgs/local_setup.zsh
[0.846s] -- Up-to-date symlink: /home/ghtn10000/robot_ws/install/my_second_pkg_msgs/share/my_second_pkg_msgs/local_setup.dsv
[0.846s] -- Symlinking: /home/ghtn10000/robot_ws/install/my_second_pkg_msgs/share/my_second_pkg_msgs/package.dsv
[0.856s] -- Up-to-date symlink: /home/ghtn10000/robot_ws/install/my_second_pkg_msgs/share/ament_index/resource_index/packages/my_second_pkg_msgs
[0.856s] -- Up-to-date symlink: /home/ghtn10000/robot_ws/install/my_second_pkg_msgs/share/my_second_pkg_msgs/cmake/rosidl_cmake-extras.cmake
[0.856s] -- Up-to-date symlink: /home/ghtn10000/robot_ws/install/my_second_pkg_msgs/share/my_second_pkg_msgs/cmake/ament_cmake_export_dependencies-extras.cmake
[0.857s] -- Up-to-date symlink: /home/ghtn10000/robot_ws/install/my_second_pkg_msgs/share/my_second_pkg_msgs/cmake/ament_cmake_export_include_directories-extras.cmake
[0.857s] -- Up-to-date symlink: /home/ghtn10000/robot_ws/install/my_second_pkg_msgs/share/my_second_pkg_msgs/cmake/ament_cmake_export_libraries-extras.cmake
[0.857s] -- Up-to-date symlink: /home/ghtn10000/robot_ws/install/my_second_pkg_msgs/share/my_second_pkg_msgs/cmake/ament_cmake_export_targets-extras.cmake
[0.857s] -- Up-to-date symlink: /home/ghtn10000/robot_ws/install/my_second_pkg_msgs/share/my_second_pkg_msgs/cmake/rosidl_cmake_export_typesupport_targets-extras.cmake
[0.857s] -- Up-to-date symlink: /home/ghtn10000/robot_ws/install/my_second_pkg_msgs/share/my_second_pkg_msgs/cmake/rosidl_cmake_export_typesupport_libraries-extras.cmake
[0.858s] -- Up-to-date symlink: /home/ghtn10000/robot_ws/install/my_second_pkg_msgs/share/my_second_pkg_msgs/cmake/my_second_pkg_msgsConfig.cmake
[0.858s] -- Up-to-date symlink: /home/ghtn10000/robot_ws/install/my_second_pkg_msgs/share/my_second_pkg_msgs/cmake/my_second_pkg_msgsConfig-version.cmake
[0.858s] -- Up-to-date symlink: /home/ghtn10000/robot_ws/install/my_second_pkg_msgs/share/my_second_pkg_msgs/package.xml
[0.858s] -- Up-to-date: /home/ghtn10000/robot_ws/install/my_second_pkg_msgs/lib/libmy_second_pkg_msgs__rosidl_generator_c.so
[0.859s] -- Up-to-date: /home/ghtn10000/robot_ws/install/my_second_pkg_msgs/lib/libmy_second_pkg_msgs__rosidl_typesupport_fastrtps_c.so
[0.859s] -- Up-to-date: /home/ghtn10000/robot_ws/install/my_second_pkg_msgs/lib/libmy_second_pkg_msgs__rosidl_typesupport_introspection_c.so
[0.859s] -- Up-to-date: /home/ghtn10000/robot_ws/install/my_second_pkg_msgs/lib/libmy_second_pkg_msgs__rosidl_typesupport_c.so
[0.860s] -- Up-to-date: /home/ghtn10000/robot_ws/install/my_second_pkg_msgs/lib/libmy_second_pkg_msgs__rosidl_typesupport_fastrtps_cpp.so
[0.860s] -- Up-to-date: /home/ghtn10000/robot_ws/install/my_second_pkg_msgs/lib/libmy_second_pkg_msgs__rosidl_typesupport_introspection_cpp.so
[0.860s] -- Up-to-date: /home/ghtn10000/robot_ws/install/my_second_pkg_msgs/lib/libmy_second_pkg_msgs__rosidl_typesupport_cpp.so
[0.908s] Listing '/home/ghtn10000/robot_ws/install/my_second_pkg_msgs/local/lib/python3.10/dist-packages/my_second_pkg_msgs'...
[0.908s] Listing '/home/ghtn10000/robot_ws/install/my_second_pkg_msgs/local/lib/python3.10/dist-packages/my_second_pkg_msgs/action'...
[0.908s] Listing '/home/ghtn10000/robot_ws/install/my_second_pkg_msgs/local/lib/python3.10/dist-packages/my_second_pkg_msgs/msg'...
[0.908s] Listing '/home/ghtn10000/robot_ws/install/my_second_pkg_msgs/local/lib/python3.10/dist-packages/my_second_pkg_msgs/srv'...
[0.913s] -- Up-to-date: /home/ghtn10000/robot_ws/install/my_second_pkg_msgs/lib/libmy_second_pkg_msgs__rosidl_generator_py.so
[0.914s] -- Up-to-date: /home/ghtn10000/robot_ws/install/my_second_pkg_msgs/share/my_second_pkg_msgs/cmake/export_my_second_pkg_msgs__rosidl_generator_cExport.cmake
[0.914s] -- Up-to-date: /home/ghtn10000/robot_ws/install/my_second_pkg_msgs/share/my_second_pkg_msgs/cmake/export_my_second_pkg_msgs__rosidl_generator_cExport-noconfig.cmake
[0.914s] -- Up-to-date: /home/ghtn10000/robot_ws/install/my_second_pkg_msgs/share/my_second_pkg_msgs/cmake/export_my_second_pkg_msgs__rosidl_typesupport_fastrtps_cExport.cmake
[0.914s] -- Up-to-date: /home/ghtn10000/robot_ws/install/my_second_pkg_msgs/share/my_second_pkg_msgs/cmake/export_my_second_pkg_msgs__rosidl_typesupport_fastrtps_cExport-noconfig.cmake
[0.914s] -- Up-to-date: /home/ghtn10000/robot_ws/install/my_second_pkg_msgs/share/my_second_pkg_msgs/cmake/my_second_pkg_msgs__rosidl_typesupport_introspection_cExport.cmake
[0.914s] -- Up-to-date: /home/ghtn10000/robot_ws/install/my_second_pkg_msgs/share/my_second_pkg_msgs/cmake/my_second_pkg_msgs__rosidl_typesupport_introspection_cExport-noconfig.cmake
[0.914s] -- Up-to-date: /home/ghtn10000/robot_ws/install/my_second_pkg_msgs/share/my_second_pkg_msgs/cmake/my_second_pkg_msgs__rosidl_typesupport_cExport.cmake
[0.915s] -- Up-to-date: /home/ghtn10000/robot_ws/install/my_second_pkg_msgs/share/my_second_pkg_msgs/cmake/my_second_pkg_msgs__rosidl_typesupport_cExport-noconfig.cmake
[0.915s] -- Up-to-date: /home/ghtn10000/robot_ws/install/my_second_pkg_msgs/share/my_second_pkg_msgs/cmake/export_my_second_pkg_msgs__rosidl_generator_cppExport.cmake
[0.915s] -- Up-to-date: /home/ghtn10000/robot_ws/install/my_second_pkg_msgs/share/my_second_pkg_msgs/cmake/export_my_second_pkg_msgs__rosidl_typesupport_fastrtps_cppExport.cmake
[0.915s] -- Up-to-date: /home/ghtn10000/robot_ws/install/my_second_pkg_msgs/share/my_second_pkg_msgs/cmake/export_my_second_pkg_msgs__rosidl_typesupport_fastrtps_cppExport-noconfig.cmake
[0.915s] -- Up-to-date: /home/ghtn10000/robot_ws/install/my_second_pkg_msgs/share/my_second_pkg_msgs/cmake/my_second_pkg_msgs__rosidl_typesupport_introspection_cppExport.cmake
[0.915s] -- Up-to-date: /home/ghtn10000/robot_ws/install/my_second_pkg_msgs/share/my_second_pkg_msgs/cmake/my_second_pkg_msgs__rosidl_typesupport_introspection_cppExport-noconfig.cmake
[0.915s] -- Up-to-date: /home/ghtn10000/robot_ws/install/my_second_pkg_msgs/share/my_second_pkg_msgs/cmake/my_second_pkg_msgs__rosidl_typesupport_cppExport.cmake
[0.915s] -- Up-to-date: /home/ghtn10000/robot_ws/install/my_second_pkg_msgs/share/my_second_pkg_msgs/cmake/my_second_pkg_msgs__rosidl_typesupport_cppExport-noconfig.cmake
[0.916s] -- Up-to-date: /home/ghtn10000/robot_ws/install/my_second_pkg_msgs/share/my_second_pkg_msgs/cmake/export_my_second_pkg_msgs__rosidl_generator_pyExport.cmake
[0.916s] -- Up-to-date: /home/ghtn10000/robot_ws/install/my_second_pkg_msgs/share/my_second_pkg_msgs/cmake/export_my_second_pkg_msgs__rosidl_generator_pyExport-noconfig.cmake
[0.917s] Invoked command in '/home/ghtn10000/robot_ws/build/my_second_pkg_msgs' returned '0': CMAKE_PREFIX_PATH=${CMAKE_PREFIX_PATH}:/home/ghtn10000/turtlebot3_ws/install/turtlebot3_teleop:/home/ghtn10000/turtlebot3_ws/install/turtlebot3_example:/home/ghtn10000/turtlebot3_ws/install/turtlebot3_dqn:/home/ghtn10000/robot_ws/install/my_turtlesim_mobeturtle_pkg:/home/ghtn10000/robot_ws/install/my_timer_pkg:/home/ghtn10000/robot_ws/install/my_first_ros_rclpy_pkg:/opt/ros/humble /usr/bin/cmake --install /home/ghtn10000/robot_ws/build/my_second_pkg_msgs
