[0.927s] Invoking command in '/home/ghtn10000/robot_ws/build/my_turtlesim_mobeturtle_pkg': PYTHONPATH=/home/ghtn10000/robot_ws/build/my_turtlesim_mobeturtle_pkg/prefix_override:/usr/lib/python3/dist-packages/colcon_core/task/python/colcon_distutils_commands:/home/ghtn10000/robot_ws/install/my_turtlesim_mobeturtle_pkg/lib/python3.10/site-packages:${PYTHONPATH} /usr/bin/python3 -W ignore:setup.py install is deprecated -W ignore:easy_install command is deprecated setup.py develop --editable --build-directory /home/ghtn10000/robot_ws/build/my_turtlesim_mobeturtle_pkg/build --no-deps symlink_data
[1.177s] running develop
[1.340s] running egg_info
[1.340s] creating my_turtlesim_mobeturtle_pkg.egg-info
[1.340s] writing my_turtlesim_mobeturtle_pkg.egg-info/PKG-INFO
[1.340s] writing dependency_links to my_turtlesim_mobeturtle_pkg.egg-info/dependency_links.txt
[1.340s] writing entry points to my_turtlesim_mobeturtle_pkg.egg-info/entry_points.txt
[1.341s] writing requirements to my_turtlesim_mobeturtle_pkg.egg-info/requires.txt
[1.341s] writing top-level names to my_turtlesim_mobeturtle_pkg.egg-info/top_level.txt
[1.341s] writing manifest file 'my_turtlesim_mobeturtle_pkg.egg-info/SOURCES.txt'
[1.342s] reading manifest file 'my_turtlesim_mobeturtle_pkg.egg-info/SOURCES.txt'
[1.343s] writing manifest file 'my_turtlesim_mobeturtle_pkg.egg-info/SOURCES.txt'
[1.344s] running build_ext
[1.344s] Creating /home/ghtn10000/robot_ws/install/my_turtlesim_mobeturtle_pkg/lib/python3.10/site-packages/my-turtlesim-mobeturtle-pkg.egg-link (link to .)
[1.345s] Installing mv_turtle_pb script to /home/ghtn10000/robot_ws/install/my_turtlesim_mobeturtle_pkg/lib/my_turtlesim_mobeturtle_pkg
[1.345s] 
[1.345s] Installed /home/ghtn10000/robot_ws/build/my_turtlesim_mobeturtle_pkg
[1.346s] running symlink_data
[1.346s] creating /home/ghtn10000/robot_ws/install/my_turtlesim_mobeturtle_pkg/share/ament_index
[1.346s] creating /home/ghtn10000/robot_ws/install/my_turtlesim_mobeturtle_pkg/share/ament_index/resource_index
[1.346s] creating /home/ghtn10000/robot_ws/install/my_turtlesim_mobeturtle_pkg/share/ament_index/resource_index/packages
[1.346s] symbolically linking /home/ghtn10000/robot_ws/build/my_turtlesim_mobeturtle_pkg/resource/my_turtlesim_mobeturtle_pkg -> /home/ghtn10000/robot_ws/install/my_turtlesim_mobeturtle_pkg/share/ament_index/resource_index/packages
[1.346s] symbolically linking /home/ghtn10000/robot_ws/build/my_turtlesim_mobeturtle_pkg/package.xml -> /home/ghtn10000/robot_ws/install/my_turtlesim_mobeturtle_pkg/share/my_turtlesim_mobeturtle_pkg
[1.374s] Invoked command in '/home/ghtn10000/robot_ws/build/my_turtlesim_mobeturtle_pkg' returned '0': PYTHONPATH=/home/ghtn10000/robot_ws/build/my_turtlesim_mobeturtle_pkg/prefix_override:/usr/lib/python3/dist-packages/colcon_core/task/python/colcon_distutils_commands:/home/ghtn10000/robot_ws/install/my_turtlesim_mobeturtle_pkg/lib/python3.10/site-packages:${PYTHONPATH} /usr/bin/python3 -W ignore:setup.py install is deprecated -W ignore:easy_install command is deprecated setup.py develop --editable --build-directory /home/ghtn10000/robot_ws/build/my_turtlesim_mobeturtle_pkg/build --no-deps symlink_data
