[0.363s] Invoking command in '/home/ghtn10000/robot_ws/build/my_second_pkg_msgs': CMAKE_PREFIX_PATH=${CMAKE_PREFIX_PATH}:/home/ghtn10000/turtlebot3_ws/install/turtlebot3_teleop:/home/ghtn10000/turtlebot3_ws/install/turtlebot3_example:/home/ghtn10000/turtlebot3_ws/install/turtlebot3_dqn:/home/ghtn10000/robot_ws/install/my_turtlesim_mobeturtle_pkg:/home/ghtn10000/robot_ws/install/my_timer_pkg:/home/ghtn10000/robot_ws/install/my_first_ros_rclpy_pkg:/opt/ros/humble /usr/bin/cmake --build /home/ghtn10000/robot_ws/build/my_second_pkg_msgs -- -j8 -l8
[0.651s] [  2%] Built target my_second_pkg_msgs__cpp
[0.652s] [ 12%] Built target my_second_pkg_msgs__rosidl_generator_c
[0.652s] [ 12%] Built target ament_cmake_python_symlink_my_second_pkg_msgs
[0.652s] [ 34%] Built target my_second_pkg_msgs__rosidl_typesupport_introspection_cpp
[0.652s] [ 34%] Built target my_second_pkg_msgs__rosidl_typesupport_fastrtps_cpp
[0.652s] [ 44%] Built target my_second_pkg_msgs__rosidl_typesupport_fastrtps_c
[0.652s] [ 55%] Built target my_second_pkg_msgs__rosidl_typesupport_cpp
[0.652s] [ 65%] Built target my_second_pkg_msgs__rosidl_typesupport_c
[0.652s] [ 76%] Built target my_second_pkg_msgs__rosidl_typesupport_introspection_c
[0.652s] [ 76%] Built target my_second_pkg_msgs
[0.652s] [ 78%] Built target my_second_pkg_msgs__py
[0.652s] [ 87%] Built target my_second_pkg_msgs__rosidl_generator_py
[0.652s] [ 91%] Built target my_second_pkg_msgs__rosidl_typesupport_c__pyext
[0.652s] [100%] Built target my_second_pkg_msgs__rosidl_typesupport_fastrtps_c__pyext
[0.652s] [100%] Built target my_second_pkg_msgs__rosidl_typesupport_introspection_c__pyext
[0.693s] running egg_info
[0.693s] writing my_second_pkg_msgs.egg-info/PKG-INFO
[0.694s] writing dependency_links to my_second_pkg_msgs.egg-info/dependency_links.txt
[0.694s] writing top-level names to my_second_pkg_msgs.egg-info/top_level.txt
[0.697s] reading manifest file 'my_second_pkg_msgs.egg-info/SOURCES.txt'
[0.697s] writing manifest file 'my_second_pkg_msgs.egg-info/SOURCES.txt'
[0.727s] [100%] Built target ament_cmake_python_build_my_second_pkg_msgs_egg
[0.921s] Invoked command in '/home/ghtn10000/robot_ws/build/my_second_pkg_msgs' returned '0': CMAKE_PREFIX_PATH=${CMAKE_PREFIX_PATH}:/home/ghtn10000/turtlebot3_ws/install/turtlebot3_teleop:/home/ghtn10000/turtlebot3_ws/install/turtlebot3_example:/home/ghtn10000/turtlebot3_ws/install/turtlebot3_dqn:/home/ghtn10000/robot_ws/install/my_turtlesim_mobeturtle_pkg:/home/ghtn10000/robot_ws/install/my_timer_pkg:/home/ghtn10000/robot_ws/install/my_first_ros_rclpy_pkg:/opt/ros/humble /usr/bin/cmake --build /home/ghtn10000/robot_ws/build/my_second_pkg_msgs -- -j8 -l8
[0.930s] Invoking command in '/home/ghtn10000/robot_ws/build/my_second_pkg_msgs': CMAKE_PREFIX_PATH=${CMAKE_PREFIX_PATH}:/home/ghtn10000/turtlebot3_ws/install/turtlebot3_teleop:/home/ghtn10000/turtlebot3_ws/install/turtlebot3_example:/home/ghtn10000/turtlebot3_ws/install/turtlebot3_dqn:/home/ghtn10000/robot_ws/install/my_turtlesim_mobeturtle_pkg:/home/ghtn10000/robot_ws/install/my_timer_pkg:/home/ghtn10000/robot_ws/install/my_first_ros_rclpy_pkg:/opt/ros/humble /usr/bin/cmake --install /home/ghtn10000/robot_ws/build/my_second_pkg_msgs
[0.936s] -- Install configuration: ""
[0.936s] -- Execute custom install script
[0.937s] -- Up-to-date symlink: /home/ghtn10000/robot_ws/install/my_second_pkg_msgs/share/ament_index/resource_index/rosidl_interfaces/my_second_pkg_msgs
[0.937s] -- Up-to-date symlink: /home/ghtn10000/robot_ws/install/my_second_pkg_msgs/include/my_second_pkg_msgs/my_second_pkg_msgs/action/detail/dist_turtle__functions.h
[0.937s] -- Up-to-date symlink: /home/ghtn10000/robot_ws/install/my_second_pkg_msgs/include/my_second_pkg_msgs/my_second_pkg_msgs/action/detail/dist_turtle__struct.h
[0.938s] -- Up-to-date symlink: /home/ghtn10000/robot_ws/install/my_second_pkg_msgs/include/my_second_pkg_msgs/my_second_pkg_msgs/action/detail/dist_turtle__type_support.h
[0.938s] -- Up-to-date symlink: /home/ghtn10000/robot_ws/install/my_second_pkg_msgs/include/my_second_pkg_msgs/my_second_pkg_msgs/action/dist_turtle.h
[0.938s] -- Up-to-date symlink: /home/ghtn10000/robot_ws/install/my_second_pkg_msgs/include/my_second_pkg_msgs/my_second_pkg_msgs/msg/cmd_and_pose_vel.h
[0.938s] -- Up-to-date symlink: /home/ghtn10000/robot_ws/install/my_second_pkg_msgs/include/my_second_pkg_msgs/my_second_pkg_msgs/msg/detail/cmd_and_pose_vel__functions.h
[0.938s] -- Up-to-date symlink: /home/ghtn10000/robot_ws/install/my_second_pkg_msgs/include/my_second_pkg_msgs/my_second_pkg_msgs/msg/detail/cmd_and_pose_vel__struct.h
[0.938s] -- Up-to-date symlink: /home/ghtn10000/robot_ws/install/my_second_pkg_msgs/include/my_second_pkg_msgs/my_second_pkg_msgs/msg/detail/cmd_and_pose_vel__type_support.h
[0.938s] -- Up-to-date symlink: /home/ghtn10000/robot_ws/install/my_second_pkg_msgs/include/my_second_pkg_msgs/my_second_pkg_msgs/msg/rosidl_generator_c__visibility_control.h
[0.938s] -- Up-to-date symlink: /home/ghtn10000/robot_ws/install/my_second_pkg_msgs/include/my_second_pkg_msgs/my_second_pkg_msgs/srv/detail/multi_spawn__functions.h
[0.939s] -- Up-to-date symlink: /home/ghtn10000/robot_ws/install/my_second_pkg_msgs/include/my_second_pkg_msgs/my_second_pkg_msgs/srv/detail/multi_spawn__struct.h
[0.939s] -- Up-to-date symlink: /home/ghtn10000/robot_ws/install/my_second_pkg_msgs/include/my_second_pkg_msgs/my_second_pkg_msgs/srv/detail/multi_spawn__type_support.h
[0.939s] -- Up-to-date symlink: /home/ghtn10000/robot_ws/install/my_second_pkg_msgs/include/my_second_pkg_msgs/my_second_pkg_msgs/srv/multi_spawn.h
[0.939s] -- Up-to-date symlink: /home/ghtn10000/robot_ws/install/my_second_pkg_msgs/share/my_second_pkg_msgs/environment/library_path.sh
[0.939s] -- Up-to-date symlink: /home/ghtn10000/robot_ws/install/my_second_pkg_msgs/share/my_second_pkg_msgs/environment/library_path.dsv
[0.940s] -- Up-to-date symlink: /home/ghtn10000/robot_ws/install/my_second_pkg_msgs/include/my_second_pkg_msgs/my_second_pkg_msgs/action/detail/dist_turtle__rosidl_typesupport_fastrtps_c.h
[0.940s] -- Up-to-date symlink: /home/ghtn10000/robot_ws/install/my_second_pkg_msgs/include/my_second_pkg_msgs/my_second_pkg_msgs/msg/detail/cmd_and_pose_vel__rosidl_typesupport_fastrtps_c.h
[0.940s] -- Up-to-date symlink: /home/ghtn10000/robot_ws/install/my_second_pkg_msgs/include/my_second_pkg_msgs/my_second_pkg_msgs/msg/rosidl_typesupport_fastrtps_c__visibility_control.h
[0.940s] -- Up-to-date symlink: /home/ghtn10000/robot_ws/install/my_second_pkg_msgs/include/my_second_pkg_msgs/my_second_pkg_msgs/srv/detail/multi_spawn__rosidl_typesupport_fastrtps_c.h
[0.941s] -- Up-to-date symlink: /home/ghtn10000/robot_ws/install/my_second_pkg_msgs/include/my_second_pkg_msgs/my_second_pkg_msgs/action/detail/dist_turtle__rosidl_typesupport_introspection_c.h
[0.941s] -- Up-to-date symlink: /home/ghtn10000/robot_ws/install/my_second_pkg_msgs/include/my_second_pkg_msgs/my_second_pkg_msgs/msg/detail/cmd_and_pose_vel__rosidl_typesupport_introspection_c.h
[0.941s] -- Up-to-date symlink: /home/ghtn10000/robot_ws/install/my_second_pkg_msgs/include/my_second_pkg_msgs/my_second_pkg_msgs/msg/rosidl_typesupport_introspection_c__visibility_control.h
[0.941s] -- Up-to-date symlink: /home/ghtn10000/robot_ws/install/my_second_pkg_msgs/include/my_second_pkg_msgs/my_second_pkg_msgs/srv/detail/multi_spawn__rosidl_typesupport_introspection_c.h
[0.942s] -- Up-to-date symlink: /home/ghtn10000/robot_ws/install/my_second_pkg_msgs/include/my_second_pkg_msgs/my_second_pkg_msgs/action/detail/dist_turtle__builder.hpp
[0.942s] -- Up-to-date symlink: /home/ghtn10000/robot_ws/install/my_second_pkg_msgs/include/my_second_pkg_msgs/my_second_pkg_msgs/action/detail/dist_turtle__struct.hpp
[0.942s] -- Up-to-date symlink: /home/ghtn10000/robot_ws/install/my_second_pkg_msgs/include/my_second_pkg_msgs/my_second_pkg_msgs/action/detail/dist_turtle__traits.hpp
[0.943s] -- Up-to-date symlink: /home/ghtn10000/robot_ws/install/my_second_pkg_msgs/include/my_second_pkg_msgs/my_second_pkg_msgs/action/detail/dist_turtle__type_support.hpp
[0.943s] -- Up-to-date symlink: /home/ghtn10000/robot_ws/install/my_second_pkg_msgs/include/my_second_pkg_msgs/my_second_pkg_msgs/action/dist_turtle.hpp
[0.943s] -- Up-to-date symlink: /home/ghtn10000/robot_ws/install/my_second_pkg_msgs/include/my_second_pkg_msgs/my_second_pkg_msgs/msg/cmd_and_pose_vel.hpp
[0.943s] -- Up-to-date symlink: /home/ghtn10000/robot_ws/install/my_second_pkg_msgs/include/my_second_pkg_msgs/my_second_pkg_msgs/msg/detail/cmd_and_pose_vel__builder.hpp
[0.943s] -- Up-to-date symlink: /home/ghtn10000/robot_ws/install/my_second_pkg_msgs/include/my_second_pkg_msgs/my_second_pkg_msgs/msg/detail/cmd_and_pose_vel__struct.hpp
[0.943s] -- Up-to-date symlink: /home/ghtn10000/robot_ws/install/my_second_pkg_msgs/include/my_second_pkg_msgs/my_second_pkg_msgs/msg/detail/cmd_and_pose_vel__traits.hpp
[0.944s] -- Up-to-date symlink: /home/ghtn10000/robot_ws/install/my_second_pkg_msgs/include/my_second_pkg_msgs/my_second_pkg_msgs/msg/detail/cmd_and_pose_vel__type_support.hpp
[0.944s] -- Up-to-date symlink: /home/ghtn10000/robot_ws/install/my_second_pkg_msgs/include/my_second_pkg_msgs/my_second_pkg_msgs/msg/rosidl_generator_cpp__visibility_control.hpp
[0.944s] -- Up-to-date symlink: /home/ghtn10000/robot_ws/install/my_second_pkg_msgs/include/my_second_pkg_msgs/my_second_pkg_msgs/srv/detail/multi_spawn__builder.hpp
[0.944s] -- Up-to-date symlink: /home/ghtn10000/robot_ws/install/my_second_pkg_msgs/include/my_second_pkg_msgs/my_second_pkg_msgs/srv/detail/multi_spawn__struct.hpp
[0.944s] -- Up-to-date symlink: /home/ghtn10000/robot_ws/install/my_second_pkg_msgs/include/my_second_pkg_msgs/my_second_pkg_msgs/srv/detail/multi_spawn__traits.hpp
[0.944s] -- Up-to-date symlink: /home/ghtn10000/robot_ws/install/my_second_pkg_msgs/include/my_second_pkg_msgs/my_second_pkg_msgs/srv/detail/multi_spawn__type_support.hpp
[0.944s] -- Up-to-date symlink: /home/ghtn10000/robot_ws/install/my_second_pkg_msgs/include/my_second_pkg_msgs/my_second_pkg_msgs/srv/multi_spawn.hpp
[0.945s] -- Up-to-date symlink: /home/ghtn10000/robot_ws/install/my_second_pkg_msgs/include/my_second_pkg_msgs/my_second_pkg_msgs/action/detail/dist_turtle__rosidl_typesupport_fastrtps_cpp.hpp
[0.945s] -- Up-to-date symlink: /home/ghtn10000/robot_ws/install/my_second_pkg_msgs/include/my_second_pkg_msgs/my_second_pkg_msgs/msg/detail/cmd_and_pose_vel__rosidl_typesupport_fastrtps_cpp.hpp
[0.945s] -- Up-to-date symlink: /home/ghtn10000/robot_ws/install/my_second_pkg_msgs/include/my_second_pkg_msgs/my_second_pkg_msgs/msg/rosidl_typesupport_fastrtps_cpp__visibility_control.h
[0.946s] -- Up-to-date symlink: /home/ghtn10000/robot_ws/install/my_second_pkg_msgs/include/my_second_pkg_msgs/my_second_pkg_msgs/srv/detail/multi_spawn__rosidl_typesupport_fastrtps_cpp.hpp
[0.946s] -- Up-to-date symlink: /home/ghtn10000/robot_ws/install/my_second_pkg_msgs/include/my_second_pkg_msgs/my_second_pkg_msgs/action/detail/dist_turtle__rosidl_typesupport_introspection_cpp.hpp
[0.946s] -- Up-to-date symlink: /home/ghtn10000/robot_ws/install/my_second_pkg_msgs/include/my_second_pkg_msgs/my_second_pkg_msgs/msg/detail/cmd_and_pose_vel__rosidl_typesupport_introspection_cpp.hpp
[0.946s] -- Up-to-date symlink: /home/ghtn10000/robot_ws/install/my_second_pkg_msgs/include/my_second_pkg_msgs/my_second_pkg_msgs/srv/detail/multi_spawn__rosidl_typesupport_introspection_cpp.hpp
[0.947s] -- Up-to-date symlink: /home/ghtn10000/robot_ws/install/my_second_pkg_msgs/share/my_second_pkg_msgs/environment/pythonpath.sh
[0.947s] -- Up-to-date symlink: /home/ghtn10000/robot_ws/install/my_second_pkg_msgs/share/my_second_pkg_msgs/environment/pythonpath.dsv
[0.947s] -- Up-to-date symlink: /home/ghtn10000/robot_ws/install/my_second_pkg_msgs/local/lib/python3.10/dist-packages/my_second_pkg_msgs-0.0.0-py3.10.egg-info/PKG-INFO
[0.947s] -- Up-to-date symlink: /home/ghtn10000/robot_ws/install/my_second_pkg_msgs/local/lib/python3.10/dist-packages/my_second_pkg_msgs-0.0.0-py3.10.egg-info/SOURCES.txt
[0.948s] -- Up-to-date symlink: /home/ghtn10000/robot_ws/install/my_second_pkg_msgs/local/lib/python3.10/dist-packages/my_second_pkg_msgs-0.0.0-py3.10.egg-info/dependency_links.txt
[0.948s] -- Up-to-date symlink: /home/ghtn10000/robot_ws/install/my_second_pkg_msgs/local/lib/python3.10/dist-packages/my_second_pkg_msgs-0.0.0-py3.10.egg-info/top_level.txt
[0.949s] -- Up-to-date symlink: /home/ghtn10000/robot_ws/install/my_second_pkg_msgs/local/lib/python3.10/dist-packages/my_second_pkg_msgs/__init__.py
[0.949s] -- Up-to-date symlink: /home/ghtn10000/robot_ws/install/my_second_pkg_msgs/local/lib/python3.10/dist-packages/my_second_pkg_msgs/_my_second_pkg_msgs_s.ep.rosidl_typesupport_c.c
[0.949s] -- Up-to-date symlink: /home/ghtn10000/robot_ws/install/my_second_pkg_msgs/local/lib/python3.10/dist-packages/my_second_pkg_msgs/_my_second_pkg_msgs_s.ep.rosidl_typesupport_fastrtps_c.c
[0.949s] -- Up-to-date symlink: /home/ghtn10000/robot_ws/install/my_second_pkg_msgs/local/lib/python3.10/dist-packages/my_second_pkg_msgs/_my_second_pkg_msgs_s.ep.rosidl_typesupport_introspection_c.c
[0.949s] -- Up-to-date symlink: /home/ghtn10000/robot_ws/install/my_second_pkg_msgs/local/lib/python3.10/dist-packages/my_second_pkg_msgs/action/__init__.py
[0.949s] -- Up-to-date symlink: /home/ghtn10000/robot_ws/install/my_second_pkg_msgs/local/lib/python3.10/dist-packages/my_second_pkg_msgs/action/_dist_turtle.py
[0.950s] -- Up-to-date symlink: /home/ghtn10000/robot_ws/install/my_second_pkg_msgs/local/lib/python3.10/dist-packages/my_second_pkg_msgs/action/_dist_turtle_s.c
[0.950s] -- Up-to-date symlink: /home/ghtn10000/robot_ws/install/my_second_pkg_msgs/local/lib/python3.10/dist-packages/my_second_pkg_msgs/libmy_second_pkg_msgs__rosidl_generator_py.so
[0.950s] -- Up-to-date symlink: /home/ghtn10000/robot_ws/install/my_second_pkg_msgs/local/lib/python3.10/dist-packages/my_second_pkg_msgs/msg/__init__.py
[0.950s] -- Up-to-date symlink: /home/ghtn10000/robot_ws/install/my_second_pkg_msgs/local/lib/python3.10/dist-packages/my_second_pkg_msgs/msg/_cmd_and_pose_vel.py
[0.950s] -- Up-to-date symlink: /home/ghtn10000/robot_ws/install/my_second_pkg_msgs/local/lib/python3.10/dist-packages/my_second_pkg_msgs/msg/_cmd_and_pose_vel_s.c
[0.950s] -- Up-to-date symlink: /home/ghtn10000/robot_ws/install/my_second_pkg_msgs/local/lib/python3.10/dist-packages/my_second_pkg_msgs/my_second_pkg_msgs_s__rosidl_typesupport_c.cpython-310-x86_64-linux-gnu.so
[0.950s] -- Up-to-date symlink: /home/ghtn10000/robot_ws/install/my_second_pkg_msgs/local/lib/python3.10/dist-packages/my_second_pkg_msgs/my_second_pkg_msgs_s__rosidl_typesupport_fastrtps_c.cpython-310-x86_64-linux-gnu.so
[0.951s] -- Up-to-date symlink: /home/ghtn10000/robot_ws/install/my_second_pkg_msgs/local/lib/python3.10/dist-packages/my_second_pkg_msgs/my_second_pkg_msgs_s__rosidl_typesupport_introspection_c.cpython-310-x86_64-linux-gnu.so
[0.951s] -- Up-to-date symlink: /home/ghtn10000/robot_ws/install/my_second_pkg_msgs/local/lib/python3.10/dist-packages/my_second_pkg_msgs/srv/__init__.py
[0.951s] -- Up-to-date symlink: /home/ghtn10000/robot_ws/install/my_second_pkg_msgs/local/lib/python3.10/dist-packages/my_second_pkg_msgs/srv/_multi_spawn.py
[0.951s] -- Up-to-date symlink: /home/ghtn10000/robot_ws/install/my_second_pkg_msgs/local/lib/python3.10/dist-packages/my_second_pkg_msgs/srv/_multi_spawn_s.c
[0.952s] -- Up-to-date symlink: /home/ghtn10000/robot_ws/install/my_second_pkg_msgs/local/lib/python3.10/dist-packages/my_second_pkg_msgs/my_second_pkg_msgs_s__rosidl_typesupport_fastrtps_c.cpython-310-x86_64-linux-gnu.so
[0.952s] -- Up-to-date symlink: /home/ghtn10000/robot_ws/install/my_second_pkg_msgs/local/lib/python3.10/dist-packages/my_second_pkg_msgs/my_second_pkg_msgs_s__rosidl_typesupport_introspection_c.cpython-310-x86_64-linux-gnu.so
[0.952s] -- Up-to-date symlink: /home/ghtn10000/robot_ws/install/my_second_pkg_msgs/local/lib/python3.10/dist-packages/my_second_pkg_msgs/my_second_pkg_msgs_s__rosidl_typesupport_c.cpython-310-x86_64-linux-gnu.so
[0.952s] -- Up-to-date symlink: /home/ghtn10000/robot_ws/install/my_second_pkg_msgs/share/my_second_pkg_msgs/msg/CmdAndPoseVel.idl
[0.953s] -- Up-to-date symlink: /home/ghtn10000/robot_ws/install/my_second_pkg_msgs/share/my_second_pkg_msgs/srv/MultiSpawn.idl
[0.953s] -- Up-to-date symlink: /home/ghtn10000/robot_ws/install/my_second_pkg_msgs/share/my_second_pkg_msgs/action/DistTurtle.idl
[0.953s] -- Up-to-date symlink: /home/ghtn10000/robot_ws/install/my_second_pkg_msgs/share/my_second_pkg_msgs/msg/CmdAndPoseVel.msg
[0.953s] -- Up-to-date symlink: /home/ghtn10000/robot_ws/install/my_second_pkg_msgs/share/my_second_pkg_msgs/srv/MultiSpawn.srv
[0.954s] -- Up-to-date symlink: /home/ghtn10000/robot_ws/install/my_second_pkg_msgs/share/my_second_pkg_msgs/srv/MultiSpawn_Request.msg
[0.954s] -- Up-to-date symlink: /home/ghtn10000/robot_ws/install/my_second_pkg_msgs/share/my_second_pkg_msgs/srv/MultiSpawn_Response.msg
[0.954s] -- Up-to-date symlink: /home/ghtn10000/robot_ws/install/my_second_pkg_msgs/share/my_second_pkg_msgs/action/DistTurtle.action
[0.954s] -- Up-to-date symlink: /home/ghtn10000/robot_ws/install/my_second_pkg_msgs/share/ament_index/resource_index/package_run_dependencies/my_second_pkg_msgs
[0.955s] -- Up-to-date symlink: /home/ghtn10000/robot_ws/install/my_second_pkg_msgs/share/ament_index/resource_index/parent_prefix_path/my_second_pkg_msgs
[0.955s] -- Up-to-date symlink: /home/ghtn10000/robot_ws/install/my_second_pkg_msgs/share/my_second_pkg_msgs/environment/ament_prefix_path.sh
[0.955s] -- Up-to-date symlink: /home/ghtn10000/robot_ws/install/my_second_pkg_msgs/share/my_second_pkg_msgs/environment/ament_prefix_path.dsv
[0.955s] -- Up-to-date symlink: /home/ghtn10000/robot_ws/install/my_second_pkg_msgs/share/my_second_pkg_msgs/environment/path.sh
[0.955s] -- Up-to-date symlink: /home/ghtn10000/robot_ws/install/my_second_pkg_msgs/share/my_second_pkg_msgs/environment/path.dsv
[0.956s] -- Up-to-date symlink: /home/ghtn10000/robot_ws/install/my_second_pkg_msgs/share/my_second_pkg_msgs/local_setup.bash
[0.956s] -- Up-to-date symlink: /home/ghtn10000/robot_ws/install/my_second_pkg_msgs/share/my_second_pkg_msgs/local_setup.sh
[0.956s] -- Up-to-date symlink: /home/ghtn10000/robot_ws/install/my_second_pkg_msgs/share/my_second_pkg_msgs/local_setup.zsh
[0.956s] -- Up-to-date symlink: /home/ghtn10000/robot_ws/install/my_second_pkg_msgs/share/my_second_pkg_msgs/local_setup.dsv
[0.956s] -- Symlinking: /home/ghtn10000/robot_ws/install/my_second_pkg_msgs/share/my_second_pkg_msgs/package.dsv
[0.972s] -- Up-to-date symlink: /home/ghtn10000/robot_ws/install/my_second_pkg_msgs/share/ament_index/resource_index/packages/my_second_pkg_msgs
[0.972s] -- Up-to-date symlink: /home/ghtn10000/robot_ws/install/my_second_pkg_msgs/share/my_second_pkg_msgs/cmake/rosidl_cmake-extras.cmake
[0.972s] -- Up-to-date symlink: /home/ghtn10000/robot_ws/install/my_second_pkg_msgs/share/my_second_pkg_msgs/cmake/ament_cmake_export_dependencies-extras.cmake
[0.973s] -- Up-to-date symlink: /home/ghtn10000/robot_ws/install/my_second_pkg_msgs/share/my_second_pkg_msgs/cmake/ament_cmake_export_include_directories-extras.cmake
[0.974s] -- Up-to-date symlink: /home/ghtn10000/robot_ws/install/my_second_pkg_msgs/share/my_second_pkg_msgs/cmake/ament_cmake_export_libraries-extras.cmake
[0.974s] -- Up-to-date symlink: /home/ghtn10000/robot_ws/install/my_second_pkg_msgs/share/my_second_pkg_msgs/cmake/ament_cmake_export_targets-extras.cmake
[0.974s] -- Up-to-date symlink: /home/ghtn10000/robot_ws/install/my_second_pkg_msgs/share/my_second_pkg_msgs/cmake/rosidl_cmake_export_typesupport_targets-extras.cmake
[0.974s] -- Up-to-date symlink: /home/ghtn10000/robot_ws/install/my_second_pkg_msgs/share/my_second_pkg_msgs/cmake/rosidl_cmake_export_typesupport_libraries-extras.cmake
[0.974s] -- Up-to-date symlink: /home/ghtn10000/robot_ws/install/my_second_pkg_msgs/share/my_second_pkg_msgs/cmake/my_second_pkg_msgsConfig.cmake
[0.974s] -- Up-to-date symlink: /home/ghtn10000/robot_ws/install/my_second_pkg_msgs/share/my_second_pkg_msgs/cmake/my_second_pkg_msgsConfig-version.cmake
[0.974s] -- Up-to-date symlink: /home/ghtn10000/robot_ws/install/my_second_pkg_msgs/share/my_second_pkg_msgs/package.xml
[0.975s] -- Up-to-date: /home/ghtn10000/robot_ws/install/my_second_pkg_msgs/lib/libmy_second_pkg_msgs__rosidl_generator_c.so
[0.975s] -- Up-to-date: /home/ghtn10000/robot_ws/install/my_second_pkg_msgs/lib/libmy_second_pkg_msgs__rosidl_typesupport_fastrtps_c.so
[0.975s] -- Up-to-date: /home/ghtn10000/robot_ws/install/my_second_pkg_msgs/lib/libmy_second_pkg_msgs__rosidl_typesupport_introspection_c.so
[0.976s] -- Up-to-date: /home/ghtn10000/robot_ws/install/my_second_pkg_msgs/lib/libmy_second_pkg_msgs__rosidl_typesupport_c.so
[0.976s] -- Up-to-date: /home/ghtn10000/robot_ws/install/my_second_pkg_msgs/lib/libmy_second_pkg_msgs__rosidl_typesupport_fastrtps_cpp.so
[0.977s] -- Up-to-date: /home/ghtn10000/robot_ws/install/my_second_pkg_msgs/lib/libmy_second_pkg_msgs__rosidl_typesupport_introspection_cpp.so
[0.977s] -- Up-to-date: /home/ghtn10000/robot_ws/install/my_second_pkg_msgs/lib/libmy_second_pkg_msgs__rosidl_typesupport_cpp.so
[1.037s] Listing '/home/ghtn10000/robot_ws/install/my_second_pkg_msgs/local/lib/python3.10/dist-packages/my_second_pkg_msgs'...
[1.037s] Listing '/home/ghtn10000/robot_ws/install/my_second_pkg_msgs/local/lib/python3.10/dist-packages/my_second_pkg_msgs/action'...
[1.037s] Listing '/home/ghtn10000/robot_ws/install/my_second_pkg_msgs/local/lib/python3.10/dist-packages/my_second_pkg_msgs/msg'...
[1.038s] Listing '/home/ghtn10000/robot_ws/install/my_second_pkg_msgs/local/lib/python3.10/dist-packages/my_second_pkg_msgs/srv'...
[1.044s] -- Up-to-date: /home/ghtn10000/robot_ws/install/my_second_pkg_msgs/lib/libmy_second_pkg_msgs__rosidl_generator_py.so
[1.044s] -- Up-to-date: /home/ghtn10000/robot_ws/install/my_second_pkg_msgs/share/my_second_pkg_msgs/cmake/export_my_second_pkg_msgs__rosidl_generator_cExport.cmake
[1.044s] -- Up-to-date: /home/ghtn10000/robot_ws/install/my_second_pkg_msgs/share/my_second_pkg_msgs/cmake/export_my_second_pkg_msgs__rosidl_generator_cExport-noconfig.cmake
[1.045s] -- Up-to-date: /home/ghtn10000/robot_ws/install/my_second_pkg_msgs/share/my_second_pkg_msgs/cmake/export_my_second_pkg_msgs__rosidl_typesupport_fastrtps_cExport.cmake
[1.045s] -- Up-to-date: /home/ghtn10000/robot_ws/install/my_second_pkg_msgs/share/my_second_pkg_msgs/cmake/export_my_second_pkg_msgs__rosidl_typesupport_fastrtps_cExport-noconfig.cmake
[1.045s] -- Up-to-date: /home/ghtn10000/robot_ws/install/my_second_pkg_msgs/share/my_second_pkg_msgs/cmake/my_second_pkg_msgs__rosidl_typesupport_introspection_cExport.cmake
[1.045s] -- Up-to-date: /home/ghtn10000/robot_ws/install/my_second_pkg_msgs/share/my_second_pkg_msgs/cmake/my_second_pkg_msgs__rosidl_typesupport_introspection_cExport-noconfig.cmake
[1.045s] -- Up-to-date: /home/ghtn10000/robot_ws/install/my_second_pkg_msgs/share/my_second_pkg_msgs/cmake/my_second_pkg_msgs__rosidl_typesupport_cExport.cmake
[1.045s] -- Up-to-date: /home/ghtn10000/robot_ws/install/my_second_pkg_msgs/share/my_second_pkg_msgs/cmake/my_second_pkg_msgs__rosidl_typesupport_cExport-noconfig.cmake
[1.045s] -- Up-to-date: /home/ghtn10000/robot_ws/install/my_second_pkg_msgs/share/my_second_pkg_msgs/cmake/export_my_second_pkg_msgs__rosidl_generator_cppExport.cmake
[1.046s] -- Up-to-date: /home/ghtn10000/robot_ws/install/my_second_pkg_msgs/share/my_second_pkg_msgs/cmake/export_my_second_pkg_msgs__rosidl_typesupport_fastrtps_cppExport.cmake
[1.046s] -- Up-to-date: /home/ghtn10000/robot_ws/install/my_second_pkg_msgs/share/my_second_pkg_msgs/cmake/export_my_second_pkg_msgs__rosidl_typesupport_fastrtps_cppExport-noconfig.cmake
[1.046s] -- Up-to-date: /home/ghtn10000/robot_ws/install/my_second_pkg_msgs/share/my_second_pkg_msgs/cmake/my_second_pkg_msgs__rosidl_typesupport_introspection_cppExport.cmake
[1.046s] -- Up-to-date: /home/ghtn10000/robot_ws/install/my_second_pkg_msgs/share/my_second_pkg_msgs/cmake/my_second_pkg_msgs__rosidl_typesupport_introspection_cppExport-noconfig.cmake
[1.046s] -- Up-to-date: /home/ghtn10000/robot_ws/install/my_second_pkg_msgs/share/my_second_pkg_msgs/cmake/my_second_pkg_msgs__rosidl_typesupport_cppExport.cmake
[1.046s] -- Up-to-date: /home/ghtn10000/robot_ws/install/my_second_pkg_msgs/share/my_second_pkg_msgs/cmake/my_second_pkg_msgs__rosidl_typesupport_cppExport-noconfig.cmake
[1.046s] -- Up-to-date: /home/ghtn10000/robot_ws/install/my_second_pkg_msgs/share/my_second_pkg_msgs/cmake/export_my_second_pkg_msgs__rosidl_generator_pyExport.cmake
[1.046s] -- Up-to-date: /home/ghtn10000/robot_ws/install/my_second_pkg_msgs/share/my_second_pkg_msgs/cmake/export_my_second_pkg_msgs__rosidl_generator_pyExport-noconfig.cmake
[1.049s] Invoked command in '/home/ghtn10000/robot_ws/build/my_second_pkg_msgs' returned '0': CMAKE_PREFIX_PATH=${CMAKE_PREFIX_PATH}:/home/ghtn10000/turtlebot3_ws/install/turtlebot3_teleop:/home/ghtn10000/turtlebot3_ws/install/turtlebot3_example:/home/ghtn10000/turtlebot3_ws/install/turtlebot3_dqn:/home/ghtn10000/robot_ws/install/my_turtlesim_mobeturtle_pkg:/home/ghtn10000/robot_ws/install/my_timer_pkg:/home/ghtn10000/robot_ws/install/my_first_ros_rclpy_pkg:/opt/ros/humble /usr/bin/cmake --install /home/ghtn10000/robot_ws/build/my_second_pkg_msgs
