[0.225s] Invoking command in '/home/ghtn10000/robot_ws/build/my_second_pkg_msgs': CMAKE_PREFIX_PATH=${CMAKE_PREFIX_PATH}:/home/ghtn10000/turtlebot3_ws/install/turtlebot3_teleop:/home/ghtn10000/turtlebot3_ws/install/turtlebot3_example:/home/ghtn10000/turtlebot3_ws/install/turtlebot3_dqn:/home/ghtn10000/robot_ws/install/my_turtlesim_mobeturtle_pkg:/home/ghtn10000/robot_ws/install/my_timer_pkg:/home/ghtn10000/robot_ws/install/my_first_ros_rclpy_pkg:/opt/ros/humble /usr/bin/cmake --build /home/ghtn10000/robot_ws/build/my_second_pkg_msgs -- -j8 -l8
[0.515s] -- Found ament_cmake: 1.3.11 (/opt/ros/humble/share/ament_cmake/cmake)
[0.515s] -- Override CMake install command with custom implementation using symlinks instead of copying resources
[0.516s] -- Found rosidl_default_generators: 1.2.0 (/opt/ros/humble/share/rosidl_default_generators/cmake)
[0.516s] -- Using all available rosidl_typesupport_c: rosidl_typesupport_fastrtps_c;rosidl_typesupport_introspection_c
[0.516s] -- Found rosidl_adapter: 3.1.6 (/opt/ros/humble/share/rosidl_adapter/cmake)
[0.516s] -- Using all available rosidl_typesupport_cpp: rosidl_typesupport_fastrtps_cpp;rosidl_typesupport_introspection_cpp
[0.778s] -- Found ament_cmake_ros: 0.10.0 (/opt/ros/humble/share/ament_cmake_ros/cmake)
[1.033s] -- Using all available rosidl_typesupport_c: rosidl_typesupport_fastrtps_c;rosidl_typesupport_introspection_c
[1.355s] -- Using all available rosidl_typesupport_cpp: rosidl_typesupport_fastrtps_cpp;rosidl_typesupport_introspection_cpp
[1.381s] -- Found python_cmake_module: 0.10.0 (/opt/ros/humble/share/python_cmake_module/cmake)
[1.410s] -- Using PYTHON_EXECUTABLE: /usr/bin/python3
[1.410s] -- Using PYTHON_INCLUDE_DIRS: /usr/include/python3.10
[1.410s] -- Using PYTHON_LIBRARIES: /usr/lib/x86_64-linux-gnu/libpython3.10.so
[1.466s] -- Found ament_lint_auto: 0.12.12 (/opt/ros/humble/share/ament_lint_auto/cmake)
[1.483s] -- Added test 'lint_cmake' to check CMake code style
[1.484s] -- Added test 'xmllint' to check XML markup files
[1.489s] -- Configuring done
[1.527s] -- Generating done
[1.541s] -- Build files have been written to: /home/ghtn10000/robot_ws/build/my_second_pkg_msgs
[1.571s] [  2%] [34m[1mGenerating C code for ROS interfaces[0m
[1.587s] [  4%] [34m[1mGenerating C++ code for ROS interfaces[0m
[1.600s] [  4%] Built target ament_cmake_python_symlink_my_second_pkg_msgs
[1.962s] running egg_info
[1.964s] writing my_second_pkg_msgs.egg-info/PKG-INFO
[1.964s] writing dependency_links to my_second_pkg_msgs.egg-info/dependency_links.txt
[1.964s] writing top-level names to my_second_pkg_msgs.egg-info/top_level.txt
[1.968s] reading manifest file 'my_second_pkg_msgs.egg-info/SOURCES.txt'
[1.968s] writing manifest file 'my_second_pkg_msgs.egg-info/SOURCES.txt'
[1.996s] [  4%] Built target ament_cmake_python_build_my_second_pkg_msgs_egg
[2.425s] [  4%] Built target my_second_pkg_msgs__cpp
[2.444s] [  6%] [34m[1mGenerating C++ type support for eProsima Fast-RTPS[0m
[2.444s] [  8%] [34m[1mGenerating C++ introspection for ROS interfaces[0m
[2.444s] [ 10%] [34m[1mGenerating C++ type support dispatch for ROS interfaces[0m
[2.615s] [35m[1mConsolidate compiler generated dependencies of target my_second_pkg_msgs__rosidl_generator_c[0m
[2.641s] [ 12%] [32mBuilding C object CMakeFiles/my_second_pkg_msgs__rosidl_generator_c.dir/rosidl_generator_c/my_second_pkg_msgs/msg/detail/cmd_and_pose_vel__functions.c.o[0m
[2.642s] [ 14%] [32mBuilding C object CMakeFiles/my_second_pkg_msgs__rosidl_generator_c.dir/rosidl_generator_c/my_second_pkg_msgs/srv/detail/multi_spawn__functions.c.o[0m
[2.654s] [ 17%] [32mBuilding C object CMakeFiles/my_second_pkg_msgs__rosidl_generator_c.dir/rosidl_generator_c/my_second_pkg_msgs/action/detail/dist_turtle__functions.c.o[0m
[2.906s] [ 19%] [32m[1mLinking C shared library libmy_second_pkg_msgs__rosidl_generator_c.so[0m
[2.969s] [ 19%] Built target my_second_pkg_msgs__rosidl_generator_c
[2.989s] [ 21%] [34m[1mGenerating C type support for eProsima Fast-RTPS[0m
[2.992s] [ 23%] [34m[1mGenerating C introspection for ROS interfaces[0m
[2.993s] [ 25%] [34m[1mGenerating C type support dispatch for ROS interfaces[0m
[3.206s] [35m[1mConsolidate compiler generated dependencies of target my_second_pkg_msgs__rosidl_typesupport_cpp[0m
[3.230s] [ 27%] [32mBuilding CXX object CMakeFiles/my_second_pkg_msgs__rosidl_typesupport_cpp.dir/rosidl_typesupport_cpp/my_second_pkg_msgs/msg/cmd_and_pose_vel__type_support.cpp.o[0m
[3.242s] [ 29%] [32mBuilding CXX object CMakeFiles/my_second_pkg_msgs__rosidl_typesupport_cpp.dir/rosidl_typesupport_cpp/my_second_pkg_msgs/srv/multi_spawn__type_support.cpp.o[0m
[3.281s] [ 31%] [32mBuilding CXX object CMakeFiles/my_second_pkg_msgs__rosidl_typesupport_cpp.dir/rosidl_typesupport_cpp/my_second_pkg_msgs/action/dist_turtle__type_support.cpp.o[0m
[3.707s] [35m[1mConsolidate compiler generated dependencies of target my_second_pkg_msgs__rosidl_typesupport_fastrtps_cpp[0m
[3.711s] [35m[1mConsolidate compiler generated dependencies of target my_second_pkg_msgs__rosidl_typesupport_introspection_cpp[0m
[3.757s] [ 34%] [32mBuilding CXX object CMakeFiles/my_second_pkg_msgs__rosidl_typesupport_introspection_cpp.dir/rosidl_typesupport_introspection_cpp/my_second_pkg_msgs/msg/detail/cmd_and_pose_vel__type_support.cpp.o[0m
[3.772s] [ 36%] [32mBuilding CXX object CMakeFiles/my_second_pkg_msgs__rosidl_typesupport_introspection_cpp.dir/rosidl_typesupport_introspection_cpp/my_second_pkg_msgs/srv/detail/multi_spawn__type_support.cpp.o[0m
[3.774s] [ 38%] [32mBuilding CXX object CMakeFiles/my_second_pkg_msgs__rosidl_typesupport_fastrtps_cpp.dir/rosidl_typesupport_fastrtps_cpp/my_second_pkg_msgs/msg/detail/dds_fastrtps/cmd_and_pose_vel__type_support.cpp.o[0m
[3.835s] [ 40%] [32mBuilding CXX object CMakeFiles/my_second_pkg_msgs__rosidl_typesupport_introspection_cpp.dir/rosidl_typesupport_introspection_cpp/my_second_pkg_msgs/action/detail/dist_turtle__type_support.cpp.o[0m
[4.034s] [35m[1mConsolidate compiler generated dependencies of target my_second_pkg_msgs__rosidl_typesupport_c[0m
[4.079s] [ 42%] [32mBuilding CXX object CMakeFiles/my_second_pkg_msgs__rosidl_typesupport_c.dir/rosidl_typesupport_c/my_second_pkg_msgs/msg/cmd_and_pose_vel__type_support.cpp.o[0m
[4.184s] [ 44%] [32mBuilding CXX object CMakeFiles/my_second_pkg_msgs__rosidl_typesupport_c.dir/rosidl_typesupport_c/my_second_pkg_msgs/srv/multi_spawn__type_support.cpp.o[0m
[4.287s] [35m[1mConsolidate compiler generated dependencies of target my_second_pkg_msgs__rosidl_typesupport_introspection_c[0m
[4.299s] [ 46%] [32mBuilding CXX object CMakeFiles/my_second_pkg_msgs__rosidl_typesupport_c.dir/rosidl_typesupport_c/my_second_pkg_msgs/action/dist_turtle__type_support.cpp.o[0m
[4.315s] [ 48%] [32mBuilding C object CMakeFiles/my_second_pkg_msgs__rosidl_typesupport_introspection_c.dir/rosidl_typesupport_introspection_c/my_second_pkg_msgs/msg/detail/cmd_and_pose_vel__type_support.c.o[0m
[4.337s] [ 51%] [32m[1mLinking CXX shared library libmy_second_pkg_msgs__rosidl_typesupport_cpp.so[0m
[4.397s] [ 53%] [32mBuilding C object CMakeFiles/my_second_pkg_msgs__rosidl_typesupport_introspection_c.dir/rosidl_typesupport_introspection_c/my_second_pkg_msgs/srv/detail/multi_spawn__type_support.c.o[0m
[4.409s] [ 55%] [32m[1mLinking CXX shared library libmy_second_pkg_msgs__rosidl_typesupport_c.so[0m
[4.414s] [ 55%] Built target my_second_pkg_msgs__rosidl_typesupport_cpp
[4.424s] [ 57%] [32mBuilding C object CMakeFiles/my_second_pkg_msgs__rosidl_typesupport_introspection_c.dir/rosidl_typesupport_introspection_c/my_second_pkg_msgs/action/detail/dist_turtle__type_support.c.o[0m
[4.435s] [ 59%] [32mBuilding CXX object CMakeFiles/my_second_pkg_msgs__rosidl_typesupport_fastrtps_cpp.dir/rosidl_typesupport_fastrtps_cpp/my_second_pkg_msgs/srv/detail/dds_fastrtps/multi_spawn__type_support.cpp.o[0m
[4.488s] [35m[1mConsolidate compiler generated dependencies of target my_second_pkg_msgs__rosidl_typesupport_fastrtps_c[0m
[4.494s] [ 59%] Built target my_second_pkg_msgs__rosidl_typesupport_c
[4.507s] [ 61%] [32mBuilding CXX object CMakeFiles/my_second_pkg_msgs__rosidl_typesupport_fastrtps_cpp.dir/rosidl_typesupport_fastrtps_cpp/my_second_pkg_msgs/action/detail/dds_fastrtps/dist_turtle__type_support.cpp.o[0m
[4.513s] [ 63%] [32m[1mLinking C shared library libmy_second_pkg_msgs__rosidl_typesupport_introspection_c.so[0m
[4.532s] [ 65%] [32mBuilding CXX object CMakeFiles/my_second_pkg_msgs__rosidl_typesupport_fastrtps_c.dir/rosidl_typesupport_fastrtps_c/my_second_pkg_msgs/msg/detail/cmd_and_pose_vel__type_support_c.cpp.o[0m
[4.542s] [ 68%] [32mBuilding CXX object CMakeFiles/my_second_pkg_msgs__rosidl_typesupport_fastrtps_c.dir/rosidl_typesupport_fastrtps_c/my_second_pkg_msgs/srv/detail/multi_spawn__type_support_c.cpp.o[0m
[4.590s] [ 70%] [32mBuilding CXX object CMakeFiles/my_second_pkg_msgs__rosidl_typesupport_fastrtps_c.dir/rosidl_typesupport_fastrtps_c/my_second_pkg_msgs/action/detail/dist_turtle__type_support_c.cpp.o[0m
[4.600s] [ 70%] Built target my_second_pkg_msgs__rosidl_typesupport_introspection_c
[4.836s] [ 72%] [32m[1mLinking CXX shared library libmy_second_pkg_msgs__rosidl_typesupport_introspection_cpp.so[0m
[4.967s] [ 72%] Built target my_second_pkg_msgs__rosidl_typesupport_introspection_cpp
[5.130s] [ 74%] [32m[1mLinking CXX shared library libmy_second_pkg_msgs__rosidl_typesupport_fastrtps_c.so[0m
[5.209s] [ 74%] Built target my_second_pkg_msgs__rosidl_typesupport_fastrtps_c
[5.269s] [ 76%] [32m[1mLinking CXX shared library libmy_second_pkg_msgs__rosidl_typesupport_fastrtps_cpp.so[0m
[5.325s] [ 76%] Built target my_second_pkg_msgs__rosidl_typesupport_fastrtps_cpp
[5.341s] [ 76%] Built target my_second_pkg_msgs
[5.357s] [ 78%] [34m[1mGenerating Python code for ROS interfaces[0m
[6.452s] [ 78%] Built target my_second_pkg_msgs__py
[6.463s] [35m[1mConsolidate compiler generated dependencies of target my_second_pkg_msgs__rosidl_generator_py[0m
[6.475s] [ 82%] [32mBuilding C object CMakeFiles/my_second_pkg_msgs__rosidl_generator_py.dir/rosidl_generator_py/my_second_pkg_msgs/srv/_multi_spawn_s.c.o[0m
[6.475s] [ 82%] [32mBuilding C object CMakeFiles/my_second_pkg_msgs__rosidl_generator_py.dir/rosidl_generator_py/my_second_pkg_msgs/msg/_cmd_and_pose_vel_s.c.o[0m
[6.475s] [ 85%] [32mBuilding C object CMakeFiles/my_second_pkg_msgs__rosidl_generator_py.dir/rosidl_generator_py/my_second_pkg_msgs/action/_dist_turtle_s.c.o[0m
[6.628s] [ 87%] [32m[1mLinking C shared library rosidl_generator_py/my_second_pkg_msgs/libmy_second_pkg_msgs__rosidl_generator_py.so[0m
[6.662s] [ 87%] Built target my_second_pkg_msgs__rosidl_generator_py
[6.670s] [35m[1mConsolidate compiler generated dependencies of target my_second_pkg_msgs__rosidl_typesupport_fastrtps_c__pyext[0m
[6.671s] [35m[1mConsolidate compiler generated dependencies of target my_second_pkg_msgs__rosidl_typesupport_c__pyext[0m
[6.671s] [35m[1mConsolidate compiler generated dependencies of target my_second_pkg_msgs__rosidl_typesupport_introspection_c__pyext[0m
[6.683s] [ 89%] [32mBuilding C object CMakeFiles/my_second_pkg_msgs__rosidl_typesupport_introspection_c__pyext.dir/rosidl_generator_py/my_second_pkg_msgs/_my_second_pkg_msgs_s.ep.rosidl_typesupport_introspection_c.c.o[0m
[6.685s] [ 91%] [32mBuilding C object CMakeFiles/my_second_pkg_msgs__rosidl_typesupport_c__pyext.dir/rosidl_generator_py/my_second_pkg_msgs/_my_second_pkg_msgs_s.ep.rosidl_typesupport_c.c.o[0m
[6.687s] [ 93%] [32mBuilding C object CMakeFiles/my_second_pkg_msgs__rosidl_typesupport_fastrtps_c__pyext.dir/rosidl_generator_py/my_second_pkg_msgs/_my_second_pkg_msgs_s.ep.rosidl_typesupport_fastrtps_c.c.o[0m
[6.832s] [ 95%] [32m[1mLinking C shared library rosidl_generator_py/my_second_pkg_msgs/my_second_pkg_msgs_s__rosidl_typesupport_c.cpython-310-x86_64-linux-gnu.so[0m
[6.878s] [ 95%] Built target my_second_pkg_msgs__rosidl_typesupport_c__pyext
[6.907s] [ 97%] [32m[1mLinking C shared library rosidl_generator_py/my_second_pkg_msgs/my_second_pkg_msgs_s__rosidl_typesupport_introspection_c.cpython-310-x86_64-linux-gnu.so[0m
[6.909s] [100%] [32m[1mLinking C shared library rosidl_generator_py/my_second_pkg_msgs/my_second_pkg_msgs_s__rosidl_typesupport_fastrtps_c.cpython-310-x86_64-linux-gnu.so[0m
[6.952s] [100%] Built target my_second_pkg_msgs__rosidl_typesupport_fastrtps_c__pyext
[6.953s] [100%] Built target my_second_pkg_msgs__rosidl_typesupport_introspection_c__pyext
[6.966s] Invoked command in '/home/ghtn10000/robot_ws/build/my_second_pkg_msgs' returned '0': CMAKE_PREFIX_PATH=${CMAKE_PREFIX_PATH}:/home/ghtn10000/turtlebot3_ws/install/turtlebot3_teleop:/home/ghtn10000/turtlebot3_ws/install/turtlebot3_example:/home/ghtn10000/turtlebot3_ws/install/turtlebot3_dqn:/home/ghtn10000/robot_ws/install/my_turtlesim_mobeturtle_pkg:/home/ghtn10000/robot_ws/install/my_timer_pkg:/home/ghtn10000/robot_ws/install/my_first_ros_rclpy_pkg:/opt/ros/humble /usr/bin/cmake --build /home/ghtn10000/robot_ws/build/my_second_pkg_msgs -- -j8 -l8
[6.977s] Invoking command in '/home/ghtn10000/robot_ws/build/my_second_pkg_msgs': CMAKE_PREFIX_PATH=${CMAKE_PREFIX_PATH}:/home/ghtn10000/turtlebot3_ws/install/turtlebot3_teleop:/home/ghtn10000/turtlebot3_ws/install/turtlebot3_example:/home/ghtn10000/turtlebot3_ws/install/turtlebot3_dqn:/home/ghtn10000/robot_ws/install/my_turtlesim_mobeturtle_pkg:/home/ghtn10000/robot_ws/install/my_timer_pkg:/home/ghtn10000/robot_ws/install/my_first_ros_rclpy_pkg:/opt/ros/humble /usr/bin/cmake --install /home/ghtn10000/robot_ws/build/my_second_pkg_msgs
[6.986s] -- Install configuration: ""
[6.987s] -- Execute custom install script
[6.987s] -- Up-to-date symlink: /home/ghtn10000/robot_ws/install/my_second_pkg_msgs/share/ament_index/resource_index/rosidl_interfaces/my_second_pkg_msgs
[6.987s] -- Up-to-date symlink: /home/ghtn10000/robot_ws/install/my_second_pkg_msgs/include/my_second_pkg_msgs/my_second_pkg_msgs/action/detail/dist_turtle__functions.h
[6.987s] -- Up-to-date symlink: /home/ghtn10000/robot_ws/install/my_second_pkg_msgs/include/my_second_pkg_msgs/my_second_pkg_msgs/action/detail/dist_turtle__struct.h
[6.987s] -- Up-to-date symlink: /home/ghtn10000/robot_ws/install/my_second_pkg_msgs/include/my_second_pkg_msgs/my_second_pkg_msgs/action/detail/dist_turtle__type_support.h
[6.987s] -- Up-to-date symlink: /home/ghtn10000/robot_ws/install/my_second_pkg_msgs/include/my_second_pkg_msgs/my_second_pkg_msgs/action/dist_turtle.h
[6.988s] -- Up-to-date symlink: /home/ghtn10000/robot_ws/install/my_second_pkg_msgs/include/my_second_pkg_msgs/my_second_pkg_msgs/msg/cmd_and_pose_vel.h
[6.988s] -- Up-to-date symlink: /home/ghtn10000/robot_ws/install/my_second_pkg_msgs/include/my_second_pkg_msgs/my_second_pkg_msgs/msg/detail/cmd_and_pose_vel__functions.h
[6.988s] -- Up-to-date symlink: /home/ghtn10000/robot_ws/install/my_second_pkg_msgs/include/my_second_pkg_msgs/my_second_pkg_msgs/msg/detail/cmd_and_pose_vel__struct.h
[6.988s] -- Up-to-date symlink: /home/ghtn10000/robot_ws/install/my_second_pkg_msgs/include/my_second_pkg_msgs/my_second_pkg_msgs/msg/detail/cmd_and_pose_vel__type_support.h
[6.988s] -- Up-to-date symlink: /home/ghtn10000/robot_ws/install/my_second_pkg_msgs/include/my_second_pkg_msgs/my_second_pkg_msgs/msg/rosidl_generator_c__visibility_control.h
[6.988s] -- Up-to-date symlink: /home/ghtn10000/robot_ws/install/my_second_pkg_msgs/include/my_second_pkg_msgs/my_second_pkg_msgs/srv/detail/multi_spawn__functions.h
[6.988s] -- Up-to-date symlink: /home/ghtn10000/robot_ws/install/my_second_pkg_msgs/include/my_second_pkg_msgs/my_second_pkg_msgs/srv/detail/multi_spawn__struct.h
[6.988s] -- Up-to-date symlink: /home/ghtn10000/robot_ws/install/my_second_pkg_msgs/include/my_second_pkg_msgs/my_second_pkg_msgs/srv/detail/multi_spawn__type_support.h
[6.988s] -- Up-to-date symlink: /home/ghtn10000/robot_ws/install/my_second_pkg_msgs/include/my_second_pkg_msgs/my_second_pkg_msgs/srv/multi_spawn.h
[6.988s] -- Up-to-date symlink: /home/ghtn10000/robot_ws/install/my_second_pkg_msgs/share/my_second_pkg_msgs/environment/library_path.sh
[6.989s] -- Up-to-date symlink: /home/ghtn10000/robot_ws/install/my_second_pkg_msgs/share/my_second_pkg_msgs/environment/library_path.dsv
[6.989s] -- Up-to-date symlink: /home/ghtn10000/robot_ws/install/my_second_pkg_msgs/include/my_second_pkg_msgs/my_second_pkg_msgs/action/detail/dist_turtle__rosidl_typesupport_fastrtps_c.h
[6.989s] -- Up-to-date symlink: /home/ghtn10000/robot_ws/install/my_second_pkg_msgs/include/my_second_pkg_msgs/my_second_pkg_msgs/msg/detail/cmd_and_pose_vel__rosidl_typesupport_fastrtps_c.h
[6.989s] -- Up-to-date symlink: /home/ghtn10000/robot_ws/install/my_second_pkg_msgs/include/my_second_pkg_msgs/my_second_pkg_msgs/msg/rosidl_typesupport_fastrtps_c__visibility_control.h
[6.989s] -- Up-to-date symlink: /home/ghtn10000/robot_ws/install/my_second_pkg_msgs/include/my_second_pkg_msgs/my_second_pkg_msgs/srv/detail/multi_spawn__rosidl_typesupport_fastrtps_c.h
[6.990s] -- Up-to-date symlink: /home/ghtn10000/robot_ws/install/my_second_pkg_msgs/include/my_second_pkg_msgs/my_second_pkg_msgs/action/detail/dist_turtle__rosidl_typesupport_introspection_c.h
[6.990s] -- Up-to-date symlink: /home/ghtn10000/robot_ws/install/my_second_pkg_msgs/include/my_second_pkg_msgs/my_second_pkg_msgs/msg/detail/cmd_and_pose_vel__rosidl_typesupport_introspection_c.h
[6.990s] -- Up-to-date symlink: /home/ghtn10000/robot_ws/install/my_second_pkg_msgs/include/my_second_pkg_msgs/my_second_pkg_msgs/msg/rosidl_typesupport_introspection_c__visibility_control.h
[6.990s] -- Up-to-date symlink: /home/ghtn10000/robot_ws/install/my_second_pkg_msgs/include/my_second_pkg_msgs/my_second_pkg_msgs/srv/detail/multi_spawn__rosidl_typesupport_introspection_c.h
[6.990s] -- Up-to-date symlink: /home/ghtn10000/robot_ws/install/my_second_pkg_msgs/include/my_second_pkg_msgs/my_second_pkg_msgs/action/detail/dist_turtle__builder.hpp
[6.990s] -- Up-to-date symlink: /home/ghtn10000/robot_ws/install/my_second_pkg_msgs/include/my_second_pkg_msgs/my_second_pkg_msgs/action/detail/dist_turtle__struct.hpp
[6.990s] -- Up-to-date symlink: /home/ghtn10000/robot_ws/install/my_second_pkg_msgs/include/my_second_pkg_msgs/my_second_pkg_msgs/action/detail/dist_turtle__traits.hpp
[6.990s] -- Up-to-date symlink: /home/ghtn10000/robot_ws/install/my_second_pkg_msgs/include/my_second_pkg_msgs/my_second_pkg_msgs/action/detail/dist_turtle__type_support.hpp
[6.991s] -- Up-to-date symlink: /home/ghtn10000/robot_ws/install/my_second_pkg_msgs/include/my_second_pkg_msgs/my_second_pkg_msgs/action/dist_turtle.hpp
[6.991s] -- Up-to-date symlink: /home/ghtn10000/robot_ws/install/my_second_pkg_msgs/include/my_second_pkg_msgs/my_second_pkg_msgs/msg/cmd_and_pose_vel.hpp
[6.991s] -- Up-to-date symlink: /home/ghtn10000/robot_ws/install/my_second_pkg_msgs/include/my_second_pkg_msgs/my_second_pkg_msgs/msg/detail/cmd_and_pose_vel__builder.hpp
[6.991s] -- Up-to-date symlink: /home/ghtn10000/robot_ws/install/my_second_pkg_msgs/include/my_second_pkg_msgs/my_second_pkg_msgs/msg/detail/cmd_and_pose_vel__struct.hpp
[6.991s] -- Up-to-date symlink: /home/ghtn10000/robot_ws/install/my_second_pkg_msgs/include/my_second_pkg_msgs/my_second_pkg_msgs/msg/detail/cmd_and_pose_vel__traits.hpp
[6.991s] -- Up-to-date symlink: /home/ghtn10000/robot_ws/install/my_second_pkg_msgs/include/my_second_pkg_msgs/my_second_pkg_msgs/msg/detail/cmd_and_pose_vel__type_support.hpp
[6.991s] -- Up-to-date symlink: /home/ghtn10000/robot_ws/install/my_second_pkg_msgs/include/my_second_pkg_msgs/my_second_pkg_msgs/msg/rosidl_generator_cpp__visibility_control.hpp
[6.991s] -- Up-to-date symlink: /home/ghtn10000/robot_ws/install/my_second_pkg_msgs/include/my_second_pkg_msgs/my_second_pkg_msgs/srv/detail/multi_spawn__builder.hpp
[6.991s] -- Up-to-date symlink: /home/ghtn10000/robot_ws/install/my_second_pkg_msgs/include/my_second_pkg_msgs/my_second_pkg_msgs/srv/detail/multi_spawn__struct.hpp
[6.991s] -- Up-to-date symlink: /home/ghtn10000/robot_ws/install/my_second_pkg_msgs/include/my_second_pkg_msgs/my_second_pkg_msgs/srv/detail/multi_spawn__traits.hpp
[6.991s] -- Up-to-date symlink: /home/ghtn10000/robot_ws/install/my_second_pkg_msgs/include/my_second_pkg_msgs/my_second_pkg_msgs/srv/detail/multi_spawn__type_support.hpp
[6.991s] -- Up-to-date symlink: /home/ghtn10000/robot_ws/install/my_second_pkg_msgs/include/my_second_pkg_msgs/my_second_pkg_msgs/srv/multi_spawn.hpp
[6.992s] -- Up-to-date symlink: /home/ghtn10000/robot_ws/install/my_second_pkg_msgs/include/my_second_pkg_msgs/my_second_pkg_msgs/action/detail/dist_turtle__rosidl_typesupport_fastrtps_cpp.hpp
[6.992s] -- Up-to-date symlink: /home/ghtn10000/robot_ws/install/my_second_pkg_msgs/include/my_second_pkg_msgs/my_second_pkg_msgs/msg/detail/cmd_and_pose_vel__rosidl_typesupport_fastrtps_cpp.hpp
[6.992s] -- Up-to-date symlink: /home/ghtn10000/robot_ws/install/my_second_pkg_msgs/include/my_second_pkg_msgs/my_second_pkg_msgs/msg/rosidl_typesupport_fastrtps_cpp__visibility_control.h
[6.992s] -- Up-to-date symlink: /home/ghtn10000/robot_ws/install/my_second_pkg_msgs/include/my_second_pkg_msgs/my_second_pkg_msgs/srv/detail/multi_spawn__rosidl_typesupport_fastrtps_cpp.hpp
[6.992s] -- Up-to-date symlink: /home/ghtn10000/robot_ws/install/my_second_pkg_msgs/include/my_second_pkg_msgs/my_second_pkg_msgs/action/detail/dist_turtle__rosidl_typesupport_introspection_cpp.hpp
[6.993s] -- Up-to-date symlink: /home/ghtn10000/robot_ws/install/my_second_pkg_msgs/include/my_second_pkg_msgs/my_second_pkg_msgs/msg/detail/cmd_and_pose_vel__rosidl_typesupport_introspection_cpp.hpp
[6.993s] -- Up-to-date symlink: /home/ghtn10000/robot_ws/install/my_second_pkg_msgs/include/my_second_pkg_msgs/my_second_pkg_msgs/srv/detail/multi_spawn__rosidl_typesupport_introspection_cpp.hpp
[6.993s] -- Up-to-date symlink: /home/ghtn10000/robot_ws/install/my_second_pkg_msgs/share/my_second_pkg_msgs/environment/pythonpath.sh
[6.993s] -- Up-to-date symlink: /home/ghtn10000/robot_ws/install/my_second_pkg_msgs/share/my_second_pkg_msgs/environment/pythonpath.dsv
[6.993s] -- Up-to-date symlink: /home/ghtn10000/robot_ws/install/my_second_pkg_msgs/local/lib/python3.10/dist-packages/my_second_pkg_msgs-0.0.0-py3.10.egg-info/PKG-INFO
[6.993s] -- Up-to-date symlink: /home/ghtn10000/robot_ws/install/my_second_pkg_msgs/local/lib/python3.10/dist-packages/my_second_pkg_msgs-0.0.0-py3.10.egg-info/SOURCES.txt
[6.993s] -- Up-to-date symlink: /home/ghtn10000/robot_ws/install/my_second_pkg_msgs/local/lib/python3.10/dist-packages/my_second_pkg_msgs-0.0.0-py3.10.egg-info/dependency_links.txt
[6.993s] -- Up-to-date symlink: /home/ghtn10000/robot_ws/install/my_second_pkg_msgs/local/lib/python3.10/dist-packages/my_second_pkg_msgs-0.0.0-py3.10.egg-info/top_level.txt
[6.994s] -- Up-to-date symlink: /home/ghtn10000/robot_ws/install/my_second_pkg_msgs/local/lib/python3.10/dist-packages/my_second_pkg_msgs/__init__.py
[6.994s] -- Up-to-date symlink: /home/ghtn10000/robot_ws/install/my_second_pkg_msgs/local/lib/python3.10/dist-packages/my_second_pkg_msgs/_my_second_pkg_msgs_s.ep.rosidl_typesupport_c.c
[6.994s] -- Up-to-date symlink: /home/ghtn10000/robot_ws/install/my_second_pkg_msgs/local/lib/python3.10/dist-packages/my_second_pkg_msgs/_my_second_pkg_msgs_s.ep.rosidl_typesupport_fastrtps_c.c
[6.994s] -- Up-to-date symlink: /home/ghtn10000/robot_ws/install/my_second_pkg_msgs/local/lib/python3.10/dist-packages/my_second_pkg_msgs/_my_second_pkg_msgs_s.ep.rosidl_typesupport_introspection_c.c
[6.994s] -- Up-to-date symlink: /home/ghtn10000/robot_ws/install/my_second_pkg_msgs/local/lib/python3.10/dist-packages/my_second_pkg_msgs/action/__init__.py
[6.994s] -- Up-to-date symlink: /home/ghtn10000/robot_ws/install/my_second_pkg_msgs/local/lib/python3.10/dist-packages/my_second_pkg_msgs/action/_dist_turtle.py
[6.995s] -- Up-to-date symlink: /home/ghtn10000/robot_ws/install/my_second_pkg_msgs/local/lib/python3.10/dist-packages/my_second_pkg_msgs/action/_dist_turtle_s.c
[6.995s] -- Up-to-date symlink: /home/ghtn10000/robot_ws/install/my_second_pkg_msgs/local/lib/python3.10/dist-packages/my_second_pkg_msgs/libmy_second_pkg_msgs__rosidl_generator_py.so
[6.995s] -- Up-to-date symlink: /home/ghtn10000/robot_ws/install/my_second_pkg_msgs/local/lib/python3.10/dist-packages/my_second_pkg_msgs/msg/__init__.py
[6.995s] -- Up-to-date symlink: /home/ghtn10000/robot_ws/install/my_second_pkg_msgs/local/lib/python3.10/dist-packages/my_second_pkg_msgs/msg/_cmd_and_pose_vel.py
[6.995s] -- Up-to-date symlink: /home/ghtn10000/robot_ws/install/my_second_pkg_msgs/local/lib/python3.10/dist-packages/my_second_pkg_msgs/msg/_cmd_and_pose_vel_s.c
[6.995s] -- Up-to-date symlink: /home/ghtn10000/robot_ws/install/my_second_pkg_msgs/local/lib/python3.10/dist-packages/my_second_pkg_msgs/my_second_pkg_msgs_s__rosidl_typesupport_c.cpython-310-x86_64-linux-gnu.so
[6.995s] -- Up-to-date symlink: /home/ghtn10000/robot_ws/install/my_second_pkg_msgs/local/lib/python3.10/dist-packages/my_second_pkg_msgs/my_second_pkg_msgs_s__rosidl_typesupport_fastrtps_c.cpython-310-x86_64-linux-gnu.so
[6.995s] -- Up-to-date symlink: /home/ghtn10000/robot_ws/install/my_second_pkg_msgs/local/lib/python3.10/dist-packages/my_second_pkg_msgs/my_second_pkg_msgs_s__rosidl_typesupport_introspection_c.cpython-310-x86_64-linux-gnu.so
[6.995s] -- Up-to-date symlink: /home/ghtn10000/robot_ws/install/my_second_pkg_msgs/local/lib/python3.10/dist-packages/my_second_pkg_msgs/srv/__init__.py
[6.996s] -- Up-to-date symlink: /home/ghtn10000/robot_ws/install/my_second_pkg_msgs/local/lib/python3.10/dist-packages/my_second_pkg_msgs/srv/_multi_spawn.py
[6.996s] -- Up-to-date symlink: /home/ghtn10000/robot_ws/install/my_second_pkg_msgs/local/lib/python3.10/dist-packages/my_second_pkg_msgs/srv/_multi_spawn_s.c
[6.996s] -- Up-to-date symlink: /home/ghtn10000/robot_ws/install/my_second_pkg_msgs/local/lib/python3.10/dist-packages/my_second_pkg_msgs/my_second_pkg_msgs_s__rosidl_typesupport_fastrtps_c.cpython-310-x86_64-linux-gnu.so
[6.996s] -- Up-to-date symlink: /home/ghtn10000/robot_ws/install/my_second_pkg_msgs/local/lib/python3.10/dist-packages/my_second_pkg_msgs/my_second_pkg_msgs_s__rosidl_typesupport_introspection_c.cpython-310-x86_64-linux-gnu.so
[6.996s] -- Up-to-date symlink: /home/ghtn10000/robot_ws/install/my_second_pkg_msgs/local/lib/python3.10/dist-packages/my_second_pkg_msgs/my_second_pkg_msgs_s__rosidl_typesupport_c.cpython-310-x86_64-linux-gnu.so
[6.996s] -- Up-to-date symlink: /home/ghtn10000/robot_ws/install/my_second_pkg_msgs/share/my_second_pkg_msgs/msg/CmdAndPoseVel.idl
[6.996s] -- Up-to-date symlink: /home/ghtn10000/robot_ws/install/my_second_pkg_msgs/share/my_second_pkg_msgs/srv/MultiSpawn.idl
[6.996s] -- Up-to-date symlink: /home/ghtn10000/robot_ws/install/my_second_pkg_msgs/share/my_second_pkg_msgs/action/DistTurtle.idl
[6.996s] -- Up-to-date symlink: /home/ghtn10000/robot_ws/install/my_second_pkg_msgs/share/my_second_pkg_msgs/msg/CmdAndPoseVel.msg
[6.997s] -- Up-to-date symlink: /home/ghtn10000/robot_ws/install/my_second_pkg_msgs/share/my_second_pkg_msgs/srv/MultiSpawn.srv
[6.997s] -- Up-to-date symlink: /home/ghtn10000/robot_ws/install/my_second_pkg_msgs/share/my_second_pkg_msgs/srv/MultiSpawn_Request.msg
[6.997s] -- Up-to-date symlink: /home/ghtn10000/robot_ws/install/my_second_pkg_msgs/share/my_second_pkg_msgs/srv/MultiSpawn_Response.msg
[6.997s] -- Up-to-date symlink: /home/ghtn10000/robot_ws/install/my_second_pkg_msgs/share/my_second_pkg_msgs/action/DistTurtle.action
[6.997s] -- Up-to-date symlink: /home/ghtn10000/robot_ws/install/my_second_pkg_msgs/share/ament_index/resource_index/package_run_dependencies/my_second_pkg_msgs
[6.997s] -- Up-to-date symlink: /home/ghtn10000/robot_ws/install/my_second_pkg_msgs/share/ament_index/resource_index/parent_prefix_path/my_second_pkg_msgs
[6.997s] -- Up-to-date symlink: /home/ghtn10000/robot_ws/install/my_second_pkg_msgs/share/my_second_pkg_msgs/environment/ament_prefix_path.sh
[6.998s] -- Up-to-date symlink: /home/ghtn10000/robot_ws/install/my_second_pkg_msgs/share/my_second_pkg_msgs/environment/ament_prefix_path.dsv
[6.998s] -- Up-to-date symlink: /home/ghtn10000/robot_ws/install/my_second_pkg_msgs/share/my_second_pkg_msgs/environment/path.sh
[6.998s] -- Up-to-date symlink: /home/ghtn10000/robot_ws/install/my_second_pkg_msgs/share/my_second_pkg_msgs/environment/path.dsv
[6.998s] -- Up-to-date symlink: /home/ghtn10000/robot_ws/install/my_second_pkg_msgs/share/my_second_pkg_msgs/local_setup.bash
[6.998s] -- Up-to-date symlink: /home/ghtn10000/robot_ws/install/my_second_pkg_msgs/share/my_second_pkg_msgs/local_setup.sh
[6.998s] -- Up-to-date symlink: /home/ghtn10000/robot_ws/install/my_second_pkg_msgs/share/my_second_pkg_msgs/local_setup.zsh
[6.998s] -- Up-to-date symlink: /home/ghtn10000/robot_ws/install/my_second_pkg_msgs/share/my_second_pkg_msgs/local_setup.dsv
[6.998s] -- Symlinking: /home/ghtn10000/robot_ws/install/my_second_pkg_msgs/share/my_second_pkg_msgs/package.dsv
[7.007s] -- Up-to-date symlink: /home/ghtn10000/robot_ws/install/my_second_pkg_msgs/share/ament_index/resource_index/packages/my_second_pkg_msgs
[7.007s] -- Up-to-date symlink: /home/ghtn10000/robot_ws/install/my_second_pkg_msgs/share/my_second_pkg_msgs/cmake/rosidl_cmake-extras.cmake
[7.008s] -- Up-to-date symlink: /home/ghtn10000/robot_ws/install/my_second_pkg_msgs/share/my_second_pkg_msgs/cmake/ament_cmake_export_dependencies-extras.cmake
[7.008s] -- Up-to-date symlink: /home/ghtn10000/robot_ws/install/my_second_pkg_msgs/share/my_second_pkg_msgs/cmake/ament_cmake_export_include_directories-extras.cmake
[7.008s] -- Up-to-date symlink: /home/ghtn10000/robot_ws/install/my_second_pkg_msgs/share/my_second_pkg_msgs/cmake/ament_cmake_export_libraries-extras.cmake
[7.008s] -- Up-to-date symlink: /home/ghtn10000/robot_ws/install/my_second_pkg_msgs/share/my_second_pkg_msgs/cmake/ament_cmake_export_targets-extras.cmake
[7.008s] -- Up-to-date symlink: /home/ghtn10000/robot_ws/install/my_second_pkg_msgs/share/my_second_pkg_msgs/cmake/rosidl_cmake_export_typesupport_targets-extras.cmake
[7.008s] -- Up-to-date symlink: /home/ghtn10000/robot_ws/install/my_second_pkg_msgs/share/my_second_pkg_msgs/cmake/rosidl_cmake_export_typesupport_libraries-extras.cmake
[7.008s] -- Up-to-date symlink: /home/ghtn10000/robot_ws/install/my_second_pkg_msgs/share/my_second_pkg_msgs/cmake/my_second_pkg_msgsConfig.cmake
[7.008s] -- Up-to-date symlink: /home/ghtn10000/robot_ws/install/my_second_pkg_msgs/share/my_second_pkg_msgs/cmake/my_second_pkg_msgsConfig-version.cmake
[7.008s] -- Up-to-date symlink: /home/ghtn10000/robot_ws/install/my_second_pkg_msgs/share/my_second_pkg_msgs/package.xml
[7.009s] -- Installing: /home/ghtn10000/robot_ws/install/my_second_pkg_msgs/lib/libmy_second_pkg_msgs__rosidl_generator_c.so
[7.009s] -- Set runtime path of "/home/ghtn10000/robot_ws/install/my_second_pkg_msgs/lib/libmy_second_pkg_msgs__rosidl_generator_c.so" to ""
[7.009s] -- Installing: /home/ghtn10000/robot_ws/install/my_second_pkg_msgs/lib/libmy_second_pkg_msgs__rosidl_typesupport_fastrtps_c.so
[7.010s] -- Set runtime path of "/home/ghtn10000/robot_ws/install/my_second_pkg_msgs/lib/libmy_second_pkg_msgs__rosidl_typesupport_fastrtps_c.so" to ""
[7.010s] -- Installing: /home/ghtn10000/robot_ws/install/my_second_pkg_msgs/lib/libmy_second_pkg_msgs__rosidl_typesupport_introspection_c.so
[7.010s] -- Set runtime path of "/home/ghtn10000/robot_ws/install/my_second_pkg_msgs/lib/libmy_second_pkg_msgs__rosidl_typesupport_introspection_c.so" to ""
[7.010s] -- Installing: /home/ghtn10000/robot_ws/install/my_second_pkg_msgs/lib/libmy_second_pkg_msgs__rosidl_typesupport_c.so
[7.010s] -- Set runtime path of "/home/ghtn10000/robot_ws/install/my_second_pkg_msgs/lib/libmy_second_pkg_msgs__rosidl_typesupport_c.so" to ""
[7.011s] -- Installing: /home/ghtn10000/robot_ws/install/my_second_pkg_msgs/lib/libmy_second_pkg_msgs__rosidl_typesupport_fastrtps_cpp.so
[7.011s] -- Set runtime path of "/home/ghtn10000/robot_ws/install/my_second_pkg_msgs/lib/libmy_second_pkg_msgs__rosidl_typesupport_fastrtps_cpp.so" to ""
[7.011s] -- Installing: /home/ghtn10000/robot_ws/install/my_second_pkg_msgs/lib/libmy_second_pkg_msgs__rosidl_typesupport_introspection_cpp.so
[7.011s] -- Set runtime path of "/home/ghtn10000/robot_ws/install/my_second_pkg_msgs/lib/libmy_second_pkg_msgs__rosidl_typesupport_introspection_cpp.so" to ""
[7.012s] -- Installing: /home/ghtn10000/robot_ws/install/my_second_pkg_msgs/lib/libmy_second_pkg_msgs__rosidl_typesupport_cpp.so
[7.012s] -- Set runtime path of "/home/ghtn10000/robot_ws/install/my_second_pkg_msgs/lib/libmy_second_pkg_msgs__rosidl_typesupport_cpp.so" to ""
[7.069s] Listing '/home/ghtn10000/robot_ws/install/my_second_pkg_msgs/local/lib/python3.10/dist-packages/my_second_pkg_msgs'...
[7.069s] Compiling '/home/ghtn10000/robot_ws/install/my_second_pkg_msgs/local/lib/python3.10/dist-packages/my_second_pkg_msgs/__init__.py'...
[7.069s] Listing '/home/ghtn10000/robot_ws/install/my_second_pkg_msgs/local/lib/python3.10/dist-packages/my_second_pkg_msgs/action'...
[7.069s] Compiling '/home/ghtn10000/robot_ws/install/my_second_pkg_msgs/local/lib/python3.10/dist-packages/my_second_pkg_msgs/action/__init__.py'...
[7.070s] Compiling '/home/ghtn10000/robot_ws/install/my_second_pkg_msgs/local/lib/python3.10/dist-packages/my_second_pkg_msgs/action/_dist_turtle.py'...
[7.070s] Listing '/home/ghtn10000/robot_ws/install/my_second_pkg_msgs/local/lib/python3.10/dist-packages/my_second_pkg_msgs/msg'...
[7.070s] Compiling '/home/ghtn10000/robot_ws/install/my_second_pkg_msgs/local/lib/python3.10/dist-packages/my_second_pkg_msgs/msg/__init__.py'...
[7.070s] Compiling '/home/ghtn10000/robot_ws/install/my_second_pkg_msgs/local/lib/python3.10/dist-packages/my_second_pkg_msgs/msg/_cmd_and_pose_vel.py'...
[7.070s] Listing '/home/ghtn10000/robot_ws/install/my_second_pkg_msgs/local/lib/python3.10/dist-packages/my_second_pkg_msgs/srv'...
[7.070s] Compiling '/home/ghtn10000/robot_ws/install/my_second_pkg_msgs/local/lib/python3.10/dist-packages/my_second_pkg_msgs/srv/__init__.py'...
[7.070s] Compiling '/home/ghtn10000/robot_ws/install/my_second_pkg_msgs/local/lib/python3.10/dist-packages/my_second_pkg_msgs/srv/_multi_spawn.py'...
[7.074s] -- Installing: /home/ghtn10000/robot_ws/install/my_second_pkg_msgs/lib/libmy_second_pkg_msgs__rosidl_generator_py.so
[7.075s] -- Set runtime path of "/home/ghtn10000/robot_ws/install/my_second_pkg_msgs/lib/libmy_second_pkg_msgs__rosidl_generator_py.so" to ""
[7.075s] -- Up-to-date: /home/ghtn10000/robot_ws/install/my_second_pkg_msgs/share/my_second_pkg_msgs/cmake/export_my_second_pkg_msgs__rosidl_generator_cExport.cmake
[7.075s] -- Up-to-date: /home/ghtn10000/robot_ws/install/my_second_pkg_msgs/share/my_second_pkg_msgs/cmake/export_my_second_pkg_msgs__rosidl_generator_cExport-noconfig.cmake
[7.075s] -- Up-to-date: /home/ghtn10000/robot_ws/install/my_second_pkg_msgs/share/my_second_pkg_msgs/cmake/export_my_second_pkg_msgs__rosidl_typesupport_fastrtps_cExport.cmake
[7.075s] -- Up-to-date: /home/ghtn10000/robot_ws/install/my_second_pkg_msgs/share/my_second_pkg_msgs/cmake/export_my_second_pkg_msgs__rosidl_typesupport_fastrtps_cExport-noconfig.cmake
[7.075s] -- Up-to-date: /home/ghtn10000/robot_ws/install/my_second_pkg_msgs/share/my_second_pkg_msgs/cmake/my_second_pkg_msgs__rosidl_typesupport_introspection_cExport.cmake
[7.075s] -- Up-to-date: /home/ghtn10000/robot_ws/install/my_second_pkg_msgs/share/my_second_pkg_msgs/cmake/my_second_pkg_msgs__rosidl_typesupport_introspection_cExport-noconfig.cmake
[7.075s] -- Up-to-date: /home/ghtn10000/robot_ws/install/my_second_pkg_msgs/share/my_second_pkg_msgs/cmake/my_second_pkg_msgs__rosidl_typesupport_cExport.cmake
[7.076s] -- Up-to-date: /home/ghtn10000/robot_ws/install/my_second_pkg_msgs/share/my_second_pkg_msgs/cmake/my_second_pkg_msgs__rosidl_typesupport_cExport-noconfig.cmake
[7.076s] -- Up-to-date: /home/ghtn10000/robot_ws/install/my_second_pkg_msgs/share/my_second_pkg_msgs/cmake/export_my_second_pkg_msgs__rosidl_generator_cppExport.cmake
[7.076s] -- Up-to-date: /home/ghtn10000/robot_ws/install/my_second_pkg_msgs/share/my_second_pkg_msgs/cmake/export_my_second_pkg_msgs__rosidl_typesupport_fastrtps_cppExport.cmake
[7.076s] -- Up-to-date: /home/ghtn10000/robot_ws/install/my_second_pkg_msgs/share/my_second_pkg_msgs/cmake/export_my_second_pkg_msgs__rosidl_typesupport_fastrtps_cppExport-noconfig.cmake
[7.076s] -- Up-to-date: /home/ghtn10000/robot_ws/install/my_second_pkg_msgs/share/my_second_pkg_msgs/cmake/my_second_pkg_msgs__rosidl_typesupport_introspection_cppExport.cmake
[7.076s] -- Up-to-date: /home/ghtn10000/robot_ws/install/my_second_pkg_msgs/share/my_second_pkg_msgs/cmake/my_second_pkg_msgs__rosidl_typesupport_introspection_cppExport-noconfig.cmake
[7.076s] -- Up-to-date: /home/ghtn10000/robot_ws/install/my_second_pkg_msgs/share/my_second_pkg_msgs/cmake/my_second_pkg_msgs__rosidl_typesupport_cppExport.cmake
[7.076s] -- Up-to-date: /home/ghtn10000/robot_ws/install/my_second_pkg_msgs/share/my_second_pkg_msgs/cmake/my_second_pkg_msgs__rosidl_typesupport_cppExport-noconfig.cmake
[7.076s] -- Up-to-date: /home/ghtn10000/robot_ws/install/my_second_pkg_msgs/share/my_second_pkg_msgs/cmake/export_my_second_pkg_msgs__rosidl_generator_pyExport.cmake
[7.076s] -- Up-to-date: /home/ghtn10000/robot_ws/install/my_second_pkg_msgs/share/my_second_pkg_msgs/cmake/export_my_second_pkg_msgs__rosidl_generator_pyExport-noconfig.cmake
[7.078s] Invoked command in '/home/ghtn10000/robot_ws/build/my_second_pkg_msgs' returned '0': CMAKE_PREFIX_PATH=${CMAKE_PREFIX_PATH}:/home/ghtn10000/turtlebot3_ws/install/turtlebot3_teleop:/home/ghtn10000/turtlebot3_ws/install/turtlebot3_example:/home/ghtn10000/turtlebot3_ws/install/turtlebot3_dqn:/home/ghtn10000/robot_ws/install/my_turtlesim_mobeturtle_pkg:/home/ghtn10000/robot_ws/install/my_timer_pkg:/home/ghtn10000/robot_ws/install/my_first_ros_rclpy_pkg:/opt/ros/humble /usr/bin/cmake --install /home/ghtn10000/robot_ws/build/my_second_pkg_msgs
