[0.097s] DEBUG:colcon:Command line arguments: ['/usr/bin/colcon', 'build', '--symlink-install']
[0.097s] DEBUG:colcon:Parsed command line arguments: Namespace(log_base=None, log_level=None, verb_name='build', build_base='build', install_base='install', merge_install=False, symlink_install=True, test_result_base=None, continue_on_error=False, executor='parallel', parallel_workers=8, event_handlers=None, ignore_user_meta=False, metas=['./colcon.meta'], base_paths=['.'], packages_ignore=None, packages_ignore_regex=None, paths=None, packages_up_to=None, packages_up_to_regex=None, packages_above=None, packages_above_and_dependencies=None, packages_above_depth=None, packages_select_by_dep=None, packages_skip_by_dep=None, packages_skip_up_to=None, packages_select_build_failed=False, packages_skip_build_finished=False, packages_select_test_failures=False, packages_skip_test_passed=False, packages_select=None, packages_skip=None, packages_select_regex=None, packages_skip_regex=None, packages_start=None, packages_end=None, allow_overriding=[], cmake_args=None, cmake_target=None, cmake_target_skip_unavailable=False, cmake_clean_cache=False, cmake_clean_first=False, cmake_force_configure=False, ament_cmake_args=None, catkin_cmake_args=None, catkin_skip_building_tests=False, verb_parser=<colcon_defaults.argument_parser.defaults.DefaultArgumentsDecorator object at 0x7c027ab74940>, verb_extension=<colcon_core.verb.build.BuildVerb object at 0x7c027ab74400>, main=<bound method BuildVerb.main of <colcon_core.verb.build.BuildVerb object at 0x7c027ab74400>>)
[0.234s] Level 1:colcon.colcon_core.package_discovery:discover_packages(colcon_meta) check parameters
[0.234s] Level 1:colcon.colcon_core.package_discovery:discover_packages(recursive) check parameters
[0.234s] Level 1:colcon.colcon_core.package_discovery:discover_packages(ignore) check parameters
[0.234s] Level 1:colcon.colcon_core.package_discovery:discover_packages(path) check parameters
[0.234s] Level 1:colcon.colcon_core.package_discovery:discover_packages(colcon_meta) discover
[0.234s] Level 1:colcon.colcon_core.package_discovery:discover_packages(recursive) discover
[0.234s] INFO:colcon.colcon_core.package_discovery:Crawling recursively for packages in '/home/ghtn10000/robot_ws'
[0.235s] Level 1:colcon.colcon_core.package_identification:_identify(.) by extensions ['ignore', 'ignore_ament_install']
[0.235s] Level 1:colcon.colcon_core.package_identification:_identify(.) by extension 'ignore'
[0.235s] Level 1:colcon.colcon_core.package_identification:_identify(.) by extension 'ignore_ament_install'
[0.235s] Level 1:colcon.colcon_core.package_identification:_identify(.) by extensions ['colcon_pkg']
[0.235s] Level 1:colcon.colcon_core.package_identification:_identify(.) by extension 'colcon_pkg'
[0.235s] Level 1:colcon.colcon_core.package_identification:_identify(.) by extensions ['colcon_meta']
[0.235s] Level 1:colcon.colcon_core.package_identification:_identify(.) by extension 'colcon_meta'
[0.235s] Level 1:colcon.colcon_core.package_identification:_identify(.) by extensions ['ros']
[0.235s] Level 1:colcon.colcon_core.package_identification:_identify(.) by extension 'ros'
[0.252s] Level 1:colcon.colcon_core.package_identification:_identify(.) by extensions ['cmake', 'python']
[0.252s] Level 1:colcon.colcon_core.package_identification:_identify(.) by extension 'cmake'
[0.252s] Level 1:colcon.colcon_core.package_identification:_identify(.) by extension 'python'
[0.252s] Level 1:colcon.colcon_core.package_identification:_identify(.) by extensions ['python_setup_py']
[0.252s] Level 1:colcon.colcon_core.package_identification:_identify(.) by extension 'python_setup_py'
[0.252s] Level 1:colcon.colcon_core.package_identification:_identify(build) by extensions ['ignore', 'ignore_ament_install']
[0.252s] Level 1:colcon.colcon_core.package_identification:_identify(build) by extension 'ignore'
[0.252s] Level 1:colcon.colcon_core.package_identification:_identify(build) ignored
[0.252s] Level 1:colcon.colcon_core.package_identification:_identify(install) by extensions ['ignore', 'ignore_ament_install']
[0.252s] Level 1:colcon.colcon_core.package_identification:_identify(install) by extension 'ignore'
[0.252s] Level 1:colcon.colcon_core.package_identification:_identify(install) ignored
[0.252s] Level 1:colcon.colcon_core.package_identification:_identify(log) by extensions ['ignore', 'ignore_ament_install']
[0.253s] Level 1:colcon.colcon_core.package_identification:_identify(log) by extension 'ignore'
[0.253s] Level 1:colcon.colcon_core.package_identification:_identify(log) ignored
[0.253s] Level 1:colcon.colcon_core.package_identification:_identify(src) by extensions ['ignore', 'ignore_ament_install']
[0.253s] Level 1:colcon.colcon_core.package_identification:_identify(src) by extension 'ignore'
[0.253s] Level 1:colcon.colcon_core.package_identification:_identify(src) by extension 'ignore_ament_install'
[0.253s] Level 1:colcon.colcon_core.package_identification:_identify(src) by extensions ['colcon_pkg']
[0.253s] Level 1:colcon.colcon_core.package_identification:_identify(src) by extension 'colcon_pkg'
[0.253s] Level 1:colcon.colcon_core.package_identification:_identify(src) by extensions ['colcon_meta']
[0.253s] Level 1:colcon.colcon_core.package_identification:_identify(src) by extension 'colcon_meta'
[0.253s] Level 1:colcon.colcon_core.package_identification:_identify(src) by extensions ['ros']
[0.253s] Level 1:colcon.colcon_core.package_identification:_identify(src) by extension 'ros'
[0.253s] Level 1:colcon.colcon_core.package_identification:_identify(src) by extensions ['cmake', 'python']
[0.253s] Level 1:colcon.colcon_core.package_identification:_identify(src) by extension 'cmake'
[0.253s] Level 1:colcon.colcon_core.package_identification:_identify(src) by extension 'python'
[0.253s] Level 1:colcon.colcon_core.package_identification:_identify(src) by extensions ['python_setup_py']
[0.253s] Level 1:colcon.colcon_core.package_identification:_identify(src) by extension 'python_setup_py'
[0.253s] Level 1:colcon.colcon_core.package_identification:_identify(src/log) by extensions ['ignore', 'ignore_ament_install']
[0.253s] Level 1:colcon.colcon_core.package_identification:_identify(src/log) by extension 'ignore'
[0.253s] Level 1:colcon.colcon_core.package_identification:_identify(src/log) ignored
[0.253s] Level 1:colcon.colcon_core.package_identification:_identify(src/msg_srv_act_interface_ex) by extensions ['ignore', 'ignore_ament_install']
[0.253s] Level 1:colcon.colcon_core.package_identification:_identify(src/msg_srv_act_interface_ex) by extension 'ignore'
[0.253s] Level 1:colcon.colcon_core.package_identification:_identify(src/msg_srv_act_interface_ex) by extension 'ignore_ament_install'
[0.253s] Level 1:colcon.colcon_core.package_identification:_identify(src/msg_srv_act_interface_ex) by extensions ['colcon_pkg']
[0.253s] Level 1:colcon.colcon_core.package_identification:_identify(src/msg_srv_act_interface_ex) by extension 'colcon_pkg'
[0.253s] Level 1:colcon.colcon_core.package_identification:_identify(src/msg_srv_act_interface_ex) by extensions ['colcon_meta']
[0.253s] Level 1:colcon.colcon_core.package_identification:_identify(src/msg_srv_act_interface_ex) by extension 'colcon_meta'
[0.253s] Level 1:colcon.colcon_core.package_identification:_identify(src/msg_srv_act_interface_ex) by extensions ['ros']
[0.253s] Level 1:colcon.colcon_core.package_identification:_identify(src/msg_srv_act_interface_ex) by extension 'ros'
[0.255s] DEBUG:colcon.colcon_core.package_identification:Package 'src/msg_srv_act_interface_ex' with type 'ros.ament_cmake' and name 'msg_srv_act_interface_ex'
[0.255s] Level 1:colcon.colcon_core.package_identification:_identify(src/my_first_ros_rclpy_pkg) by extensions ['ignore', 'ignore_ament_install']
[0.255s] Level 1:colcon.colcon_core.package_identification:_identify(src/my_first_ros_rclpy_pkg) by extension 'ignore'
[0.256s] Level 1:colcon.colcon_core.package_identification:_identify(src/my_first_ros_rclpy_pkg) by extension 'ignore_ament_install'
[0.256s] Level 1:colcon.colcon_core.package_identification:_identify(src/my_first_ros_rclpy_pkg) by extensions ['colcon_pkg']
[0.256s] Level 1:colcon.colcon_core.package_identification:_identify(src/my_first_ros_rclpy_pkg) by extension 'colcon_pkg'
[0.256s] Level 1:colcon.colcon_core.package_identification:_identify(src/my_first_ros_rclpy_pkg) by extensions ['colcon_meta']
[0.256s] Level 1:colcon.colcon_core.package_identification:_identify(src/my_first_ros_rclpy_pkg) by extension 'colcon_meta'
[0.256s] Level 1:colcon.colcon_core.package_identification:_identify(src/my_first_ros_rclpy_pkg) by extensions ['ros']
[0.256s] Level 1:colcon.colcon_core.package_identification:_identify(src/my_first_ros_rclpy_pkg) by extension 'ros'
[0.256s] DEBUG:colcon.colcon_core.package_identification:Package 'src/my_first_ros_rclpy_pkg' with type 'ros.ament_python' and name 'my_first_ros_rclpy_pkg'
[0.256s] Level 1:colcon.colcon_core.package_identification:_identify(src/my_second_pkg_msgs) by extensions ['ignore', 'ignore_ament_install']
[0.256s] Level 1:colcon.colcon_core.package_identification:_identify(src/my_second_pkg_msgs) by extension 'ignore'
[0.256s] Level 1:colcon.colcon_core.package_identification:_identify(src/my_second_pkg_msgs) by extension 'ignore_ament_install'
[0.256s] Level 1:colcon.colcon_core.package_identification:_identify(src/my_second_pkg_msgs) by extensions ['colcon_pkg']
[0.256s] Level 1:colcon.colcon_core.package_identification:_identify(src/my_second_pkg_msgs) by extension 'colcon_pkg'
[0.257s] Level 1:colcon.colcon_core.package_identification:_identify(src/my_second_pkg_msgs) by extensions ['colcon_meta']
[0.257s] Level 1:colcon.colcon_core.package_identification:_identify(src/my_second_pkg_msgs) by extension 'colcon_meta'
[0.257s] Level 1:colcon.colcon_core.package_identification:_identify(src/my_second_pkg_msgs) by extensions ['ros']
[0.257s] Level 1:colcon.colcon_core.package_identification:_identify(src/my_second_pkg_msgs) by extension 'ros'
[0.257s] DEBUG:colcon.colcon_core.package_identification:Package 'src/my_second_pkg_msgs' with type 'ros.ament_cmake' and name 'my_second_pkg_msgs'
[0.257s] Level 1:colcon.colcon_core.package_identification:_identify(src/my_timer_pkg) by extensions ['ignore', 'ignore_ament_install']
[0.257s] Level 1:colcon.colcon_core.package_identification:_identify(src/my_timer_pkg) by extension 'ignore'
[0.257s] Level 1:colcon.colcon_core.package_identification:_identify(src/my_timer_pkg) by extension 'ignore_ament_install'
[0.257s] Level 1:colcon.colcon_core.package_identification:_identify(src/my_timer_pkg) by extensions ['colcon_pkg']
[0.257s] Level 1:colcon.colcon_core.package_identification:_identify(src/my_timer_pkg) by extension 'colcon_pkg'
[0.257s] Level 1:colcon.colcon_core.package_identification:_identify(src/my_timer_pkg) by extensions ['colcon_meta']
[0.257s] Level 1:colcon.colcon_core.package_identification:_identify(src/my_timer_pkg) by extension 'colcon_meta'
[0.257s] Level 1:colcon.colcon_core.package_identification:_identify(src/my_timer_pkg) by extensions ['ros']
[0.257s] Level 1:colcon.colcon_core.package_identification:_identify(src/my_timer_pkg) by extension 'ros'
[0.258s] DEBUG:colcon.colcon_core.package_identification:Package 'src/my_timer_pkg' with type 'ros.ament_python' and name 'my_timer_pkg'
[0.258s] Level 1:colcon.colcon_core.package_identification:_identify(src/my_turtlesim_mobeturtle_pkg) by extensions ['ignore', 'ignore_ament_install']
[0.258s] Level 1:colcon.colcon_core.package_identification:_identify(src/my_turtlesim_mobeturtle_pkg) by extension 'ignore'
[0.258s] Level 1:colcon.colcon_core.package_identification:_identify(src/my_turtlesim_mobeturtle_pkg) by extension 'ignore_ament_install'
[0.258s] Level 1:colcon.colcon_core.package_identification:_identify(src/my_turtlesim_mobeturtle_pkg) by extensions ['colcon_pkg']
[0.258s] Level 1:colcon.colcon_core.package_identification:_identify(src/my_turtlesim_mobeturtle_pkg) by extension 'colcon_pkg'
[0.258s] Level 1:colcon.colcon_core.package_identification:_identify(src/my_turtlesim_mobeturtle_pkg) by extensions ['colcon_meta']
[0.258s] Level 1:colcon.colcon_core.package_identification:_identify(src/my_turtlesim_mobeturtle_pkg) by extension 'colcon_meta'
[0.258s] Level 1:colcon.colcon_core.package_identification:_identify(src/my_turtlesim_mobeturtle_pkg) by extensions ['ros']
[0.258s] Level 1:colcon.colcon_core.package_identification:_identify(src/my_turtlesim_mobeturtle_pkg) by extension 'ros'
[0.258s] DEBUG:colcon.colcon_core.package_identification:Package 'src/my_turtlesim_mobeturtle_pkg' with type 'ros.ament_python' and name 'my_turtlesim_mobeturtle_pkg'
[0.259s] Level 1:colcon.colcon_core.package_identification:_identify(src/topic_srv_act_rclpy_ex) by extensions ['ignore', 'ignore_ament_install']
[0.259s] Level 1:colcon.colcon_core.package_identification:_identify(src/topic_srv_act_rclpy_ex) by extension 'ignore'
[0.259s] Level 1:colcon.colcon_core.package_identification:_identify(src/topic_srv_act_rclpy_ex) by extension 'ignore_ament_install'
[0.259s] Level 1:colcon.colcon_core.package_identification:_identify(src/topic_srv_act_rclpy_ex) by extensions ['colcon_pkg']
[0.259s] Level 1:colcon.colcon_core.package_identification:_identify(src/topic_srv_act_rclpy_ex) by extension 'colcon_pkg'
[0.259s] Level 1:colcon.colcon_core.package_identification:_identify(src/topic_srv_act_rclpy_ex) by extensions ['colcon_meta']
[0.259s] Level 1:colcon.colcon_core.package_identification:_identify(src/topic_srv_act_rclpy_ex) by extension 'colcon_meta'
[0.259s] Level 1:colcon.colcon_core.package_identification:_identify(src/topic_srv_act_rclpy_ex) by extensions ['ros']
[0.259s] Level 1:colcon.colcon_core.package_identification:_identify(src/topic_srv_act_rclpy_ex) by extension 'ros'
[0.259s] DEBUG:colcon.colcon_core.package_identification:Package 'src/topic_srv_act_rclpy_ex' with type 'ros.ament_python' and name 'topic_srv_act_rclpy_ex'
[0.259s] Level 1:colcon.colcon_core.package_discovery:discover_packages(recursive) using defaults
[0.259s] Level 1:colcon.colcon_core.package_discovery:discover_packages(ignore) discover
[0.259s] Level 1:colcon.colcon_core.package_discovery:discover_packages(ignore) using defaults
[0.259s] Level 1:colcon.colcon_core.package_discovery:discover_packages(path) discover
[0.259s] Level 1:colcon.colcon_core.package_discovery:discover_packages(path) using defaults
[0.283s] Level 1:colcon.colcon_core.package_discovery:discover_packages(prefix_path) check parameters
[0.283s] Level 1:colcon.colcon_core.package_discovery:discover_packages(prefix_path) discover
[0.285s] DEBUG:colcon.colcon_installed_package_information.package_discovery:Found 15 installed packages in /home/ghtn10000/turtlebot3_ws/install
[0.286s] DEBUG:colcon.colcon_installed_package_information.package_discovery:Found 6 installed packages in /home/ghtn10000/robot_ws/install
[0.287s] DEBUG:colcon.colcon_installed_package_information.package_discovery:Found 365 installed packages in /opt/ros/humble
[0.288s] Level 1:colcon.colcon_core.package_discovery:discover_packages(prefix_path) using defaults
[0.336s] Level 5:colcon.colcon_core.verb:set package 'msg_srv_act_interface_ex' build argument 'cmake_args' from command line to 'None'
[0.336s] Level 5:colcon.colcon_core.verb:set package 'msg_srv_act_interface_ex' build argument 'cmake_target' from command line to 'None'
[0.336s] Level 5:colcon.colcon_core.verb:set package 'msg_srv_act_interface_ex' build argument 'cmake_target_skip_unavailable' from command line to 'False'
[0.336s] Level 5:colcon.colcon_core.verb:set package 'msg_srv_act_interface_ex' build argument 'cmake_clean_cache' from command line to 'False'
[0.336s] Level 5:colcon.colcon_core.verb:set package 'msg_srv_act_interface_ex' build argument 'cmake_clean_first' from command line to 'False'
[0.336s] Level 5:colcon.colcon_core.verb:set package 'msg_srv_act_interface_ex' build argument 'cmake_force_configure' from command line to 'False'
[0.336s] Level 5:colcon.colcon_core.verb:set package 'msg_srv_act_interface_ex' build argument 'ament_cmake_args' from command line to 'None'
[0.336s] Level 5:colcon.colcon_core.verb:set package 'msg_srv_act_interface_ex' build argument 'catkin_cmake_args' from command line to 'None'
[0.336s] Level 5:colcon.colcon_core.verb:set package 'msg_srv_act_interface_ex' build argument 'catkin_skip_building_tests' from command line to 'False'
[0.336s] DEBUG:colcon.colcon_core.verb:Building package 'msg_srv_act_interface_ex' with the following arguments: {'ament_cmake_args': None, 'build_base': '/home/ghtn10000/robot_ws/build/msg_srv_act_interface_ex', 'catkin_cmake_args': None, 'catkin_skip_building_tests': False, 'cmake_args': None, 'cmake_clean_cache': False, 'cmake_clean_first': False, 'cmake_force_configure': False, 'cmake_target': None, 'cmake_target_skip_unavailable': False, 'install_base': '/home/ghtn10000/robot_ws/install/msg_srv_act_interface_ex', 'merge_install': False, 'path': '/home/ghtn10000/robot_ws/src/msg_srv_act_interface_ex', 'symlink_install': True, 'test_result_base': None}
[0.336s] Level 5:colcon.colcon_core.verb:set package 'my_first_ros_rclpy_pkg' build argument 'cmake_args' from command line to 'None'
[0.336s] Level 5:colcon.colcon_core.verb:set package 'my_first_ros_rclpy_pkg' build argument 'cmake_target' from command line to 'None'
[0.336s] Level 5:colcon.colcon_core.verb:set package 'my_first_ros_rclpy_pkg' build argument 'cmake_target_skip_unavailable' from command line to 'False'
[0.336s] Level 5:colcon.colcon_core.verb:set package 'my_first_ros_rclpy_pkg' build argument 'cmake_clean_cache' from command line to 'False'
[0.336s] Level 5:colcon.colcon_core.verb:set package 'my_first_ros_rclpy_pkg' build argument 'cmake_clean_first' from command line to 'False'
[0.336s] Level 5:colcon.colcon_core.verb:set package 'my_first_ros_rclpy_pkg' build argument 'cmake_force_configure' from command line to 'False'
[0.336s] Level 5:colcon.colcon_core.verb:set package 'my_first_ros_rclpy_pkg' build argument 'ament_cmake_args' from command line to 'None'
[0.336s] Level 5:colcon.colcon_core.verb:set package 'my_first_ros_rclpy_pkg' build argument 'catkin_cmake_args' from command line to 'None'
[0.336s] Level 5:colcon.colcon_core.verb:set package 'my_first_ros_rclpy_pkg' build argument 'catkin_skip_building_tests' from command line to 'False'
[0.336s] DEBUG:colcon.colcon_core.verb:Building package 'my_first_ros_rclpy_pkg' with the following arguments: {'ament_cmake_args': None, 'build_base': '/home/ghtn10000/robot_ws/build/my_first_ros_rclpy_pkg', 'catkin_cmake_args': None, 'catkin_skip_building_tests': False, 'cmake_args': None, 'cmake_clean_cache': False, 'cmake_clean_first': False, 'cmake_force_configure': False, 'cmake_target': None, 'cmake_target_skip_unavailable': False, 'install_base': '/home/ghtn10000/robot_ws/install/my_first_ros_rclpy_pkg', 'merge_install': False, 'path': '/home/ghtn10000/robot_ws/src/my_first_ros_rclpy_pkg', 'symlink_install': True, 'test_result_base': None}
[0.337s] Level 5:colcon.colcon_core.verb:set package 'my_second_pkg_msgs' build argument 'cmake_args' from command line to 'None'
[0.337s] Level 5:colcon.colcon_core.verb:set package 'my_second_pkg_msgs' build argument 'cmake_target' from command line to 'None'
[0.337s] Level 5:colcon.colcon_core.verb:set package 'my_second_pkg_msgs' build argument 'cmake_target_skip_unavailable' from command line to 'False'
[0.337s] Level 5:colcon.colcon_core.verb:set package 'my_second_pkg_msgs' build argument 'cmake_clean_cache' from command line to 'False'
[0.337s] Level 5:colcon.colcon_core.verb:set package 'my_second_pkg_msgs' build argument 'cmake_clean_first' from command line to 'False'
[0.337s] Level 5:colcon.colcon_core.verb:set package 'my_second_pkg_msgs' build argument 'cmake_force_configure' from command line to 'False'
[0.337s] Level 5:colcon.colcon_core.verb:set package 'my_second_pkg_msgs' build argument 'ament_cmake_args' from command line to 'None'
[0.337s] Level 5:colcon.colcon_core.verb:set package 'my_second_pkg_msgs' build argument 'catkin_cmake_args' from command line to 'None'
[0.337s] Level 5:colcon.colcon_core.verb:set package 'my_second_pkg_msgs' build argument 'catkin_skip_building_tests' from command line to 'False'
[0.337s] DEBUG:colcon.colcon_core.verb:Building package 'my_second_pkg_msgs' with the following arguments: {'ament_cmake_args': None, 'build_base': '/home/ghtn10000/robot_ws/build/my_second_pkg_msgs', 'catkin_cmake_args': None, 'catkin_skip_building_tests': False, 'cmake_args': None, 'cmake_clean_cache': False, 'cmake_clean_first': False, 'cmake_force_configure': False, 'cmake_target': None, 'cmake_target_skip_unavailable': False, 'install_base': '/home/ghtn10000/robot_ws/install/my_second_pkg_msgs', 'merge_install': False, 'path': '/home/ghtn10000/robot_ws/src/my_second_pkg_msgs', 'symlink_install': True, 'test_result_base': None}
[0.337s] Level 5:colcon.colcon_core.verb:set package 'my_timer_pkg' build argument 'cmake_args' from command line to 'None'
[0.337s] Level 5:colcon.colcon_core.verb:set package 'my_timer_pkg' build argument 'cmake_target' from command line to 'None'
[0.337s] Level 5:colcon.colcon_core.verb:set package 'my_timer_pkg' build argument 'cmake_target_skip_unavailable' from command line to 'False'
[0.337s] Level 5:colcon.colcon_core.verb:set package 'my_timer_pkg' build argument 'cmake_clean_cache' from command line to 'False'
[0.337s] Level 5:colcon.colcon_core.verb:set package 'my_timer_pkg' build argument 'cmake_clean_first' from command line to 'False'
[0.337s] Level 5:colcon.colcon_core.verb:set package 'my_timer_pkg' build argument 'cmake_force_configure' from command line to 'False'
[0.337s] Level 5:colcon.colcon_core.verb:set package 'my_timer_pkg' build argument 'ament_cmake_args' from command line to 'None'
[0.337s] Level 5:colcon.colcon_core.verb:set package 'my_timer_pkg' build argument 'catkin_cmake_args' from command line to 'None'
[0.337s] Level 5:colcon.colcon_core.verb:set package 'my_timer_pkg' build argument 'catkin_skip_building_tests' from command line to 'False'
[0.337s] DEBUG:colcon.colcon_core.verb:Building package 'my_timer_pkg' with the following arguments: {'ament_cmake_args': None, 'build_base': '/home/ghtn10000/robot_ws/build/my_timer_pkg', 'catkin_cmake_args': None, 'catkin_skip_building_tests': False, 'cmake_args': None, 'cmake_clean_cache': False, 'cmake_clean_first': False, 'cmake_force_configure': False, 'cmake_target': None, 'cmake_target_skip_unavailable': False, 'install_base': '/home/ghtn10000/robot_ws/install/my_timer_pkg', 'merge_install': False, 'path': '/home/ghtn10000/robot_ws/src/my_timer_pkg', 'symlink_install': True, 'test_result_base': None}
[0.338s] Level 5:colcon.colcon_core.verb:set package 'my_turtlesim_mobeturtle_pkg' build argument 'cmake_args' from command line to 'None'
[0.338s] Level 5:colcon.colcon_core.verb:set package 'my_turtlesim_mobeturtle_pkg' build argument 'cmake_target' from command line to 'None'
[0.338s] Level 5:colcon.colcon_core.verb:set package 'my_turtlesim_mobeturtle_pkg' build argument 'cmake_target_skip_unavailable' from command line to 'False'
[0.338s] Level 5:colcon.colcon_core.verb:set package 'my_turtlesim_mobeturtle_pkg' build argument 'cmake_clean_cache' from command line to 'False'
[0.338s] Level 5:colcon.colcon_core.verb:set package 'my_turtlesim_mobeturtle_pkg' build argument 'cmake_clean_first' from command line to 'False'
[0.338s] Level 5:colcon.colcon_core.verb:set package 'my_turtlesim_mobeturtle_pkg' build argument 'cmake_force_configure' from command line to 'False'
[0.338s] Level 5:colcon.colcon_core.verb:set package 'my_turtlesim_mobeturtle_pkg' build argument 'ament_cmake_args' from command line to 'None'
[0.338s] Level 5:colcon.colcon_core.verb:set package 'my_turtlesim_mobeturtle_pkg' build argument 'catkin_cmake_args' from command line to 'None'
[0.338s] Level 5:colcon.colcon_core.verb:set package 'my_turtlesim_mobeturtle_pkg' build argument 'catkin_skip_building_tests' from command line to 'False'
[0.338s] DEBUG:colcon.colcon_core.verb:Building package 'my_turtlesim_mobeturtle_pkg' with the following arguments: {'ament_cmake_args': None, 'build_base': '/home/ghtn10000/robot_ws/build/my_turtlesim_mobeturtle_pkg', 'catkin_cmake_args': None, 'catkin_skip_building_tests': False, 'cmake_args': None, 'cmake_clean_cache': False, 'cmake_clean_first': False, 'cmake_force_configure': False, 'cmake_target': None, 'cmake_target_skip_unavailable': False, 'install_base': '/home/ghtn10000/robot_ws/install/my_turtlesim_mobeturtle_pkg', 'merge_install': False, 'path': '/home/ghtn10000/robot_ws/src/my_turtlesim_mobeturtle_pkg', 'symlink_install': True, 'test_result_base': None}
[0.338s] Level 5:colcon.colcon_core.verb:set package 'topic_srv_act_rclpy_ex' build argument 'cmake_args' from command line to 'None'
[0.338s] Level 5:colcon.colcon_core.verb:set package 'topic_srv_act_rclpy_ex' build argument 'cmake_target' from command line to 'None'
[0.338s] Level 5:colcon.colcon_core.verb:set package 'topic_srv_act_rclpy_ex' build argument 'cmake_target_skip_unavailable' from command line to 'False'
[0.338s] Level 5:colcon.colcon_core.verb:set package 'topic_srv_act_rclpy_ex' build argument 'cmake_clean_cache' from command line to 'False'
[0.338s] Level 5:colcon.colcon_core.verb:set package 'topic_srv_act_rclpy_ex' build argument 'cmake_clean_first' from command line to 'False'
[0.338s] Level 5:colcon.colcon_core.verb:set package 'topic_srv_act_rclpy_ex' build argument 'cmake_force_configure' from command line to 'False'
[0.338s] Level 5:colcon.colcon_core.verb:set package 'topic_srv_act_rclpy_ex' build argument 'ament_cmake_args' from command line to 'None'
[0.338s] Level 5:colcon.colcon_core.verb:set package 'topic_srv_act_rclpy_ex' build argument 'catkin_cmake_args' from command line to 'None'
[0.338s] Level 5:colcon.colcon_core.verb:set package 'topic_srv_act_rclpy_ex' build argument 'catkin_skip_building_tests' from command line to 'False'
[0.338s] DEBUG:colcon.colcon_core.verb:Building package 'topic_srv_act_rclpy_ex' with the following arguments: {'ament_cmake_args': None, 'build_base': '/home/ghtn10000/robot_ws/build/topic_srv_act_rclpy_ex', 'catkin_cmake_args': None, 'catkin_skip_building_tests': False, 'cmake_args': None, 'cmake_clean_cache': False, 'cmake_clean_first': False, 'cmake_force_configure': False, 'cmake_target': None, 'cmake_target_skip_unavailable': False, 'install_base': '/home/ghtn10000/robot_ws/install/topic_srv_act_rclpy_ex', 'merge_install': False, 'path': '/home/ghtn10000/robot_ws/src/topic_srv_act_rclpy_ex', 'symlink_install': True, 'test_result_base': None}
[0.338s] INFO:colcon.colcon_core.executor:Executing jobs using 'parallel' executor
[0.339s] DEBUG:colcon.colcon_parallel_executor.executor.parallel:run_until_complete
[0.339s] INFO:colcon.colcon_ros.task.ament_cmake.build:Building ROS package in '/home/ghtn10000/robot_ws/src/msg_srv_act_interface_ex' with build type 'ament_cmake'
[0.339s] INFO:colcon.colcon_cmake.task.cmake.build:Building CMake package in '/home/ghtn10000/robot_ws/src/msg_srv_act_interface_ex'
[0.342s] INFO:colcon.colcon_core.plugin_system:Skipping extension 'colcon_core.shell.bat': Not used on non-Windows systems
[0.342s] INFO:colcon.colcon_core.shell:Skip shell extension 'powershell' for command environment: Not usable outside of PowerShell
[0.342s] DEBUG:colcon.colcon_core.shell:Skip shell extension 'dsv' for command environment
[0.346s] INFO:colcon.colcon_ros.task.ament_python.build:Building ROS package in '/home/ghtn10000/robot_ws/src/my_first_ros_rclpy_pkg' with build type 'ament_python'
[0.346s] Level 1:colcon.colcon_core.shell:create_environment_hook('my_first_ros_rclpy_pkg', 'ament_prefix_path')
[0.346s] INFO:colcon.colcon_core.shell:Creating environment hook '/home/ghtn10000/robot_ws/install/my_first_ros_rclpy_pkg/share/my_first_ros_rclpy_pkg/hook/ament_prefix_path.ps1'
[0.347s] INFO:colcon.colcon_core.shell:Creating environment descriptor '/home/ghtn10000/robot_ws/install/my_first_ros_rclpy_pkg/share/my_first_ros_rclpy_pkg/hook/ament_prefix_path.dsv'
[0.347s] INFO:colcon.colcon_core.shell:Creating environment hook '/home/ghtn10000/robot_ws/install/my_first_ros_rclpy_pkg/share/my_first_ros_rclpy_pkg/hook/ament_prefix_path.sh'
[0.348s] INFO:colcon.colcon_core.shell:Skip shell extension 'powershell' for command environment: Not usable outside of PowerShell
[0.348s] DEBUG:colcon.colcon_core.shell:Skip shell extension 'dsv' for command environment
[0.352s] INFO:colcon.colcon_ros.task.ament_cmake.build:Building ROS package in '/home/ghtn10000/robot_ws/src/my_second_pkg_msgs' with build type 'ament_cmake'
[0.352s] INFO:colcon.colcon_cmake.task.cmake.build:Building CMake package in '/home/ghtn10000/robot_ws/src/my_second_pkg_msgs'
[0.352s] INFO:colcon.colcon_core.shell:Skip shell extension 'powershell' for command environment: Not usable outside of PowerShell
[0.352s] DEBUG:colcon.colcon_core.shell:Skip shell extension 'dsv' for command environment
[0.356s] INFO:colcon.colcon_ros.task.ament_python.build:Building ROS package in '/home/ghtn10000/robot_ws/src/my_timer_pkg' with build type 'ament_python'
[0.356s] Level 1:colcon.colcon_core.shell:create_environment_hook('my_timer_pkg', 'ament_prefix_path')
[0.356s] INFO:colcon.colcon_core.shell:Creating environment hook '/home/ghtn10000/robot_ws/install/my_timer_pkg/share/my_timer_pkg/hook/ament_prefix_path.ps1'
[0.357s] INFO:colcon.colcon_core.shell:Creating environment descriptor '/home/ghtn10000/robot_ws/install/my_timer_pkg/share/my_timer_pkg/hook/ament_prefix_path.dsv'
[0.357s] INFO:colcon.colcon_core.shell:Creating environment hook '/home/ghtn10000/robot_ws/install/my_timer_pkg/share/my_timer_pkg/hook/ament_prefix_path.sh'
[0.358s] INFO:colcon.colcon_core.shell:Skip shell extension 'powershell' for command environment: Not usable outside of PowerShell
[0.358s] DEBUG:colcon.colcon_core.shell:Skip shell extension 'dsv' for command environment
[0.363s] INFO:colcon.colcon_ros.task.ament_python.build:Building ROS package in '/home/ghtn10000/robot_ws/src/my_turtlesim_mobeturtle_pkg' with build type 'ament_python'
[0.363s] Level 1:colcon.colcon_core.shell:create_environment_hook('my_turtlesim_mobeturtle_pkg', 'ament_prefix_path')
[0.363s] INFO:colcon.colcon_core.shell:Creating environment hook '/home/ghtn10000/robot_ws/install/my_turtlesim_mobeturtle_pkg/share/my_turtlesim_mobeturtle_pkg/hook/ament_prefix_path.ps1'
[0.364s] INFO:colcon.colcon_core.shell:Creating environment descriptor '/home/ghtn10000/robot_ws/install/my_turtlesim_mobeturtle_pkg/share/my_turtlesim_mobeturtle_pkg/hook/ament_prefix_path.dsv'
[0.364s] INFO:colcon.colcon_core.shell:Creating environment hook '/home/ghtn10000/robot_ws/install/my_turtlesim_mobeturtle_pkg/share/my_turtlesim_mobeturtle_pkg/hook/ament_prefix_path.sh'
[0.365s] INFO:colcon.colcon_core.shell:Skip shell extension 'powershell' for command environment: Not usable outside of PowerShell
[0.365s] DEBUG:colcon.colcon_core.shell:Skip shell extension 'dsv' for command environment
[0.369s] INFO:colcon.colcon_ros.task.ament_python.build:Building ROS package in '/home/ghtn10000/robot_ws/src/topic_srv_act_rclpy_ex' with build type 'ament_python'
[0.369s] Level 1:colcon.colcon_core.shell:create_environment_hook('topic_srv_act_rclpy_ex', 'ament_prefix_path')
[0.369s] INFO:colcon.colcon_core.shell:Creating environment hook '/home/ghtn10000/robot_ws/install/topic_srv_act_rclpy_ex/share/topic_srv_act_rclpy_ex/hook/ament_prefix_path.ps1'
[0.370s] INFO:colcon.colcon_core.shell:Creating environment descriptor '/home/ghtn10000/robot_ws/install/topic_srv_act_rclpy_ex/share/topic_srv_act_rclpy_ex/hook/ament_prefix_path.dsv'
[0.370s] INFO:colcon.colcon_core.shell:Creating environment hook '/home/ghtn10000/robot_ws/install/topic_srv_act_rclpy_ex/share/topic_srv_act_rclpy_ex/hook/ament_prefix_path.sh'
[0.370s] INFO:colcon.colcon_core.shell:Skip shell extension 'powershell' for command environment: Not usable outside of PowerShell
[0.370s] DEBUG:colcon.colcon_core.shell:Skip shell extension 'dsv' for command environment
[0.377s] DEBUG:colcon.colcon_core.event_handler.log_command:Invoking command in '/home/ghtn10000/robot_ws/build/msg_srv_act_interface_ex': CMAKE_PREFIX_PATH=${CMAKE_PREFIX_PATH}:/home/ghtn10000/turtlebot3_ws/install/turtlebot3_teleop:/home/ghtn10000/turtlebot3_ws/install/turtlebot3_example:/home/ghtn10000/turtlebot3_ws/install/turtlebot3_dqn:/home/ghtn10000/robot_ws/install/topic_srv_act_rclpy_ex:/home/ghtn10000/robot_ws/install/my_turtlesim_mobeturtle_pkg:/home/ghtn10000/robot_ws/install/my_timer_pkg:/home/ghtn10000/robot_ws/install/my_first_ros_rclpy_pkg:/opt/ros/humble /usr/bin/cmake --build /home/ghtn10000/robot_ws/build/msg_srv_act_interface_ex -- -j8 -l8
[0.659s] INFO:colcon.colcon_core.task.python.build:Building Python package in '/home/ghtn10000/robot_ws/src/my_first_ros_rclpy_pkg'
[0.659s] INFO:colcon.colcon_core.shell:Skip shell extension 'powershell' for command environment: Not usable outside of PowerShell
[0.659s] DEBUG:colcon.colcon_core.shell:Skip shell extension 'dsv' for command environment
[0.670s] DEBUG:colcon.colcon_core.event_handler.log_command:Invoking command in '/home/ghtn10000/robot_ws/build/my_second_pkg_msgs': CMAKE_PREFIX_PATH=${CMAKE_PREFIX_PATH}:/home/ghtn10000/turtlebot3_ws/install/turtlebot3_teleop:/home/ghtn10000/turtlebot3_ws/install/turtlebot3_example:/home/ghtn10000/turtlebot3_ws/install/turtlebot3_dqn:/home/ghtn10000/robot_ws/install/topic_srv_act_rclpy_ex:/home/ghtn10000/robot_ws/install/my_turtlesim_mobeturtle_pkg:/home/ghtn10000/robot_ws/install/my_timer_pkg:/home/ghtn10000/robot_ws/install/my_first_ros_rclpy_pkg:/opt/ros/humble /usr/bin/cmake --build /home/ghtn10000/robot_ws/build/my_second_pkg_msgs -- -j8 -l8
[1.002s] INFO:colcon.colcon_core.task.python.build:Building Python package in '/home/ghtn10000/robot_ws/src/my_timer_pkg'
[1.002s] INFO:colcon.colcon_core.shell:Skip shell extension 'powershell' for command environment: Not usable outside of PowerShell
[1.002s] DEBUG:colcon.colcon_core.shell:Skip shell extension 'dsv' for command environment
[1.238s] INFO:colcon.colcon_core.task.python.build:Building Python package in '/home/ghtn10000/robot_ws/src/my_turtlesim_mobeturtle_pkg'
[1.238s] INFO:colcon.colcon_core.shell:Skip shell extension 'powershell' for command environment: Not usable outside of PowerShell
[1.238s] DEBUG:colcon.colcon_core.shell:Skip shell extension 'dsv' for command environment
[1.247s] DEBUG:colcon.colcon_core.event_handler.log_command:Invoked command in '/home/ghtn10000/robot_ws/build/msg_srv_act_interface_ex' returned '0': CMAKE_PREFIX_PATH=${CMAKE_PREFIX_PATH}:/home/ghtn10000/turtlebot3_ws/install/turtlebot3_teleop:/home/ghtn10000/turtlebot3_ws/install/turtlebot3_example:/home/ghtn10000/turtlebot3_ws/install/turtlebot3_dqn:/home/ghtn10000/robot_ws/install/topic_srv_act_rclpy_ex:/home/ghtn10000/robot_ws/install/my_turtlesim_mobeturtle_pkg:/home/ghtn10000/robot_ws/install/my_timer_pkg:/home/ghtn10000/robot_ws/install/my_first_ros_rclpy_pkg:/opt/ros/humble /usr/bin/cmake --build /home/ghtn10000/robot_ws/build/msg_srv_act_interface_ex -- -j8 -l8
[1.256s] DEBUG:colcon.colcon_core.event_handler.log_command:Invoking command in '/home/ghtn10000/robot_ws/build/msg_srv_act_interface_ex': CMAKE_PREFIX_PATH=${CMAKE_PREFIX_PATH}:/home/ghtn10000/turtlebot3_ws/install/turtlebot3_teleop:/home/ghtn10000/turtlebot3_ws/install/turtlebot3_example:/home/ghtn10000/turtlebot3_ws/install/turtlebot3_dqn:/home/ghtn10000/robot_ws/install/topic_srv_act_rclpy_ex:/home/ghtn10000/robot_ws/install/my_turtlesim_mobeturtle_pkg:/home/ghtn10000/robot_ws/install/my_timer_pkg:/home/ghtn10000/robot_ws/install/my_first_ros_rclpy_pkg:/opt/ros/humble /usr/bin/cmake --install /home/ghtn10000/robot_ws/build/msg_srv_act_interface_ex
[1.257s] DEBUG:colcon.colcon_core.event_handler.log_command:Invoked command in '/home/ghtn10000/robot_ws/build/my_second_pkg_msgs' returned '0': CMAKE_PREFIX_PATH=${CMAKE_PREFIX_PATH}:/home/ghtn10000/turtlebot3_ws/install/turtlebot3_teleop:/home/ghtn10000/turtlebot3_ws/install/turtlebot3_example:/home/ghtn10000/turtlebot3_ws/install/turtlebot3_dqn:/home/ghtn10000/robot_ws/install/topic_srv_act_rclpy_ex:/home/ghtn10000/robot_ws/install/my_turtlesim_mobeturtle_pkg:/home/ghtn10000/robot_ws/install/my_timer_pkg:/home/ghtn10000/robot_ws/install/my_first_ros_rclpy_pkg:/opt/ros/humble /usr/bin/cmake --build /home/ghtn10000/robot_ws/build/my_second_pkg_msgs -- -j8 -l8
[1.258s] DEBUG:colcon.colcon_core.event_handler.log_command:Invoking command in '/home/ghtn10000/robot_ws/build/my_second_pkg_msgs': CMAKE_PREFIX_PATH=${CMAKE_PREFIX_PATH}:/home/ghtn10000/turtlebot3_ws/install/turtlebot3_teleop:/home/ghtn10000/turtlebot3_ws/install/turtlebot3_example:/home/ghtn10000/turtlebot3_ws/install/turtlebot3_dqn:/home/ghtn10000/robot_ws/install/topic_srv_act_rclpy_ex:/home/ghtn10000/robot_ws/install/my_turtlesim_mobeturtle_pkg:/home/ghtn10000/robot_ws/install/my_timer_pkg:/home/ghtn10000/robot_ws/install/my_first_ros_rclpy_pkg:/opt/ros/humble /usr/bin/cmake --install /home/ghtn10000/robot_ws/build/my_second_pkg_msgs
[1.491s] INFO:colcon.colcon_core.task.python.build:Building Python package in '/home/ghtn10000/robot_ws/src/topic_srv_act_rclpy_ex'
[1.492s] INFO:colcon.colcon_core.shell:Skip shell extension 'powershell' for command environment: Not usable outside of PowerShell
[1.492s] DEBUG:colcon.colcon_core.shell:Skip shell extension 'dsv' for command environment
[1.520s] Level 1:colcon.colcon_core.environment:create_environment_scripts_only(my_second_pkg_msgs)
[1.521s] DEBUG:colcon.colcon_core.event_handler.log_command:Invoked command in '/home/ghtn10000/robot_ws/build/my_second_pkg_msgs' returned '0': CMAKE_PREFIX_PATH=${CMAKE_PREFIX_PATH}:/home/ghtn10000/turtlebot3_ws/install/turtlebot3_teleop:/home/ghtn10000/turtlebot3_ws/install/turtlebot3_example:/home/ghtn10000/turtlebot3_ws/install/turtlebot3_dqn:/home/ghtn10000/robot_ws/install/topic_srv_act_rclpy_ex:/home/ghtn10000/robot_ws/install/my_turtlesim_mobeturtle_pkg:/home/ghtn10000/robot_ws/install/my_timer_pkg:/home/ghtn10000/robot_ws/install/my_first_ros_rclpy_pkg:/opt/ros/humble /usr/bin/cmake --install /home/ghtn10000/robot_ws/build/my_second_pkg_msgs
[1.528s] Level 1:colcon.colcon_core.environment:checking '/home/ghtn10000/robot_ws/install/my_second_pkg_msgs' for CMake module files
[1.529s] Level 1:colcon.colcon_core.environment:checking '/home/ghtn10000/robot_ws/install/my_second_pkg_msgs' for CMake config files
[1.530s] Level 1:colcon.colcon_core.shell:create_environment_hook('my_second_pkg_msgs', 'cmake_prefix_path')
[1.531s] INFO:colcon.colcon_core.shell:Creating environment hook '/home/ghtn10000/robot_ws/install/my_second_pkg_msgs/share/my_second_pkg_msgs/hook/cmake_prefix_path.ps1'
[1.531s] INFO:colcon.colcon_core.shell:Creating environment descriptor '/home/ghtn10000/robot_ws/install/my_second_pkg_msgs/share/my_second_pkg_msgs/hook/cmake_prefix_path.dsv'
[1.532s] INFO:colcon.colcon_core.shell:Creating environment hook '/home/ghtn10000/robot_ws/install/my_second_pkg_msgs/share/my_second_pkg_msgs/hook/cmake_prefix_path.sh'
[1.533s] Level 1:colcon.colcon_core.environment:checking '/home/ghtn10000/robot_ws/install/my_second_pkg_msgs/lib'
[1.533s] Level 1:colcon.colcon_core.shell:create_environment_hook('my_second_pkg_msgs', 'ld_library_path_lib')
[1.534s] INFO:colcon.colcon_core.shell:Creating environment hook '/home/ghtn10000/robot_ws/install/my_second_pkg_msgs/share/my_second_pkg_msgs/hook/ld_library_path_lib.ps1'
[1.534s] INFO:colcon.colcon_core.shell:Creating environment descriptor '/home/ghtn10000/robot_ws/install/my_second_pkg_msgs/share/my_second_pkg_msgs/hook/ld_library_path_lib.dsv'
[1.535s] INFO:colcon.colcon_core.shell:Creating environment hook '/home/ghtn10000/robot_ws/install/my_second_pkg_msgs/share/my_second_pkg_msgs/hook/ld_library_path_lib.sh'
[1.535s] Level 1:colcon.colcon_core.environment:checking '/home/ghtn10000/robot_ws/install/my_second_pkg_msgs/bin'
[1.535s] Level 1:colcon.colcon_core.environment:checking '/home/ghtn10000/robot_ws/install/my_second_pkg_msgs/lib/pkgconfig/my_second_pkg_msgs.pc'
[1.536s] Level 1:colcon.colcon_core.environment:checking '/home/ghtn10000/robot_ws/install/my_second_pkg_msgs/lib/python3.10/site-packages'
[1.536s] Level 1:colcon.colcon_core.environment:checking '/home/ghtn10000/robot_ws/install/my_second_pkg_msgs/bin'
[1.537s] INFO:colcon.colcon_core.shell:Creating package script '/home/ghtn10000/robot_ws/install/my_second_pkg_msgs/share/my_second_pkg_msgs/package.ps1'
[1.539s] INFO:colcon.colcon_core.shell:Creating package descriptor '/home/ghtn10000/robot_ws/install/my_second_pkg_msgs/share/my_second_pkg_msgs/package.dsv'
[1.541s] INFO:colcon.colcon_core.shell:Creating package script '/home/ghtn10000/robot_ws/install/my_second_pkg_msgs/share/my_second_pkg_msgs/package.sh'
[1.544s] INFO:colcon.colcon_core.shell:Creating package script '/home/ghtn10000/robot_ws/install/my_second_pkg_msgs/share/my_second_pkg_msgs/package.bash'
[1.546s] INFO:colcon.colcon_core.shell:Creating package script '/home/ghtn10000/robot_ws/install/my_second_pkg_msgs/share/my_second_pkg_msgs/package.zsh'
[1.548s] Level 1:colcon.colcon_core.environment:create_file_with_runtime_dependencies(/home/ghtn10000/robot_ws/install/my_second_pkg_msgs/share/colcon-core/packages/my_second_pkg_msgs)
[1.549s] Level 1:colcon.colcon_core.environment:create_environment_scripts_only(my_second_pkg_msgs)
[1.549s] Level 1:colcon.colcon_core.environment:checking '/home/ghtn10000/robot_ws/install/my_second_pkg_msgs' for CMake module files
[1.550s] Level 1:colcon.colcon_core.environment:checking '/home/ghtn10000/robot_ws/install/my_second_pkg_msgs' for CMake config files
[1.551s] Level 1:colcon.colcon_core.shell:create_environment_hook('my_second_pkg_msgs', 'cmake_prefix_path')
[1.552s] INFO:colcon.colcon_core.shell:Creating environment hook '/home/ghtn10000/robot_ws/install/my_second_pkg_msgs/share/my_second_pkg_msgs/hook/cmake_prefix_path.ps1'
[1.553s] INFO:colcon.colcon_core.shell:Creating environment descriptor '/home/ghtn10000/robot_ws/install/my_second_pkg_msgs/share/my_second_pkg_msgs/hook/cmake_prefix_path.dsv'
[1.553s] INFO:colcon.colcon_core.shell:Creating environment hook '/home/ghtn10000/robot_ws/install/my_second_pkg_msgs/share/my_second_pkg_msgs/hook/cmake_prefix_path.sh'
[1.554s] Level 1:colcon.colcon_core.environment:checking '/home/ghtn10000/robot_ws/install/my_second_pkg_msgs/lib'
[1.554s] Level 1:colcon.colcon_core.shell:create_environment_hook('my_second_pkg_msgs', 'ld_library_path_lib')
[1.555s] INFO:colcon.colcon_core.shell:Creating environment hook '/home/ghtn10000/robot_ws/install/my_second_pkg_msgs/share/my_second_pkg_msgs/hook/ld_library_path_lib.ps1'
[1.556s] INFO:colcon.colcon_core.shell:Creating environment descriptor '/home/ghtn10000/robot_ws/install/my_second_pkg_msgs/share/my_second_pkg_msgs/hook/ld_library_path_lib.dsv'
[1.556s] INFO:colcon.colcon_core.shell:Creating environment hook '/home/ghtn10000/robot_ws/install/my_second_pkg_msgs/share/my_second_pkg_msgs/hook/ld_library_path_lib.sh'
[1.557s] Level 1:colcon.colcon_core.environment:checking '/home/ghtn10000/robot_ws/install/my_second_pkg_msgs/bin'
[1.557s] Level 1:colcon.colcon_core.environment:checking '/home/ghtn10000/robot_ws/install/my_second_pkg_msgs/lib/pkgconfig/my_second_pkg_msgs.pc'
[1.557s] Level 1:colcon.colcon_core.environment:checking '/home/ghtn10000/robot_ws/install/my_second_pkg_msgs/lib/python3.10/site-packages'
[1.558s] Level 1:colcon.colcon_core.environment:checking '/home/ghtn10000/robot_ws/install/my_second_pkg_msgs/bin'
[1.558s] INFO:colcon.colcon_core.shell:Creating package script '/home/ghtn10000/robot_ws/install/my_second_pkg_msgs/share/my_second_pkg_msgs/package.ps1'
[1.559s] INFO:colcon.colcon_core.shell:Creating package descriptor '/home/ghtn10000/robot_ws/install/my_second_pkg_msgs/share/my_second_pkg_msgs/package.dsv'
[1.560s] INFO:colcon.colcon_core.shell:Creating package script '/home/ghtn10000/robot_ws/install/my_second_pkg_msgs/share/my_second_pkg_msgs/package.sh'
[1.561s] INFO:colcon.colcon_core.shell:Creating package script '/home/ghtn10000/robot_ws/install/my_second_pkg_msgs/share/my_second_pkg_msgs/package.bash'
[1.562s] INFO:colcon.colcon_core.shell:Creating package script '/home/ghtn10000/robot_ws/install/my_second_pkg_msgs/share/my_second_pkg_msgs/package.zsh'
[1.562s] Level 1:colcon.colcon_core.environment:create_file_with_runtime_dependencies(/home/ghtn10000/robot_ws/install/my_second_pkg_msgs/share/colcon-core/packages/my_second_pkg_msgs)
[1.594s] Level 1:colcon.colcon_core.environment:create_environment_scripts_only(msg_srv_act_interface_ex)
[1.595s] Level 1:colcon.colcon_core.environment:checking '/home/ghtn10000/robot_ws/install/msg_srv_act_interface_ex' for CMake module files
[1.595s] DEBUG:colcon.colcon_core.event_handler.log_command:Invoked command in '/home/ghtn10000/robot_ws/build/msg_srv_act_interface_ex' returned '0': CMAKE_PREFIX_PATH=${CMAKE_PREFIX_PATH}:/home/ghtn10000/turtlebot3_ws/install/turtlebot3_teleop:/home/ghtn10000/turtlebot3_ws/install/turtlebot3_example:/home/ghtn10000/turtlebot3_ws/install/turtlebot3_dqn:/home/ghtn10000/robot_ws/install/topic_srv_act_rclpy_ex:/home/ghtn10000/robot_ws/install/my_turtlesim_mobeturtle_pkg:/home/ghtn10000/robot_ws/install/my_timer_pkg:/home/ghtn10000/robot_ws/install/my_first_ros_rclpy_pkg:/opt/ros/humble /usr/bin/cmake --install /home/ghtn10000/robot_ws/build/msg_srv_act_interface_ex
[1.596s] Level 1:colcon.colcon_core.environment:checking '/home/ghtn10000/robot_ws/install/msg_srv_act_interface_ex' for CMake config files
[1.597s] Level 1:colcon.colcon_core.shell:create_environment_hook('msg_srv_act_interface_ex', 'cmake_prefix_path')
[1.598s] INFO:colcon.colcon_core.shell:Creating environment hook '/home/ghtn10000/robot_ws/install/msg_srv_act_interface_ex/share/msg_srv_act_interface_ex/hook/cmake_prefix_path.ps1'
[1.598s] INFO:colcon.colcon_core.shell:Creating environment descriptor '/home/ghtn10000/robot_ws/install/msg_srv_act_interface_ex/share/msg_srv_act_interface_ex/hook/cmake_prefix_path.dsv'
[1.599s] INFO:colcon.colcon_core.shell:Creating environment hook '/home/ghtn10000/robot_ws/install/msg_srv_act_interface_ex/share/msg_srv_act_interface_ex/hook/cmake_prefix_path.sh'
[1.600s] Level 1:colcon.colcon_core.environment:checking '/home/ghtn10000/robot_ws/install/msg_srv_act_interface_ex/lib'
[1.600s] Level 1:colcon.colcon_core.shell:create_environment_hook('msg_srv_act_interface_ex', 'ld_library_path_lib')
[1.600s] INFO:colcon.colcon_core.shell:Creating environment hook '/home/ghtn10000/robot_ws/install/msg_srv_act_interface_ex/share/msg_srv_act_interface_ex/hook/ld_library_path_lib.ps1'
[1.601s] INFO:colcon.colcon_core.shell:Creating environment descriptor '/home/ghtn10000/robot_ws/install/msg_srv_act_interface_ex/share/msg_srv_act_interface_ex/hook/ld_library_path_lib.dsv'
[1.601s] INFO:colcon.colcon_core.shell:Creating environment hook '/home/ghtn10000/robot_ws/install/msg_srv_act_interface_ex/share/msg_srv_act_interface_ex/hook/ld_library_path_lib.sh'
[1.602s] Level 1:colcon.colcon_core.environment:checking '/home/ghtn10000/robot_ws/install/msg_srv_act_interface_ex/bin'
[1.602s] Level 1:colcon.colcon_core.environment:checking '/home/ghtn10000/robot_ws/install/msg_srv_act_interface_ex/lib/pkgconfig/msg_srv_act_interface_ex.pc'
[1.602s] Level 1:colcon.colcon_core.environment:checking '/home/ghtn10000/robot_ws/install/msg_srv_act_interface_ex/lib/python3.10/site-packages'
[1.602s] Level 1:colcon.colcon_core.environment:checking '/home/ghtn10000/robot_ws/install/msg_srv_act_interface_ex/bin'
[1.603s] INFO:colcon.colcon_core.shell:Creating package script '/home/ghtn10000/robot_ws/install/msg_srv_act_interface_ex/share/msg_srv_act_interface_ex/package.ps1'
[1.604s] INFO:colcon.colcon_core.shell:Creating package descriptor '/home/ghtn10000/robot_ws/install/msg_srv_act_interface_ex/share/msg_srv_act_interface_ex/package.dsv'
[1.604s] INFO:colcon.colcon_core.shell:Creating package script '/home/ghtn10000/robot_ws/install/msg_srv_act_interface_ex/share/msg_srv_act_interface_ex/package.sh'
[1.605s] INFO:colcon.colcon_core.shell:Creating package script '/home/ghtn10000/robot_ws/install/msg_srv_act_interface_ex/share/msg_srv_act_interface_ex/package.bash'
[1.605s] INFO:colcon.colcon_core.shell:Creating package script '/home/ghtn10000/robot_ws/install/msg_srv_act_interface_ex/share/msg_srv_act_interface_ex/package.zsh'
[1.606s] Level 1:colcon.colcon_core.environment:create_file_with_runtime_dependencies(/home/ghtn10000/robot_ws/install/msg_srv_act_interface_ex/share/colcon-core/packages/msg_srv_act_interface_ex)
[1.606s] Level 1:colcon.colcon_core.environment:create_environment_scripts_only(msg_srv_act_interface_ex)
[1.607s] Level 1:colcon.colcon_core.environment:checking '/home/ghtn10000/robot_ws/install/msg_srv_act_interface_ex' for CMake module files
[1.607s] Level 1:colcon.colcon_core.environment:checking '/home/ghtn10000/robot_ws/install/msg_srv_act_interface_ex' for CMake config files
[1.608s] Level 1:colcon.colcon_core.shell:create_environment_hook('msg_srv_act_interface_ex', 'cmake_prefix_path')
[1.608s] INFO:colcon.colcon_core.shell:Creating environment hook '/home/ghtn10000/robot_ws/install/msg_srv_act_interface_ex/share/msg_srv_act_interface_ex/hook/cmake_prefix_path.ps1'
[1.608s] INFO:colcon.colcon_core.shell:Creating environment descriptor '/home/ghtn10000/robot_ws/install/msg_srv_act_interface_ex/share/msg_srv_act_interface_ex/hook/cmake_prefix_path.dsv'
[1.609s] INFO:colcon.colcon_core.shell:Creating environment hook '/home/ghtn10000/robot_ws/install/msg_srv_act_interface_ex/share/msg_srv_act_interface_ex/hook/cmake_prefix_path.sh'
[1.609s] Level 1:colcon.colcon_core.environment:checking '/home/ghtn10000/robot_ws/install/msg_srv_act_interface_ex/lib'
[1.609s] Level 1:colcon.colcon_core.shell:create_environment_hook('msg_srv_act_interface_ex', 'ld_library_path_lib')
[1.610s] INFO:colcon.colcon_core.shell:Creating environment hook '/home/ghtn10000/robot_ws/install/msg_srv_act_interface_ex/share/msg_srv_act_interface_ex/hook/ld_library_path_lib.ps1'
[1.610s] INFO:colcon.colcon_core.shell:Creating environment descriptor '/home/ghtn10000/robot_ws/install/msg_srv_act_interface_ex/share/msg_srv_act_interface_ex/hook/ld_library_path_lib.dsv'
[1.610s] INFO:colcon.colcon_core.shell:Creating environment hook '/home/ghtn10000/robot_ws/install/msg_srv_act_interface_ex/share/msg_srv_act_interface_ex/hook/ld_library_path_lib.sh'
[1.611s] Level 1:colcon.colcon_core.environment:checking '/home/ghtn10000/robot_ws/install/msg_srv_act_interface_ex/bin'
[1.611s] Level 1:colcon.colcon_core.environment:checking '/home/ghtn10000/robot_ws/install/msg_srv_act_interface_ex/lib/pkgconfig/msg_srv_act_interface_ex.pc'
[1.611s] Level 1:colcon.colcon_core.environment:checking '/home/ghtn10000/robot_ws/install/msg_srv_act_interface_ex/lib/python3.10/site-packages'
[1.611s] Level 1:colcon.colcon_core.environment:checking '/home/ghtn10000/robot_ws/install/msg_srv_act_interface_ex/bin'
[1.611s] INFO:colcon.colcon_core.shell:Creating package script '/home/ghtn10000/robot_ws/install/msg_srv_act_interface_ex/share/msg_srv_act_interface_ex/package.ps1'
[1.612s] INFO:colcon.colcon_core.shell:Creating package descriptor '/home/ghtn10000/robot_ws/install/msg_srv_act_interface_ex/share/msg_srv_act_interface_ex/package.dsv'
[1.612s] INFO:colcon.colcon_core.shell:Creating package script '/home/ghtn10000/robot_ws/install/msg_srv_act_interface_ex/share/msg_srv_act_interface_ex/package.sh'
[1.613s] INFO:colcon.colcon_core.shell:Creating package script '/home/ghtn10000/robot_ws/install/msg_srv_act_interface_ex/share/msg_srv_act_interface_ex/package.bash'
[1.613s] INFO:colcon.colcon_core.shell:Creating package script '/home/ghtn10000/robot_ws/install/msg_srv_act_interface_ex/share/msg_srv_act_interface_ex/package.zsh'
[1.614s] Level 1:colcon.colcon_core.environment:create_file_with_runtime_dependencies(/home/ghtn10000/robot_ws/install/msg_srv_act_interface_ex/share/colcon-core/packages/msg_srv_act_interface_ex)
[2.032s] DEBUG:colcon.colcon_core.event_handler.log_command:Invoking command in '/home/ghtn10000/robot_ws/build/topic_srv_act_rclpy_ex': PYTHONPATH=/home/ghtn10000/robot_ws/build/topic_srv_act_rclpy_ex/prefix_override:/usr/lib/python3/dist-packages/colcon_core/task/python/colcon_distutils_commands:/home/ghtn10000/robot_ws/install/topic_srv_act_rclpy_ex/lib/python3.10/site-packages:${PYTHONPATH} /usr/bin/python3 -W ignore:setup.py install is deprecated -W ignore:easy_install command is deprecated setup.py develop --editable --build-directory /home/ghtn10000/robot_ws/build/topic_srv_act_rclpy_ex/build --no-deps symlink_data
[2.034s] DEBUG:colcon.colcon_core.event_handler.log_command:Invoking command in '/home/ghtn10000/robot_ws/build/my_first_ros_rclpy_pkg': PYTHONPATH=/home/ghtn10000/robot_ws/build/my_first_ros_rclpy_pkg/prefix_override:/usr/lib/python3/dist-packages/colcon_core/task/python/colcon_distutils_commands:/home/ghtn10000/robot_ws/install/my_first_ros_rclpy_pkg/lib/python3.10/site-packages:${PYTHONPATH} /usr/bin/python3 -W ignore:setup.py install is deprecated -W ignore:easy_install command is deprecated setup.py develop --editable --build-directory /home/ghtn10000/robot_ws/build/my_first_ros_rclpy_pkg/build --no-deps symlink_data
[2.060s] DEBUG:colcon.colcon_core.event_handler.log_command:Invoking command in '/home/ghtn10000/robot_ws/build/my_turtlesim_mobeturtle_pkg': PYTHONPATH=/home/ghtn10000/robot_ws/build/my_turtlesim_mobeturtle_pkg/prefix_override:/usr/lib/python3/dist-packages/colcon_core/task/python/colcon_distutils_commands:/home/ghtn10000/robot_ws/install/my_turtlesim_mobeturtle_pkg/lib/python3.10/site-packages:${PYTHONPATH} /usr/bin/python3 -W ignore:setup.py install is deprecated -W ignore:easy_install command is deprecated setup.py develop --editable --build-directory /home/ghtn10000/robot_ws/build/my_turtlesim_mobeturtle_pkg/build --no-deps symlink_data
[2.064s] DEBUG:colcon.colcon_core.event_handler.log_command:Invoking command in '/home/ghtn10000/robot_ws/build/my_timer_pkg': PYTHONPATH=/home/ghtn10000/robot_ws/build/my_timer_pkg/prefix_override:/usr/lib/python3/dist-packages/colcon_core/task/python/colcon_distutils_commands:/home/ghtn10000/robot_ws/install/my_timer_pkg/lib/python3.10/site-packages:${PYTHONPATH} /usr/bin/python3 -W ignore:setup.py install is deprecated -W ignore:easy_install command is deprecated setup.py develop --editable --build-directory /home/ghtn10000/robot_ws/build/my_timer_pkg/build --no-deps symlink_data
[2.604s] Level 1:colcon.colcon_core.shell:create_environment_hook('my_turtlesim_mobeturtle_pkg', 'pythonpath_develop')
[2.605s] INFO:colcon.colcon_core.shell:Creating environment hook '/home/ghtn10000/robot_ws/build/my_turtlesim_mobeturtle_pkg/share/my_turtlesim_mobeturtle_pkg/hook/pythonpath_develop.ps1'
[2.605s] DEBUG:colcon.colcon_core.event_handler.log_command:Invoked command in '/home/ghtn10000/robot_ws/build/my_turtlesim_mobeturtle_pkg' returned '0': PYTHONPATH=/home/ghtn10000/robot_ws/build/my_turtlesim_mobeturtle_pkg/prefix_override:/usr/lib/python3/dist-packages/colcon_core/task/python/colcon_distutils_commands:/home/ghtn10000/robot_ws/install/my_turtlesim_mobeturtle_pkg/lib/python3.10/site-packages:${PYTHONPATH} /usr/bin/python3 -W ignore:setup.py install is deprecated -W ignore:easy_install command is deprecated setup.py develop --editable --build-directory /home/ghtn10000/robot_ws/build/my_turtlesim_mobeturtle_pkg/build --no-deps symlink_data
[2.606s] INFO:colcon.colcon_core.shell:Creating environment descriptor '/home/ghtn10000/robot_ws/build/my_turtlesim_mobeturtle_pkg/share/my_turtlesim_mobeturtle_pkg/hook/pythonpath_develop.dsv'
[2.607s] INFO:colcon.colcon_core.shell:Creating environment hook '/home/ghtn10000/robot_ws/build/my_turtlesim_mobeturtle_pkg/share/my_turtlesim_mobeturtle_pkg/hook/pythonpath_develop.sh'
[2.608s] Level 1:colcon.colcon_core.environment:checking '/home/ghtn10000/robot_ws/install/my_turtlesim_mobeturtle_pkg' for CMake module files
[2.609s] Level 1:colcon.colcon_core.environment:checking '/home/ghtn10000/robot_ws/install/my_turtlesim_mobeturtle_pkg' for CMake config files
[2.610s] Level 1:colcon.colcon_core.environment:checking '/home/ghtn10000/robot_ws/install/my_turtlesim_mobeturtle_pkg/lib'
[2.610s] Level 1:colcon.colcon_core.environment:checking '/home/ghtn10000/robot_ws/install/my_turtlesim_mobeturtle_pkg/bin'
[2.610s] Level 1:colcon.colcon_core.environment:checking '/home/ghtn10000/robot_ws/install/my_turtlesim_mobeturtle_pkg/lib/pkgconfig/my_turtlesim_mobeturtle_pkg.pc'
[2.610s] Level 1:colcon.colcon_core.environment:checking '/home/ghtn10000/robot_ws/install/my_turtlesim_mobeturtle_pkg/lib/python3.10/site-packages'
[2.610s] Level 1:colcon.colcon_core.shell:create_environment_hook('my_turtlesim_mobeturtle_pkg', 'pythonpath')
[2.611s] INFO:colcon.colcon_core.shell:Creating environment hook '/home/ghtn10000/robot_ws/install/my_turtlesim_mobeturtle_pkg/share/my_turtlesim_mobeturtle_pkg/hook/pythonpath.ps1'
[2.611s] INFO:colcon.colcon_core.shell:Creating environment descriptor '/home/ghtn10000/robot_ws/install/my_turtlesim_mobeturtle_pkg/share/my_turtlesim_mobeturtle_pkg/hook/pythonpath.dsv'
[2.612s] INFO:colcon.colcon_core.shell:Creating environment hook '/home/ghtn10000/robot_ws/install/my_turtlesim_mobeturtle_pkg/share/my_turtlesim_mobeturtle_pkg/hook/pythonpath.sh'
[2.613s] Level 1:colcon.colcon_core.environment:checking '/home/ghtn10000/robot_ws/install/my_turtlesim_mobeturtle_pkg/bin'
[2.613s] Level 1:colcon.colcon_core.environment:create_environment_scripts_only(my_turtlesim_mobeturtle_pkg)
[2.614s] INFO:colcon.colcon_core.shell:Creating package script '/home/ghtn10000/robot_ws/install/my_turtlesim_mobeturtle_pkg/share/my_turtlesim_mobeturtle_pkg/package.ps1'
[2.614s] INFO:colcon.colcon_core.shell:Creating package descriptor '/home/ghtn10000/robot_ws/install/my_turtlesim_mobeturtle_pkg/share/my_turtlesim_mobeturtle_pkg/package.dsv'
[2.615s] INFO:colcon.colcon_core.shell:Creating package script '/home/ghtn10000/robot_ws/install/my_turtlesim_mobeturtle_pkg/share/my_turtlesim_mobeturtle_pkg/package.sh'
[2.615s] INFO:colcon.colcon_core.shell:Creating package script '/home/ghtn10000/robot_ws/install/my_turtlesim_mobeturtle_pkg/share/my_turtlesim_mobeturtle_pkg/package.bash'
[2.616s] INFO:colcon.colcon_core.shell:Creating package script '/home/ghtn10000/robot_ws/install/my_turtlesim_mobeturtle_pkg/share/my_turtlesim_mobeturtle_pkg/package.zsh'
[2.616s] Level 1:colcon.colcon_core.environment:create_file_with_runtime_dependencies(/home/ghtn10000/robot_ws/install/my_turtlesim_mobeturtle_pkg/share/colcon-core/packages/my_turtlesim_mobeturtle_pkg)
[2.617s] Level 1:colcon.colcon_core.shell:create_environment_hook('topic_srv_act_rclpy_ex', 'pythonpath_develop')
[2.618s] INFO:colcon.colcon_core.shell:Creating environment hook '/home/ghtn10000/robot_ws/build/topic_srv_act_rclpy_ex/share/topic_srv_act_rclpy_ex/hook/pythonpath_develop.ps1'
[2.618s] DEBUG:colcon.colcon_core.event_handler.log_command:Invoked command in '/home/ghtn10000/robot_ws/build/topic_srv_act_rclpy_ex' returned '0': PYTHONPATH=/home/ghtn10000/robot_ws/build/topic_srv_act_rclpy_ex/prefix_override:/usr/lib/python3/dist-packages/colcon_core/task/python/colcon_distutils_commands:/home/ghtn10000/robot_ws/install/topic_srv_act_rclpy_ex/lib/python3.10/site-packages:${PYTHONPATH} /usr/bin/python3 -W ignore:setup.py install is deprecated -W ignore:easy_install command is deprecated setup.py develop --editable --build-directory /home/ghtn10000/robot_ws/build/topic_srv_act_rclpy_ex/build --no-deps symlink_data
[2.619s] INFO:colcon.colcon_core.shell:Creating environment descriptor '/home/ghtn10000/robot_ws/build/topic_srv_act_rclpy_ex/share/topic_srv_act_rclpy_ex/hook/pythonpath_develop.dsv'
[2.619s] INFO:colcon.colcon_core.shell:Creating environment hook '/home/ghtn10000/robot_ws/build/topic_srv_act_rclpy_ex/share/topic_srv_act_rclpy_ex/hook/pythonpath_develop.sh'
[2.620s] Level 1:colcon.colcon_core.environment:checking '/home/ghtn10000/robot_ws/install/topic_srv_act_rclpy_ex' for CMake module files
[2.621s] Level 1:colcon.colcon_core.environment:checking '/home/ghtn10000/robot_ws/install/topic_srv_act_rclpy_ex' for CMake config files
[2.622s] Level 1:colcon.colcon_core.environment:checking '/home/ghtn10000/robot_ws/install/topic_srv_act_rclpy_ex/lib'
[2.622s] Level 1:colcon.colcon_core.environment:checking '/home/ghtn10000/robot_ws/install/topic_srv_act_rclpy_ex/bin'
[2.622s] Level 1:colcon.colcon_core.environment:checking '/home/ghtn10000/robot_ws/install/topic_srv_act_rclpy_ex/lib/pkgconfig/topic_srv_act_rclpy_ex.pc'
[2.622s] Level 1:colcon.colcon_core.environment:checking '/home/ghtn10000/robot_ws/install/topic_srv_act_rclpy_ex/lib/python3.10/site-packages'
[2.622s] Level 1:colcon.colcon_core.shell:create_environment_hook('topic_srv_act_rclpy_ex', 'pythonpath')
[2.622s] INFO:colcon.colcon_core.shell:Creating environment hook '/home/ghtn10000/robot_ws/install/topic_srv_act_rclpy_ex/share/topic_srv_act_rclpy_ex/hook/pythonpath.ps1'
[2.623s] INFO:colcon.colcon_core.shell:Creating environment descriptor '/home/ghtn10000/robot_ws/install/topic_srv_act_rclpy_ex/share/topic_srv_act_rclpy_ex/hook/pythonpath.dsv'
[2.623s] INFO:colcon.colcon_core.shell:Creating environment hook '/home/ghtn10000/robot_ws/install/topic_srv_act_rclpy_ex/share/topic_srv_act_rclpy_ex/hook/pythonpath.sh'
[2.624s] Level 1:colcon.colcon_core.environment:checking '/home/ghtn10000/robot_ws/install/topic_srv_act_rclpy_ex/bin'
[2.624s] Level 1:colcon.colcon_core.environment:create_environment_scripts_only(topic_srv_act_rclpy_ex)
[2.625s] INFO:colcon.colcon_core.shell:Creating package script '/home/ghtn10000/robot_ws/install/topic_srv_act_rclpy_ex/share/topic_srv_act_rclpy_ex/package.ps1'
[2.625s] INFO:colcon.colcon_core.shell:Creating package descriptor '/home/ghtn10000/robot_ws/install/topic_srv_act_rclpy_ex/share/topic_srv_act_rclpy_ex/package.dsv'
[2.626s] INFO:colcon.colcon_core.shell:Creating package script '/home/ghtn10000/robot_ws/install/topic_srv_act_rclpy_ex/share/topic_srv_act_rclpy_ex/package.sh'
[2.627s] INFO:colcon.colcon_core.shell:Creating package script '/home/ghtn10000/robot_ws/install/topic_srv_act_rclpy_ex/share/topic_srv_act_rclpy_ex/package.bash'
[2.627s] INFO:colcon.colcon_core.shell:Creating package script '/home/ghtn10000/robot_ws/install/topic_srv_act_rclpy_ex/share/topic_srv_act_rclpy_ex/package.zsh'
[2.627s] Level 1:colcon.colcon_core.environment:create_file_with_runtime_dependencies(/home/ghtn10000/robot_ws/install/topic_srv_act_rclpy_ex/share/colcon-core/packages/topic_srv_act_rclpy_ex)
[2.628s] Level 1:colcon.colcon_core.shell:create_environment_hook('my_first_ros_rclpy_pkg', 'pythonpath_develop')
[2.628s] INFO:colcon.colcon_core.shell:Creating environment hook '/home/ghtn10000/robot_ws/build/my_first_ros_rclpy_pkg/share/my_first_ros_rclpy_pkg/hook/pythonpath_develop.ps1'
[2.629s] DEBUG:colcon.colcon_core.event_handler.log_command:Invoked command in '/home/ghtn10000/robot_ws/build/my_first_ros_rclpy_pkg' returned '0': PYTHONPATH=/home/ghtn10000/robot_ws/build/my_first_ros_rclpy_pkg/prefix_override:/usr/lib/python3/dist-packages/colcon_core/task/python/colcon_distutils_commands:/home/ghtn10000/robot_ws/install/my_first_ros_rclpy_pkg/lib/python3.10/site-packages:${PYTHONPATH} /usr/bin/python3 -W ignore:setup.py install is deprecated -W ignore:easy_install command is deprecated setup.py develop --editable --build-directory /home/ghtn10000/robot_ws/build/my_first_ros_rclpy_pkg/build --no-deps symlink_data
[2.629s] INFO:colcon.colcon_core.shell:Creating environment descriptor '/home/ghtn10000/robot_ws/build/my_first_ros_rclpy_pkg/share/my_first_ros_rclpy_pkg/hook/pythonpath_develop.dsv'
[2.630s] INFO:colcon.colcon_core.shell:Creating environment hook '/home/ghtn10000/robot_ws/build/my_first_ros_rclpy_pkg/share/my_first_ros_rclpy_pkg/hook/pythonpath_develop.sh'
[2.630s] Level 1:colcon.colcon_core.environment:checking '/home/ghtn10000/robot_ws/install/my_first_ros_rclpy_pkg' for CMake module files
[2.630s] Level 1:colcon.colcon_core.environment:checking '/home/ghtn10000/robot_ws/install/my_first_ros_rclpy_pkg' for CMake config files
[2.631s] Level 1:colcon.colcon_core.environment:checking '/home/ghtn10000/robot_ws/install/my_first_ros_rclpy_pkg/lib'
[2.631s] Level 1:colcon.colcon_core.environment:checking '/home/ghtn10000/robot_ws/install/my_first_ros_rclpy_pkg/bin'
[2.631s] Level 1:colcon.colcon_core.environment:checking '/home/ghtn10000/robot_ws/install/my_first_ros_rclpy_pkg/lib/pkgconfig/my_first_ros_rclpy_pkg.pc'
[2.631s] Level 1:colcon.colcon_core.environment:checking '/home/ghtn10000/robot_ws/install/my_first_ros_rclpy_pkg/lib/python3.10/site-packages'
[2.631s] Level 1:colcon.colcon_core.shell:create_environment_hook('my_first_ros_rclpy_pkg', 'pythonpath')
[2.631s] INFO:colcon.colcon_core.shell:Creating environment hook '/home/ghtn10000/robot_ws/install/my_first_ros_rclpy_pkg/share/my_first_ros_rclpy_pkg/hook/pythonpath.ps1'
[2.631s] INFO:colcon.colcon_core.shell:Creating environment descriptor '/home/ghtn10000/robot_ws/install/my_first_ros_rclpy_pkg/share/my_first_ros_rclpy_pkg/hook/pythonpath.dsv'
[2.632s] INFO:colcon.colcon_core.shell:Creating environment hook '/home/ghtn10000/robot_ws/install/my_first_ros_rclpy_pkg/share/my_first_ros_rclpy_pkg/hook/pythonpath.sh'
[2.632s] Level 1:colcon.colcon_core.environment:checking '/home/ghtn10000/robot_ws/install/my_first_ros_rclpy_pkg/bin'
[2.632s] Level 1:colcon.colcon_core.environment:create_environment_scripts_only(my_first_ros_rclpy_pkg)
[2.632s] INFO:colcon.colcon_core.shell:Creating package script '/home/ghtn10000/robot_ws/install/my_first_ros_rclpy_pkg/share/my_first_ros_rclpy_pkg/package.ps1'
[2.633s] INFO:colcon.colcon_core.shell:Creating package descriptor '/home/ghtn10000/robot_ws/install/my_first_ros_rclpy_pkg/share/my_first_ros_rclpy_pkg/package.dsv'
[2.633s] INFO:colcon.colcon_core.shell:Creating package script '/home/ghtn10000/robot_ws/install/my_first_ros_rclpy_pkg/share/my_first_ros_rclpy_pkg/package.sh'
[2.633s] INFO:colcon.colcon_core.shell:Creating package script '/home/ghtn10000/robot_ws/install/my_first_ros_rclpy_pkg/share/my_first_ros_rclpy_pkg/package.bash'
[2.634s] INFO:colcon.colcon_core.shell:Creating package script '/home/ghtn10000/robot_ws/install/my_first_ros_rclpy_pkg/share/my_first_ros_rclpy_pkg/package.zsh'
[2.634s] Level 1:colcon.colcon_core.environment:create_file_with_runtime_dependencies(/home/ghtn10000/robot_ws/install/my_first_ros_rclpy_pkg/share/colcon-core/packages/my_first_ros_rclpy_pkg)
[2.634s] Level 1:colcon.colcon_core.shell:create_environment_hook('my_timer_pkg', 'pythonpath_develop')
[2.634s] INFO:colcon.colcon_core.shell:Creating environment hook '/home/ghtn10000/robot_ws/build/my_timer_pkg/share/my_timer_pkg/hook/pythonpath_develop.ps1'
[2.635s] DEBUG:colcon.colcon_core.event_handler.log_command:Invoked command in '/home/ghtn10000/robot_ws/build/my_timer_pkg' returned '0': PYTHONPATH=/home/ghtn10000/robot_ws/build/my_timer_pkg/prefix_override:/usr/lib/python3/dist-packages/colcon_core/task/python/colcon_distutils_commands:/home/ghtn10000/robot_ws/install/my_timer_pkg/lib/python3.10/site-packages:${PYTHONPATH} /usr/bin/python3 -W ignore:setup.py install is deprecated -W ignore:easy_install command is deprecated setup.py develop --editable --build-directory /home/ghtn10000/robot_ws/build/my_timer_pkg/build --no-deps symlink_data
[2.635s] INFO:colcon.colcon_core.shell:Creating environment descriptor '/home/ghtn10000/robot_ws/build/my_timer_pkg/share/my_timer_pkg/hook/pythonpath_develop.dsv'
[2.636s] INFO:colcon.colcon_core.shell:Creating environment hook '/home/ghtn10000/robot_ws/build/my_timer_pkg/share/my_timer_pkg/hook/pythonpath_develop.sh'
[2.636s] Level 1:colcon.colcon_core.environment:checking '/home/ghtn10000/robot_ws/install/my_timer_pkg' for CMake module files
[2.636s] Level 1:colcon.colcon_core.environment:checking '/home/ghtn10000/robot_ws/install/my_timer_pkg' for CMake config files
[2.637s] Level 1:colcon.colcon_core.environment:checking '/home/ghtn10000/robot_ws/install/my_timer_pkg/lib'
[2.637s] Level 1:colcon.colcon_core.environment:checking '/home/ghtn10000/robot_ws/install/my_timer_pkg/bin'
[2.637s] Level 1:colcon.colcon_core.environment:checking '/home/ghtn10000/robot_ws/install/my_timer_pkg/lib/pkgconfig/my_timer_pkg.pc'
[2.637s] Level 1:colcon.colcon_core.environment:checking '/home/ghtn10000/robot_ws/install/my_timer_pkg/lib/python3.10/site-packages'
[2.637s] Level 1:colcon.colcon_core.shell:create_environment_hook('my_timer_pkg', 'pythonpath')
[2.637s] INFO:colcon.colcon_core.shell:Creating environment hook '/home/ghtn10000/robot_ws/install/my_timer_pkg/share/my_timer_pkg/hook/pythonpath.ps1'
[2.638s] INFO:colcon.colcon_core.shell:Creating environment descriptor '/home/ghtn10000/robot_ws/install/my_timer_pkg/share/my_timer_pkg/hook/pythonpath.dsv'
[2.638s] INFO:colcon.colcon_core.shell:Creating environment hook '/home/ghtn10000/robot_ws/install/my_timer_pkg/share/my_timer_pkg/hook/pythonpath.sh'
[2.639s] Level 1:colcon.colcon_core.environment:checking '/home/ghtn10000/robot_ws/install/my_timer_pkg/bin'
[2.639s] Level 1:colcon.colcon_core.environment:create_environment_scripts_only(my_timer_pkg)
[2.639s] INFO:colcon.colcon_core.shell:Creating package script '/home/ghtn10000/robot_ws/install/my_timer_pkg/share/my_timer_pkg/package.ps1'
[2.640s] INFO:colcon.colcon_core.shell:Creating package descriptor '/home/ghtn10000/robot_ws/install/my_timer_pkg/share/my_timer_pkg/package.dsv'
[2.640s] INFO:colcon.colcon_core.shell:Creating package script '/home/ghtn10000/robot_ws/install/my_timer_pkg/share/my_timer_pkg/package.sh'
[2.641s] INFO:colcon.colcon_core.shell:Creating package script '/home/ghtn10000/robot_ws/install/my_timer_pkg/share/my_timer_pkg/package.bash'
[2.641s] INFO:colcon.colcon_core.shell:Creating package script '/home/ghtn10000/robot_ws/install/my_timer_pkg/share/my_timer_pkg/package.zsh'
[2.642s] Level 1:colcon.colcon_core.environment:create_file_with_runtime_dependencies(/home/ghtn10000/robot_ws/install/my_timer_pkg/share/colcon-core/packages/my_timer_pkg)
[2.642s] DEBUG:colcon.colcon_parallel_executor.executor.parallel:closing loop
[2.642s] DEBUG:colcon.colcon_parallel_executor.executor.parallel:loop closed
[2.642s] DEBUG:colcon.colcon_parallel_executor.executor.parallel:run_until_complete finished with '0'
[2.642s] DEBUG:colcon.colcon_core.event_reactor:joining thread
[2.649s] INFO:colcon.colcon_core.plugin_system:Skipping extension 'colcon_notification.desktop_notification.terminal_notifier': Not used on non-Darwin systems
[2.649s] INFO:colcon.colcon_core.plugin_system:Skipping extension 'colcon_notification.desktop_notification.win32': Not used on non-Windows systems
[2.649s] INFO:colcon.colcon_notification.desktop_notification:Sending desktop notification using 'notify2'
[2.660s] DEBUG:colcon.colcon_core.event_reactor:joined thread
[2.660s] INFO:colcon.colcon_core.shell:Creating prefix script '/home/ghtn10000/robot_ws/install/local_setup.ps1'
[2.661s] INFO:colcon.colcon_core.shell:Creating prefix util module '/home/ghtn10000/robot_ws/install/_local_setup_util_ps1.py'
[2.662s] INFO:colcon.colcon_core.shell:Creating prefix chain script '/home/ghtn10000/robot_ws/install/setup.ps1'
[2.664s] INFO:colcon.colcon_core.shell:Creating prefix script '/home/ghtn10000/robot_ws/install/local_setup.sh'
[2.664s] INFO:colcon.colcon_core.shell:Creating prefix util module '/home/ghtn10000/robot_ws/install/_local_setup_util_sh.py'
[2.665s] INFO:colcon.colcon_core.shell:Creating prefix chain script '/home/ghtn10000/robot_ws/install/setup.sh'
[2.667s] INFO:colcon.colcon_core.shell:Creating prefix script '/home/ghtn10000/robot_ws/install/local_setup.bash'
[2.667s] INFO:colcon.colcon_core.shell:Creating prefix chain script '/home/ghtn10000/robot_ws/install/setup.bash'
[2.669s] INFO:colcon.colcon_core.shell:Creating prefix script '/home/ghtn10000/robot_ws/install/local_setup.zsh'
[2.670s] INFO:colcon.colcon_core.shell:Creating prefix chain script '/home/ghtn10000/robot_ws/install/setup.zsh'
